                   :-) GROMACS - gmx mdrun, 2022-Homebrew (-:

Copyright 1991-2022 The GROMACS Authors.
GROMACS is free software; you can redistribute it and/or modify it
under the terms of the GNU Lesser General Public License
as published by the Free Software Foundation; either version 2.1
of the License, or (at your option) any later version.

                         Current GROMACS contributors:
       Mark Abraham           Andrey Alekseenko           Cathrine Bergh      
      Christian Blau            Eliane Briand               Kevin Boyd        
     Oliver Fleetwood         Stefan Fleischmann           Vytas Gapsys       
       Gaurav Garg           Gilles Gouaillardet            Alan Gray         
      Victor Holanda           M. Eric Irrgang              Joe Jordan        
    Christoph Junghans        Prashanth Kanduri           Sebastian Kehl      
     Sebastian Keller          Carsten Kutzner           Magnus Lundborg      
       Pascal Merz              Dmitry Morozov             Szilard Pall       
      Roland Schulz             Michael Shirts         David van der Spoel    
     Alessandra Villa      Sebastian Wingbermuehle        Artem Zhmurov       

                         Previous GROMACS contributors:
        Emile Apol             Rossen Apostolov           James Barnett       
  Herman J.C. Berendsen          Par Bjelkmar           Viacheslav Bolnykh    
    Aldert van Buuren          Carlo Camilloni           Rudi van Drunen      
      Anton Feenstra           Gerrit Groenhof            Bert de Groot       
      Anca Hamuraru           Vincent Hindriksen         Aleksei Iupinov      
   Dimitrios Karkoulis           Peter Kasson               Jiri Kraus        
       Per Larsson             Justin A. Lemkul           Viveca Lindahl      
      Erik Marklund           Pieter Meulenhoff           Vedran Miletic      
      Teemu Murtola              Sander Pronk            Alexey Shvetsov      
      Alfons Sijbers            Peter Tieleman             Jon Vincent        
     Teemu Virolainen         Christian Wennberg           Maarten Wolf       

                  Coordinated by the GROMACS project leaders:
                    Paul Bauer, Berk Hess, and Erik Lindahl

GROMACS:      gmx mdrun, version 2022-Homebrew
Executable:   /opt/homebrew/bin/../Cellar/gromacs/2022/bin/gmx
Data prefix:  /opt/homebrew/bin/../Cellar/gromacs/2022
Working dir:  /Users/juandegracia/Library/CloudStorage/OneDrive-KTH/0 - KTH/Tutorial GROMACS/GROMACS-in-your-laptop/example/Lysozyme
Process ID:   12666
Command line:
  gmx mdrun -v -deffnm npt

GROMACS version:    2022-Homebrew
Precision:          mixed
Memory model:       64 bit
MPI library:        thread_mpi
OpenMP support:     enabled (GMX_OPENMP_MAX_THREADS = 128)
GPU support:        disabled
SIMD instructions:  ARM_NEON_ASIMD
CPU FFT library:    fftw-3.3.10
GPU FFT library:    none
TNG support:        enabled
Hwloc support:      disabled
Tracing support:    disabled
C compiler:         /opt/homebrew/opt/gcc/bin/gcc-11
C compiler flags:   -Wno-missing-field-initializers -fexcess-precision=fast -funroll-all-loops -O3 -DNDEBUG
C++ compiler:       /opt/homebrew/opt/gcc/bin/g++-11
C++ compiler flags: -Wno-missing-field-initializers -fexcess-precision=fast -funroll-all-loops -Weverything -Wno-c++98-compat -Wno-c++98-compat-pedantic -Wno-source-uses-openmp -Wno-c++17-extensions -Wno-documentation-unknown-command -Wno-covered-switch-default -Wno-switch-enum -Wno-extra-semi-stmt -Wno-weak-vtables -Wno-shadow -Wno-padded -Wno-reserved-id-macro -Wno-double-promotion -Wno-exit-time-destructors -Wno-global-constructors -Wno-documentation -Wno-format-nonliteral -Wno-used-but-marked-unused -Wno-float-equal -Wno-conditional-uninitialized -Wno-conversion -Wno-disabled-macro-expansion -Wno-unused-macros -fopenmp -O3 -DNDEBUG


Running on 1 node with total 0 processing units
Hardware detected:
  CPU info:
    Vendor: ARM
    Brand:  Unknown CPU brand
    Family: 0   Model: 0   Stepping: 0
    Features: neon neon_asimd
  Hardware topology: Only logical processor count
    CPU limit set by OS: -1   Recommended max number of threads: 10


++++ PLEASE READ AND CITE THE FOLLOWING REFERENCE ++++
M. J. Abraham, T. Murtola, R. Schulz, S. Páll, J. C. Smith, B. Hess, E.
Lindahl
GROMACS: High performance molecular simulations through multi-level
parallelism from laptops to supercomputers
SoftwareX 1 (2015) pp. 19-25
-------- -------- --- Thank You --- -------- --------


++++ PLEASE READ AND CITE THE FOLLOWING REFERENCE ++++
S. Páll, M. J. Abraham, C. Kutzner, B. Hess, E. Lindahl
Tackling Exascale Software Challenges in Molecular Dynamics Simulations with
GROMACS
In S. Markidis & E. Laure (Eds.), Solving Software Challenges for Exascale 8759 (2015) pp. 3-27
-------- -------- --- Thank You --- -------- --------


++++ PLEASE READ AND CITE THE FOLLOWING REFERENCE ++++
S. Pronk, S. Páll, R. Schulz, P. Larsson, P. Bjelkmar, R. Apostolov, M. R.
Shirts, J. C. Smith, P. M. Kasson, D. van der Spoel, B. Hess, and E. Lindahl
GROMACS 4.5: a high-throughput and highly parallel open source molecular
simulation toolkit
Bioinformatics 29 (2013) pp. 845-54
-------- -------- --- Thank You --- -------- --------


++++ PLEASE READ AND CITE THE FOLLOWING REFERENCE ++++
B. Hess and C. Kutzner and D. van der Spoel and E. Lindahl
GROMACS 4: Algorithms for highly efficient, load-balanced, and scalable
molecular simulation
J. Chem. Theory Comput. 4 (2008) pp. 435-447
-------- -------- --- Thank You --- -------- --------


++++ PLEASE READ AND CITE THE FOLLOWING REFERENCE ++++
D. van der Spoel, E. Lindahl, B. Hess, G. Groenhof, A. E. Mark and H. J. C.
Berendsen
GROMACS: Fast, Flexible and Free
J. Comp. Chem. 26 (2005) pp. 1701-1719
-------- -------- --- Thank You --- -------- --------


++++ PLEASE READ AND CITE THE FOLLOWING REFERENCE ++++
E. Lindahl and B. Hess and D. van der Spoel
GROMACS 3.0: A package for molecular simulation and trajectory analysis
J. Mol. Mod. 7 (2001) pp. 306-317
-------- -------- --- Thank You --- -------- --------


++++ PLEASE READ AND CITE THE FOLLOWING REFERENCE ++++
H. J. C. Berendsen, D. van der Spoel and R. van Drunen
GROMACS: A message-passing parallel molecular dynamics implementation
Comp. Phys. Comm. 91 (1995) pp. 43-56
-------- -------- --- Thank You --- -------- --------

Input Parameters:
   integrator                     = md
   tinit                          = 0
   dt                             = 0.002
   nsteps                         = 50000
   init-step                      = 0
   simulation-part                = 1
   mts                            = false
   comm-mode                      = Linear
   nstcomm                        = 100
   bd-fric                        = 0
   ld-seed                        = -20070914
   emtol                          = 10
   emstep                         = 0.01
   niter                          = 20
   fcstep                         = 0
   nstcgsteep                     = 1000
   nbfgscorr                      = 10
   rtpi                           = 0.05
   nstxout                        = 500
   nstvout                        = 500
   nstfout                        = 0
   nstlog                         = 500
   nstcalcenergy                  = 100
   nstenergy                      = 500
   nstxout-compressed             = 0
   compressed-x-precision         = 1000
   cutoff-scheme                  = Verlet
   nstlist                        = 10
   pbc                            = xyz
   periodic-molecules             = false
   verlet-buffer-tolerance        = 0.005
   rlist                          = 1
   coulombtype                    = PME
   coulomb-modifier               = Potential-shift
   rcoulomb-switch                = 0
   rcoulomb                       = 1
   epsilon-r                      = 1
   epsilon-rf                     = inf
   vdw-type                       = Cut-off
   vdw-modifier                   = Potential-shift
   rvdw-switch                    = 0
   rvdw                           = 1
   DispCorr                       = EnerPres
   table-extension                = 1
   fourierspacing                 = 0.16
   fourier-nx                     = 32
   fourier-ny                     = 36
   fourier-nz                     = 28
   pme-order                      = 4
   ewald-rtol                     = 1e-05
   ewald-rtol-lj                  = 0.001
   lj-pme-comb-rule               = Geometric
   ewald-geometry                 = 3d
   epsilon-surface                = 0
   tcoupl                         = V-rescale
   nsttcouple                     = 10
   nh-chain-length                = 0
   print-nose-hoover-chain-variables = false
   pcoupl                         = Parrinello-Rahman
   pcoupltype                     = Isotropic
   nstpcouple                     = 10
   tau-p                          = 2
   compressibility (3x3):
      compressibility[    0]={ 4.50000e-05,  0.00000e+00,  0.00000e+00}
      compressibility[    1]={ 0.00000e+00,  4.50000e-05,  0.00000e+00}
      compressibility[    2]={ 0.00000e+00,  0.00000e+00,  4.50000e-05}
   ref-p (3x3):
      ref-p[    0]={ 1.00000e+00,  0.00000e+00,  0.00000e+00}
      ref-p[    1]={ 0.00000e+00,  1.00000e+00,  0.00000e+00}
      ref-p[    2]={ 0.00000e+00,  0.00000e+00,  1.00000e+00}
   refcoord-scaling               = COM
   posres-com (3):
      posres-com[0]= 0.00000e+00
      posres-com[1]= 0.00000e+00
      posres-com[2]= 0.00000e+00
   posres-comB (3):
      posres-comB[0]= 0.00000e+00
      posres-comB[1]= 0.00000e+00
      posres-comB[2]= 0.00000e+00
   QMMM                           = false
qm-opts:
   ngQM                           = 0
   constraint-algorithm           = Lincs
   continuation                   = true
   Shake-SOR                      = false
   shake-tol                      = 0.0001
   lincs-order                    = 4
   lincs-iter                     = 1
   lincs-warnangle                = 30
   nwall                          = 0
   wall-type                      = 9-3
   wall-r-linpot                  = -1
   wall-atomtype[0]               = -1
   wall-atomtype[1]               = -1
   wall-density[0]                = 0
   wall-density[1]                = 0
   wall-ewald-zfac                = 3
   pull                           = false
   awh                            = false
   rotation                       = false
   interactiveMD                  = false
   disre                          = No
   disre-weighting                = Conservative
   disre-mixed                    = false
   dr-fc                          = 1000
   dr-tau                         = 0
   nstdisreout                    = 100
   orire-fc                       = 0
   orire-tau                      = 0
   nstorireout                    = 100
   free-energy                    = no
   cos-acceleration               = 0
   deform (3x3):
      deform[    0]={ 0.00000e+00,  0.00000e+00,  0.00000e+00}
      deform[    1]={ 0.00000e+00,  0.00000e+00,  0.00000e+00}
      deform[    2]={ 0.00000e+00,  0.00000e+00,  0.00000e+00}
   simulated-tempering            = false
   swapcoords                     = no
   userint1                       = 0
   userint2                       = 0
   userint3                       = 0
   userint4                       = 0
   userreal1                      = 0
   userreal2                      = 0
   userreal3                      = 0
   userreal4                      = 0
   applied-forces:
     electric-field:
       x:
         E0                       = 0
         omega                    = 0
         t0                       = 0
         sigma                    = 0
       y:
         E0                       = 0
         omega                    = 0
         t0                       = 0
         sigma                    = 0
       z:
         E0                       = 0
         omega                    = 0
         t0                       = 0
         sigma                    = 0
     density-guided-simulation:
       active                     = false
       group                      = protein
       similarity-measure         = inner-product
       atom-spreading-weight      = unity
       force-constant             = 1e+09
       gaussian-transform-spreading-width = 0.2
       gaussian-transform-spreading-range-in-multiples-of-width = 4
       reference-density-filename = reference.mrc
       nst                        = 1
       normalize-densities        = true
       adaptive-force-scaling     = false
       adaptive-force-scaling-time-constant = 4
       shift-vector               = 
       transformation-matrix      = 
     qmmm-cp2k:
       active                     = false
       qmgroup                    = System
       qmmethod                   = PBE
       qmfilenames                = 
       qmcharge                   = 0
       qmmultiplicity             = 1
grpopts:
   nrdf:     4920.37     18507.6
   ref-t:         300         300
   tau-t:         0.1         0.1
annealing:          No          No
annealing-npoints:           0           0
   acc:	           0           0           0
   nfreeze:           N           N           N
   energygrp-flags[  0]: 0

Changing nstlist from 10 to 50, rlist from 1 to 1.106


Initializing Domain Decomposition on 10 ranks
Dynamic load balancing: auto
Using update groups, nr 4090, average size 2.7 atoms, max. radius 0.103 nm
Minimum cell size due to atom displacement: 0.398 nm
Initial maximum distances in bonded interactions:
    two-body bonded interactions: 0.463 nm, LJ-14, atoms 1156 1405
  multi-body bonded interactions: 0.463 nm, Ryckaert-Bell., atoms 1156 1405
Minimum cell size due to bonded interactions: 0.509 nm
Scaling the initial minimum size with 1/0.8 (option -dds) = 1.25
Using 0 separate PME ranks because: there are too few total ranks for efficient splitting
Optimizing the DD grid for 10 cells with a minimum initial size of 0.637 nm
The maximum allowed number of cells is: X 7 Y 8 Z 6
Domain decomposition grid 2 x 5 x 1, separate PME ranks 0
PME domain decomposition: 2 x 5 x 1
Domain decomposition rank 0, coordinates 0 0 0

The initial number of communication pulses is: X 1 Y 2
The initial domain decomposition cell size is: X 2.41 nm Y 1.05 nm

The maximum allowed distance for atom groups involved in interactions is:
                 non-bonded interactions           1.313 nm
(the following are initial values, they could change due to box deformation)
            two-body bonded interactions  (-rdd)   1.313 nm
          multi-body bonded interactions  (-rdd)   1.047 nm

When dynamic load balancing gets turned on, these settings will change to:
The maximum number of communication pulses is: X 1 Y 2
The minimum size for domain decomposition cells is 0.778 nm
The requested allowed shrink of DD cells (option -dds) is: 0.80
The allowed shrink of domain decomposition cells is: X 0.54 Y 0.74
The maximum allowed distance for atom groups involved in interactions is:
                 non-bonded interactions           1.313 nm
            two-body bonded interactions  (-rdd)   1.313 nm
          multi-body bonded interactions  (-rdd)   0.778 nm

Using 10 MPI threads
Using 1 OpenMP thread per tMPI thread

System total charge: -0.000
Will do PME sum in reciprocal space for electrostatic interactions.

++++ PLEASE READ AND CITE THE FOLLOWING REFERENCE ++++
U. Essmann, L. Perera, M. L. Berkowitz, T. Darden, H. Lee and L. G. Pedersen 
A smooth particle mesh Ewald method
J. Chem. Phys. 103 (1995) pp. 8577-8592
-------- -------- --- Thank You --- -------- --------

Using a Gaussian width (1/beta) of 0.320163 nm for Ewald
Potential shift: LJ r^-12: -1.000e+00 r^-6: -1.000e+00, Ewald -1.000e-05
Initialized non-bonded Coulomb Ewald tables, spacing: 9.33e-04 size: 1073

Generated table with 1053 data points for 1-4 COUL.
Tabscale = 500 points/nm
Generated table with 1053 data points for 1-4 LJ6.
Tabscale = 500 points/nm
Generated table with 1053 data points for 1-4 LJ12.
Tabscale = 500 points/nm
Long Range LJ corr.: <C6> 3.8070e-04


Using SIMD 4x4 nonbonded short-range kernels

Using a dual 4x4 pair-list setup updated with dynamic pruning:
  outer list: updated every 50 steps, buffer 0.106 nm, rlist 1.106 nm
  inner list: updated every 13 steps, buffer 0.002 nm, rlist 1.002 nm
At tolerance 0.005 kJ/mol/ps per atom, equivalent classical 1x1 list would be:
  outer list: updated every 50 steps, buffer 0.236 nm, rlist 1.236 nm
  inner list: updated every 13 steps, buffer 0.051 nm, rlist 1.051 nm

Using Geometric Lennard-Jones combination rule

Linking all bonded interactions to atoms


Initializing LINear Constraint Solver

++++ PLEASE READ AND CITE THE FOLLOWING REFERENCE ++++
B. Hess and H. Bekker and H. J. C. Berendsen and J. G. E. M. Fraaije
LINCS: A Linear Constraint Solver for molecular simulations
J. Comp. Chem. 18 (1997) pp. 1463-1472
-------- -------- --- Thank You --- -------- --------

The number of constraints is 959

++++ PLEASE READ AND CITE THE FOLLOWING REFERENCE ++++
S. Miyamoto and P. A. Kollman
SETTLE: An Analytical Version of the SHAKE and RATTLE Algorithms for Rigid
Water Models
J. Comp. Chem. 13 (1992) pp. 952-962
-------- -------- --- Thank You --- -------- --------


Intra-simulation communication will occur every 10 steps.

++++ PLEASE READ AND CITE THE FOLLOWING REFERENCE ++++
G. Bussi, D. Donadio and M. Parrinello
Canonical sampling through velocity rescaling
J. Chem. Phys. 126 (2007) pp. 014101
-------- -------- --- Thank You --- -------- --------

There are: 11211 Atoms
Atom distribution over 10 domains: av 1121 stddev 31 min 1068 max 1157
Center of mass motion removal mode is Linear
We have the following groups for center of mass motion removal:
  0:  rest

Started mdrun on rank 0 Mon Mar 14 15:23:33 2022

           Step           Time
              0        0.00000

   Energies (kJ/mol)
           Bond          Angle    Proper Dih. Ryckaert-Bell.          LJ-14
    1.45478e+03    3.68597e+03    2.45878e+02    1.84152e+03    2.60925e+03
     Coulomb-14        LJ (SR)  Disper. corr.   Coulomb (SR)   Coul. recip.
    7.85610e+03    2.40579e+04   -1.78272e+03   -2.12312e+05    1.08985e+03
      Potential    Kinetic En.   Total Energy  Conserved En.    Temperature
   -1.71254e+05    2.95626e+04   -1.41691e+05   -1.41684e+05    3.03531e+02
 Pres. DC (bar) Pressure (bar)   Constr. rmsd
   -2.63932e+02   -4.37443e+02    2.93882e-06


DD  step 49 load imb.: force 26.5%

step 150 Turning on dynamic load balancing, because the performance loss due to load imbalance is 5.1 %.

DD  step 499  vol min/aver 0.790  load imb.: force 26.6%
           Step           Time
            500        1.00000

   Energies (kJ/mol)
           Bond          Angle    Proper Dih. Ryckaert-Bell.          LJ-14
    1.55017e+03    3.68757e+03    2.43914e+02    1.94472e+03    2.67761e+03
     Coulomb-14        LJ (SR)  Disper. corr.   Coulomb (SR)   Coul. recip.
    7.81844e+03    2.42718e+04   -1.83341e+03   -2.13522e+05    1.15938e+03
      Potential    Kinetic En.   Total Energy  Conserved En.    Temperature
   -1.72002e+05    2.93850e+04   -1.42617e+05   -1.41751e+05    3.01708e+02
 Pres. DC (bar) Pressure (bar)   Constr. rmsd
   -2.79137e+02   -1.29354e+02    2.44670e-06


DD  step 999  vol min/aver 0.895  load imb.: force 17.0%
           Step           Time
           1000        2.00000

   Energies (kJ/mol)
           Bond          Angle    Proper Dih. Ryckaert-Bell.          LJ-14
    1.52651e+03    3.66376e+03    2.50826e+02    1.82225e+03    2.76182e+03
     Coulomb-14        LJ (SR)  Disper. corr.   Coulomb (SR)   Coul. recip.
    7.80265e+03    2.35575e+04   -1.82622e+03   -2.12102e+05    1.20999e+03
      Potential    Kinetic En.   Total Energy  Conserved En.    Temperature
   -1.71333e+05    2.92592e+04   -1.42073e+05   -1.41750e+05    3.00416e+02
 Pres. DC (bar) Pressure (bar)   Constr. rmsd
   -2.76952e+02    3.45891e+02    2.71993e-06


DD  step 1499  vol min/aver 0.864  load imb.: force  6.6%
           Step           Time
           1500        3.00000

   Energies (kJ/mol)
           Bond          Angle    Proper Dih. Ryckaert-Bell.          LJ-14
    1.53804e+03    3.72050e+03    2.45474e+02    1.87050e+03    2.60971e+03
     Coulomb-14        LJ (SR)  Disper. corr.   Coulomb (SR)   Coul. recip.
    7.87709e+03    2.38069e+04   -1.81717e+03   -2.12805e+05    1.14032e+03
      Potential    Kinetic En.   Total Energy  Conserved En.    Temperature
   -1.71813e+05    2.97665e+04   -1.42047e+05   -1.41744e+05    3.05625e+02
 Pres. DC (bar) Pressure (bar)   Constr. rmsd
   -2.74217e+02   -8.13660e+02    2.61830e-06


DD  load balancing is limited by minimum cell size in dimension Y
DD  step 1999  vol min/aver 0.858! load imb.: force 46.2%
           Step           Time
           2000        4.00000

   Energies (kJ/mol)
           Bond          Angle    Proper Dih. Ryckaert-Bell.          LJ-14
    1.49391e+03    3.57689e+03    2.46118e+02    1.91973e+03    2.71107e+03
     Coulomb-14        LJ (SR)  Disper. corr.   Coulomb (SR)   Coul. recip.
    7.87267e+03    2.40500e+04   -1.83145e+03   -2.12952e+05    1.11109e+03
      Potential    Kinetic En.   Total Energy  Conserved En.    Temperature
   -1.71802e+05    2.92847e+04   -1.42517e+05   -1.41752e+05    3.00678e+02
 Pres. DC (bar) Pressure (bar)   Constr. rmsd
   -2.78538e+02    1.90394e+02    2.81969e-06


DD  load balancing is limited by minimum cell size in dimension Y
DD  step 2499  vol min/aver 0.863! load imb.: force 17.5%
           Step           Time
           2500        5.00000

   Energies (kJ/mol)
           Bond          Angle    Proper Dih. Ryckaert-Bell.          LJ-14
    1.50108e+03    3.74263e+03    2.14430e+02    1.90043e+03    2.59652e+03
     Coulomb-14        LJ (SR)  Disper. corr.   Coulomb (SR)   Coul. recip.
    7.89838e+03    2.37675e+04   -1.81817e+03   -2.13099e+05    1.12450e+03
      Potential    Kinetic En.   Total Energy  Conserved En.    Temperature
   -1.72172e+05    2.91210e+04   -1.43051e+05   -1.41740e+05    2.98997e+02
 Pres. DC (bar) Pressure (bar)   Constr. rmsd
   -2.74519e+02   -4.06913e+02    2.45110e-06


DD  step 2999  vol min/aver 0.877  load imb.: force 15.2%
           Step           Time
           3000        6.00000

   Energies (kJ/mol)
           Bond          Angle    Proper Dih. Ryckaert-Bell.          LJ-14
    1.56752e+03    3.62218e+03    2.75618e+02    1.86030e+03    2.69205e+03
     Coulomb-14        LJ (SR)  Disper. corr.   Coulomb (SR)   Coul. recip.
    7.88006e+03    2.43936e+04   -1.82353e+03   -2.13153e+05    1.17669e+03
      Potential    Kinetic En.   Total Energy  Conserved En.    Temperature
   -1.71508e+05    2.91104e+04   -1.42398e+05   -1.41745e+05    2.98889e+02
 Pres. DC (bar) Pressure (bar)   Constr. rmsd
   -2.76137e+02    1.24434e+02    2.99605e-06


DD  step 3499  vol min/aver 0.828  load imb.: force 13.6%
           Step           Time
           3500        7.00000

   Energies (kJ/mol)
           Bond          Angle    Proper Dih. Ryckaert-Bell.          LJ-14
    1.44888e+03    3.83394e+03    2.73045e+02    1.90568e+03    2.69025e+03
     Coulomb-14        LJ (SR)  Disper. corr.   Coulomb (SR)   Coul. recip.
    7.81720e+03    2.35971e+04   -1.81224e+03   -2.12408e+05    1.13541e+03
      Potential    Kinetic En.   Total Energy  Conserved En.    Temperature
   -1.71519e+05    2.95771e+04   -1.41942e+05   -1.41732e+05    3.03680e+02
 Pres. DC (bar) Pressure (bar)   Constr. rmsd
   -2.72732e+02    6.99385e+01    2.64681e-06


DD  step 3999  vol min/aver 0.908  load imb.: force  9.8%
           Step           Time
           4000        8.00000

   Energies (kJ/mol)
           Bond          Angle    Proper Dih. Ryckaert-Bell.          LJ-14
    1.55390e+03    3.85061e+03    2.42223e+02    1.87915e+03    2.58540e+03
     Coulomb-14        LJ (SR)  Disper. corr.   Coulomb (SR)   Coul. recip.
    7.82096e+03    2.35525e+04   -1.82004e+03   -2.11940e+05    1.13490e+03
      Potential    Kinetic En.   Total Energy  Conserved En.    Temperature
   -1.71140e+05    2.92087e+04   -1.41931e+05   -1.41717e+05    2.99897e+02
 Pres. DC (bar) Pressure (bar)   Constr. rmsd
   -2.75085e+02   -2.40740e+02    2.92478e-06


DD  load balancing is limited by minimum cell size in dimension Y
DD  step 4499  vol min/aver 0.815! load imb.: force 15.2%
           Step           Time
           4500        9.00000

   Energies (kJ/mol)
           Bond          Angle    Proper Dih. Ryckaert-Bell.          LJ-14
    1.49386e+03    3.84923e+03    2.34285e+02    1.84782e+03    2.72670e+03
     Coulomb-14        LJ (SR)  Disper. corr.   Coulomb (SR)   Coul. recip.
    7.89217e+03    2.30691e+04   -1.81464e+03   -2.11381e+05    1.17178e+03
      Potential    Kinetic En.   Total Energy  Conserved En.    Temperature
   -1.70910e+05    2.93421e+04   -1.41568e+05   -1.41729e+05    3.01268e+02
 Pres. DC (bar) Pressure (bar)   Constr. rmsd
   -2.73457e+02   -2.40693e+02    2.57809e-06


DD  load balancing is limited by minimum cell size in dimension Y
DD  step 4999  vol min/aver 0.863! load imb.: force 11.1%
           Step           Time
           5000       10.00000

   Energies (kJ/mol)
           Bond          Angle    Proper Dih. Ryckaert-Bell.          LJ-14
    1.41463e+03    3.69863e+03    2.25151e+02    1.89412e+03    2.69320e+03
     Coulomb-14        LJ (SR)  Disper. corr.   Coulomb (SR)   Coul. recip.
    7.85417e+03    2.37081e+04   -1.82535e+03   -2.13134e+05    1.11906e+03
      Potential    Kinetic En.   Total Energy  Conserved En.    Temperature
   -1.72353e+05    2.91685e+04   -1.43184e+05   -1.41729e+05    2.99485e+02
 Pres. DC (bar) Pressure (bar)   Constr. rmsd
   -2.76690e+02    6.83793e+01    2.59435e-06


DD  step 5499  vol min/aver 0.897  load imb.: force 24.0%
           Step           Time
           5500       11.00000

   Energies (kJ/mol)
           Bond          Angle    Proper Dih. Ryckaert-Bell.          LJ-14
    1.47662e+03    3.62397e+03    2.15039e+02    1.93303e+03    2.68193e+03
     Coulomb-14        LJ (SR)  Disper. corr.   Coulomb (SR)   Coul. recip.
    7.79383e+03    2.43139e+04   -1.82455e+03   -2.13436e+05    1.18894e+03
      Potential    Kinetic En.   Total Energy  Conserved En.    Temperature
   -1.72033e+05    2.95688e+04   -1.42464e+05   -1.41750e+05    3.03595e+02
 Pres. DC (bar) Pressure (bar)   Constr. rmsd
   -2.76448e+02    2.95304e+02    2.51509e-06


DD  load balancing is limited by minimum cell size in dimension Y
DD  step 5999  vol min/aver 0.904! load imb.: force  6.5%
           Step           Time
           6000       12.00000

   Energies (kJ/mol)
           Bond          Angle    Proper Dih. Ryckaert-Bell.          LJ-14
    1.43514e+03    3.77034e+03    2.35743e+02    1.82879e+03    2.73096e+03
     Coulomb-14        LJ (SR)  Disper. corr.   Coulomb (SR)   Coul. recip.
    7.86620e+03    2.30480e+04   -1.80729e+03   -2.11875e+05    1.16272e+03
      Potential    Kinetic En.   Total Energy  Conserved En.    Temperature
   -1.71604e+05    2.91145e+04   -1.42490e+05   -1.41731e+05    2.98930e+02
 Pres. DC (bar) Pressure (bar)   Constr. rmsd
   -2.71247e+02   -3.28203e+02    2.49460e-06


DD  step 6499  vol min/aver 0.897  load imb.: force 11.1%
           Step           Time
           6500       13.00000

   Energies (kJ/mol)
           Bond          Angle    Proper Dih. Ryckaert-Bell.          LJ-14
    1.43356e+03    3.72628e+03    2.06435e+02    1.83708e+03    2.61543e+03
     Coulomb-14        LJ (SR)  Disper. corr.   Coulomb (SR)   Coul. recip.
    7.82856e+03    2.40647e+04   -1.81956e+03   -2.12666e+05    1.14763e+03
      Potential    Kinetic En.   Total Energy  Conserved En.    Temperature
   -1.71626e+05    2.94335e+04   -1.42192e+05   -1.41734e+05    3.02206e+02
 Pres. DC (bar) Pressure (bar)   Constr. rmsd
   -2.74939e+02    1.11750e+02    3.01270e-06


DD  step 6999  vol min/aver 0.925  load imb.: force 10.6%
           Step           Time
           7000       14.00000

   Energies (kJ/mol)
           Bond          Angle    Proper Dih. Ryckaert-Bell.          LJ-14
    1.43918e+03    3.81152e+03    2.50057e+02    1.87086e+03    2.74576e+03
     Coulomb-14        LJ (SR)  Disper. corr.   Coulomb (SR)   Coul. recip.
    7.92237e+03    2.37076e+04   -1.82728e+03   -2.12808e+05    1.12524e+03
      Potential    Kinetic En.   Total Energy  Conserved En.    Temperature
   -1.71763e+05    2.95778e+04   -1.42185e+05   -1.41719e+05    3.03688e+02
 Pres. DC (bar) Pressure (bar)   Constr. rmsd
   -2.77275e+02    5.10687e+02    2.41791e-06


DD  load balancing is limited by minimum cell size in dimension Y
DD  step 7499  vol min/aver 0.889! load imb.: force  7.6%
           Step           Time
           7500       15.00000

   Energies (kJ/mol)
           Bond          Angle    Proper Dih. Ryckaert-Bell.          LJ-14
    1.53395e+03    3.62785e+03    2.77450e+02    1.97851e+03    2.72697e+03
     Coulomb-14        LJ (SR)  Disper. corr.   Coulomb (SR)   Coul. recip.
    7.90961e+03    2.39137e+04   -1.81630e+03   -2.12930e+05    1.09594e+03
      Potential    Kinetic En.   Total Energy  Conserved En.    Temperature
   -1.71682e+05    2.91383e+04   -1.42544e+05   -1.41711e+05    2.99175e+02
 Pres. DC (bar) Pressure (bar)   Constr. rmsd
   -2.73955e+02    2.20240e+02    2.72536e-06


DD  step 7999  vol min/aver 0.868  load imb.: force  9.3%
           Step           Time
           8000       16.00000

   Energies (kJ/mol)
           Bond          Angle    Proper Dih. Ryckaert-Bell.          LJ-14
    1.45273e+03    3.77229e+03    2.60603e+02    2.02493e+03    2.71637e+03
     Coulomb-14        LJ (SR)  Disper. corr.   Coulomb (SR)   Coul. recip.
    7.94662e+03    2.38617e+04   -1.81641e+03   -2.13023e+05    1.17646e+03
      Potential    Kinetic En.   Total Energy  Conserved En.    Temperature
   -1.71628e+05    2.93856e+04   -1.42242e+05   -1.41717e+05    3.01714e+02
 Pres. DC (bar) Pressure (bar)   Constr. rmsd
   -2.73990e+02    1.79485e+01    2.94560e-06


DD  step 8499  vol min/aver 0.853  load imb.: force  9.3%
           Step           Time
           8500       17.00000

   Energies (kJ/mol)
           Bond          Angle    Proper Dih. Ryckaert-Bell.          LJ-14
    1.48315e+03    3.60376e+03    2.43698e+02    1.98163e+03    2.66366e+03
     Coulomb-14        LJ (SR)  Disper. corr.   Coulomb (SR)   Coul. recip.
    7.87010e+03    2.36725e+04   -1.81717e+03   -2.12992e+05    1.07212e+03
      Potential    Kinetic En.   Total Energy  Conserved En.    Temperature
   -1.72219e+05    2.92149e+04   -1.43004e+05   -1.41723e+05    2.99961e+02
 Pres. DC (bar) Pressure (bar)   Constr. rmsd
   -2.74218e+02   -4.18981e+02    3.20539e-06


DD  step 8999  vol min/aver 0.836  load imb.: force 21.3%
           Step           Time
           9000       18.00000

   Energies (kJ/mol)
           Bond          Angle    Proper Dih. Ryckaert-Bell.          LJ-14
    1.51508e+03    3.48088e+03    2.61188e+02    1.91126e+03    2.63614e+03
     Coulomb-14        LJ (SR)  Disper. corr.   Coulomb (SR)   Coul. recip.
    7.85902e+03    2.45734e+04   -1.82057e+03   -2.14725e+05    1.14572e+03
      Potential    Kinetic En.   Total Energy  Conserved En.    Temperature
   -1.73163e+05    2.92746e+04   -1.43889e+05   -1.41722e+05    3.00574e+02
 Pres. DC (bar) Pressure (bar)   Constr. rmsd
   -2.75245e+02   -2.61656e+02    2.47540e-06


DD  step 9499  vol min/aver 0.899  load imb.: force  5.7%
           Step           Time
           9500       19.00000

   Energies (kJ/mol)
           Bond          Angle    Proper Dih. Ryckaert-Bell.          LJ-14
    1.43199e+03    3.83984e+03    2.42918e+02    1.86981e+03    2.60224e+03
     Coulomb-14        LJ (SR)  Disper. corr.   Coulomb (SR)   Coul. recip.
    7.83418e+03    2.40701e+04   -1.81705e+03   -2.13545e+05    1.08843e+03
      Potential    Kinetic En.   Total Energy  Conserved En.    Temperature
   -1.72383e+05    2.90041e+04   -1.43379e+05   -1.41709e+05    2.97796e+02
 Pres. DC (bar) Pressure (bar)   Constr. rmsd
   -2.74182e+02   -1.85750e+02    2.64314e-06


DD  step 9999  vol min/aver 0.877  load imb.: force  8.5%
           Step           Time
          10000       20.00000

   Energies (kJ/mol)
           Bond          Angle    Proper Dih. Ryckaert-Bell.          LJ-14
    1.58758e+03    3.78441e+03    2.81143e+02    1.88195e+03    2.61067e+03
     Coulomb-14        LJ (SR)  Disper. corr.   Coulomb (SR)   Coul. recip.
    7.70211e+03    2.32919e+04   -1.81222e+03   -2.12094e+05    1.17341e+03
      Potential    Kinetic En.   Total Energy  Conserved En.    Temperature
   -1.71593e+05    2.91437e+04   -1.42449e+05   -1.41707e+05    2.99230e+02
 Pres. DC (bar) Pressure (bar)   Constr. rmsd
   -2.72727e+02   -7.55693e+02    2.83728e-06


DD  load balancing is limited by minimum cell size in dimension Y
DD  step 10499  vol min/aver 0.847! load imb.: force 10.5%
           Step           Time
          10500       21.00000

   Energies (kJ/mol)
           Bond          Angle    Proper Dih. Ryckaert-Bell.          LJ-14
    1.45732e+03    3.68213e+03    2.40496e+02    1.88707e+03    2.67702e+03
     Coulomb-14        LJ (SR)  Disper. corr.   Coulomb (SR)   Coul. recip.
    7.76848e+03    2.46133e+04   -1.83444e+03   -2.13530e+05    1.07584e+03
      Potential    Kinetic En.   Total Energy  Conserved En.    Temperature
   -1.71963e+05    2.89413e+04   -1.43022e+05   -1.41694e+05    2.97152e+02
 Pres. DC (bar) Pressure (bar)   Constr. rmsd
   -2.79449e+02    7.40237e+02    2.60781e-06


DD  step 10999  vol min/aver 0.905  load imb.: force 15.6%
           Step           Time
          11000       22.00000

   Energies (kJ/mol)
           Bond          Angle    Proper Dih. Ryckaert-Bell.          LJ-14
    1.55742e+03    3.77428e+03    2.18550e+02    1.87753e+03    2.64859e+03
     Coulomb-14        LJ (SR)  Disper. corr.   Coulomb (SR)   Coul. recip.
    7.88359e+03    2.37896e+04   -1.81239e+03   -2.12893e+05    1.13682e+03
      Potential    Kinetic En.   Total Energy  Conserved En.    Temperature
   -1.71819e+05    2.92900e+04   -1.42529e+05   -1.41706e+05    3.00732e+02
 Pres. DC (bar) Pressure (bar)   Constr. rmsd
   -2.72778e+02   -8.94525e+01    2.73760e-06


DD  load balancing is limited by minimum cell size in dimension Y
DD  step 11499  vol min/aver 0.863! load imb.: force 10.7%
           Step           Time
          11500       23.00000

   Energies (kJ/mol)
           Bond          Angle    Proper Dih. Ryckaert-Bell.          LJ-14
    1.43953e+03    3.70308e+03    2.48292e+02    1.87400e+03    2.63203e+03
     Coulomb-14        LJ (SR)  Disper. corr.   Coulomb (SR)   Coul. recip.
    7.87125e+03    2.36184e+04   -1.82688e+03   -2.13009e+05    1.13060e+03
      Potential    Kinetic En.   Total Energy  Conserved En.    Temperature
   -1.72318e+05    2.88525e+04   -1.43466e+05   -1.41687e+05    2.96240e+02
 Pres. DC (bar) Pressure (bar)   Constr. rmsd
   -2.77153e+02   -5.54275e+02    2.41932e-06


DD  load balancing is limited by minimum cell size in dimension Y
DD  step 11999  vol min/aver 0.746! load imb.: force 31.6%
           Step           Time
          12000       24.00000

   Energies (kJ/mol)
           Bond          Angle    Proper Dih. Ryckaert-Bell.          LJ-14
    1.46182e+03    3.88996e+03    2.41787e+02    1.95524e+03    2.62804e+03
     Coulomb-14        LJ (SR)  Disper. corr.   Coulomb (SR)   Coul. recip.
    7.87994e+03    2.40583e+04   -1.82058e+03   -2.13760e+05    1.15968e+03
      Potential    Kinetic En.   Total Energy  Conserved En.    Temperature
   -1.72306e+05    2.90489e+04   -1.43257e+05   -1.41681e+05    2.98257e+02
 Pres. DC (bar) Pressure (bar)   Constr. rmsd
   -2.75248e+02   -3.76575e+02    3.00421e-06


DD  step 12499  vol min/aver 0.878  load imb.: force 13.3%
           Step           Time
          12500       25.00000

   Energies (kJ/mol)
           Bond          Angle    Proper Dih. Ryckaert-Bell.          LJ-14
    1.45795e+03    3.67750e+03    2.94169e+02    1.94524e+03    2.65778e+03
     Coulomb-14        LJ (SR)  Disper. corr.   Coulomb (SR)   Coul. recip.
    7.81746e+03    2.34979e+04   -1.82084e+03   -2.12745e+05    1.10084e+03
      Potential    Kinetic En.   Total Energy  Conserved En.    Temperature
   -1.72117e+05    2.85906e+04   -1.43526e+05   -1.41689e+05    2.93551e+02
 Pres. DC (bar) Pressure (bar)   Constr. rmsd
   -2.75326e+02   -3.28803e+02    2.46311e-06


DD  step 12999  vol min/aver 0.909  load imb.: force 11.6%
           Step           Time
          13000       26.00000

   Energies (kJ/mol)
           Bond          Angle    Proper Dih. Ryckaert-Bell.          LJ-14
    1.29114e+03    3.70692e+03    2.67405e+02    1.84221e+03    2.73527e+03
     Coulomb-14        LJ (SR)  Disper. corr.   Coulomb (SR)   Coul. recip.
    7.92018e+03    2.42436e+04   -1.82591e+03   -2.13791e+05    1.16220e+03
      Potential    Kinetic En.   Total Energy  Conserved En.    Temperature
   -1.72448e+05    2.91662e+04   -1.43282e+05   -1.41695e+05    2.99461e+02
 Pres. DC (bar) Pressure (bar)   Constr. rmsd
   -2.76860e+02    3.70976e+02    2.35889e-06


DD  step 13499  vol min/aver 0.893  load imb.: force 14.3%
           Step           Time
          13500       27.00000

   Energies (kJ/mol)
           Bond          Angle    Proper Dih. Ryckaert-Bell.          LJ-14
    1.38842e+03    3.79858e+03    2.50051e+02    1.88347e+03    2.61293e+03
     Coulomb-14        LJ (SR)  Disper. corr.   Coulomb (SR)   Coul. recip.
    7.71725e+03    2.46136e+04   -1.82179e+03   -2.13548e+05    1.14333e+03
      Potential    Kinetic En.   Total Energy  Conserved En.    Temperature
   -1.71962e+05    2.98003e+04   -1.42161e+05   -1.41696e+05    3.05972e+02
 Pres. DC (bar) Pressure (bar)   Constr. rmsd
   -2.75614e+02    3.38387e+02    2.64802e-06


DD  step 13999  vol min/aver 0.918  load imb.: force 11.6%
           Step           Time
          14000       28.00000

   Energies (kJ/mol)
           Bond          Angle    Proper Dih. Ryckaert-Bell.          LJ-14
    1.39818e+03    3.65661e+03    2.44838e+02    1.99062e+03    2.72371e+03
     Coulomb-14        LJ (SR)  Disper. corr.   Coulomb (SR)   Coul. recip.
    7.91637e+03    2.35462e+04   -1.81725e+03   -2.13132e+05    1.16089e+03
      Potential    Kinetic En.   Total Energy  Conserved En.    Temperature
   -1.72312e+05    2.88800e+04   -1.43432e+05   -1.41687e+05    2.96522e+02
 Pres. DC (bar) Pressure (bar)   Constr. rmsd
   -2.74241e+02   -2.12931e+02    2.69405e-06


DD  step 14499  vol min/aver 0.919  load imb.: force 10.8%
           Step           Time
          14500       29.00000

   Energies (kJ/mol)
           Bond          Angle    Proper Dih. Ryckaert-Bell.          LJ-14
    1.44502e+03    3.70441e+03    2.76271e+02    1.90083e+03    2.66137e+03
     Coulomb-14        LJ (SR)  Disper. corr.   Coulomb (SR)   Coul. recip.
    7.84567e+03    2.41796e+04   -1.82145e+03   -2.12916e+05    1.18510e+03
      Potential    Kinetic En.   Total Energy  Conserved En.    Temperature
   -1.71539e+05    2.91777e+04   -1.42362e+05   -1.41686e+05    2.99579e+02
 Pres. DC (bar) Pressure (bar)   Constr. rmsd
   -2.75511e+02    1.08196e+02    3.10036e-06


DD  step 14999  vol min/aver 0.878  load imb.: force 18.4%
           Step           Time
          15000       30.00000

   Energies (kJ/mol)
           Bond          Angle    Proper Dih. Ryckaert-Bell.          LJ-14
    1.60851e+03    3.62912e+03    2.59010e+02    1.80542e+03    2.69823e+03
     Coulomb-14        LJ (SR)  Disper. corr.   Coulomb (SR)   Coul. recip.
    7.96455e+03    2.42967e+04   -1.82387e+03   -2.13974e+05    1.16481e+03
      Potential    Kinetic En.   Total Energy  Conserved En.    Temperature
   -1.72372e+05    2.90992e+04   -1.43272e+05   -1.41692e+05    2.98773e+02
 Pres. DC (bar) Pressure (bar)   Constr. rmsd
   -2.76240e+02   -1.63971e+02    2.74330e-06


DD  load balancing is limited by minimum cell size in dimension Y
DD  step 15499  vol min/aver 0.843! load imb.: force 25.1%
           Step           Time
          15500       31.00000

   Energies (kJ/mol)
           Bond          Angle    Proper Dih. Ryckaert-Bell.          LJ-14
    1.48439e+03    3.63817e+03    2.90718e+02    2.03300e+03    2.61542e+03
     Coulomb-14        LJ (SR)  Disper. corr.   Coulomb (SR)   Coul. recip.
    7.79650e+03    2.34902e+04   -1.81173e+03   -2.11941e+05    1.09299e+03
      Potential    Kinetic En.   Total Energy  Conserved En.    Temperature
   -1.71312e+05    2.91466e+04   -1.42165e+05   -1.41689e+05    2.99260e+02
 Pres. DC (bar) Pressure (bar)   Constr. rmsd
   -2.72579e+02   -4.33362e+02    2.67169e-06


DD  step 15999  vol min/aver 0.862  load imb.: force 12.6%
           Step           Time
          16000       32.00000

   Energies (kJ/mol)
           Bond          Angle    Proper Dih. Ryckaert-Bell.          LJ-14
    1.53414e+03    3.69169e+03    2.48222e+02    1.83347e+03    2.72046e+03
     Coulomb-14        LJ (SR)  Disper. corr.   Coulomb (SR)   Coul. recip.
    7.81934e+03    2.40900e+04   -1.82461e+03   -2.13735e+05    1.12758e+03
      Potential    Kinetic En.   Total Energy  Conserved En.    Temperature
   -1.72495e+05    2.95056e+04   -1.42989e+05   -1.41676e+05    3.02946e+02
 Pres. DC (bar) Pressure (bar)   Constr. rmsd
   -2.76466e+02    2.57058e+02    2.72564e-06


DD  step 16499  vol min/aver 0.833  load imb.: force 12.8%
           Step           Time
          16500       33.00000

   Energies (kJ/mol)
           Bond          Angle    Proper Dih. Ryckaert-Bell.          LJ-14
    1.36100e+03    3.66773e+03    2.43669e+02    1.84301e+03    2.73109e+03
     Coulomb-14        LJ (SR)  Disper. corr.   Coulomb (SR)   Coul. recip.
    7.85740e+03    2.40273e+04   -1.82403e+03   -2.13635e+05    1.18614e+03
      Potential    Kinetic En.   Total Energy  Conserved En.    Temperature
   -1.72542e+05    2.91657e+04   -1.43376e+05   -1.41667e+05    2.99456e+02
 Pres. DC (bar) Pressure (bar)   Constr. rmsd
   -2.76291e+02    1.88232e+01    2.57305e-06


DD  load balancing is limited by minimum cell size in dimension Y
DD  step 16999  vol min/aver 0.847! load imb.: force  9.0%
           Step           Time
          17000       34.00000

   Energies (kJ/mol)
           Bond          Angle    Proper Dih. Ryckaert-Bell.          LJ-14
    1.52038e+03    3.56237e+03    2.25855e+02    1.96704e+03    2.63752e+03
     Coulomb-14        LJ (SR)  Disper. corr.   Coulomb (SR)   Coul. recip.
    7.90204e+03    2.44527e+04   -1.80527e+03   -2.13718e+05    1.15294e+03
      Potential    Kinetic En.   Total Energy  Conserved En.    Temperature
   -1.72102e+05    2.90524e+04   -1.43050e+05   -1.41661e+05    2.98293e+02
 Pres. DC (bar) Pressure (bar)   Constr. rmsd
   -2.70642e+02   -9.94420e+01    2.58087e-06


DD  load balancing is limited by minimum cell size in dimension Y
DD  step 17499  vol min/aver 0.756! load imb.: force 21.7%
           Step           Time
          17500       35.00000

   Energies (kJ/mol)
           Bond          Angle    Proper Dih. Ryckaert-Bell.          LJ-14
    1.42588e+03    3.72275e+03    2.32418e+02    1.89691e+03    2.70593e+03
     Coulomb-14        LJ (SR)  Disper. corr.   Coulomb (SR)   Coul. recip.
    7.85667e+03    2.35287e+04   -1.82004e+03   -2.12951e+05    1.19818e+03
      Potential    Kinetic En.   Total Energy  Conserved En.    Temperature
   -1.72204e+05    2.92235e+04   -1.42980e+05   -1.41665e+05    3.00050e+02
 Pres. DC (bar) Pressure (bar)   Constr. rmsd
   -2.75084e+02   -1.54593e+02    2.85524e-06


DD  step 17999  vol min/aver 0.878  load imb.: force  8.3%
           Step           Time
          18000       36.00000

   Energies (kJ/mol)
           Bond          Angle    Proper Dih. Ryckaert-Bell.          LJ-14
    1.51992e+03    3.86992e+03    2.31482e+02    1.85765e+03    2.61836e+03
     Coulomb-14        LJ (SR)  Disper. corr.   Coulomb (SR)   Coul. recip.
    7.90157e+03    2.45900e+04   -1.82593e+03   -2.14300e+05    1.17640e+03
      Potential    Kinetic En.   Total Energy  Conserved En.    Temperature
   -1.72360e+05    2.90499e+04   -1.43311e+05   -1.41652e+05    2.98268e+02
 Pres. DC (bar) Pressure (bar)   Constr. rmsd
   -2.76865e+02    1.15277e+02    2.25745e-06


DD  load balancing is limited by minimum cell size in dimension Y
DD  step 18499  vol min/aver 0.732! load imb.: force 17.1%
           Step           Time
          18500       37.00000

   Energies (kJ/mol)
           Bond          Angle    Proper Dih. Ryckaert-Bell.          LJ-14
    1.47247e+03    3.84510e+03    2.41976e+02    1.92119e+03    2.65271e+03
     Coulomb-14        LJ (SR)  Disper. corr.   Coulomb (SR)   Coul. recip.
    7.85735e+03    2.34959e+04   -1.82957e+03   -2.12747e+05    1.12751e+03
      Potential    Kinetic En.   Total Energy  Conserved En.    Temperature
   -1.71962e+05    2.93496e+04   -1.42612e+05   -1.41654e+05    3.01344e+02
 Pres. DC (bar) Pressure (bar)   Constr. rmsd
   -2.77968e+02   -8.33383e+01    2.56766e-06


DD  step 18999  vol min/aver 0.867  load imb.: force  8.4%
           Step           Time
          19000       38.00000

   Energies (kJ/mol)
           Bond          Angle    Proper Dih. Ryckaert-Bell.          LJ-14
    1.56097e+03    3.75924e+03    2.91469e+02    1.96591e+03    2.62982e+03
     Coulomb-14        LJ (SR)  Disper. corr.   Coulomb (SR)   Coul. recip.
    7.84840e+03    2.43029e+04   -1.82295e+03   -2.13024e+05    1.12027e+03
      Potential    Kinetic En.   Total Energy  Conserved En.    Temperature
   -1.71368e+05    2.94606e+04   -1.41908e+05   -1.41644e+05    3.02484e+02
 Pres. DC (bar) Pressure (bar)   Constr. rmsd
   -2.75965e+02   -8.00389e+01    2.78211e-06


DD  load balancing is limited by minimum cell size in dimension Y
DD  step 19499  vol min/aver 0.849! load imb.: force  8.6%
           Step           Time
          19500       39.00000

   Energies (kJ/mol)
           Bond          Angle    Proper Dih. Ryckaert-Bell.          LJ-14
    1.47629e+03    3.65475e+03    2.37166e+02    1.94654e+03    2.75123e+03
     Coulomb-14        LJ (SR)  Disper. corr.   Coulomb (SR)   Coul. recip.
    7.84823e+03    2.47728e+04   -1.83284e+03   -2.14508e+05    1.12726e+03
      Potential    Kinetic En.   Total Energy  Conserved En.    Temperature
   -1.72526e+05    2.93466e+04   -1.43180e+05   -1.41652e+05    3.01313e+02
 Pres. DC (bar) Pressure (bar)   Constr. rmsd
   -2.78962e+02    7.67546e+02    2.48894e-06


DD  step 19999  vol min/aver 0.878  load imb.: force 10.4%
           Step           Time
          20000       40.00000

   Energies (kJ/mol)
           Bond          Angle    Proper Dih. Ryckaert-Bell.          LJ-14
    1.45019e+03    3.71571e+03    2.13474e+02    1.87619e+03    2.69804e+03
     Coulomb-14        LJ (SR)  Disper. corr.   Coulomb (SR)   Coul. recip.
    7.87701e+03    2.42545e+04   -1.82409e+03   -2.13363e+05    1.10283e+03
      Potential    Kinetic En.   Total Energy  Conserved En.    Temperature
   -1.71999e+05    2.93333e+04   -1.42666e+05   -1.41663e+05    3.01177e+02
 Pres. DC (bar) Pressure (bar)   Constr. rmsd
   -2.76307e+02    3.02844e+02    2.49134e-06


DD  load balancing is limited by minimum cell size in dimension Y
DD  step 20499  vol min/aver 0.850! load imb.: force 15.5%
           Step           Time
          20500       41.00000

   Energies (kJ/mol)
           Bond          Angle    Proper Dih. Ryckaert-Bell.          LJ-14
    1.43717e+03    3.89560e+03    2.65332e+02    1.94269e+03    2.68340e+03
     Coulomb-14        LJ (SR)  Disper. corr.   Coulomb (SR)   Coul. recip.
    7.89959e+03    2.39091e+04   -1.83362e+03   -2.13046e+05    1.15673e+03
      Potential    Kinetic En.   Total Energy  Conserved En.    Temperature
   -1.71690e+05    2.96959e+04   -1.41994e+05   -1.41652e+05    3.04900e+02
 Pres. DC (bar) Pressure (bar)   Constr. rmsd
   -2.79198e+02    6.55570e+01    2.61009e-06


DD  step 20999  vol min/aver 0.905  load imb.: force  6.2%
           Step           Time
          21000       42.00000

   Energies (kJ/mol)
           Bond          Angle    Proper Dih. Ryckaert-Bell.          LJ-14
    1.49750e+03    3.70773e+03    2.58227e+02    1.83641e+03    2.67749e+03
     Coulomb-14        LJ (SR)  Disper. corr.   Coulomb (SR)   Coul. recip.
    7.84405e+03    2.40248e+04   -1.81077e+03   -2.13087e+05    1.16688e+03
      Potential    Kinetic En.   Total Energy  Conserved En.    Temperature
   -1.71885e+05    2.94380e+04   -1.42447e+05   -1.41644e+05    3.02252e+02
 Pres. DC (bar) Pressure (bar)   Constr. rmsd
   -2.72293e+02   -3.33971e+01    2.70643e-06


DD  step 21499  vol min/aver 0.818  load imb.: force 10.0%
           Step           Time
          21500       43.00000

   Energies (kJ/mol)
           Bond          Angle    Proper Dih. Ryckaert-Bell.          LJ-14
    1.36204e+03    3.79750e+03    2.24786e+02    1.89423e+03    2.66599e+03
     Coulomb-14        LJ (SR)  Disper. corr.   Coulomb (SR)   Coul. recip.
    7.90369e+03    2.39335e+04   -1.83025e+03   -2.13632e+05    1.13564e+03
      Potential    Kinetic En.   Total Energy  Conserved En.    Temperature
   -1.72544e+05    2.86792e+04   -1.43865e+05   -1.41637e+05    2.94461e+02
 Pres. DC (bar) Pressure (bar)   Constr. rmsd
   -2.78175e+02    2.73413e+02    2.73485e-06


DD  step 21999  vol min/aver 0.831  load imb.: force  8.2%
           Step           Time
          22000       44.00000

   Energies (kJ/mol)
           Bond          Angle    Proper Dih. Ryckaert-Bell.          LJ-14
    1.48756e+03    3.64216e+03    2.53475e+02    1.80994e+03    2.55652e+03
     Coulomb-14        LJ (SR)  Disper. corr.   Coulomb (SR)   Coul. recip.
    7.82966e+03    2.41183e+04   -1.82962e+03   -2.14049e+05    1.16351e+03
      Potential    Kinetic En.   Total Energy  Conserved En.    Temperature
   -1.73018e+05    2.92845e+04   -1.43733e+05   -1.41646e+05    3.00676e+02
 Pres. DC (bar) Pressure (bar)   Constr. rmsd
   -2.77985e+02   -3.76703e+02    2.78038e-06


DD  load balancing is limited by minimum cell size in dimension Y
DD  step 22499  vol min/aver 0.819! load imb.: force 10.2%
           Step           Time
          22500       45.00000

   Energies (kJ/mol)
           Bond          Angle    Proper Dih. Ryckaert-Bell.          LJ-14
    1.39386e+03    3.65580e+03    2.33491e+02    1.86807e+03    2.69831e+03
     Coulomb-14        LJ (SR)  Disper. corr.   Coulomb (SR)   Coul. recip.
    7.84425e+03    2.35522e+04   -1.82968e+03   -2.12814e+05    1.16648e+03
      Potential    Kinetic En.   Total Energy  Conserved En.    Temperature
   -1.72231e+05    2.90163e+04   -1.43214e+05   -1.41647e+05    2.97922e+02
 Pres. DC (bar) Pressure (bar)   Constr. rmsd
   -2.78003e+02    5.00430e+01    2.80808e-06


DD  step 22999  vol min/aver 0.827  load imb.: force 21.9%
           Step           Time
          23000       46.00000

   Energies (kJ/mol)
           Bond          Angle    Proper Dih. Ryckaert-Bell.          LJ-14
    1.48731e+03    3.71223e+03    2.50989e+02    1.83816e+03    2.62201e+03
     Coulomb-14        LJ (SR)  Disper. corr.   Coulomb (SR)   Coul. recip.
    7.84998e+03    2.38393e+04   -1.81885e+03   -2.12986e+05    1.17366e+03
      Potential    Kinetic En.   Total Energy  Conserved En.    Temperature
   -1.72032e+05    2.94372e+04   -1.42594e+05   -1.41640e+05    3.02243e+02
 Pres. DC (bar) Pressure (bar)   Constr. rmsd
   -2.74724e+02   -1.98705e+02    2.82417e-06


DD  step 23499  vol min/aver 0.906  load imb.: force 16.4%
           Step           Time
          23500       47.00000

   Energies (kJ/mol)
           Bond          Angle    Proper Dih. Ryckaert-Bell.          LJ-14
    1.37891e+03    3.74731e+03    2.67772e+02    1.91615e+03    2.72132e+03
     Coulomb-14        LJ (SR)  Disper. corr.   Coulomb (SR)   Coul. recip.
    7.79196e+03    2.42735e+04   -1.83568e+03   -2.13740e+05    1.14103e+03
      Potential    Kinetic En.   Total Energy  Conserved En.    Temperature
   -1.72337e+05    2.89904e+04   -1.43347e+05   -1.41642e+05    2.97656e+02
 Pres. DC (bar) Pressure (bar)   Constr. rmsd
   -2.79825e+02    3.32783e+02    2.66342e-06


DD  step 23999  vol min/aver 0.910  load imb.: force 17.2%
           Step           Time
          24000       48.00000

   Energies (kJ/mol)
           Bond          Angle    Proper Dih. Ryckaert-Bell.          LJ-14
    1.58403e+03    3.75258e+03    2.45917e+02    1.93281e+03    2.61822e+03
     Coulomb-14        LJ (SR)  Disper. corr.   Coulomb (SR)   Coul. recip.
    7.81223e+03    2.32556e+04   -1.81934e+03   -2.12593e+05    1.13077e+03
      Potential    Kinetic En.   Total Energy  Conserved En.    Temperature
   -1.72081e+05    2.93318e+04   -1.42749e+05   -1.41630e+05    3.01162e+02
 Pres. DC (bar) Pressure (bar)   Constr. rmsd
   -2.74872e+02   -3.43673e+02    2.54366e-06


DD  step 24499  vol min/aver 0.897  load imb.: force 17.7%
           Step           Time
          24500       49.00000

   Energies (kJ/mol)
           Bond          Angle    Proper Dih. Ryckaert-Bell.          LJ-14
    1.61206e+03    3.68222e+03    2.53207e+02    1.92532e+03    2.57630e+03
     Coulomb-14        LJ (SR)  Disper. corr.   Coulomb (SR)   Coul. recip.
    7.87102e+03    2.37145e+04   -1.82511e+03   -2.12784e+05    1.19064e+03
      Potential    Kinetic En.   Total Energy  Conserved En.    Temperature
   -1.71784e+05    2.85420e+04   -1.43242e+05   -1.41620e+05    2.93053e+02
 Pres. DC (bar) Pressure (bar)   Constr. rmsd
   -2.76616e+02   -5.71000e+02    2.34523e-06


DD  load balancing is limited by minimum cell size in dimension Y
DD  step 24999  vol min/aver 0.909! load imb.: force  8.7%
           Step           Time
          25000       50.00000

   Energies (kJ/mol)
           Bond          Angle    Proper Dih. Ryckaert-Bell.          LJ-14
    1.44079e+03    3.71540e+03    2.48988e+02    1.85315e+03    2.67511e+03
     Coulomb-14        LJ (SR)  Disper. corr.   Coulomb (SR)   Coul. recip.
    7.88144e+03    2.31919e+04   -1.81152e+03   -2.12024e+05    1.16450e+03
      Potential    Kinetic En.   Total Energy  Conserved En.    Temperature
   -1.71665e+05    2.89411e+04   -1.42724e+05   -1.41620e+05    2.97149e+02
 Pres. DC (bar) Pressure (bar)   Constr. rmsd
   -2.72518e+02   -3.36271e+02    2.54865e-06


DD  step 25499  vol min/aver 0.942  load imb.: force 11.7%
           Step           Time
          25500       51.00000

   Energies (kJ/mol)
           Bond          Angle    Proper Dih. Ryckaert-Bell.          LJ-14
    1.44516e+03    3.64382e+03    2.28276e+02    1.85540e+03    2.70246e+03
     Coulomb-14        LJ (SR)  Disper. corr.   Coulomb (SR)   Coul. recip.
    7.88643e+03    2.35560e+04   -1.82709e+03   -2.12950e+05    1.15005e+03
      Potential    Kinetic En.   Total Energy  Conserved En.    Temperature
   -1.72309e+05    2.88792e+04   -1.43430e+05   -1.41612e+05    2.96514e+02
 Pres. DC (bar) Pressure (bar)   Constr. rmsd
   -2.77215e+02   -1.25642e+02    2.55015e-06


DD  step 25999  vol min/aver 0.938  load imb.: force 15.7%
           Step           Time
          26000       52.00000

   Energies (kJ/mol)
           Bond          Angle    Proper Dih. Ryckaert-Bell.          LJ-14
    1.40454e+03    4.00451e+03    2.45344e+02    1.83807e+03    2.63362e+03
     Coulomb-14        LJ (SR)  Disper. corr.   Coulomb (SR)   Coul. recip.
    7.81657e+03    2.28941e+04   -1.83409e+03   -2.11830e+05    1.17316e+03
      Potential    Kinetic En.   Total Energy  Conserved En.    Temperature
   -1.71654e+05    2.92037e+04   -1.42451e+05   -1.41611e+05    2.99846e+02
 Pres. DC (bar) Pressure (bar)   Constr. rmsd
   -2.79344e+02   -3.45403e+02    2.77613e-06


DD  step 26499  vol min/aver 0.899  load imb.: force  7.5%
           Step           Time
          26500       53.00000

   Energies (kJ/mol)
           Bond          Angle    Proper Dih. Ryckaert-Bell.          LJ-14
    1.44243e+03    3.92198e+03    2.51313e+02    1.83682e+03    2.63260e+03
     Coulomb-14        LJ (SR)  Disper. corr.   Coulomb (SR)   Coul. recip.
    7.84353e+03    2.29385e+04   -1.82960e+03   -2.11840e+05    1.11948e+03
      Potential    Kinetic En.   Total Energy  Conserved En.    Temperature
   -1.71683e+05    2.86867e+04   -1.42996e+05   -1.41605e+05    2.94538e+02
 Pres. DC (bar) Pressure (bar)   Constr. rmsd
   -2.77977e+02   -2.26277e+02    2.78364e-06


DD  step 26999  vol min/aver 0.875  load imb.: force  8.9%
           Step           Time
          27000       54.00000

   Energies (kJ/mol)
           Bond          Angle    Proper Dih. Ryckaert-Bell.          LJ-14
    1.51990e+03    3.73775e+03    2.49912e+02    1.94431e+03    2.60249e+03
     Coulomb-14        LJ (SR)  Disper. corr.   Coulomb (SR)   Coul. recip.
    7.81261e+03    2.34331e+04   -1.82206e+03   -2.12560e+05    1.16949e+03
      Potential    Kinetic En.   Total Energy  Conserved En.    Temperature
   -1.71912e+05    2.96153e+04   -1.42297e+05   -1.41616e+05    3.04072e+02
 Pres. DC (bar) Pressure (bar)   Constr. rmsd
   -2.75694e+02   -2.12124e+02    2.87286e-06


DD  step 27499  vol min/aver 0.831  load imb.: force 12.1%
           Step           Time
          27500       55.00000

   Energies (kJ/mol)
           Bond          Angle    Proper Dih. Ryckaert-Bell.          LJ-14
    1.50544e+03    3.66035e+03    2.38589e+02    1.90730e+03    2.72985e+03
     Coulomb-14        LJ (SR)  Disper. corr.   Coulomb (SR)   Coul. recip.
    7.89325e+03    2.48319e+04   -1.84449e+03   -2.13801e+05    1.13561e+03
      Potential    Kinetic En.   Total Energy  Conserved En.    Temperature
   -1.71743e+05    2.89151e+04   -1.42828e+05   -1.41611e+05    2.96883e+02
 Pres. DC (bar) Pressure (bar)   Constr. rmsd
   -2.82517e+02    7.77421e+02    2.51358e-06


DD  load balancing is limited by minimum cell size in dimension Y
DD  step 27999  vol min/aver 0.811! load imb.: force 16.0%
           Step           Time
          28000       56.00000

   Energies (kJ/mol)
           Bond          Angle    Proper Dih. Ryckaert-Bell.          LJ-14
    1.41651e+03    3.84030e+03    2.50362e+02    1.92832e+03    2.61843e+03
     Coulomb-14        LJ (SR)  Disper. corr.   Coulomb (SR)   Coul. recip.
    7.91954e+03    2.38359e+04   -1.82491e+03   -2.12420e+05    1.15423e+03
      Potential    Kinetic En.   Total Energy  Conserved En.    Temperature
   -1.71281e+05    2.90906e+04   -1.42190e+05   -1.41610e+05    2.98685e+02
 Pres. DC (bar) Pressure (bar)   Constr. rmsd
   -2.76555e+02    1.19086e+02    2.84621e-06


DD  load balancing is limited by minimum cell size in dimension Y
DD  step 28499  vol min/aver 0.865! load imb.: force 14.9%
           Step           Time
          28500       57.00000

   Energies (kJ/mol)
           Bond          Angle    Proper Dih. Ryckaert-Bell.          LJ-14
    1.50948e+03    3.89623e+03    2.61488e+02    1.94075e+03    2.61114e+03
     Coulomb-14        LJ (SR)  Disper. corr.   Coulomb (SR)   Coul. recip.
    7.78392e+03    2.40985e+04   -1.81643e+03   -2.12861e+05    1.13399e+03
      Potential    Kinetic En.   Total Energy  Conserved En.    Temperature
   -1.71441e+05    2.93964e+04   -1.42045e+05   -1.41606e+05    3.01825e+02
 Pres. DC (bar) Pressure (bar)   Constr. rmsd
   -2.73996e+02   -2.46837e+02    2.36159e-06


DD  load balancing is limited by minimum cell size in dimension Y
DD  step 28999  vol min/aver 0.865! load imb.: force 13.9%
           Step           Time
          29000       58.00000

   Energies (kJ/mol)
           Bond          Angle    Proper Dih. Ryckaert-Bell.          LJ-14
    1.44688e+03    3.75036e+03    2.51200e+02    1.80184e+03    2.62188e+03
     Coulomb-14        LJ (SR)  Disper. corr.   Coulomb (SR)   Coul. recip.
    7.87319e+03    2.41020e+04   -1.82229e+03   -2.13050e+05    1.15304e+03
      Potential    Kinetic En.   Total Energy  Conserved En.    Temperature
   -1.71872e+05    2.90370e+04   -1.42835e+05   -1.41594e+05    2.98135e+02
 Pres. DC (bar) Pressure (bar)   Constr. rmsd
   -2.75762e+02   -1.93732e+02    2.67516e-06


DD  load balancing is limited by minimum cell size in dimension Y
DD  step 29499  vol min/aver 0.848! load imb.: force  7.1%
           Step           Time
          29500       59.00000

   Energies (kJ/mol)
           Bond          Angle    Proper Dih. Ryckaert-Bell.          LJ-14
    1.38375e+03    3.67565e+03    2.25818e+02    1.79191e+03    2.66011e+03
     Coulomb-14        LJ (SR)  Disper. corr.   Coulomb (SR)   Coul. recip.
    7.80507e+03    2.39316e+04   -1.82910e+03   -2.13449e+05    1.14661e+03
      Potential    Kinetic En.   Total Energy  Conserved En.    Temperature
   -1.72658e+05    2.90865e+04   -1.43571e+05   -1.41590e+05    2.98643e+02
 Pres. DC (bar) Pressure (bar)   Constr. rmsd
   -2.77825e+02   -1.09456e+01    2.39427e-06


DD  step 29999  vol min/aver 0.873  load imb.: force  7.8%
           Step           Time
          30000       60.00000

   Energies (kJ/mol)
           Bond          Angle    Proper Dih. Ryckaert-Bell.          LJ-14
    1.44333e+03    3.89972e+03    2.25777e+02    1.91623e+03    2.67528e+03
     Coulomb-14        LJ (SR)  Disper. corr.   Coulomb (SR)   Coul. recip.
    7.85231e+03    2.40200e+04   -1.81470e+03   -2.13547e+05    1.14805e+03
      Potential    Kinetic En.   Total Energy  Conserved En.    Temperature
   -1.72181e+05    2.95009e+04   -1.42680e+05   -1.41591e+05    3.02898e+02
 Pres. DC (bar) Pressure (bar)   Constr. rmsd
   -2.73473e+02   -1.27529e+02    2.84664e-06


DD  load balancing is limited by minimum cell size in dimension Y
DD  step 30499  vol min/aver 0.834! load imb.: force  7.6%
           Step           Time
          30500       61.00000

   Energies (kJ/mol)
           Bond          Angle    Proper Dih. Ryckaert-Bell.          LJ-14
    1.46488e+03    3.58305e+03    2.68583e+02    1.87350e+03    2.63801e+03
     Coulomb-14        LJ (SR)  Disper. corr.   Coulomb (SR)   Coul. recip.
    7.75462e+03    2.44351e+04   -1.82041e+03   -2.13966e+05    1.16050e+03
      Potential    Kinetic En.   Total Energy  Conserved En.    Temperature
   -1.72608e+05    2.94611e+04   -1.43147e+05   -1.41610e+05    3.02489e+02
 Pres. DC (bar) Pressure (bar)   Constr. rmsd
   -2.75197e+02    4.44946e+01    2.48153e-06


DD  step 30999  vol min/aver 0.919  load imb.: force 15.4%
           Step           Time
          31000       62.00000

   Energies (kJ/mol)
           Bond          Angle    Proper Dih. Ryckaert-Bell.          LJ-14
    1.44974e+03    3.86544e+03    2.48009e+02    1.85255e+03    2.62043e+03
     Coulomb-14        LJ (SR)  Disper. corr.   Coulomb (SR)   Coul. recip.
    7.72205e+03    2.40340e+04   -1.82027e+03   -2.13367e+05    1.11718e+03
      Potential    Kinetic En.   Total Energy  Conserved En.    Temperature
   -1.72278e+05    2.95486e+04   -1.42729e+05   -1.41598e+05    3.03388e+02
 Pres. DC (bar) Pressure (bar)   Constr. rmsd
   -2.75153e+02   -1.94374e+02    3.07580e-06


DD  step 31499  vol min/aver 0.927  load imb.: force 24.2%
           Step           Time
          31500       63.00000

   Energies (kJ/mol)
           Bond          Angle    Proper Dih. Ryckaert-Bell.          LJ-14
    1.43211e+03    3.66697e+03    2.64447e+02    1.82395e+03    2.71867e+03
     Coulomb-14        LJ (SR)  Disper. corr.   Coulomb (SR)   Coul. recip.
    7.90578e+03    2.45262e+04   -1.82377e+03   -2.14104e+05    1.11676e+03
      Potential    Kinetic En.   Total Energy  Conserved En.    Temperature
   -1.72473e+05    2.89990e+04   -1.43474e+05   -1.41584e+05    2.97744e+02
 Pres. DC (bar) Pressure (bar)   Constr. rmsd
   -2.76211e+02    2.18624e+02    2.88519e-06


DD  load balancing is limited by minimum cell size in dimension Y
DD  step 31999  vol min/aver 0.848! load imb.: force 26.0%
           Step           Time
          32000       64.00000

   Energies (kJ/mol)
           Bond          Angle    Proper Dih. Ryckaert-Bell.          LJ-14
    1.51382e+03    3.78478e+03    2.38364e+02    1.83825e+03    2.64260e+03
     Coulomb-14        LJ (SR)  Disper. corr.   Coulomb (SR)   Coul. recip.
    7.90122e+03    2.36274e+04   -1.81927e+03   -2.12474e+05    1.10089e+03
      Potential    Kinetic En.   Total Energy  Conserved En.    Temperature
   -1.71646e+05    2.96507e+04   -1.41995e+05   -1.41590e+05    3.04435e+02
 Pres. DC (bar) Pressure (bar)   Constr. rmsd
   -2.74852e+02   -4.43593e+01    3.31333e-06


DD  load balancing is limited by minimum cell size in dimension Y
DD  step 32499  vol min/aver 0.872! load imb.: force  5.5%
           Step           Time
          32500       65.00000

   Energies (kJ/mol)
           Bond          Angle    Proper Dih. Ryckaert-Bell.          LJ-14
    1.36823e+03    3.70925e+03    2.21235e+02    1.82316e+03    2.68323e+03
     Coulomb-14        LJ (SR)  Disper. corr.   Coulomb (SR)   Coul. recip.
    7.87343e+03    2.39053e+04   -1.81500e+03   -2.12807e+05    1.17413e+03
      Potential    Kinetic En.   Total Energy  Conserved En.    Temperature
   -1.71864e+05    2.95590e+04   -1.42306e+05   -1.41608e+05    3.03494e+02
 Pres. DC (bar) Pressure (bar)   Constr. rmsd
   -2.73566e+02    1.02380e+02    2.54815e-06


DD  step 32999  vol min/aver 0.953  load imb.: force 13.9%
           Step           Time
          33000       66.00000

   Energies (kJ/mol)
           Bond          Angle    Proper Dih. Ryckaert-Bell.          LJ-14
    1.47162e+03    3.86801e+03    2.66714e+02    1.83058e+03    2.70442e+03
     Coulomb-14        LJ (SR)  Disper. corr.   Coulomb (SR)   Coul. recip.
    7.91716e+03    2.37947e+04   -1.81671e+03   -2.12797e+05    1.15955e+03
      Potential    Kinetic En.   Total Energy  Conserved En.    Temperature
   -1.71601e+05    2.90204e+04   -1.42581e+05   -1.41580e+05    2.97964e+02
 Pres. DC (bar) Pressure (bar)   Constr. rmsd
   -2.74079e+02   -5.02031e+00    2.26217e-06


DD  step 33499  vol min/aver 0.830  load imb.: force 13.2%
           Step           Time
          33500       67.00000

   Energies (kJ/mol)
           Bond          Angle    Proper Dih. Ryckaert-Bell.          LJ-14
    1.50785e+03    3.66055e+03    2.79861e+02    1.84377e+03    2.64938e+03
     Coulomb-14        LJ (SR)  Disper. corr.   Coulomb (SR)   Coul. recip.
    7.89119e+03    2.38158e+04   -1.81470e+03   -2.12750e+05    1.18111e+03
      Potential    Kinetic En.   Total Energy  Conserved En.    Temperature
   -1.71735e+05    2.89918e+04   -1.42743e+05   -1.41581e+05    2.97670e+02
 Pres. DC (bar) Pressure (bar)   Constr. rmsd
   -2.73475e+02    2.79755e+02    2.72659e-06


DD  load balancing is limited by minimum cell size in dimension Y
DD  step 33999  vol min/aver 0.810! load imb.: force  6.4%
           Step           Time
          34000       68.00000

   Energies (kJ/mol)
           Bond          Angle    Proper Dih. Ryckaert-Bell.          LJ-14
    1.47705e+03    3.90546e+03    2.31768e+02    1.81332e+03    2.66486e+03
     Coulomb-14        LJ (SR)  Disper. corr.   Coulomb (SR)   Coul. recip.
    7.79713e+03    2.46708e+04   -1.83944e+03   -2.14361e+05    1.12230e+03
      Potential    Kinetic En.   Total Energy  Conserved En.    Temperature
   -1.72518e+05    2.92710e+04   -1.43247e+05   -1.41570e+05    3.00537e+02
 Pres. DC (bar) Pressure (bar)   Constr. rmsd
   -2.80971e+02    6.53372e+02    2.65361e-06


DD  step 34499  vol min/aver 0.879  load imb.: force 13.0%
           Step           Time
          34500       69.00000

   Energies (kJ/mol)
           Bond          Angle    Proper Dih. Ryckaert-Bell.          LJ-14
    1.51642e+03    3.70240e+03    2.74926e+02    1.78611e+03    2.69277e+03
     Coulomb-14        LJ (SR)  Disper. corr.   Coulomb (SR)   Coul. recip.
    7.90486e+03    2.39527e+04   -1.81753e+03   -2.12826e+05    1.14692e+03
      Potential    Kinetic En.   Total Energy  Conserved En.    Temperature
   -1.71666e+05    2.94426e+04   -1.42223e+05   -1.41582e+05    3.02299e+02
 Pres. DC (bar) Pressure (bar)   Constr. rmsd
   -2.74326e+02    1.38796e+02    2.99700e-06


DD  step 34999  vol min/aver 0.828  load imb.: force 45.3%
           Step           Time
          35000       70.00000

   Energies (kJ/mol)
           Bond          Angle    Proper Dih. Ryckaert-Bell.          LJ-14
    1.46453e+03    3.80382e+03    2.49736e+02    1.83951e+03    2.64049e+03
     Coulomb-14        LJ (SR)  Disper. corr.   Coulomb (SR)   Coul. recip.
    7.79185e+03    2.42359e+04   -1.83226e+03   -2.12628e+05    1.12315e+03
      Potential    Kinetic En.   Total Energy  Conserved En.    Temperature
   -1.71311e+05    2.92057e+04   -1.42105e+05   -1.41572e+05    2.99867e+02
 Pres. DC (bar) Pressure (bar)   Constr. rmsd
   -2.78787e+02    1.35127e+02    3.14921e-06


DD  step 35499  vol min/aver 0.817  load imb.: force 52.0%
           Step           Time
          35500       71.00000

   Energies (kJ/mol)
           Bond          Angle    Proper Dih. Ryckaert-Bell.          LJ-14
    1.52649e+03    3.64485e+03    2.37607e+02    1.94687e+03    2.62255e+03
     Coulomb-14        LJ (SR)  Disper. corr.   Coulomb (SR)   Coul. recip.
    7.85350e+03    2.37667e+04   -1.82577e+03   -2.13331e+05    1.07973e+03
      Potential    Kinetic En.   Total Energy  Conserved En.    Temperature
   -1.72479e+05    2.92863e+04   -1.43193e+05   -1.41561e+05    3.00694e+02
 Pres. DC (bar) Pressure (bar)   Constr. rmsd
   -2.76818e+02   -2.33390e+02    2.76336e-06


DD  step 35999  vol min/aver 0.877  load imb.: force 12.0%
           Step           Time
          36000       72.00000

   Energies (kJ/mol)
           Bond          Angle    Proper Dih. Ryckaert-Bell.          LJ-14
    1.51507e+03    3.93162e+03    2.39577e+02    1.90819e+03    2.65716e+03
     Coulomb-14        LJ (SR)  Disper. corr.   Coulomb (SR)   Coul. recip.
    7.82972e+03    2.33726e+04   -1.82494e+03   -2.12021e+05    1.08491e+03
      Potential    Kinetic En.   Total Energy  Conserved En.    Temperature
   -1.71307e+05    2.96426e+04   -1.41664e+05   -1.41554e+05    3.04352e+02
 Pres. DC (bar) Pressure (bar)   Constr. rmsd
   -2.76565e+02   -7.49092e+01    2.78655e-06


DD  load balancing is limited by minimum cell size in dimension Y
DD  step 36499  vol min/aver 0.828! load imb.: force 20.6%
           Step           Time
          36500       73.00000

   Energies (kJ/mol)
           Bond          Angle    Proper Dih. Ryckaert-Bell.          LJ-14
    1.46535e+03    3.73811e+03    2.48117e+02    1.87691e+03    2.62937e+03
     Coulomb-14        LJ (SR)  Disper. corr.   Coulomb (SR)   Coul. recip.
    7.90625e+03    2.40112e+04   -1.82804e+03   -2.13044e+05    1.23703e+03
      Potential    Kinetic En.   Total Energy  Conserved En.    Temperature
   -1.71759e+05    2.90725e+04   -1.42687e+05   -1.41542e+05    2.98500e+02
 Pres. DC (bar) Pressure (bar)   Constr. rmsd
   -2.77504e+02    2.56893e+02    2.74317e-06


DD  step 36999  vol min/aver 0.908  load imb.: force 21.2%
           Step           Time
          37000       74.00000

   Energies (kJ/mol)
           Bond          Angle    Proper Dih. Ryckaert-Bell.          LJ-14
    1.57566e+03    3.78073e+03    2.86776e+02    1.87093e+03    2.62387e+03
     Coulomb-14        LJ (SR)  Disper. corr.   Coulomb (SR)   Coul. recip.
    7.81395e+03    2.35170e+04   -1.82281e+03   -2.12602e+05    1.13394e+03
      Potential    Kinetic En.   Total Energy  Conserved En.    Temperature
   -1.71822e+05    2.90488e+04   -1.42773e+05   -1.41545e+05    2.98256e+02
 Pres. DC (bar) Pressure (bar)   Constr. rmsd
   -2.75922e+02   -2.91637e+02    2.23919e-06


DD  step 37499  vol min/aver 0.844  load imb.: force 13.8%
           Step           Time
          37500       75.00000

   Energies (kJ/mol)
           Bond          Angle    Proper Dih. Ryckaert-Bell.          LJ-14
    1.48587e+03    3.76354e+03    2.36110e+02    1.81585e+03    2.64415e+03
     Coulomb-14        LJ (SR)  Disper. corr.   Coulomb (SR)   Coul. recip.
    7.74617e+03    2.38488e+04   -1.83303e+03   -2.13017e+05    1.14362e+03
      Potential    Kinetic En.   Total Energy  Conserved En.    Temperature
   -1.72166e+05    2.92016e+04   -1.42965e+05   -1.41551e+05    2.99825e+02
 Pres. DC (bar) Pressure (bar)   Constr. rmsd
   -2.79021e+02    1.14443e+02    2.49949e-06


DD  step 37999  vol min/aver 0.789  load imb.: force 23.4%
           Step           Time
          38000       76.00000

   Energies (kJ/mol)
           Bond          Angle    Proper Dih. Ryckaert-Bell.          LJ-14
    1.51032e+03    3.63515e+03    2.58332e+02    1.90874e+03    2.66236e+03
     Coulomb-14        LJ (SR)  Disper. corr.   Coulomb (SR)   Coul. recip.
    7.92767e+03    2.37863e+04   -1.82517e+03   -2.13311e+05    1.13299e+03
      Potential    Kinetic En.   Total Energy  Conserved En.    Temperature
   -1.72314e+05    2.87682e+04   -1.43546e+05   -1.41535e+05    2.95375e+02
 Pres. DC (bar) Pressure (bar)   Constr. rmsd
   -2.76635e+02   -2.04823e+02    2.70155e-06


DD  step 38499  vol min/aver 0.747  load imb.: force 29.0%
           Step           Time
          38500       77.00000

   Energies (kJ/mol)
           Bond          Angle    Proper Dih. Ryckaert-Bell.          LJ-14
    1.48989e+03    3.74453e+03    2.44846e+02    1.83466e+03    2.75012e+03
     Coulomb-14        LJ (SR)  Disper. corr.   Coulomb (SR)   Coul. recip.
    7.96015e+03    2.40817e+04   -1.82810e+03   -2.13249e+05    1.15193e+03
      Potential    Kinetic En.   Total Energy  Conserved En.    Temperature
   -1.71819e+05    2.95389e+04   -1.42281e+05   -1.41553e+05    3.03288e+02
 Pres. DC (bar) Pressure (bar)   Constr. rmsd
   -2.77523e+02    8.23743e+01    2.92351e-06


DD  step 38999  vol min/aver 0.836  load imb.: force  6.7%
           Step           Time
          39000       78.00000

   Energies (kJ/mol)
           Bond          Angle    Proper Dih. Ryckaert-Bell.          LJ-14
    1.42228e+03    3.48344e+03    2.57728e+02    1.80927e+03    2.68612e+03
     Coulomb-14        LJ (SR)  Disper. corr.   Coulomb (SR)   Coul. recip.
    7.88838e+03    2.46812e+04   -1.82405e+03   -2.14533e+05    1.13285e+03
      Potential    Kinetic En.   Total Energy  Conserved En.    Temperature
   -1.72996e+05    2.85669e+04   -1.44429e+05   -1.41562e+05    2.93308e+02
 Pres. DC (bar) Pressure (bar)   Constr. rmsd
   -2.76295e+02   -9.62749e+01    2.55643e-06


DD  load balancing is limited by minimum cell size in dimension Y
DD  step 39499  vol min/aver 0.900! load imb.: force 13.1%
           Step           Time
          39500       79.00000

   Energies (kJ/mol)
           Bond          Angle    Proper Dih. Ryckaert-Bell.          LJ-14
    1.52801e+03    3.70893e+03    2.44285e+02    1.88031e+03    2.62684e+03
     Coulomb-14        LJ (SR)  Disper. corr.   Coulomb (SR)   Coul. recip.
    7.81214e+03    2.42025e+04   -1.82343e+03   -2.13396e+05    1.19721e+03
      Potential    Kinetic En.   Total Energy  Conserved En.    Temperature
   -1.72019e+05    2.89840e+04   -1.43035e+05   -1.41541e+05    2.97591e+02
 Pres. DC (bar) Pressure (bar)   Constr. rmsd
   -2.76107e+02    1.05543e+02    2.59921e-06


DD  step 39999  vol min/aver 0.870  load imb.: force 20.3%
           Step           Time
          40000       80.00000

   Energies (kJ/mol)
           Bond          Angle    Proper Dih. Ryckaert-Bell.          LJ-14
    1.44204e+03    3.68193e+03    2.34586e+02    1.92814e+03    2.69368e+03
     Coulomb-14        LJ (SR)  Disper. corr.   Coulomb (SR)   Coul. recip.
    7.88381e+03    2.41745e+04   -1.82517e+03   -2.14111e+05    1.16035e+03
      Potential    Kinetic En.   Total Energy  Conserved En.    Temperature
   -1.72737e+05    2.87946e+04   -1.43942e+05   -1.41534e+05    2.95646e+02
 Pres. DC (bar) Pressure (bar)   Constr. rmsd
   -2.76636e+02    1.68433e+02    2.78014e-06


DD  load balancing is limited by minimum cell size in dimension Y
DD  step 40499  vol min/aver 0.811! load imb.: force 16.9%
           Step           Time
          40500       81.00000

   Energies (kJ/mol)
           Bond          Angle    Proper Dih. Ryckaert-Bell.          LJ-14
    1.49945e+03    3.81320e+03    2.58101e+02    1.84345e+03    2.60886e+03
     Coulomb-14        LJ (SR)  Disper. corr.   Coulomb (SR)   Coul. recip.
    7.85820e+03    2.41910e+04   -1.81972e+03   -2.13708e+05    1.17790e+03
      Potential    Kinetic En.   Total Energy  Conserved En.    Temperature
   -1.72278e+05    2.91849e+04   -1.43093e+05   -1.41557e+05    2.99654e+02
 Pres. DC (bar) Pressure (bar)   Constr. rmsd
   -2.74988e+02   -1.07920e+02    2.55730e-06


DD  load balancing is limited by minimum cell size in dimension Y
DD  step 40999  vol min/aver 0.887! load imb.: force  8.6%
           Step           Time
          41000       82.00000

   Energies (kJ/mol)
           Bond          Angle    Proper Dih. Ryckaert-Bell.          LJ-14
    1.57807e+03    3.69836e+03    2.49639e+02    1.85941e+03    2.61458e+03
     Coulomb-14        LJ (SR)  Disper. corr.   Coulomb (SR)   Coul. recip.
    7.82360e+03    2.40260e+04   -1.82927e+03   -2.12820e+05    1.13793e+03
      Potential    Kinetic En.   Total Energy  Conserved En.    Temperature
   -1.71661e+05    2.93890e+04   -1.42272e+05   -1.41535e+05    3.01749e+02
 Pres. DC (bar) Pressure (bar)   Constr. rmsd
   -2.77879e+02   -7.79095e+01    2.76100e-06


DD  step 41499  vol min/aver 0.882  load imb.: force 19.5%
           Step           Time
          41500       83.00000

   Energies (kJ/mol)
           Bond          Angle    Proper Dih. Ryckaert-Bell.          LJ-14
    1.37712e+03    3.75876e+03    2.38732e+02    1.90645e+03    2.61826e+03
     Coulomb-14        LJ (SR)  Disper. corr.   Coulomb (SR)   Coul. recip.
    7.90879e+03    2.42315e+04   -1.83496e+03   -2.13481e+05    1.16731e+03
      Potential    Kinetic En.   Total Energy  Conserved En.    Temperature
   -1.72109e+05    2.91436e+04   -1.42966e+05   -1.41534e+05    2.99230e+02
 Pres. DC (bar) Pressure (bar)   Constr. rmsd
   -2.79607e+02    7.23995e+00    2.26365e-06


DD  step 41999  vol min/aver 0.825  load imb.: force 26.5%
           Step           Time
          42000       84.00000

   Energies (kJ/mol)
           Bond          Angle    Proper Dih. Ryckaert-Bell.          LJ-14
    1.45002e+03    3.82021e+03    2.64754e+02    1.89709e+03    2.61381e+03
     Coulomb-14        LJ (SR)  Disper. corr.   Coulomb (SR)   Coul. recip.
    7.84361e+03    2.35475e+04   -1.82573e+03   -2.12862e+05    1.13956e+03
      Potential    Kinetic En.   Total Energy  Conserved En.    Temperature
   -1.72111e+05    2.91914e+04   -1.42920e+05   -1.41530e+05    2.99720e+02
 Pres. DC (bar) Pressure (bar)   Constr. rmsd
   -2.76805e+02   -3.24529e+02    2.75894e-06


DD  step 42499  vol min/aver 0.872  load imb.: force 18.2%
           Step           Time
          42500       85.00000

   Energies (kJ/mol)
           Bond          Angle    Proper Dih. Ryckaert-Bell.          LJ-14
    1.42370e+03    3.90109e+03    2.56883e+02    1.91589e+03    2.66137e+03
     Coulomb-14        LJ (SR)  Disper. corr.   Coulomb (SR)   Coul. recip.
    7.81900e+03    2.34222e+04   -1.83400e+03   -2.12471e+05    1.13444e+03
      Potential    Kinetic En.   Total Energy  Conserved En.    Temperature
   -1.71771e+05    2.93907e+04   -1.42380e+05   -1.41533e+05    3.01766e+02
 Pres. DC (bar) Pressure (bar)   Constr. rmsd
   -2.79315e+02    5.52547e+01    2.97036e-06


DD  step 42999  vol min/aver 0.852  load imb.: force 13.8%
           Step           Time
          43000       86.00000

   Energies (kJ/mol)
           Bond          Angle    Proper Dih. Ryckaert-Bell.          LJ-14
    1.28534e+03    3.70691e+03    2.65211e+02    1.92287e+03    2.68342e+03
     Coulomb-14        LJ (SR)  Disper. corr.   Coulomb (SR)   Coul. recip.
    7.82399e+03    2.41330e+04   -1.84764e+03   -2.13296e+05    1.11518e+03
      Potential    Kinetic En.   Total Energy  Conserved En.    Temperature
   -1.72207e+05    2.92570e+04   -1.42950e+05   -1.41537e+05    3.00393e+02
 Pres. DC (bar) Pressure (bar)   Constr. rmsd
   -2.83482e+02    7.13000e+02    2.72107e-06


DD  step 43499  vol min/aver 0.878  load imb.: force 37.0%
           Step           Time
          43500       87.00000

   Energies (kJ/mol)
           Bond          Angle    Proper Dih. Ryckaert-Bell.          LJ-14
    1.42101e+03    3.96289e+03    2.39003e+02    1.80848e+03    2.66790e+03
     Coulomb-14        LJ (SR)  Disper. corr.   Coulomb (SR)   Coul. recip.
    7.85042e+03    2.41717e+04   -1.82180e+03   -2.13337e+05    1.17916e+03
      Potential    Kinetic En.   Total Energy  Conserved En.    Temperature
   -1.71858e+05    2.95566e+04   -1.42302e+05   -1.41529e+05    3.03470e+02
 Pres. DC (bar) Pressure (bar)   Constr. rmsd
   -2.75616e+02   -1.93750e+02    2.91131e-06


DD  step 43999  vol min/aver 0.838  load imb.: force 19.2%
           Step           Time
          44000       88.00000

   Energies (kJ/mol)
           Bond          Angle    Proper Dih. Ryckaert-Bell.          LJ-14
    1.42585e+03    3.67393e+03    2.75261e+02    1.84940e+03    2.65719e+03
     Coulomb-14        LJ (SR)  Disper. corr.   Coulomb (SR)   Coul. recip.
    7.84284e+03    2.36868e+04   -1.82605e+03   -2.12625e+05    1.10706e+03
      Potential    Kinetic En.   Total Energy  Conserved En.    Temperature
   -1.71933e+05    2.88178e+04   -1.43115e+05   -1.41518e+05    2.95884e+02
 Pres. DC (bar) Pressure (bar)   Constr. rmsd
   -2.76903e+02   -2.31377e+02    2.35721e-06


DD  step 44499  vol min/aver 0.876  load imb.: force 14.1%
           Step           Time
          44500       89.00000

   Energies (kJ/mol)
           Bond          Angle    Proper Dih. Ryckaert-Bell.          LJ-14
    1.42479e+03    3.75570e+03    2.25491e+02    1.85401e+03    2.79214e+03
     Coulomb-14        LJ (SR)  Disper. corr.   Coulomb (SR)   Coul. recip.
    7.86660e+03    2.38874e+04   -1.80998e+03   -2.12581e+05    1.12459e+03
      Potential    Kinetic En.   Total Energy  Conserved En.    Temperature
   -1.71460e+05    2.88113e+04   -1.42649e+05   -1.41505e+05    2.95818e+02
 Pres. DC (bar) Pressure (bar)   Constr. rmsd
   -2.72054e+02    7.81267e+01    2.50788e-06


DD  load balancing is limited by minimum cell size in dimension Y
DD  step 44999  vol min/aver 0.875! load imb.: force 22.9%
           Step           Time
          45000       90.00000

   Energies (kJ/mol)
           Bond          Angle    Proper Dih. Ryckaert-Bell.          LJ-14
    1.39821e+03    3.98935e+03    2.31585e+02    1.75850e+03    2.69871e+03
     Coulomb-14        LJ (SR)  Disper. corr.   Coulomb (SR)   Coul. recip.
    7.83808e+03    2.33160e+04   -1.81366e+03   -2.12007e+05    1.12535e+03
      Potential    Kinetic En.   Total Energy  Conserved En.    Temperature
   -1.71465e+05    3.01816e+04   -1.41283e+05   -1.41511e+05    3.09886e+02
 Pres. DC (bar) Pressure (bar)   Constr. rmsd
   -2.73160e+02   -4.63017e+02    2.60990e-06


DD  load balancing is limited by minimum cell size in dimension Y
DD  step 45499  vol min/aver 0.872! load imb.: force 15.0%
           Step           Time
          45500       91.00000

   Energies (kJ/mol)
           Bond          Angle    Proper Dih. Ryckaert-Bell.          LJ-14
    1.43810e+03    3.80939e+03    2.83957e+02    1.84545e+03    2.59121e+03
     Coulomb-14        LJ (SR)  Disper. corr.   Coulomb (SR)   Coul. recip.
    7.92873e+03    2.42765e+04   -1.82379e+03   -2.13498e+05    1.12122e+03
      Potential    Kinetic En.   Total Energy  Conserved En.    Temperature
   -1.72027e+05    2.92990e+04   -1.42728e+05   -1.41523e+05    3.00825e+02
 Pres. DC (bar) Pressure (bar)   Constr. rmsd
   -2.76217e+02   -1.22845e+02    2.77449e-06


DD  step 45999  vol min/aver 0.889  load imb.: force 16.1%
           Step           Time
          46000       92.00000

   Energies (kJ/mol)
           Bond          Angle    Proper Dih. Ryckaert-Bell.          LJ-14
    1.25109e+03    3.74769e+03    2.51368e+02    1.92351e+03    2.69417e+03
     Coulomb-14        LJ (SR)  Disper. corr.   Coulomb (SR)   Coul. recip.
    7.93348e+03    2.42664e+04   -1.81926e+03   -2.13988e+05    1.17549e+03
      Potential    Kinetic En.   Total Energy  Conserved En.    Temperature
   -1.72564e+05    2.91185e+04   -1.43446e+05   -1.41551e+05    2.98972e+02
 Pres. DC (bar) Pressure (bar)   Constr. rmsd
   -2.74850e+02    1.55399e+02    2.71597e-06


DD  step 46499  vol min/aver 0.919  load imb.: force 23.7%
           Step           Time
          46500       93.00000

   Energies (kJ/mol)
           Bond          Angle    Proper Dih. Ryckaert-Bell.          LJ-14
    1.44856e+03    3.84155e+03    2.16374e+02    1.85265e+03    2.61638e+03
     Coulomb-14        LJ (SR)  Disper. corr.   Coulomb (SR)   Coul. recip.
    7.78549e+03    2.40450e+04   -1.82578e+03   -2.13592e+05    1.16899e+03
      Potential    Kinetic En.   Total Energy  Conserved En.    Temperature
   -1.72443e+05    2.88450e+04   -1.43598e+05   -1.41515e+05    2.96164e+02
 Pres. DC (bar) Pressure (bar)   Constr. rmsd
   -2.76819e+02   -4.01030e+01    2.59090e-06


DD  step 46999  vol min/aver 0.816  load imb.: force 57.2%

step 47000 Turning off dynamic load balancing, because it is degrading performance.
Atom distribution over 10 domains: av 1121 stddev 27 min 1087 max 1163
           Step           Time
          47000       94.00000

   Energies (kJ/mol)
           Bond          Angle    Proper Dih. Ryckaert-Bell.          LJ-14
    1.58580e+03    3.86534e+03    2.43209e+02    1.89245e+03    2.63279e+03
     Coulomb-14        LJ (SR)  Disper. corr.   Coulomb (SR)   Coul. recip.
    7.79621e+03    2.42578e+04   -1.81421e+03   -2.13238e+05    1.14740e+03
      Potential    Kinetic En.   Total Energy  Conserved En.    Temperature
   -1.71631e+05    2.90241e+04   -1.42607e+05   -1.41499e+05    2.98003e+02
 Pres. DC (bar) Pressure (bar)   Constr. rmsd
   -2.73327e+02    1.83541e+02    2.53490e-06


DD  step 47499 load imb.: force 12.4%
           Step           Time
          47500       95.00000

   Energies (kJ/mol)
           Bond          Angle    Proper Dih. Ryckaert-Bell.          LJ-14
    1.39018e+03    3.83661e+03    2.43862e+02    1.79561e+03    2.63563e+03
     Coulomb-14        LJ (SR)  Disper. corr.   Coulomb (SR)   Coul. recip.
    7.90540e+03    2.40075e+04   -1.83252e+03   -2.13371e+05    1.13934e+03
      Potential    Kinetic En.   Total Energy  Conserved En.    Temperature
   -1.72250e+05    2.82649e+04   -1.43985e+05   -1.41491e+05    2.90207e+02
 Pres. DC (bar) Pressure (bar)   Constr. rmsd
   -2.78864e+02    2.00457e+01    2.62433e-06


DD  step 47999 load imb.: force  6.6%
           Step           Time
          48000       96.00000

   Energies (kJ/mol)
           Bond          Angle    Proper Dih. Ryckaert-Bell.          LJ-14
    1.48952e+03    3.81969e+03    2.53510e+02    1.89669e+03    2.59141e+03
     Coulomb-14        LJ (SR)  Disper. corr.   Coulomb (SR)   Coul. recip.
    7.83633e+03    2.32604e+04   -1.81086e+03   -2.11747e+05    1.19854e+03
      Potential    Kinetic En.   Total Energy  Conserved En.    Temperature
   -1.71211e+05    2.91494e+04   -1.42062e+05   -1.41512e+05    2.99289e+02
 Pres. DC (bar) Pressure (bar)   Constr. rmsd
   -2.72320e+02   -5.52291e+02    2.96016e-06


DD  step 48499 load imb.: force  8.8%
           Step           Time
          48500       97.00000

   Energies (kJ/mol)
           Bond          Angle    Proper Dih. Ryckaert-Bell.          LJ-14
    1.42481e+03    3.68973e+03    2.46861e+02    1.82723e+03    2.65979e+03
     Coulomb-14        LJ (SR)  Disper. corr.   Coulomb (SR)   Coul. recip.
    7.90375e+03    2.34680e+04   -1.81677e+03   -2.13138e+05    1.15751e+03
      Potential    Kinetic En.   Total Energy  Conserved En.    Temperature
   -1.72577e+05    2.92501e+04   -1.43327e+05   -1.41499e+05    3.00323e+02
 Pres. DC (bar) Pressure (bar)   Constr. rmsd
   -2.74098e+02   -6.04575e+02    2.46432e-06


DD  step 48999 load imb.: force 12.7%
           Step           Time
          49000       98.00000

   Energies (kJ/mol)
           Bond          Angle    Proper Dih. Ryckaert-Bell.          LJ-14
    1.46990e+03    3.71120e+03    2.78364e+02    1.79480e+03    2.81668e+03
     Coulomb-14        LJ (SR)  Disper. corr.   Coulomb (SR)   Coul. recip.
    7.91399e+03    2.33959e+04   -1.82611e+03   -2.12250e+05    1.18199e+03
      Potential    Kinetic En.   Total Energy  Conserved En.    Temperature
   -1.71513e+05    2.93699e+04   -1.42143e+05   -1.41488e+05    3.01553e+02
 Pres. DC (bar) Pressure (bar)   Constr. rmsd
   -2.76919e+02    4.91265e+02    2.60546e-06


DD  step 49499 load imb.: force 12.5%
           Step           Time
          49500       99.00000

   Energies (kJ/mol)
           Bond          Angle    Proper Dih. Ryckaert-Bell.          LJ-14
    1.50095e+03    3.87630e+03    2.57243e+02    1.80014e+03    2.74868e+03
     Coulomb-14        LJ (SR)  Disper. corr.   Coulomb (SR)   Coul. recip.
    7.90496e+03    2.40249e+04   -1.81846e+03   -2.12729e+05    1.12131e+03
      Potential    Kinetic En.   Total Energy  Conserved En.    Temperature
   -1.71313e+05    2.91734e+04   -1.42140e+05   -1.41474e+05    2.99535e+02
 Pres. DC (bar) Pressure (bar)   Constr. rmsd
   -2.74608e+02    3.49960e+02    2.63040e-06


DD  step 49999 load imb.: force 11.9%
           Step           Time
          50000      100.00000

Writing checkpoint, step 50000 at Mon Mar 14 15:27:16 2022


   Energies (kJ/mol)
           Bond          Angle    Proper Dih. Ryckaert-Bell.          LJ-14
    1.49579e+03    3.71016e+03    2.28136e+02    1.86877e+03    2.68393e+03
     Coulomb-14        LJ (SR)  Disper. corr.   Coulomb (SR)   Coul. recip.
    7.84470e+03    2.37711e+04   -1.83050e+03   -2.12204e+05    1.09527e+03
      Potential    Kinetic En.   Total Energy  Conserved En.    Temperature
   -1.71337e+05    2.91764e+04   -1.42161e+05   -1.41490e+05    2.99566e+02
 Pres. DC (bar) Pressure (bar)   Constr. rmsd
   -2.78252e+02    2.61247e+02    2.54259e-06


Energy conservation over simulation part #1 of length 100 ns, time 0 to 100 ns
  Conserved energy drift: 1.73e-04 kJ/mol/ps per atom


	<======  ###############  ==>
	<====  A V E R A G E S  ====>
	<==  ###############  ======>

	Statistics over 50001 steps using 501 frames

   Energies (kJ/mol)
           Bond          Angle    Proper Dih. Ryckaert-Bell.          LJ-14
    1.46995e+03    3.74104e+03    2.48454e+02    1.87108e+03    2.66244e+03
     Coulomb-14        LJ (SR)  Disper. corr.   Coulomb (SR)   Coul. recip.
    7.85821e+03    2.39813e+04   -1.82321e+03   -2.13139e+05    1.14362e+03
      Potential    Kinetic En.   Total Energy  Conserved En.    Temperature
   -1.71986e+05    2.92031e+04   -1.42783e+05   -1.41623e+05    2.99840e+02
 Pres. DC (bar) Pressure (bar)   Constr. rmsd
   -2.76047e+02   -6.50391e+00    0.00000e+00

          Box-X          Box-Y          Box-Z
    4.78114e+00    5.19504e+00    4.42084e+00

   Total Virial (kJ/mol)
    9.80700e+03   -1.68332e+01    4.15105e+01
   -1.69047e+01    9.72612e+03   -5.50259e+01
    4.14449e+01   -5.50705e+01    9.74086e+03

   Pressure (bar)
   -1.61934e+01    8.54574e+00   -1.20234e+01
    8.56741e+00   -2.57242e+00    1.11623e+01
   -1.20036e+01    1.11758e+01   -7.45894e-01

      T-Protein  T-non-Protein
    2.99698e+02    2.99877e+02


	M E G A - F L O P S   A C C O U N T I N G

 NB=Group-cutoff nonbonded kernels    NxN=N-by-N cluster Verlet kernels
 RF=Reaction-Field  VdW=Van der Waals  QSTab=quadratic-spline table
 W3=SPC/TIP3p  W4=TIP4p (single or pairs)
 V&F=Potential and force  V=Potential only  F=Force only

 Computing:                               M-Number         M-Flops  % Flops
-----------------------------------------------------------------------------
 Pair Search distance check            4073.560504       36662.045     0.2
 NxN Ewald Elec. + LJ [F]            165723.371584    10937742.525    55.9
 NxN Ewald Elec. + LJ [V&F]            1677.132976      179453.228     0.9
 NxN Ewald Elec. [F]                 120691.493264     7362181.089    37.7
 NxN Ewald Elec. [V&F]                 1221.635136      102617.351     0.5
 1,4 nonbonded interactions             255.305106       22977.460     0.1
 Calc Weights                          1681.683633       60540.611     0.3
 Spread Q Bspline                     35875.917504       71751.835     0.4
 Gather F Bspline                     35875.917504      215255.505     1.1
 3D-FFT                               48311.666214      386493.330     2.0
 Solve PME                              288.005760       18432.369     0.1
 Reset In Box                            11.199789          33.599     0.0
 CG-CoM                                  11.222211          33.667     0.0
 Bonds                                   51.251025        3023.810     0.0
 Angles                                 177.353547       29795.396     0.2
 Propers                                 21.300426        4877.798     0.0
 RB-Dihedrals                           197.503950       48783.476     0.2
 Virial                                  58.316661        1049.700     0.0
 Stop-CM                                  5.616711          56.167     0.0
 Calc-Ekin                              112.132422        3027.575     0.0
 Lincs                                   47.950959        2877.058     0.0
 Lincs-Mat                              238.804776         955.219     0.0
 Constraint-V                           558.061161        5022.550     0.0
 Constraint-Vir                          51.020202        1224.485     0.0
 Settle                                 154.053081       56999.640     0.3
-----------------------------------------------------------------------------
 Total                                                19551867.487   100.0
-----------------------------------------------------------------------------


    D O M A I N   D E C O M P O S I T I O N   S T A T I S T I C S

 av. #atoms communicated per step for force:  2 x 24200.2


Dynamic load balancing report:
 DLB was off during the run due to low measured imbalance.
 Average load imbalance: 18.7%.
 The balanceable part of the MD step is 29%, load imbalance is computed from this.
 Part of the total run time spent waiting due to load imbalance: 5.4%.

NOTE: 5.4 % of the available CPU time was lost due to load imbalance
      in the domain decomposition.
      Dynamic load balancing was automatically disabled, but it might be beneficial to manually tuning it on (option -dlb on.)
      You can also consider manually changing the decomposition (option -dd);
      e.g. by using fewer domains along the box dimension in which there is
      considerable inhomogeneity in the simulated system.

     R E A L   C Y C L E   A N D   T I M E   A C C O U N T I N G

On 10 MPI ranks

 Computing:          Num   Num      Call    Wall time         Giga-Cycles
                     Ranks Threads  Count      (s)         total sum    %
-----------------------------------------------------------------------------
 Domain decomp.        10    1       1000       1.403          0.337   0.6
 DD comm. load         10    1        970       0.027          0.006   0.0
 DD comm. bounds       10    1        937       0.180          0.043   0.1
 Neighbor search       10    1       1001       1.822          0.437   0.8
 Comm. coord.          10    1      49000       4.744          1.139   2.1
 Force                 10    1      50001      60.344         14.482  27.1
 Wait + Comm. F        10    1      50001       2.934          0.704   1.3
 PME mesh              10    1      50001     148.013         35.522  66.4
 NB X/F buffer ops.    10    1     148001       0.730          0.175   0.3
 Write traj.           10    1        101       0.061          0.015   0.0
 Update                10    1      50001       0.316          0.076   0.1
 Constraints           10    1      50001       1.069          0.257   0.5
 Comm. energies        10    1       5001       0.979          0.235   0.4
 Rest                                           0.374          0.090   0.2
-----------------------------------------------------------------------------
 Total                                        222.996         53.517 100.0
-----------------------------------------------------------------------------
 Breakdown of PME mesh computation
-----------------------------------------------------------------------------
 PME redist. X/F       10    1     100002     121.168         29.079  54.3
 PME spread            10    1      50001       8.240          1.977   3.7
 PME gather            10    1      50001       4.656          1.117   2.1
 PME 3D-FFT            10    1     100002       2.467          0.592   1.1
 PME 3D-FFT Comm.      10    1     200004      10.952          2.628   4.9
 PME solve Elec        10    1      50001       0.502          0.120   0.2
-----------------------------------------------------------------------------

               Core t (s)   Wall t (s)        (%)
       Time:     2229.887      222.996     1000.0
                 (ns/day)    (hour/ns)
Performance:       38.746        0.619
Finished mdrun on rank 0 Mon Mar 14 15:27:16 2022

