                   :-) GROMACS - gmx mdrun, 2022-Homebrew (-:

Copyright 1991-2022 The GROMACS Authors.
GROMACS is free software; you can redistribute it and/or modify it
under the terms of the GNU Lesser General Public License
as published by the Free Software Foundation; either version 2.1
of the License, or (at your option) any later version.

                         Current GROMACS contributors:
       Mark Abraham           Andrey Alekseenko           Cathrine Bergh      
      Christian Blau            Eliane Briand               Kevin Boyd        
     Oliver Fleetwood         Stefan Fleischmann           Vytas Gapsys       
       Gaurav Garg           Gilles Gouaillardet            Alan Gray         
      Victor Holanda           M. Eric Irrgang              Joe Jordan        
    Christoph Junghans        Prashanth Kanduri           Sebastian Kehl      
     Sebastian Keller          Carsten Kutzner           Magnus Lundborg      
       Pascal Merz              Dmitry Morozov             Szilard Pall       
      Roland Schulz             Michael Shirts         David van der Spoel    
     Alessandra Villa      Sebastian Wingbermuehle        Artem Zhmurov       

                         Previous GROMACS contributors:
        Emile Apol             Rossen Apostolov           James Barnett       
  Herman J.C. Berendsen          Par Bjelkmar           Viacheslav Bolnykh    
    Aldert van Buuren          Carlo Camilloni           Rudi van Drunen      
      Anton Feenstra           Gerrit Groenhof            Bert de Groot       
      Anca Hamuraru           Vincent Hindriksen         Aleksei Iupinov      
   Dimitrios Karkoulis           Peter Kasson               Jiri Kraus        
       Per Larsson             Justin A. Lemkul           Viveca Lindahl      
      Erik Marklund           Pieter Meulenhoff           Vedran Miletic      
      Teemu Murtola              Sander Pronk            Alexey Shvetsov      
      Alfons Sijbers            Peter Tieleman             Jon Vincent        
     Teemu Virolainen         Christian Wennberg           Maarten Wolf       

                  Coordinated by the GROMACS project leaders:
                    Paul Bauer, Berk Hess, and Erik Lindahl

GROMACS:      gmx mdrun, version 2022-Homebrew
Executable:   /opt/homebrew/bin/../Cellar/gromacs/2022/bin/gmx
Data prefix:  /opt/homebrew/bin/../Cellar/gromacs/2022
Working dir:  /Users/juandegracia/Library/CloudStorage/OneDrive-KTH/0 - KTH/Tutorial GROMACS/GROMACS-in-your-laptop/example/Lysozyme
Process ID:   12441
Command line:
  gmx mdrun -v -deffnm nvt

GROMACS version:    2022-Homebrew
Precision:          mixed
Memory model:       64 bit
MPI library:        thread_mpi
OpenMP support:     enabled (GMX_OPENMP_MAX_THREADS = 128)
GPU support:        disabled
SIMD instructions:  ARM_NEON_ASIMD
CPU FFT library:    fftw-3.3.10
GPU FFT library:    none
TNG support:        enabled
Hwloc support:      disabled
Tracing support:    disabled
C compiler:         /opt/homebrew/opt/gcc/bin/gcc-11
C compiler flags:   -Wno-missing-field-initializers -fexcess-precision=fast -funroll-all-loops -O3 -DNDEBUG
C++ compiler:       /opt/homebrew/opt/gcc/bin/g++-11
C++ compiler flags: -Wno-missing-field-initializers -fexcess-precision=fast -funroll-all-loops -Weverything -Wno-c++98-compat -Wno-c++98-compat-pedantic -Wno-source-uses-openmp -Wno-c++17-extensions -Wno-documentation-unknown-command -Wno-covered-switch-default -Wno-switch-enum -Wno-extra-semi-stmt -Wno-weak-vtables -Wno-shadow -Wno-padded -Wno-reserved-id-macro -Wno-double-promotion -Wno-exit-time-destructors -Wno-global-constructors -Wno-documentation -Wno-format-nonliteral -Wno-used-but-marked-unused -Wno-float-equal -Wno-conditional-uninitialized -Wno-conversion -Wno-disabled-macro-expansion -Wno-unused-macros -fopenmp -O3 -DNDEBUG


Running on 1 node with total 0 processing units
Hardware detected:
  CPU info:
    Vendor: ARM
    Brand:  Unknown CPU brand
    Family: 0   Model: 0   Stepping: 0
    Features: neon neon_asimd
  Hardware topology: Only logical processor count
    CPU limit set by OS: -1   Recommended max number of threads: 10


++++ PLEASE READ AND CITE THE FOLLOWING REFERENCE ++++
M. J. Abraham, T. Murtola, R. Schulz, S. Páll, J. C. Smith, B. Hess, E.
Lindahl
GROMACS: High performance molecular simulations through multi-level
parallelism from laptops to supercomputers
SoftwareX 1 (2015) pp. 19-25
-------- -------- --- Thank You --- -------- --------


++++ PLEASE READ AND CITE THE FOLLOWING REFERENCE ++++
S. Páll, M. J. Abraham, C. Kutzner, B. Hess, E. Lindahl
Tackling Exascale Software Challenges in Molecular Dynamics Simulations with
GROMACS
In S. Markidis & E. Laure (Eds.), Solving Software Challenges for Exascale 8759 (2015) pp. 3-27
-------- -------- --- Thank You --- -------- --------


++++ PLEASE READ AND CITE THE FOLLOWING REFERENCE ++++
S. Pronk, S. Páll, R. Schulz, P. Larsson, P. Bjelkmar, R. Apostolov, M. R.
Shirts, J. C. Smith, P. M. Kasson, D. van der Spoel, B. Hess, and E. Lindahl
GROMACS 4.5: a high-throughput and highly parallel open source molecular
simulation toolkit
Bioinformatics 29 (2013) pp. 845-54
-------- -------- --- Thank You --- -------- --------


++++ PLEASE READ AND CITE THE FOLLOWING REFERENCE ++++
B. Hess and C. Kutzner and D. van der Spoel and E. Lindahl
GROMACS 4: Algorithms for highly efficient, load-balanced, and scalable
molecular simulation
J. Chem. Theory Comput. 4 (2008) pp. 435-447
-------- -------- --- Thank You --- -------- --------


++++ PLEASE READ AND CITE THE FOLLOWING REFERENCE ++++
D. van der Spoel, E. Lindahl, B. Hess, G. Groenhof, A. E. Mark and H. J. C.
Berendsen
GROMACS: Fast, Flexible and Free
J. Comp. Chem. 26 (2005) pp. 1701-1719
-------- -------- --- Thank You --- -------- --------


++++ PLEASE READ AND CITE THE FOLLOWING REFERENCE ++++
E. Lindahl and B. Hess and D. van der Spoel
GROMACS 3.0: A package for molecular simulation and trajectory analysis
J. Mol. Mod. 7 (2001) pp. 306-317
-------- -------- --- Thank You --- -------- --------


++++ PLEASE READ AND CITE THE FOLLOWING REFERENCE ++++
H. J. C. Berendsen, D. van der Spoel and R. van Drunen
GROMACS: A message-passing parallel molecular dynamics implementation
Comp. Phys. Comm. 91 (1995) pp. 43-56
-------- -------- --- Thank You --- -------- --------

Input Parameters:
   integrator                     = md
   tinit                          = 0
   dt                             = 0.002
   nsteps                         = 50000
   init-step                      = 0
   simulation-part                = 1
   mts                            = false
   comm-mode                      = Linear
   nstcomm                        = 100
   bd-fric                        = 0
   ld-seed                        = -318984194
   emtol                          = 10
   emstep                         = 0.01
   niter                          = 20
   fcstep                         = 0
   nstcgsteep                     = 1000
   nbfgscorr                      = 10
   rtpi                           = 0.05
   nstxout                        = 500
   nstvout                        = 500
   nstfout                        = 0
   nstlog                         = 500
   nstcalcenergy                  = 100
   nstenergy                      = 500
   nstxout-compressed             = 0
   compressed-x-precision         = 1000
   cutoff-scheme                  = Verlet
   nstlist                        = 10
   pbc                            = xyz
   periodic-molecules             = false
   verlet-buffer-tolerance        = 0.005
   rlist                          = 1
   coulombtype                    = PME
   coulomb-modifier               = Potential-shift
   rcoulomb-switch                = 0
   rcoulomb                       = 1
   epsilon-r                      = 1
   epsilon-rf                     = inf
   vdw-type                       = Cut-off
   vdw-modifier                   = Potential-shift
   rvdw-switch                    = 0
   rvdw                           = 1
   DispCorr                       = EnerPres
   table-extension                = 1
   fourierspacing                 = 0.16
   fourier-nx                     = 32
   fourier-ny                     = 36
   fourier-nz                     = 28
   pme-order                      = 4
   ewald-rtol                     = 1e-05
   ewald-rtol-lj                  = 0.001
   lj-pme-comb-rule               = Geometric
   ewald-geometry                 = 3d
   epsilon-surface                = 0
   tcoupl                         = V-rescale
   nsttcouple                     = 10
   nh-chain-length                = 0
   print-nose-hoover-chain-variables = false
   pcoupl                         = No
   pcoupltype                     = Isotropic
   nstpcouple                     = -1
   tau-p                          = 1
   compressibility (3x3):
      compressibility[    0]={ 0.00000e+00,  0.00000e+00,  0.00000e+00}
      compressibility[    1]={ 0.00000e+00,  0.00000e+00,  0.00000e+00}
      compressibility[    2]={ 0.00000e+00,  0.00000e+00,  0.00000e+00}
   ref-p (3x3):
      ref-p[    0]={ 0.00000e+00,  0.00000e+00,  0.00000e+00}
      ref-p[    1]={ 0.00000e+00,  0.00000e+00,  0.00000e+00}
      ref-p[    2]={ 0.00000e+00,  0.00000e+00,  0.00000e+00}
   refcoord-scaling               = No
   posres-com (3):
      posres-com[0]= 0.00000e+00
      posres-com[1]= 0.00000e+00
      posres-com[2]= 0.00000e+00
   posres-comB (3):
      posres-comB[0]= 0.00000e+00
      posres-comB[1]= 0.00000e+00
      posres-comB[2]= 0.00000e+00
   QMMM                           = false
qm-opts:
   ngQM                           = 0
   constraint-algorithm           = Lincs
   continuation                   = false
   Shake-SOR                      = false
   shake-tol                      = 0.0001
   lincs-order                    = 4
   lincs-iter                     = 1
   lincs-warnangle                = 30
   nwall                          = 0
   wall-type                      = 9-3
   wall-r-linpot                  = -1
   wall-atomtype[0]               = -1
   wall-atomtype[1]               = -1
   wall-density[0]                = 0
   wall-density[1]                = 0
   wall-ewald-zfac                = 3
   pull                           = false
   awh                            = false
   rotation                       = false
   interactiveMD                  = false
   disre                          = No
   disre-weighting                = Conservative
   disre-mixed                    = false
   dr-fc                          = 1000
   dr-tau                         = 0
   nstdisreout                    = 100
   orire-fc                       = 0
   orire-tau                      = 0
   nstorireout                    = 100
   free-energy                    = no
   cos-acceleration               = 0
   deform (3x3):
      deform[    0]={ 0.00000e+00,  0.00000e+00,  0.00000e+00}
      deform[    1]={ 0.00000e+00,  0.00000e+00,  0.00000e+00}
      deform[    2]={ 0.00000e+00,  0.00000e+00,  0.00000e+00}
   simulated-tempering            = false
   swapcoords                     = no
   userint1                       = 0
   userint2                       = 0
   userint3                       = 0
   userint4                       = 0
   userreal1                      = 0
   userreal2                      = 0
   userreal3                      = 0
   userreal4                      = 0
   applied-forces:
     electric-field:
       x:
         E0                       = 0
         omega                    = 0
         t0                       = 0
         sigma                    = 0
       y:
         E0                       = 0
         omega                    = 0
         t0                       = 0
         sigma                    = 0
       z:
         E0                       = 0
         omega                    = 0
         t0                       = 0
         sigma                    = 0
     density-guided-simulation:
       active                     = false
       group                      = protein
       similarity-measure         = inner-product
       atom-spreading-weight      = unity
       force-constant             = 1e+09
       gaussian-transform-spreading-width = 0.2
       gaussian-transform-spreading-range-in-multiples-of-width = 4
       reference-density-filename = reference.mrc
       nst                        = 1
       normalize-densities        = true
       adaptive-force-scaling     = false
       adaptive-force-scaling-time-constant = 4
       shift-vector               = 
       transformation-matrix      = 
     qmmm-cp2k:
       active                     = false
       qmgroup                    = System
       qmmethod                   = PBE
       qmfilenames                = 
       qmcharge                   = 0
       qmmultiplicity             = 1
grpopts:
   nrdf:     4920.37     18507.6
   ref-t:         300         300
   tau-t:         0.1         0.1
annealing:          No          No
annealing-npoints:           0           0
   acc:	           0           0           0
   nfreeze:           N           N           N
   energygrp-flags[  0]: 0

Changing nstlist from 10 to 50, rlist from 1 to 1.106


Initializing Domain Decomposition on 10 ranks
Dynamic load balancing: auto
Using update groups, nr 4090, average size 2.7 atoms, max. radius 0.103 nm
Minimum cell size due to atom displacement: 0.398 nm
Initial maximum distances in bonded interactions:
    two-body bonded interactions: 0.446 nm, LJ-14, atoms 1156 1405
  multi-body bonded interactions: 0.446 nm, Ryckaert-Bell., atoms 1156 1405
Minimum cell size due to bonded interactions: 0.491 nm
Scaling the initial minimum size with 1/0.8 (option -dds) = 1.25
Using 0 separate PME ranks because: there are too few total ranks for efficient splitting
Optimizing the DD grid for 10 cells with a minimum initial size of 0.614 nm
The maximum allowed number of cells is: X 7 Y 8 Z 7
Domain decomposition grid 2 x 5 x 1, separate PME ranks 0
PME domain decomposition: 2 x 5 x 1
Domain decomposition rank 0, coordinates 0 0 0

The initial number of communication pulses is: X 1 Y 2
The initial domain decomposition cell size is: X 2.41 nm Y 1.05 nm

The maximum allowed distance for atom groups involved in interactions is:
                 non-bonded interactions           1.313 nm
            two-body bonded interactions  (-rdd)   1.313 nm
          multi-body bonded interactions  (-rdd)   1.047 nm

When dynamic load balancing gets turned on, these settings will change to:
The maximum number of communication pulses is: X 1 Y 2
The minimum size for domain decomposition cells is 0.769 nm
The requested allowed shrink of DD cells (option -dds) is: 0.80
The allowed shrink of domain decomposition cells is: X 0.54 Y 0.73
The maximum allowed distance for atom groups involved in interactions is:
                 non-bonded interactions           1.313 nm
            two-body bonded interactions  (-rdd)   1.313 nm
          multi-body bonded interactions  (-rdd)   0.769 nm

Using 10 MPI threads
Using 1 OpenMP thread per tMPI thread

System total charge: -0.000
Will do PME sum in reciprocal space for electrostatic interactions.

++++ PLEASE READ AND CITE THE FOLLOWING REFERENCE ++++
U. Essmann, L. Perera, M. L. Berkowitz, T. Darden, H. Lee and L. G. Pedersen 
A smooth particle mesh Ewald method
J. Chem. Phys. 103 (1995) pp. 8577-8592
-------- -------- --- Thank You --- -------- --------

Using a Gaussian width (1/beta) of 0.320163 nm for Ewald
Potential shift: LJ r^-12: -1.000e+00 r^-6: -1.000e+00, Ewald -1.000e-05
Initialized non-bonded Coulomb Ewald tables, spacing: 9.33e-04 size: 1073

Generated table with 1053 data points for 1-4 COUL.
Tabscale = 500 points/nm
Generated table with 1053 data points for 1-4 LJ6.
Tabscale = 500 points/nm
Generated table with 1053 data points for 1-4 LJ12.
Tabscale = 500 points/nm
Long Range LJ corr.: <C6> 3.8070e-04


Using SIMD 4x4 nonbonded short-range kernels

Using a dual 4x4 pair-list setup updated with dynamic pruning:
  outer list: updated every 50 steps, buffer 0.106 nm, rlist 1.106 nm
  inner list: updated every 13 steps, buffer 0.002 nm, rlist 1.002 nm
At tolerance 0.005 kJ/mol/ps per atom, equivalent classical 1x1 list would be:
  outer list: updated every 50 steps, buffer 0.236 nm, rlist 1.236 nm
  inner list: updated every 13 steps, buffer 0.051 nm, rlist 1.051 nm

Using Geometric Lennard-Jones combination rule
Removing pbc first time

Linking all bonded interactions to atoms


Initializing LINear Constraint Solver

++++ PLEASE READ AND CITE THE FOLLOWING REFERENCE ++++
B. Hess and H. Bekker and H. J. C. Berendsen and J. G. E. M. Fraaije
LINCS: A Linear Constraint Solver for molecular simulations
J. Comp. Chem. 18 (1997) pp. 1463-1472
-------- -------- --- Thank You --- -------- --------

The number of constraints is 959

++++ PLEASE READ AND CITE THE FOLLOWING REFERENCE ++++
S. Miyamoto and P. A. Kollman
SETTLE: An Analytical Version of the SHAKE and RATTLE Algorithms for Rigid
Water Models
J. Comp. Chem. 13 (1992) pp. 952-962
-------- -------- --- Thank You --- -------- --------


Intra-simulation communication will occur every 10 steps.

++++ PLEASE READ AND CITE THE FOLLOWING REFERENCE ++++
G. Bussi, D. Donadio and M. Parrinello
Canonical sampling through velocity rescaling
J. Chem. Phys. 126 (2007) pp. 014101
-------- -------- --- Thank You --- -------- --------

There are: 11211 Atoms
Atom distribution over 10 domains: av 1121 stddev 44 min 1073 max 1192

Constraining the starting coordinates (step 0)

Constraining the coordinates at t0-dt (step 0)
Center of mass motion removal mode is Linear
We have the following groups for center of mass motion removal:
  0:  rest
RMS relative constraint deviation after constraining: 2.52e-06
Initial temperature: 299.443 K

Started mdrun on rank 0 Mon Mar 14 15:18:28 2022

           Step           Time
              0        0.00000

   Energies (kJ/mol)
           Bond          Angle    Proper Dih. Ryckaert-Bell.          LJ-14
    1.82696e+02    9.66243e+02    8.46258e+01    1.62781e+03    2.67680e+03
     Coulomb-14        LJ (SR)  Disper. corr.   Coulomb (SR)   Coul. recip.
    7.78474e+03    2.04691e+04   -1.78272e+03   -2.12846e+05    2.18998e+03
      Potential    Kinetic En.   Total Energy  Conserved En.    Temperature
   -1.78647e+05    2.91834e+04   -1.49464e+05   -1.49464e+05    2.99637e+02
 Pres. DC (bar) Pressure (bar)   Constr. rmsd
   -2.63932e+02   -2.07966e+03    2.46679e-06


DD  step 49 load imb.: force 21.1%

step 100 Turning on dynamic load balancing, because the performance loss due to load imbalance is 5.3 %.

DD  step 499  vol min/aver 0.826  load imb.: force 10.9%
           Step           Time
            500        1.00000

   Energies (kJ/mol)
           Bond          Angle    Proper Dih. Ryckaert-Bell.          LJ-14
    1.38295e+03    3.66672e+03    2.55151e+02    2.08401e+03    2.62352e+03
     Coulomb-14        LJ (SR)  Disper. corr.   Coulomb (SR)   Coul. recip.
    7.64465e+03    2.36238e+04   -1.78272e+03   -2.08290e+05    1.28257e+03
      Potential    Kinetic En.   Total Energy  Conserved En.    Temperature
   -1.67510e+05    2.96824e+04   -1.37827e+05   -1.49049e+05    3.04762e+02
 Pres. DC (bar) Pressure (bar)   Constr. rmsd
   -2.63932e+02    3.14287e+01    2.16225e-06


DD  step 999  vol min/aver 0.883  load imb.: force 22.3%
           Step           Time
           1000        2.00000

   Energies (kJ/mol)
           Bond          Angle    Proper Dih. Ryckaert-Bell.          LJ-14
    1.47958e+03    3.82499e+03    2.44906e+02    2.09535e+03    2.51340e+03
     Coulomb-14        LJ (SR)  Disper. corr.   Coulomb (SR)   Coul. recip.
    7.78501e+03    2.39086e+04   -1.78272e+03   -2.10903e+05    1.19636e+03
      Potential    Kinetic En.   Total Energy  Conserved En.    Temperature
   -1.69637e+05    2.93852e+04   -1.40252e+05   -1.49023e+05    3.01710e+02
 Pres. DC (bar) Pressure (bar)   Constr. rmsd
   -2.63932e+02   -4.74368e+02    2.81377e-06


DD  step 1499  vol min/aver 0.892  load imb.: force  9.9%
           Step           Time
           1500        3.00000

   Energies (kJ/mol)
           Bond          Angle    Proper Dih. Ryckaert-Bell.          LJ-14
    1.47571e+03    3.82062e+03    2.37979e+02    1.93042e+03    2.67037e+03
     Coulomb-14        LJ (SR)  Disper. corr.   Coulomb (SR)   Coul. recip.
    7.78215e+03    2.30618e+04   -1.78272e+03   -2.10018e+05    1.24547e+03
      Potential    Kinetic En.   Total Energy  Conserved En.    Temperature
   -1.69576e+05    2.91454e+04   -1.40430e+05   -1.49006e+05    2.99248e+02
 Pres. DC (bar) Pressure (bar)   Constr. rmsd
   -2.63932e+02   -6.44843e+02    2.32496e-06


DD  step 1999  vol min/aver 0.920  load imb.: force 12.2%
           Step           Time
           2000        4.00000

   Energies (kJ/mol)
           Bond          Angle    Proper Dih. Ryckaert-Bell.          LJ-14
    1.43653e+03    3.93663e+03    2.62908e+02    2.05330e+03    2.55552e+03
     Coulomb-14        LJ (SR)  Disper. corr.   Coulomb (SR)   Coul. recip.
    7.78451e+03    2.36778e+04   -1.78272e+03   -2.11525e+05    1.16835e+03
      Potential    Kinetic En.   Total Energy  Conserved En.    Temperature
   -1.70432e+05    2.90358e+04   -1.41397e+05   -1.49020e+05    2.98122e+02
 Pres. DC (bar) Pressure (bar)   Constr. rmsd
   -2.63932e+02   -5.48052e+02    2.62597e-06


DD  step 2499  vol min/aver 0.831  load imb.: force 14.8%
           Step           Time
           2500        5.00000

   Energies (kJ/mol)
           Bond          Angle    Proper Dih. Ryckaert-Bell.          LJ-14
    1.46243e+03    3.86706e+03    2.61976e+02    1.94627e+03    2.70634e+03
     Coulomb-14        LJ (SR)  Disper. corr.   Coulomb (SR)   Coul. recip.
    7.83665e+03    2.35744e+04   -1.78272e+03   -2.11639e+05    1.15142e+03
      Potential    Kinetic En.   Total Energy  Conserved En.    Temperature
   -1.70616e+05    2.95307e+04   -1.41085e+05   -1.49017e+05    3.03203e+02
 Pres. DC (bar) Pressure (bar)   Constr. rmsd
   -2.63932e+02   -1.79723e+02    2.56509e-06


DD  load balancing is limited by minimum cell size in dimension Y
DD  step 2999  vol min/aver 0.908! load imb.: force 14.9%
           Step           Time
           3000        6.00000

   Energies (kJ/mol)
           Bond          Angle    Proper Dih. Ryckaert-Bell.          LJ-14
    1.46614e+03    3.66956e+03    2.72269e+02    1.90819e+03    2.61343e+03
     Coulomb-14        LJ (SR)  Disper. corr.   Coulomb (SR)   Coul. recip.
    7.81293e+03    2.42971e+04   -1.78272e+03   -2.12871e+05    1.14171e+03
      Potential    Kinetic En.   Total Energy  Conserved En.    Temperature
   -1.71472e+05    2.93808e+04   -1.42091e+05   -1.49022e+05    3.01664e+02
 Pres. DC (bar) Pressure (bar)   Constr. rmsd
   -2.63932e+02   -2.41160e+02    2.91153e-06


DD  load balancing is limited by minimum cell size in dimension Y
DD  step 3499  vol min/aver 0.937! load imb.: force  9.4%
           Step           Time
           3500        7.00000

   Energies (kJ/mol)
           Bond          Angle    Proper Dih. Ryckaert-Bell.          LJ-14
    1.50717e+03    3.86335e+03    3.01734e+02    1.95003e+03    2.59858e+03
     Coulomb-14        LJ (SR)  Disper. corr.   Coulomb (SR)   Coul. recip.
    7.75408e+03    2.29297e+04   -1.78272e+03   -2.11046e+05    1.15010e+03
      Potential    Kinetic En.   Total Energy  Conserved En.    Temperature
   -1.70774e+05    2.90811e+04   -1.41693e+05   -1.49011e+05    2.98588e+02
 Pres. DC (bar) Pressure (bar)   Constr. rmsd
   -2.63932e+02   -1.23984e+03    2.76302e-06


DD  step 3999  vol min/aver 0.965  load imb.: force  8.1%
           Step           Time
           4000        8.00000

   Energies (kJ/mol)
           Bond          Angle    Proper Dih. Ryckaert-Bell.          LJ-14
    1.45864e+03    3.88093e+03    2.43412e+02    1.97150e+03    2.57935e+03
     Coulomb-14        LJ (SR)  Disper. corr.   Coulomb (SR)   Coul. recip.
    7.79667e+03    2.42728e+04   -1.78272e+03   -2.13184e+05    1.18290e+03
      Potential    Kinetic En.   Total Energy  Conserved En.    Temperature
   -1.71580e+05    2.92901e+04   -1.42290e+05   -1.49005e+05    3.00733e+02
 Pres. DC (bar) Pressure (bar)   Constr. rmsd
   -2.63932e+02    4.46750e+01    2.62741e-06


DD  load balancing is limited by minimum cell size in dimension Y
DD  step 4499  vol min/aver 0.779! load imb.: force 12.1%
           Step           Time
           4500        9.00000

   Energies (kJ/mol)
           Bond          Angle    Proper Dih. Ryckaert-Bell.          LJ-14
    1.52295e+03    3.72105e+03    2.65019e+02    1.96725e+03    2.59260e+03
     Coulomb-14        LJ (SR)  Disper. corr.   Coulomb (SR)   Coul. recip.
    7.77540e+03    2.45053e+04   -1.78272e+03   -2.12811e+05    1.18168e+03
      Potential    Kinetic En.   Total Energy  Conserved En.    Temperature
   -1.71062e+05    2.91860e+04   -1.41876e+05   -1.48998e+05    2.99665e+02
 Pres. DC (bar) Pressure (bar)   Constr. rmsd
   -2.63932e+02    1.05010e+02    2.80636e-06


DD  step 4999  vol min/aver 0.802  load imb.: force 14.9%
           Step           Time
           5000       10.00000

   Energies (kJ/mol)
           Bond          Angle    Proper Dih. Ryckaert-Bell.          LJ-14
    1.47957e+03    3.87694e+03    2.71730e+02    2.00108e+03    2.56783e+03
     Coulomb-14        LJ (SR)  Disper. corr.   Coulomb (SR)   Coul. recip.
    7.76864e+03    2.34576e+04   -1.78272e+03   -2.12264e+05    1.17579e+03
      Potential    Kinetic En.   Total Energy  Conserved En.    Temperature
   -1.71447e+05    2.94688e+04   -1.41979e+05   -1.49015e+05    3.02568e+02
 Pres. DC (bar) Pressure (bar)   Constr. rmsd
   -2.63932e+02   -1.13774e+03    2.52115e-06


DD  load balancing is limited by minimum cell size in dimension Y
DD  step 5499  vol min/aver 0.884! load imb.: force 23.2%
           Step           Time
           5500       11.00000

   Energies (kJ/mol)
           Bond          Angle    Proper Dih. Ryckaert-Bell.          LJ-14
    1.49504e+03    3.94281e+03    2.63428e+02    1.93798e+03    2.68768e+03
     Coulomb-14        LJ (SR)  Disper. corr.   Coulomb (SR)   Coul. recip.
    7.84285e+03    2.28133e+04   -1.78272e+03   -2.10921e+05    1.13091e+03
      Potential    Kinetic En.   Total Energy  Conserved En.    Temperature
   -1.70589e+05    2.89518e+04   -1.41637e+05   -1.48978e+05    2.97260e+02
 Pres. DC (bar) Pressure (bar)   Constr. rmsd
   -2.63932e+02   -7.12020e+02    2.80227e-06


DD  load balancing is limited by minimum cell size in dimension Y
DD  step 5999  vol min/aver 0.923! load imb.: force 14.5%
           Step           Time
           6000       12.00000

   Energies (kJ/mol)
           Bond          Angle    Proper Dih. Ryckaert-Bell.          LJ-14
    1.41894e+03    3.80831e+03    2.32611e+02    1.98812e+03    2.61115e+03
     Coulomb-14        LJ (SR)  Disper. corr.   Coulomb (SR)   Coul. recip.
    7.74817e+03    2.32241e+04   -1.78272e+03   -2.11856e+05    1.11449e+03
      Potential    Kinetic En.   Total Energy  Conserved En.    Temperature
   -1.71493e+05    2.95109e+04   -1.41982e+05   -1.49006e+05    3.03001e+02
 Pres. DC (bar) Pressure (bar)   Constr. rmsd
   -2.63932e+02   -6.97050e+02    2.53737e-06


DD  step 6499  vol min/aver 0.903  load imb.: force  7.4%
           Step           Time
           6500       13.00000

   Energies (kJ/mol)
           Bond          Angle    Proper Dih. Ryckaert-Bell.          LJ-14
    1.37283e+03    3.70264e+03    2.35203e+02    1.92426e+03    2.68232e+03
     Coulomb-14        LJ (SR)  Disper. corr.   Coulomb (SR)   Coul. recip.
    7.86264e+03    2.38684e+04   -1.78272e+03   -2.13114e+05    1.12884e+03
      Potential    Kinetic En.   Total Energy  Conserved En.    Temperature
   -1.72120e+05    2.91039e+04   -1.43016e+05   -1.49004e+05    2.98821e+02
 Pres. DC (bar) Pressure (bar)   Constr. rmsd
   -2.63932e+02   -5.83195e+02    2.68478e-06


DD  step 6999  vol min/aver 0.884  load imb.: force 16.1%
           Step           Time
           7000       14.00000

   Energies (kJ/mol)
           Bond          Angle    Proper Dih. Ryckaert-Bell.          LJ-14
    1.45487e+03    3.72780e+03    2.59869e+02    2.05969e+03    2.68677e+03
     Coulomb-14        LJ (SR)  Disper. corr.   Coulomb (SR)   Coul. recip.
    7.81568e+03    2.34873e+04   -1.78272e+03   -2.12587e+05    1.13098e+03
      Potential    Kinetic En.   Total Energy  Conserved En.    Temperature
   -1.71747e+05    2.92912e+04   -1.42455e+05   -1.48999e+05    3.00744e+02
 Pres. DC (bar) Pressure (bar)   Constr. rmsd
   -2.63932e+02   -4.72118e+02    2.91565e-06


DD  step 7499  vol min/aver 0.856  load imb.: force 19.5%
           Step           Time
           7500       15.00000

   Energies (kJ/mol)
           Bond          Angle    Proper Dih. Ryckaert-Bell.          LJ-14
    1.27960e+03    3.82033e+03    2.33755e+02    1.84865e+03    2.71272e+03
     Coulomb-14        LJ (SR)  Disper. corr.   Coulomb (SR)   Coul. recip.
    7.87926e+03    2.41398e+04   -1.78272e+03   -2.13269e+05    1.14447e+03
      Potential    Kinetic En.   Total Energy  Conserved En.    Temperature
   -1.71993e+05    2.90995e+04   -1.42894e+05   -1.48997e+05    2.98776e+02
 Pres. DC (bar) Pressure (bar)   Constr. rmsd
   -2.63932e+02   -1.98694e+02    2.69055e-06


DD  load balancing is limited by minimum cell size in dimension Y
DD  step 7999  vol min/aver 0.846! load imb.: force 12.9%
           Step           Time
           8000       16.00000

   Energies (kJ/mol)
           Bond          Angle    Proper Dih. Ryckaert-Bell.          LJ-14
    1.50225e+03    3.78401e+03    2.51442e+02    1.88540e+03    2.72709e+03
     Coulomb-14        LJ (SR)  Disper. corr.   Coulomb (SR)   Coul. recip.
    7.99810e+03    2.28903e+04   -1.78272e+03   -2.11152e+05    1.10819e+03
      Potential    Kinetic En.   Total Energy  Conserved En.    Temperature
   -1.70788e+05    2.90515e+04   -1.41737e+05   -1.48982e+05    2.98284e+02
 Pres. DC (bar) Pressure (bar)   Constr. rmsd
   -2.63932e+02   -9.93593e+02    2.93076e-06


DD  step 8499  vol min/aver 0.928  load imb.: force 84.3%
           Step           Time
           8500       17.00000

   Energies (kJ/mol)
           Bond          Angle    Proper Dih. Ryckaert-Bell.          LJ-14
    1.41211e+03    3.64355e+03    2.39496e+02    1.92731e+03    2.65291e+03
     Coulomb-14        LJ (SR)  Disper. corr.   Coulomb (SR)   Coul. recip.
    7.77796e+03    2.37080e+04   -1.78272e+03   -2.12148e+05    1.13984e+03
      Potential    Kinetic En.   Total Energy  Conserved En.    Temperature
   -1.71430e+05    2.94149e+04   -1.42015e+05   -1.49006e+05    3.02015e+02
 Pres. DC (bar) Pressure (bar)   Constr. rmsd
   -2.63932e+02   -2.87114e+02    3.01972e-06


DD  step 8999  vol min/aver 0.909  load imb.: force 10.4%
           Step           Time
           9000       18.00000

   Energies (kJ/mol)
           Bond          Angle    Proper Dih. Ryckaert-Bell.          LJ-14
    1.32784e+03    3.77757e+03    2.76750e+02    1.98467e+03    2.71001e+03
     Coulomb-14        LJ (SR)  Disper. corr.   Coulomb (SR)   Coul. recip.
    7.81677e+03    2.32680e+04   -1.78272e+03   -2.12265e+05    1.15843e+03
      Potential    Kinetic En.   Total Energy  Conserved En.    Temperature
   -1.71728e+05    2.92852e+04   -1.42443e+05   -1.48991e+05    3.00683e+02
 Pres. DC (bar) Pressure (bar)   Constr. rmsd
   -2.63932e+02   -3.93029e+02    2.93920e-06


DD  load balancing is limited by minimum cell size in dimension Y
DD  step 9499  vol min/aver 0.819! load imb.: force 18.5%
           Step           Time
           9500       19.00000

   Energies (kJ/mol)
           Bond          Angle    Proper Dih. Ryckaert-Bell.          LJ-14
    1.40394e+03    3.87489e+03    2.28272e+02    1.97179e+03    2.61356e+03
     Coulomb-14        LJ (SR)  Disper. corr.   Coulomb (SR)   Coul. recip.
    7.87555e+03    2.38552e+04   -1.78272e+03   -2.12552e+05    1.14636e+03
      Potential    Kinetic En.   Total Energy  Conserved En.    Temperature
   -1.71365e+05    2.95622e+04   -1.41803e+05   -1.48998e+05    3.03527e+02
 Pres. DC (bar) Pressure (bar)   Constr. rmsd
   -2.63932e+02   -6.07976e+02    2.97409e-06


DD  step 9999  vol min/aver 0.818  load imb.: force 16.2%

step 10000 Turning off dynamic load balancing, because it is degrading performance.
Atom distribution over 10 domains: av 1121 stddev 31 min 1064 max 1167
           Step           Time
          10000       20.00000

   Energies (kJ/mol)
           Bond          Angle    Proper Dih. Ryckaert-Bell.          LJ-14
    1.51681e+03    4.05963e+03    2.77690e+02    1.84864e+03    2.56506e+03
     Coulomb-14        LJ (SR)  Disper. corr.   Coulomb (SR)   Coul. recip.
    7.74775e+03    2.40590e+04   -1.78272e+03   -2.12174e+05    1.17304e+03
      Potential    Kinetic En.   Total Energy  Conserved En.    Temperature
   -1.70709e+05    2.92547e+04   -1.41454e+05   -1.48980e+05    3.00370e+02
 Pres. DC (bar) Pressure (bar)   Constr. rmsd
   -2.63932e+02   -3.31663e+02    2.69785e-06


DD  step 10499 load imb.: force 14.2%
           Step           Time
          10500       21.00000

   Energies (kJ/mol)
           Bond          Angle    Proper Dih. Ryckaert-Bell.          LJ-14
    1.43478e+03    3.87934e+03    2.30303e+02    1.81526e+03    2.65800e+03
     Coulomb-14        LJ (SR)  Disper. corr.   Coulomb (SR)   Coul. recip.
    7.78612e+03    2.42330e+04   -1.78272e+03   -2.12520e+05    1.05775e+03
      Potential    Kinetic En.   Total Energy  Conserved En.    Temperature
   -1.71208e+05    2.91138e+04   -1.42094e+05   -1.48983e+05    2.98923e+02
 Pres. DC (bar) Pressure (bar)   Constr. rmsd
   -2.63932e+02   -1.72430e+01    2.98579e-06


DD  step 10999 load imb.: force 18.4%
           Step           Time
          11000       22.00000

   Energies (kJ/mol)
           Bond          Angle    Proper Dih. Ryckaert-Bell.          LJ-14
    1.55224e+03    3.90213e+03    2.72349e+02    1.85966e+03    2.62688e+03
     Coulomb-14        LJ (SR)  Disper. corr.   Coulomb (SR)   Coul. recip.
    7.78824e+03    2.33053e+04   -1.78272e+03   -2.11932e+05    1.14253e+03
      Potential    Kinetic En.   Total Energy  Conserved En.    Temperature
   -1.71265e+05    2.94565e+04   -1.41809e+05   -1.48967e+05    3.02442e+02
 Pres. DC (bar) Pressure (bar)   Constr. rmsd
   -2.63932e+02   -8.41908e+02    2.93200e-06


DD  step 11499 load imb.: force 14.8%
           Step           Time
          11500       23.00000

   Energies (kJ/mol)
           Bond          Angle    Proper Dih. Ryckaert-Bell.          LJ-14
    1.46942e+03    3.58618e+03    2.56182e+02    1.89129e+03    2.74000e+03
     Coulomb-14        LJ (SR)  Disper. corr.   Coulomb (SR)   Coul. recip.
    7.83501e+03    2.34157e+04   -1.78272e+03   -2.12102e+05    1.14472e+03
      Potential    Kinetic En.   Total Energy  Conserved En.    Temperature
   -1.71546e+05    2.91889e+04   -1.42357e+05   -1.48981e+05    2.99694e+02
 Pres. DC (bar) Pressure (bar)   Constr. rmsd
   -2.63932e+02   -4.42614e+02    2.66601e-06


DD  step 11999 load imb.: force 10.6%
           Step           Time
          12000       24.00000

   Energies (kJ/mol)
           Bond          Angle    Proper Dih. Ryckaert-Bell.          LJ-14
    1.44301e+03    3.92582e+03    2.20667e+02    1.81446e+03    2.63151e+03
     Coulomb-14        LJ (SR)  Disper. corr.   Coulomb (SR)   Coul. recip.
    7.79592e+03    2.37033e+04   -1.78272e+03   -2.11774e+05    1.14092e+03
      Potential    Kinetic En.   Total Energy  Conserved En.    Temperature
   -1.70881e+05    2.91464e+04   -1.41735e+05   -1.48980e+05    2.99258e+02
 Pres. DC (bar) Pressure (bar)   Constr. rmsd
   -2.63932e+02   -3.06199e+02    2.57835e-06


DD  step 12499 load imb.: force 27.3%
           Step           Time
          12500       25.00000

   Energies (kJ/mol)
           Bond          Angle    Proper Dih. Ryckaert-Bell.          LJ-14
    1.48448e+03    3.73702e+03    2.55298e+02    1.83602e+03    2.66772e+03
     Coulomb-14        LJ (SR)  Disper. corr.   Coulomb (SR)   Coul. recip.
    7.81915e+03    2.37168e+04   -1.78272e+03   -2.12146e+05    1.15640e+03
      Potential    Kinetic En.   Total Energy  Conserved En.    Temperature
   -1.71256e+05    2.92969e+04   -1.41959e+05   -1.48969e+05    3.00803e+02
 Pres. DC (bar) Pressure (bar)   Constr. rmsd
   -2.63932e+02   -3.43409e+02    2.81789e-06


DD  step 12999 load imb.: force 14.5%
           Step           Time
          13000       26.00000

   Energies (kJ/mol)
           Bond          Angle    Proper Dih. Ryckaert-Bell.          LJ-14
    1.36260e+03    3.77483e+03    2.60963e+02    1.88408e+03    2.65493e+03
     Coulomb-14        LJ (SR)  Disper. corr.   Coulomb (SR)   Coul. recip.
    7.70127e+03    2.34711e+04   -1.78272e+03   -2.11737e+05    1.10857e+03
      Potential    Kinetic En.   Total Energy  Conserved En.    Temperature
   -1.71301e+05    2.89402e+04   -1.42361e+05   -1.48976e+05    2.97141e+02
 Pres. DC (bar) Pressure (bar)   Constr. rmsd
   -2.63932e+02   -5.48356e+02    2.62921e-06


DD  step 13499 load imb.: force  7.8%
           Step           Time
          13500       27.00000

   Energies (kJ/mol)
           Bond          Angle    Proper Dih. Ryckaert-Bell.          LJ-14
    1.49001e+03    3.75632e+03    2.73721e+02    1.79677e+03    2.66249e+03
     Coulomb-14        LJ (SR)  Disper. corr.   Coulomb (SR)   Coul. recip.
    7.82453e+03    2.35736e+04   -1.78272e+03   -2.12519e+05    1.16669e+03
      Potential    Kinetic En.   Total Energy  Conserved En.    Temperature
   -1.71757e+05    2.93767e+04   -1.42380e+05   -1.48986e+05    3.01623e+02
 Pres. DC (bar) Pressure (bar)   Constr. rmsd
   -2.63932e+02   -7.55389e+02    2.74942e-06


DD  step 13999 load imb.: force 11.8%
           Step           Time
          14000       28.00000

   Energies (kJ/mol)
           Bond          Angle    Proper Dih. Ryckaert-Bell.          LJ-14
    1.52687e+03    3.70339e+03    2.39900e+02    1.77663e+03    2.68589e+03
     Coulomb-14        LJ (SR)  Disper. corr.   Coulomb (SR)   Coul. recip.
    7.84094e+03    2.38602e+04   -1.78272e+03   -2.12361e+05    1.17267e+03
      Potential    Kinetic En.   Total Energy  Conserved En.    Temperature
   -1.71338e+05    2.91378e+04   -1.42200e+05   -1.48979e+05    2.99170e+02
 Pres. DC (bar) Pressure (bar)   Constr. rmsd
   -2.63932e+02   -5.41767e+02    2.61079e-06


DD  step 14499 load imb.: force 72.4%
           Step           Time
          14500       29.00000

   Energies (kJ/mol)
           Bond          Angle    Proper Dih. Ryckaert-Bell.          LJ-14
    1.44368e+03    3.82749e+03    2.33199e+02    1.87001e+03    2.62321e+03
     Coulomb-14        LJ (SR)  Disper. corr.   Coulomb (SR)   Coul. recip.
    7.75269e+03    2.35961e+04   -1.78272e+03   -2.12266e+05    1.12803e+03
      Potential    Kinetic En.   Total Energy  Conserved En.    Temperature
   -1.71574e+05    2.92110e+04   -1.42363e+05   -1.48966e+05    2.99921e+02
 Pres. DC (bar) Pressure (bar)   Constr. rmsd
   -2.63932e+02   -5.83226e+02    2.38783e-06


DD  step 14999 load imb.: force 23.8%
           Step           Time
          15000       30.00000

   Energies (kJ/mol)
           Bond          Angle    Proper Dih. Ryckaert-Bell.          LJ-14
    1.47720e+03    3.71089e+03    2.54593e+02    1.84033e+03    2.55908e+03
     Coulomb-14        LJ (SR)  Disper. corr.   Coulomb (SR)   Coul. recip.
    7.72487e+03    2.38818e+04   -1.78272e+03   -2.12438e+05    1.15868e+03
      Potential    Kinetic En.   Total Energy  Conserved En.    Temperature
   -1.71613e+05    2.86180e+04   -1.42995e+05   -1.48974e+05    2.93832e+02
 Pres. DC (bar) Pressure (bar)   Constr. rmsd
   -2.63932e+02   -6.37436e+02    2.55460e-06


DD  step 15499 load imb.: force 18.4%
           Step           Time
          15500       31.00000

   Energies (kJ/mol)
           Bond          Angle    Proper Dih. Ryckaert-Bell.          LJ-14
    1.44841e+03    3.82135e+03    2.79758e+02    1.89698e+03    2.65234e+03
     Coulomb-14        LJ (SR)  Disper. corr.   Coulomb (SR)   Coul. recip.
    7.77353e+03    2.32117e+04   -1.78272e+03   -2.10968e+05    1.13248e+03
      Potential    Kinetic En.   Total Energy  Conserved En.    Temperature
   -1.70535e+05    2.91786e+04   -1.41356e+05   -1.48968e+05    2.99588e+02
 Pres. DC (bar) Pressure (bar)   Constr. rmsd
   -2.63932e+02   -4.69150e+02    2.37852e-06


DD  step 15999 load imb.: force 13.0%
           Step           Time
          16000       32.00000

   Energies (kJ/mol)
           Bond          Angle    Proper Dih. Ryckaert-Bell.          LJ-14
    1.48879e+03    3.89723e+03    2.34881e+02    1.74783e+03    2.66395e+03
     Coulomb-14        LJ (SR)  Disper. corr.   Coulomb (SR)   Coul. recip.
    7.86145e+03    2.39933e+04   -1.78272e+03   -2.12397e+05    1.11194e+03
      Potential    Kinetic En.   Total Energy  Conserved En.    Temperature
   -1.71180e+05    2.98018e+04   -1.41378e+05   -1.48973e+05    3.05987e+02
 Pres. DC (bar) Pressure (bar)   Constr. rmsd
   -2.63932e+02   -3.21523e+02    2.64694e-06


DD  step 16499 load imb.: force 33.4%
           Step           Time
          16500       33.00000

   Energies (kJ/mol)
           Bond          Angle    Proper Dih. Ryckaert-Bell.          LJ-14
    1.63937e+03    3.72284e+03    2.57963e+02    1.83245e+03    2.63336e+03
     Coulomb-14        LJ (SR)  Disper. corr.   Coulomb (SR)   Coul. recip.
    7.74012e+03    2.34752e+04   -1.78272e+03   -2.11762e+05    1.14963e+03
      Potential    Kinetic En.   Total Energy  Conserved En.    Temperature
   -1.71094e+05    2.94971e+04   -1.41597e+05   -1.48966e+05    3.02859e+02
 Pres. DC (bar) Pressure (bar)   Constr. rmsd
   -2.63932e+02   -4.31809e+02    2.75266e-06


DD  step 16999 load imb.: force  8.8%
           Step           Time
          17000       34.00000

   Energies (kJ/mol)
           Bond          Angle    Proper Dih. Ryckaert-Bell.          LJ-14
    1.46282e+03    3.71900e+03    2.72740e+02    1.91513e+03    2.58027e+03
     Coulomb-14        LJ (SR)  Disper. corr.   Coulomb (SR)   Coul. recip.
    7.80423e+03    2.38158e+04   -1.78272e+03   -2.12188e+05    1.11664e+03
      Potential    Kinetic En.   Total Energy  Conserved En.    Temperature
   -1.71284e+05    2.88449e+04   -1.42439e+05   -1.48958e+05    2.96162e+02
 Pres. DC (bar) Pressure (bar)   Constr. rmsd
   -2.63932e+02   -2.87420e+02    2.65889e-06


DD  step 17499 load imb.: force 21.3%
           Step           Time
          17500       35.00000

   Energies (kJ/mol)
           Bond          Angle    Proper Dih. Ryckaert-Bell.          LJ-14
    1.53945e+03    3.86798e+03    2.39448e+02    1.87827e+03    2.60030e+03
     Coulomb-14        LJ (SR)  Disper. corr.   Coulomb (SR)   Coul. recip.
    7.84229e+03    2.33115e+04   -1.78272e+03   -2.11689e+05    1.18716e+03
      Potential    Kinetic En.   Total Energy  Conserved En.    Temperature
   -1.71005e+05    2.94526e+04   -1.41552e+05   -1.48955e+05    3.02401e+02
 Pres. DC (bar) Pressure (bar)   Constr. rmsd
   -2.63932e+02   -8.71171e+02    3.14547e-06


DD  step 17999 load imb.: force 13.1%
           Step           Time
          18000       36.00000

   Energies (kJ/mol)
           Bond          Angle    Proper Dih. Ryckaert-Bell.          LJ-14
    1.40009e+03    3.70519e+03    2.47560e+02    1.82964e+03    2.65193e+03
     Coulomb-14        LJ (SR)  Disper. corr.   Coulomb (SR)   Coul. recip.
    7.84049e+03    2.38522e+04   -1.78272e+03   -2.11535e+05    1.13509e+03
      Potential    Kinetic En.   Total Energy  Conserved En.    Temperature
   -1.70656e+05    2.91072e+04   -1.41548e+05   -1.48973e+05    2.98856e+02
 Pres. DC (bar) Pressure (bar)   Constr. rmsd
   -2.63932e+02   -1.24779e+02    2.48577e-06


DD  step 18499 load imb.: force 13.3%
           Step           Time
          18500       37.00000

   Energies (kJ/mol)
           Bond          Angle    Proper Dih. Ryckaert-Bell.          LJ-14
    1.39160e+03    3.54356e+03    2.84335e+02    1.85528e+03    2.64416e+03
     Coulomb-14        LJ (SR)  Disper. corr.   Coulomb (SR)   Coul. recip.
    7.79742e+03    2.34327e+04   -1.78272e+03   -2.12162e+05    1.11825e+03
      Potential    Kinetic En.   Total Energy  Conserved En.    Temperature
   -1.71877e+05    2.91388e+04   -1.42738e+05   -1.48969e+05    2.99179e+02
 Pres. DC (bar) Pressure (bar)   Constr. rmsd
   -2.63932e+02   -6.89733e+02    2.55697e-06


DD  step 18999 load imb.: force 31.1%
           Step           Time
          19000       38.00000

   Energies (kJ/mol)
           Bond          Angle    Proper Dih. Ryckaert-Bell.          LJ-14
    1.46978e+03    3.77154e+03    2.31136e+02    1.97589e+03    2.68416e+03
     Coulomb-14        LJ (SR)  Disper. corr.   Coulomb (SR)   Coul. recip.
    7.85185e+03    2.43167e+04   -1.78272e+03   -2.12915e+05    1.11375e+03
      Potential    Kinetic En.   Total Energy  Conserved En.    Temperature
   -1.71283e+05    2.91604e+04   -1.42122e+05   -1.48974e+05    2.99402e+02
 Pres. DC (bar) Pressure (bar)   Constr. rmsd
   -2.63932e+02   -8.87901e+01    2.63869e-06


DD  step 19499 load imb.: force 12.6%
           Step           Time
          19500       39.00000

   Energies (kJ/mol)
           Bond          Angle    Proper Dih. Ryckaert-Bell.          LJ-14
    1.45108e+03    3.66550e+03    2.43214e+02    1.85451e+03    2.62112e+03
     Coulomb-14        LJ (SR)  Disper. corr.   Coulomb (SR)   Coul. recip.
    7.68929e+03    2.39403e+04   -1.78272e+03   -2.12207e+05    1.10727e+03
      Potential    Kinetic En.   Total Energy  Conserved En.    Temperature
   -1.71418e+05    2.91743e+04   -1.42243e+05   -1.48971e+05    2.99544e+02
 Pres. DC (bar) Pressure (bar)   Constr. rmsd
   -2.63932e+02   -2.25580e+02    2.85307e-06


DD  step 19999 load imb.: force 18.2%

step 20000 Turning on dynamic load balancing, because the performance loss due to load imbalance is 5.5 %.
           Step           Time
          20000       40.00000

   Energies (kJ/mol)
           Bond          Angle    Proper Dih. Ryckaert-Bell.          LJ-14
    1.50790e+03    3.85956e+03    2.30565e+02    1.82114e+03    2.67096e+03
     Coulomb-14        LJ (SR)  Disper. corr.   Coulomb (SR)   Coul. recip.
    7.81908e+03    2.39307e+04   -1.78272e+03   -2.11660e+05    1.12505e+03
      Potential    Kinetic En.   Total Energy  Conserved En.    Temperature
   -1.70478e+05    2.94203e+04   -1.41057e+05   -1.48962e+05    3.02070e+02
 Pres. DC (bar) Pressure (bar)   Constr. rmsd
   -2.63932e+02   -4.25713e+02    2.88980e-06


DD  step 20499  vol min/aver 0.860  load imb.: force 12.5%
           Step           Time
          20500       41.00000

   Energies (kJ/mol)
           Bond          Angle    Proper Dih. Ryckaert-Bell.          LJ-14
    1.37763e+03    3.84973e+03    2.58147e+02    1.91334e+03    2.65892e+03
     Coulomb-14        LJ (SR)  Disper. corr.   Coulomb (SR)   Coul. recip.
    7.79377e+03    2.32275e+04   -1.78272e+03   -2.11103e+05    1.15765e+03
      Potential    Kinetic En.   Total Energy  Conserved En.    Temperature
   -1.70649e+05    2.92519e+04   -1.41397e+05   -1.48956e+05    3.00341e+02
 Pres. DC (bar) Pressure (bar)   Constr. rmsd
   -2.63932e+02   -6.79181e+02    2.53320e-06


DD  step 20999  vol min/aver 0.881  load imb.: force 14.3%

step 21000 Turning off dynamic load balancing, because it is degrading performance.
Atom distribution over 10 domains: av 1121 stddev 29 min 1094 max 1173
           Step           Time
          21000       42.00000

   Energies (kJ/mol)
           Bond          Angle    Proper Dih. Ryckaert-Bell.          LJ-14
    1.43274e+03    3.60489e+03    2.59617e+02    1.86740e+03    2.67327e+03
     Coulomb-14        LJ (SR)  Disper. corr.   Coulomb (SR)   Coul. recip.
    7.80801e+03    2.23724e+04   -1.78272e+03   -2.10386e+05    1.15608e+03
      Potential    Kinetic En.   Total Energy  Conserved En.    Temperature
   -1.70994e+05    2.93950e+04   -1.41599e+05   -1.48959e+05    3.01811e+02
 Pres. DC (bar) Pressure (bar)   Constr. rmsd
   -2.63932e+02   -7.81543e+02    2.65354e-06


DD  step 21499 load imb.: force 16.1%
           Step           Time
          21500       43.00000

   Energies (kJ/mol)
           Bond          Angle    Proper Dih. Ryckaert-Bell.          LJ-14
    1.39205e+03    3.72855e+03    2.52829e+02    1.87432e+03    2.68691e+03
     Coulomb-14        LJ (SR)  Disper. corr.   Coulomb (SR)   Coul. recip.
    7.81111e+03    2.35108e+04   -1.78272e+03   -2.12012e+05    1.18698e+03
      Potential    Kinetic En.   Total Energy  Conserved En.    Temperature
   -1.71351e+05    2.89555e+04   -1.42396e+05   -1.48953e+05    2.97297e+02
 Pres. DC (bar) Pressure (bar)   Constr. rmsd
   -2.63932e+02   -4.60882e+02    3.02119e-06


DD  step 21999 load imb.: force 30.3%
           Step           Time
          22000       44.00000

   Energies (kJ/mol)
           Bond          Angle    Proper Dih. Ryckaert-Bell.          LJ-14
    1.44829e+03    3.96741e+03    2.82285e+02    1.73302e+03    2.61467e+03
     Coulomb-14        LJ (SR)  Disper. corr.   Coulomb (SR)   Coul. recip.
    7.81493e+03    2.36753e+04   -1.78272e+03   -2.12662e+05    1.13985e+03
      Potential    Kinetic En.   Total Energy  Conserved En.    Temperature
   -1.71769e+05    2.94024e+04   -1.42366e+05   -1.48943e+05    3.01886e+02
 Pres. DC (bar) Pressure (bar)   Constr. rmsd
   -2.63932e+02   -7.14314e+02    3.05399e-06


DD  step 22499 load imb.: force 56.5%
           Step           Time
          22500       45.00000

   Energies (kJ/mol)
           Bond          Angle    Proper Dih. Ryckaert-Bell.          LJ-14
    1.50064e+03    3.67130e+03    2.60065e+02    1.81837e+03    2.69439e+03
     Coulomb-14        LJ (SR)  Disper. corr.   Coulomb (SR)   Coul. recip.
    7.89650e+03    2.40576e+04   -1.78272e+03   -2.13358e+05    1.13246e+03
      Potential    Kinetic En.   Total Energy  Conserved En.    Temperature
   -1.72109e+05    2.93481e+04   -1.42761e+05   -1.48954e+05    3.01328e+02
 Pres. DC (bar) Pressure (bar)   Constr. rmsd
   -2.63932e+02   -2.07080e+02    2.61735e-06


DD  step 22999 load imb.: force 13.0%
           Step           Time
          23000       46.00000

   Energies (kJ/mol)
           Bond          Angle    Proper Dih. Ryckaert-Bell.          LJ-14
    1.56564e+03    3.78326e+03    2.67070e+02    1.84675e+03    2.70441e+03
     Coulomb-14        LJ (SR)  Disper. corr.   Coulomb (SR)   Coul. recip.
    7.77813e+03    2.39854e+04   -1.78272e+03   -2.12328e+05    1.12781e+03
      Potential    Kinetic En.   Total Energy  Conserved En.    Temperature
   -1.71052e+05    2.92681e+04   -1.41784e+05   -1.48940e+05    3.00508e+02
 Pres. DC (bar) Pressure (bar)   Constr. rmsd
   -2.63932e+02   -4.08831e+02    2.44210e-06


DD  step 23499 load imb.: force 18.5%
           Step           Time
          23500       47.00000

   Energies (kJ/mol)
           Bond          Angle    Proper Dih. Ryckaert-Bell.          LJ-14
    1.52761e+03    3.71765e+03    2.79649e+02    1.84644e+03    2.66642e+03
     Coulomb-14        LJ (SR)  Disper. corr.   Coulomb (SR)   Coul. recip.
    7.78218e+03    2.38156e+04   -1.78272e+03   -2.11752e+05    1.11864e+03
      Potential    Kinetic En.   Total Energy  Conserved En.    Temperature
   -1.70781e+05    2.87478e+04   -1.42033e+05   -1.48937e+05    2.95165e+02
 Pres. DC (bar) Pressure (bar)   Constr. rmsd
   -2.63932e+02   -1.67532e+02    2.43891e-06


DD  step 23999 load imb.: force 14.1%
           Step           Time
          24000       48.00000

   Energies (kJ/mol)
           Bond          Angle    Proper Dih. Ryckaert-Bell.          LJ-14
    1.52539e+03    3.59376e+03    2.91652e+02    1.84078e+03    2.69765e+03
     Coulomb-14        LJ (SR)  Disper. corr.   Coulomb (SR)   Coul. recip.
    7.77213e+03    2.32595e+04   -1.78272e+03   -2.11502e+05    1.18404e+03
      Potential    Kinetic En.   Total Energy  Conserved En.    Temperature
   -1.71120e+05    2.91702e+04   -1.41950e+05   -1.48952e+05    2.99502e+02
 Pres. DC (bar) Pressure (bar)   Constr. rmsd
   -2.63932e+02   -6.84828e+02    2.53436e-06


DD  step 24499 load imb.: force 14.9%
           Step           Time
          24500       49.00000

   Energies (kJ/mol)
           Bond          Angle    Proper Dih. Ryckaert-Bell.          LJ-14
    1.52681e+03    3.75044e+03    2.75852e+02    1.79420e+03    2.62073e+03
     Coulomb-14        LJ (SR)  Disper. corr.   Coulomb (SR)   Coul. recip.
    7.78825e+03    2.38178e+04   -1.78272e+03   -2.12302e+05    1.16360e+03
      Potential    Kinetic En.   Total Energy  Conserved En.    Temperature
   -1.71347e+05    2.95064e+04   -1.41841e+05   -1.48942e+05    3.02954e+02
 Pres. DC (bar) Pressure (bar)   Constr. rmsd
   -2.63932e+02   -7.56939e+02    2.56583e-06


DD  step 24999 load imb.: force 18.9%

step 25000 Turning on dynamic load balancing, because the performance loss due to load imbalance is 5.5 %.
           Step           Time
          25000       50.00000

   Energies (kJ/mol)
           Bond          Angle    Proper Dih. Ryckaert-Bell.          LJ-14
    1.47790e+03    3.68934e+03    2.50541e+02    1.80697e+03    2.60973e+03
     Coulomb-14        LJ (SR)  Disper. corr.   Coulomb (SR)   Coul. recip.
    7.70295e+03    2.31839e+04   -1.78272e+03   -2.11201e+05    1.16314e+03
      Potential    Kinetic En.   Total Energy  Conserved En.    Temperature
   -1.71099e+05    2.94844e+04   -1.41615e+05   -1.48947e+05    3.02728e+02
 Pres. DC (bar) Pressure (bar)   Constr. rmsd
   -2.63932e+02   -7.49003e+02    2.86613e-06


DD  step 25499  vol min/aver 0.846  load imb.: force 16.6%
           Step           Time
          25500       51.00000

   Energies (kJ/mol)
           Bond          Angle    Proper Dih. Ryckaert-Bell.          LJ-14
    1.40637e+03    3.74970e+03    2.63741e+02    1.88274e+03    2.72137e+03
     Coulomb-14        LJ (SR)  Disper. corr.   Coulomb (SR)   Coul. recip.
    7.76403e+03    2.37031e+04   -1.78272e+03   -2.12013e+05    1.19141e+03
      Potential    Kinetic En.   Total Energy  Conserved En.    Temperature
   -1.71113e+05    2.92421e+04   -1.41871e+05   -1.48938e+05    3.00241e+02
 Pres. DC (bar) Pressure (bar)   Constr. rmsd
   -2.63932e+02    2.43633e+02    2.98403e-06


DD  step 25999  vol min/aver 0.865  load imb.: force 31.2%
           Step           Time
          26000       52.00000

   Energies (kJ/mol)
           Bond          Angle    Proper Dih. Ryckaert-Bell.          LJ-14
    1.53506e+03    3.80818e+03    2.37386e+02    1.84512e+03    2.61232e+03
     Coulomb-14        LJ (SR)  Disper. corr.   Coulomb (SR)   Coul. recip.
    7.73250e+03    2.36192e+04   -1.78272e+03   -2.12008e+05    1.23035e+03
      Potential    Kinetic En.   Total Energy  Conserved En.    Temperature
   -1.71171e+05    2.92561e+04   -1.41915e+05   -1.48913e+05    3.00384e+02
 Pres. DC (bar) Pressure (bar)   Constr. rmsd
   -2.63932e+02   -4.76697e+02    2.40801e-06


DD  load balancing is limited by minimum cell size in dimension Y
DD  step 26499  vol min/aver 0.882! load imb.: force 12.0%
           Step           Time
          26500       53.00000

   Energies (kJ/mol)
           Bond          Angle    Proper Dih. Ryckaert-Bell.          LJ-14
    1.53465e+03    3.71574e+03    2.62370e+02    1.75624e+03    2.70483e+03
     Coulomb-14        LJ (SR)  Disper. corr.   Coulomb (SR)   Coul. recip.
    7.88791e+03    2.37901e+04   -1.78272e+03   -2.12567e+05    1.17797e+03
      Potential    Kinetic En.   Total Energy  Conserved En.    Temperature
   -1.71520e+05    2.93441e+04   -1.42176e+05   -1.48924e+05    3.01287e+02
 Pres. DC (bar) Pressure (bar)   Constr. rmsd
   -2.63932e+02   -7.01144e+02    3.04983e-06


DD  step 26999  vol min/aver 0.875  load imb.: force 17.5%
           Step           Time
          27000       54.00000

   Energies (kJ/mol)
           Bond          Angle    Proper Dih. Ryckaert-Bell.          LJ-14
    1.37877e+03    3.78734e+03    2.60079e+02    1.83362e+03    2.67788e+03
     Coulomb-14        LJ (SR)  Disper. corr.   Coulomb (SR)   Coul. recip.
    7.82695e+03    2.30850e+04   -1.78272e+03   -2.12258e+05    1.15112e+03
      Potential    Kinetic En.   Total Energy  Conserved En.    Temperature
   -1.72040e+05    2.89104e+04   -1.43129e+05   -1.48918e+05    2.96835e+02
 Pres. DC (bar) Pressure (bar)   Constr. rmsd
   -2.63932e+02   -5.56282e+02    2.41287e-06


DD  step 27499  vol min/aver 0.891  load imb.: force  8.2%
           Step           Time
          27500       55.00000

   Energies (kJ/mol)
           Bond          Angle    Proper Dih. Ryckaert-Bell.          LJ-14
    1.48846e+03    3.67755e+03    2.49743e+02    1.71351e+03    2.59827e+03
     Coulomb-14        LJ (SR)  Disper. corr.   Coulomb (SR)   Coul. recip.
    7.75392e+03    2.25016e+04   -1.78272e+03   -2.10816e+05    1.13883e+03
      Potential    Kinetic En.   Total Energy  Conserved En.    Temperature
   -1.71477e+05    2.87818e+04   -1.42695e+05   -1.48934e+05    2.95515e+02
 Pres. DC (bar) Pressure (bar)   Constr. rmsd
   -2.63932e+02   -1.40886e+03    2.67138e-06


DD  step 27999  vol min/aver 0.832  load imb.: force 12.1%
           Step           Time
          28000       56.00000

   Energies (kJ/mol)
           Bond          Angle    Proper Dih. Ryckaert-Bell.          LJ-14
    1.41000e+03    3.98332e+03    2.20331e+02    1.84510e+03    2.57545e+03
     Coulomb-14        LJ (SR)  Disper. corr.   Coulomb (SR)   Coul. recip.
    7.72317e+03    2.40382e+04   -1.78272e+03   -2.12178e+05    1.17352e+03
      Potential    Kinetic En.   Total Energy  Conserved En.    Temperature
   -1.70992e+05    2.94795e+04   -1.41513e+05   -1.48925e+05    3.02678e+02
 Pres. DC (bar) Pressure (bar)   Constr. rmsd
   -2.63932e+02    1.73744e+01    3.18830e-06


DD  step 28499  vol min/aver 0.905  load imb.: force  9.3%
           Step           Time
          28500       57.00000

   Energies (kJ/mol)
           Bond          Angle    Proper Dih. Ryckaert-Bell.          LJ-14
    1.50421e+03    3.78454e+03    2.30425e+02    1.72740e+03    2.63612e+03
     Coulomb-14        LJ (SR)  Disper. corr.   Coulomb (SR)   Coul. recip.
    7.83900e+03    2.36428e+04   -1.78272e+03   -2.12442e+05    1.16202e+03
      Potential    Kinetic En.   Total Energy  Conserved En.    Temperature
   -1.71698e+05    2.96696e+04   -1.42028e+05   -1.48931e+05    3.04630e+02
 Pres. DC (bar) Pressure (bar)   Constr. rmsd
   -2.63932e+02   -4.46774e+02    3.06078e-06


DD  step 28999  vol min/aver 0.832  load imb.: force 13.0%
           Step           Time
          29000       58.00000

   Energies (kJ/mol)
           Bond          Angle    Proper Dih. Ryckaert-Bell.          LJ-14
    1.31950e+03    3.61000e+03    2.37670e+02    1.79234e+03    2.62936e+03
     Coulomb-14        LJ (SR)  Disper. corr.   Coulomb (SR)   Coul. recip.
    7.86098e+03    2.33510e+04   -1.78272e+03   -2.12106e+05    1.20177e+03
      Potential    Kinetic En.   Total Energy  Conserved En.    Temperature
   -1.71886e+05    2.89395e+04   -1.42946e+05   -1.48935e+05    2.97133e+02
 Pres. DC (bar) Pressure (bar)   Constr. rmsd
   -2.63932e+02   -8.15195e+02    2.68398e-06


DD  step 29499  vol min/aver 0.855  load imb.: force  9.9%
           Step           Time
          29500       59.00000

   Energies (kJ/mol)
           Bond          Angle    Proper Dih. Ryckaert-Bell.          LJ-14
    1.45889e+03    3.66515e+03    1.97733e+02    1.77647e+03    2.60489e+03
     Coulomb-14        LJ (SR)  Disper. corr.   Coulomb (SR)   Coul. recip.
    7.75515e+03    2.34652e+04   -1.78272e+03   -2.12232e+05    1.14297e+03
      Potential    Kinetic En.   Total Energy  Conserved En.    Temperature
   -1.71948e+05    2.88944e+04   -1.43053e+05   -1.48921e+05    2.96670e+02
 Pres. DC (bar) Pressure (bar)   Constr. rmsd
   -2.63932e+02   -6.57077e+02    2.83289e-06


DD  step 29999  vol min/aver 0.902  load imb.: force 34.0%
           Step           Time
          30000       60.00000

   Energies (kJ/mol)
           Bond          Angle    Proper Dih. Ryckaert-Bell.          LJ-14
    1.44025e+03    3.86050e+03    2.58356e+02    1.83467e+03    2.58386e+03
     Coulomb-14        LJ (SR)  Disper. corr.   Coulomb (SR)   Coul. recip.
    7.70492e+03    2.36016e+04   -1.78272e+03   -2.11933e+05    1.23002e+03
      Potential    Kinetic En.   Total Energy  Conserved En.    Temperature
   -1.71202e+05    2.90769e+04   -1.42125e+05   -1.48908e+05    2.98544e+02
 Pres. DC (bar) Pressure (bar)   Constr. rmsd
   -2.63932e+02   -3.48338e+02    2.53698e-06


DD  step 30499  vol min/aver 0.801  load imb.: force  8.3%
           Step           Time
          30500       61.00000

   Energies (kJ/mol)
           Bond          Angle    Proper Dih. Ryckaert-Bell.          LJ-14
    1.51082e+03    3.73007e+03    2.42481e+02    1.82415e+03    2.62131e+03
     Coulomb-14        LJ (SR)  Disper. corr.   Coulomb (SR)   Coul. recip.
    7.91516e+03    2.34807e+04   -1.78272e+03   -2.12697e+05    1.19902e+03
      Potential    Kinetic En.   Total Energy  Conserved En.    Temperature
   -1.71956e+05    2.95377e+04   -1.42418e+05   -1.48909e+05    3.03275e+02
 Pres. DC (bar) Pressure (bar)   Constr. rmsd
   -2.63932e+02   -7.64536e+02    2.60470e-06


DD  load balancing is limited by minimum cell size in dimension Y
DD  step 30999  vol min/aver 0.939! load imb.: force  7.8%
           Step           Time
          31000       62.00000

   Energies (kJ/mol)
           Bond          Angle    Proper Dih. Ryckaert-Bell.          LJ-14
    1.61827e+03    3.74845e+03    2.59828e+02    1.84953e+03    2.59169e+03
     Coulomb-14        LJ (SR)  Disper. corr.   Coulomb (SR)   Coul. recip.
    7.85567e+03    2.30771e+04   -1.78272e+03   -2.11041e+05    1.19155e+03
      Potential    Kinetic En.   Total Energy  Conserved En.    Temperature
   -1.70632e+05    2.89005e+04   -1.41731e+05   -1.48903e+05    2.96733e+02
 Pres. DC (bar) Pressure (bar)   Constr. rmsd
   -2.63932e+02   -8.13485e+02    2.80396e-06


DD  load balancing is limited by minimum cell size in dimension Y
DD  step 31499  vol min/aver 0.869! load imb.: force  5.7%
           Step           Time
          31500       63.00000

   Energies (kJ/mol)
           Bond          Angle    Proper Dih. Ryckaert-Bell.          LJ-14
    1.41755e+03    3.80436e+03    2.52266e+02    1.82898e+03    2.64960e+03
     Coulomb-14        LJ (SR)  Disper. corr.   Coulomb (SR)   Coul. recip.
    7.77510e+03    2.31787e+04   -1.78272e+03   -2.11721e+05    1.09816e+03
      Potential    Kinetic En.   Total Energy  Conserved En.    Temperature
   -1.71499e+05    2.86892e+04   -1.42810e+05   -1.48907e+05    2.94563e+02
 Pres. DC (bar) Pressure (bar)   Constr. rmsd
   -2.63932e+02   -5.21277e+02    2.52220e-06


DD  step 31999  vol min/aver 0.879  load imb.: force 15.2%
           Step           Time
          32000       64.00000

   Energies (kJ/mol)
           Bond          Angle    Proper Dih. Ryckaert-Bell.          LJ-14
    1.54981e+03    3.89566e+03    2.63147e+02    1.92714e+03    2.62938e+03
     Coulomb-14        LJ (SR)  Disper. corr.   Coulomb (SR)   Coul. recip.
    7.81958e+03    2.39261e+04   -1.78272e+03   -2.12067e+05    1.15683e+03
      Potential    Kinetic En.   Total Energy  Conserved En.    Temperature
   -1.70682e+05    2.96538e+04   -1.41028e+05   -1.48894e+05    3.04468e+02
 Pres. DC (bar) Pressure (bar)   Constr. rmsd
   -2.63932e+02   -5.26429e+02    2.49576e-06


DD  step 32499  vol min/aver 0.879  load imb.: force  9.4%
           Step           Time
          32500       65.00000

   Energies (kJ/mol)
           Bond          Angle    Proper Dih. Ryckaert-Bell.          LJ-14
    1.49017e+03    3.77419e+03    2.62443e+02    1.88769e+03    2.61672e+03
     Coulomb-14        LJ (SR)  Disper. corr.   Coulomb (SR)   Coul. recip.
    7.78517e+03    2.35295e+04   -1.78272e+03   -2.11666e+05    1.18629e+03
      Potential    Kinetic En.   Total Energy  Conserved En.    Temperature
   -1.70916e+05    2.93453e+04   -1.41571e+05   -1.48907e+05    3.01300e+02
 Pres. DC (bar) Pressure (bar)   Constr. rmsd
   -2.63932e+02   -5.56006e+02    2.39750e-06


DD  step 32999  vol min/aver 0.874  load imb.: force 18.0%
           Step           Time
          33000       66.00000

   Energies (kJ/mol)
           Bond          Angle    Proper Dih. Ryckaert-Bell.          LJ-14
    1.47188e+03    3.80324e+03    2.31740e+02    1.88346e+03    2.61373e+03
     Coulomb-14        LJ (SR)  Disper. corr.   Coulomb (SR)   Coul. recip.
    7.79397e+03    2.37550e+04   -1.78272e+03   -2.12412e+05    1.11517e+03
      Potential    Kinetic En.   Total Energy  Conserved En.    Temperature
   -1.71527e+05    2.92236e+04   -1.42303e+05   -1.48884e+05    3.00051e+02
 Pres. DC (bar) Pressure (bar)   Constr. rmsd
   -2.63932e+02   -6.03381e+02    2.72511e-06


DD  step 33499  vol min/aver 0.803  load imb.: force 13.1%
           Step           Time
          33500       67.00000

   Energies (kJ/mol)
           Bond          Angle    Proper Dih. Ryckaert-Bell.          LJ-14
    1.58017e+03    3.62856e+03    3.05182e+02    1.93651e+03    2.68291e+03
     Coulomb-14        LJ (SR)  Disper. corr.   Coulomb (SR)   Coul. recip.
    7.83557e+03    2.40595e+04   -1.78272e+03   -2.12400e+05    1.17677e+03
      Potential    Kinetic En.   Total Energy  Conserved En.    Temperature
   -1.70978e+05    2.92593e+04   -1.41719e+05   -1.48895e+05    3.00417e+02
 Pres. DC (bar) Pressure (bar)   Constr. rmsd
   -2.63932e+02   -3.37585e+02    2.57394e-06


DD  step 33999  vol min/aver 0.837  load imb.: force 19.0%
           Step           Time
          34000       68.00000

   Energies (kJ/mol)
           Bond          Angle    Proper Dih. Ryckaert-Bell.          LJ-14
    1.54446e+03    3.91996e+03    2.82550e+02    1.87307e+03    2.60268e+03
     Coulomb-14        LJ (SR)  Disper. corr.   Coulomb (SR)   Coul. recip.
    7.90485e+03    2.33245e+04   -1.78272e+03   -2.12119e+05    1.12895e+03
      Potential    Kinetic En.   Total Energy  Conserved En.    Temperature
   -1.71320e+05    2.91397e+04   -1.42181e+05   -1.48878e+05    2.99189e+02
 Pres. DC (bar) Pressure (bar)   Constr. rmsd
   -2.63932e+02   -9.51508e+02    2.45240e-06


DD  step 34499  vol min/aver 0.803  load imb.: force  7.6%
           Step           Time
          34500       69.00000

   Energies (kJ/mol)
           Bond          Angle    Proper Dih. Ryckaert-Bell.          LJ-14
    1.39029e+03    3.63320e+03    2.73940e+02    1.89797e+03    2.68597e+03
     Coulomb-14        LJ (SR)  Disper. corr.   Coulomb (SR)   Coul. recip.
    7.78132e+03    2.34171e+04   -1.78272e+03   -2.12154e+05    1.18305e+03
      Potential    Kinetic En.   Total Energy  Conserved En.    Temperature
   -1.71674e+05    2.90127e+04   -1.42661e+05   -1.48889e+05    2.97885e+02
 Pres. DC (bar) Pressure (bar)   Constr. rmsd
   -2.63932e+02   -1.72614e+02    2.73457e-06


DD  step 34999  vol min/aver 0.813  load imb.: force 13.2%
           Step           Time
          35000       70.00000

   Energies (kJ/mol)
           Bond          Angle    Proper Dih. Ryckaert-Bell.          LJ-14
    1.54574e+03    3.59714e+03    2.66909e+02    1.81322e+03    2.65705e+03
     Coulomb-14        LJ (SR)  Disper. corr.   Coulomb (SR)   Coul. recip.
    7.82065e+03    2.39873e+04   -1.78272e+03   -2.13084e+05    1.16990e+03
      Potential    Kinetic En.   Total Energy  Conserved En.    Temperature
   -1.72009e+05    2.89373e+04   -1.43072e+05   -1.48884e+05    2.97111e+02
 Pres. DC (bar) Pressure (bar)   Constr. rmsd
   -2.63932e+02   -6.49763e+02    3.17679e-06


DD  load balancing is limited by minimum cell size in dimension Y
DD  step 35499  vol min/aver 0.863! load imb.: force 11.2%
           Step           Time
          35500       71.00000

   Energies (kJ/mol)
           Bond          Angle    Proper Dih. Ryckaert-Bell.          LJ-14
    1.51160e+03    3.73138e+03    2.40360e+02    1.73472e+03    2.64880e+03
     Coulomb-14        LJ (SR)  Disper. corr.   Coulomb (SR)   Coul. recip.
    7.77288e+03    2.34515e+04   -1.78272e+03   -2.11761e+05    1.19598e+03
      Potential    Kinetic En.   Total Energy  Conserved En.    Temperature
   -1.71256e+05    2.91224e+04   -1.42134e+05   -1.48884e+05    2.99012e+02
 Pres. DC (bar) Pressure (bar)   Constr. rmsd
   -2.63932e+02   -6.46247e+02    2.79516e-06


DD  step 35999  vol min/aver 0.830  load imb.: force 17.3%
           Step           Time
          36000       72.00000

   Energies (kJ/mol)
           Bond          Angle    Proper Dih. Ryckaert-Bell.          LJ-14
    1.56760e+03    3.69149e+03    2.25578e+02    1.85983e+03    2.65598e+03
     Coulomb-14        LJ (SR)  Disper. corr.   Coulomb (SR)   Coul. recip.
    7.79159e+03    2.39024e+04   -1.78272e+03   -2.12384e+05    1.18395e+03
      Potential    Kinetic En.   Total Energy  Conserved En.    Temperature
   -1.71289e+05    2.96200e+04   -1.41669e+05   -1.48898e+05    3.04121e+02
 Pres. DC (bar) Pressure (bar)   Constr. rmsd
   -2.63932e+02   -2.90777e+02    2.57450e-06


DD  step 36499  vol min/aver 0.865  load imb.: force 12.9%
           Step           Time
          36500       73.00000

   Energies (kJ/mol)
           Bond          Angle    Proper Dih. Ryckaert-Bell.          LJ-14
    1.43123e+03    3.71805e+03    2.37082e+02    1.82467e+03    2.71616e+03
     Coulomb-14        LJ (SR)  Disper. corr.   Coulomb (SR)   Coul. recip.
    7.79353e+03    2.37438e+04   -1.78272e+03   -2.12012e+05    1.18015e+03
      Potential    Kinetic En.   Total Energy  Conserved En.    Temperature
   -1.71150e+05    2.93943e+04   -1.41756e+05   -1.48890e+05    3.01803e+02
 Pres. DC (bar) Pressure (bar)   Constr. rmsd
   -2.63932e+02   -1.46028e+02    2.59180e-06


DD  step 36999  vol min/aver 0.799  load imb.: force 27.0%
           Step           Time
          37000       74.00000

   Energies (kJ/mol)
           Bond          Angle    Proper Dih. Ryckaert-Bell.          LJ-14
    1.49650e+03    3.84754e+03    2.60098e+02    1.80920e+03    2.62677e+03
     Coulomb-14        LJ (SR)  Disper. corr.   Coulomb (SR)   Coul. recip.
    7.84023e+03    2.39326e+04   -1.78272e+03   -2.12920e+05    1.14587e+03
      Potential    Kinetic En.   Total Energy  Conserved En.    Temperature
   -1.71744e+05    2.95506e+04   -1.42193e+05   -1.48875e+05    3.03408e+02
 Pres. DC (bar) Pressure (bar)   Constr. rmsd
   -2.63932e+02   -3.99576e+02    2.20279e-06


DD  step 37499  vol min/aver 0.873  load imb.: force 12.6%
           Step           Time
          37500       75.00000

   Energies (kJ/mol)
           Bond          Angle    Proper Dih. Ryckaert-Bell.          LJ-14
    1.56915e+03    3.70219e+03    2.53943e+02    1.83513e+03    2.58665e+03
     Coulomb-14        LJ (SR)  Disper. corr.   Coulomb (SR)   Coul. recip.
    7.80132e+03    2.39630e+04   -1.78272e+03   -2.12907e+05    1.15626e+03
      Potential    Kinetic En.   Total Energy  Conserved En.    Temperature
   -1.71823e+05    2.96526e+04   -1.42170e+05   -1.48878e+05    3.04456e+02
 Pres. DC (bar) Pressure (bar)   Constr. rmsd
   -2.63932e+02   -8.22059e+02    2.80451e-06


DD  step 37999  vol min/aver 0.800  load imb.: force 54.6%
           Step           Time
          38000       76.00000

   Energies (kJ/mol)
           Bond          Angle    Proper Dih. Ryckaert-Bell.          LJ-14
    1.48683e+03    3.76035e+03    3.03596e+02    1.80979e+03    2.66014e+03
     Coulomb-14        LJ (SR)  Disper. corr.   Coulomb (SR)   Coul. recip.
    7.93282e+03    2.29070e+04   -1.78272e+03   -2.11361e+05    1.15197e+03
      Potential    Kinetic En.   Total Energy  Conserved En.    Temperature
   -1.71132e+05    2.94308e+04   -1.41701e+05   -1.48884e+05    3.02178e+02
 Pres. DC (bar) Pressure (bar)   Constr. rmsd
   -2.63932e+02   -8.86312e+02    2.90551e-06


DD  step 38499  vol min/aver 0.856  load imb.: force  9.0%
           Step           Time
          38500       77.00000

   Energies (kJ/mol)
           Bond          Angle    Proper Dih. Ryckaert-Bell.          LJ-14
    1.51503e+03    3.77897e+03    2.72067e+02    1.94061e+03    2.60165e+03
     Coulomb-14        LJ (SR)  Disper. corr.   Coulomb (SR)   Coul. recip.
    7.92806e+03    2.39004e+04   -1.78272e+03   -2.12291e+05    1.16701e+03
      Potential    Kinetic En.   Total Energy  Conserved En.    Temperature
   -1.70970e+05    2.93128e+04   -1.41658e+05   -1.48884e+05    3.00966e+02
 Pres. DC (bar) Pressure (bar)   Constr. rmsd
   -2.63932e+02   -3.94945e+02    2.70996e-06


DD  load balancing is limited by minimum cell size in dimension Y
DD  step 38999  vol min/aver 0.884! load imb.: force 43.0%
           Step           Time
          39000       78.00000

   Energies (kJ/mol)
           Bond          Angle    Proper Dih. Ryckaert-Bell.          LJ-14
    1.39046e+03    3.77644e+03    2.60594e+02    1.92913e+03    2.68199e+03
     Coulomb-14        LJ (SR)  Disper. corr.   Coulomb (SR)   Coul. recip.
    7.84085e+03    2.35055e+04   -1.78272e+03   -2.12008e+05    1.19083e+03
      Potential    Kinetic En.   Total Energy  Conserved En.    Temperature
   -1.71215e+05    2.88226e+04   -1.42392e+05   -1.48869e+05    2.95934e+02
 Pres. DC (bar) Pressure (bar)   Constr. rmsd
   -2.63932e+02   -1.41593e+02    2.27306e-06


DD  step 39499  vol min/aver 0.804  load imb.: force 22.3%
           Step           Time
          39500       79.00000

   Energies (kJ/mol)
           Bond          Angle    Proper Dih. Ryckaert-Bell.          LJ-14
    1.50284e+03    3.66536e+03    2.65743e+02    1.90463e+03    2.72939e+03
     Coulomb-14        LJ (SR)  Disper. corr.   Coulomb (SR)   Coul. recip.
    7.92434e+03    2.28885e+04   -1.78272e+03   -2.11492e+05    1.10643e+03
      Potential    Kinetic En.   Total Energy  Conserved En.    Temperature
   -1.71287e+05    2.92842e+04   -1.42003e+05   -1.48873e+05    3.00673e+02
 Pres. DC (bar) Pressure (bar)   Constr. rmsd
   -2.63932e+02   -8.88772e+02    2.68528e-06


DD  step 39999  vol min/aver 0.884  load imb.: force 12.9%
           Step           Time
          40000       80.00000

   Energies (kJ/mol)
           Bond          Angle    Proper Dih. Ryckaert-Bell.          LJ-14
    1.40775e+03    3.86389e+03    2.52631e+02    1.94077e+03    2.61136e+03
     Coulomb-14        LJ (SR)  Disper. corr.   Coulomb (SR)   Coul. recip.
    7.87700e+03    2.30498e+04   -1.78272e+03   -2.11753e+05    1.19163e+03
      Potential    Kinetic En.   Total Energy  Conserved En.    Temperature
   -1.71341e+05    2.91313e+04   -1.42210e+05   -1.48874e+05    2.99103e+02
 Pres. DC (bar) Pressure (bar)   Constr. rmsd
   -2.63932e+02   -5.72931e+02    3.08468e-06


DD  load balancing is limited by minimum cell size in dimension Y
DD  step 40499  vol min/aver 0.860! load imb.: force 20.6%
           Step           Time
          40500       81.00000

   Energies (kJ/mol)
           Bond          Angle    Proper Dih. Ryckaert-Bell.          LJ-14
    1.46655e+03    3.80003e+03    2.42721e+02    1.90435e+03    2.57507e+03
     Coulomb-14        LJ (SR)  Disper. corr.   Coulomb (SR)   Coul. recip.
    7.86075e+03    2.33849e+04   -1.78272e+03   -2.12687e+05    1.17513e+03
      Potential    Kinetic En.   Total Energy  Conserved En.    Temperature
   -1.72061e+05    2.87568e+04   -1.43304e+05   -1.48875e+05    2.95258e+02
 Pres. DC (bar) Pressure (bar)   Constr. rmsd
   -2.63932e+02   -1.17085e+03    2.74022e-06


DD  step 40999  vol min/aver 0.762  load imb.: force 35.4%
           Step           Time
          41000       82.00000

   Energies (kJ/mol)
           Bond          Angle    Proper Dih. Ryckaert-Bell.          LJ-14
    1.50156e+03    3.74636e+03    2.41752e+02    1.84544e+03    2.64360e+03
     Coulomb-14        LJ (SR)  Disper. corr.   Coulomb (SR)   Coul. recip.
    7.88986e+03    2.43951e+04   -1.78272e+03   -2.12790e+05    1.20047e+03
      Potential    Kinetic En.   Total Energy  Conserved En.    Temperature
   -1.71109e+05    2.88024e+04   -1.42306e+05   -1.48862e+05    2.95726e+02
 Pres. DC (bar) Pressure (bar)   Constr. rmsd
   -2.63932e+02   -1.48521e+02    2.48517e-06


DD  load balancing is limited by minimum cell size in dimension Y
DD  step 41499  vol min/aver 0.901! load imb.: force 55.6%
           Step           Time
          41500       83.00000

   Energies (kJ/mol)
           Bond          Angle    Proper Dih. Ryckaert-Bell.          LJ-14
    1.50233e+03    3.81678e+03    2.86612e+02    1.81378e+03    2.67014e+03
     Coulomb-14        LJ (SR)  Disper. corr.   Coulomb (SR)   Coul. recip.
    7.77172e+03    2.31850e+04   -1.78272e+03   -2.11467e+05    1.13663e+03
      Potential    Kinetic En.   Total Energy  Conserved En.    Temperature
   -1.71067e+05    2.92600e+04   -1.41807e+05   -1.48861e+05    3.00424e+02
 Pres. DC (bar) Pressure (bar)   Constr. rmsd
   -2.63932e+02   -5.24932e+02    2.87438e-06


DD  step 41999  vol min/aver 0.940  load imb.: force 13.7%
           Step           Time
          42000       84.00000

   Energies (kJ/mol)
           Bond          Angle    Proper Dih. Ryckaert-Bell.          LJ-14
    1.46307e+03    3.73725e+03    2.33221e+02    1.85853e+03    2.66343e+03
     Coulomb-14        LJ (SR)  Disper. corr.   Coulomb (SR)   Coul. recip.
    7.87129e+03    2.35891e+04   -1.78272e+03   -2.11809e+05    1.17584e+03
      Potential    Kinetic En.   Total Energy  Conserved En.    Temperature
   -1.71000e+05    2.89548e+04   -1.42045e+05   -1.48862e+05    2.97290e+02
 Pres. DC (bar) Pressure (bar)   Constr. rmsd
   -2.63932e+02   -3.04022e+02    2.85172e-06


DD  step 42499  vol min/aver 0.920  load imb.: force 28.4%
           Step           Time
          42500       85.00000

   Energies (kJ/mol)
           Bond          Angle    Proper Dih. Ryckaert-Bell.          LJ-14
    1.51923e+03    3.61661e+03    2.43098e+02    1.88340e+03    2.70245e+03
     Coulomb-14        LJ (SR)  Disper. corr.   Coulomb (SR)   Coul. recip.
    7.80045e+03    2.26931e+04   -1.78272e+03   -2.10409e+05    1.16470e+03
      Potential    Kinetic En.   Total Energy  Conserved En.    Temperature
   -1.70569e+05    2.92057e+04   -1.41363e+05   -1.48862e+05    2.99866e+02
 Pres. DC (bar) Pressure (bar)   Constr. rmsd
   -2.63932e+02   -6.88784e+02    2.70380e-06


DD  step 42999  vol min/aver 0.800  load imb.: force 14.3%
           Step           Time
          43000       86.00000

   Energies (kJ/mol)
           Bond          Angle    Proper Dih. Ryckaert-Bell.          LJ-14
    1.38010e+03    3.77203e+03    2.59148e+02    1.86998e+03    2.68618e+03
     Coulomb-14        LJ (SR)  Disper. corr.   Coulomb (SR)   Coul. recip.
    7.77566e+03    2.33610e+04   -1.78272e+03   -2.11460e+05    1.16031e+03
      Potential    Kinetic En.   Total Energy  Conserved En.    Temperature
   -1.70978e+05    2.93578e+04   -1.41620e+05   -1.48864e+05    3.01428e+02
 Pres. DC (bar) Pressure (bar)   Constr. rmsd
   -2.63932e+02   -2.30952e+02    3.04748e-06


DD  step 43499  vol min/aver 0.838  load imb.: force 20.8%
           Step           Time
          43500       87.00000

   Energies (kJ/mol)
           Bond          Angle    Proper Dih. Ryckaert-Bell.          LJ-14
    1.52526e+03    3.73960e+03    2.51870e+02    1.90357e+03    2.59995e+03
     Coulomb-14        LJ (SR)  Disper. corr.   Coulomb (SR)   Coul. recip.
    7.82165e+03    2.34001e+04   -1.78272e+03   -2.11514e+05    1.14241e+03
      Potential    Kinetic En.   Total Energy  Conserved En.    Temperature
   -1.70913e+05    2.95945e+04   -1.41318e+05   -1.48867e+05    3.03858e+02
 Pres. DC (bar) Pressure (bar)   Constr. rmsd
   -2.63932e+02   -5.80610e+02    2.82937e-06


DD  step 43999  vol min/aver 0.862  load imb.: force 34.8%
           Step           Time
          44000       88.00000

   Energies (kJ/mol)
           Bond          Angle    Proper Dih. Ryckaert-Bell.          LJ-14
    1.46730e+03    3.94023e+03    2.31781e+02    1.84400e+03    2.69691e+03
     Coulomb-14        LJ (SR)  Disper. corr.   Coulomb (SR)   Coul. recip.
    8.03225e+03    2.32954e+04   -1.78272e+03   -2.11650e+05    1.22328e+03
      Potential    Kinetic En.   Total Energy  Conserved En.    Temperature
   -1.70702e+05    3.03229e+04   -1.40379e+05   -1.48878e+05    3.11338e+02
 Pres. DC (bar) Pressure (bar)   Constr. rmsd
   -2.63932e+02   -3.44015e+02    2.98109e-06


DD  step 44499  vol min/aver 0.896  load imb.: force 13.2%
           Step           Time
          44500       89.00000

   Energies (kJ/mol)
           Bond          Angle    Proper Dih. Ryckaert-Bell.          LJ-14
    1.61337e+03    3.69952e+03    2.79611e+02    1.85293e+03    2.64498e+03
     Coulomb-14        LJ (SR)  Disper. corr.   Coulomb (SR)   Coul. recip.
    7.80646e+03    2.39955e+04   -1.78272e+03   -2.12357e+05    1.10820e+03
      Potential    Kinetic En.   Total Energy  Conserved En.    Temperature
   -1.71139e+05    2.96978e+04   -1.41441e+05   -1.48853e+05    3.04920e+02
 Pres. DC (bar) Pressure (bar)   Constr. rmsd
   -2.63932e+02   -2.78200e+02    2.60460e-06


DD  load balancing is limited by minimum cell size in dimension Y
DD  step 44999  vol min/aver 0.777! load imb.: force 12.3%
           Step           Time
          45000       90.00000

   Energies (kJ/mol)
           Bond          Angle    Proper Dih. Ryckaert-Bell.          LJ-14
    1.45576e+03    3.66222e+03    2.66302e+02    1.86312e+03    2.65776e+03
     Coulomb-14        LJ (SR)  Disper. corr.   Coulomb (SR)   Coul. recip.
    7.82054e+03    2.37526e+04   -1.78272e+03   -2.12545e+05    1.16421e+03
      Potential    Kinetic En.   Total Energy  Conserved En.    Temperature
   -1.71686e+05    2.91281e+04   -1.42558e+05   -1.48858e+05    2.99070e+02
 Pres. DC (bar) Pressure (bar)   Constr. rmsd
   -2.63932e+02   -4.48726e+02    2.99210e-06


DD  step 45499  vol min/aver 0.884  load imb.: force 23.7%
           Step           Time
          45500       91.00000

   Energies (kJ/mol)
           Bond          Angle    Proper Dih. Ryckaert-Bell.          LJ-14
    1.48265e+03    3.72976e+03    2.79156e+02    1.89478e+03    2.62143e+03
     Coulomb-14        LJ (SR)  Disper. corr.   Coulomb (SR)   Coul. recip.
    7.80294e+03    2.38694e+04   -1.78272e+03   -2.12891e+05    1.15264e+03
      Potential    Kinetic En.   Total Energy  Conserved En.    Temperature
   -1.71841e+05    2.90123e+04   -1.42828e+05   -1.48852e+05    2.97881e+02
 Pres. DC (bar) Pressure (bar)   Constr. rmsd
   -2.63932e+02   -5.69359e+02    2.75994e-06


DD  step 45999  vol min/aver 0.845  load imb.: force 26.2%
           Step           Time
          46000       92.00000

   Energies (kJ/mol)
           Bond          Angle    Proper Dih. Ryckaert-Bell.          LJ-14
    1.42446e+03    3.72095e+03    2.68609e+02    1.84907e+03    2.74366e+03
     Coulomb-14        LJ (SR)  Disper. corr.   Coulomb (SR)   Coul. recip.
    7.87399e+03    2.39685e+04   -1.78272e+03   -2.12321e+05    1.18251e+03
      Potential    Kinetic En.   Total Energy  Conserved En.    Temperature
   -1.71072e+05    2.91028e+04   -1.41969e+05   -1.48850e+05    2.98811e+02
 Pres. DC (bar) Pressure (bar)   Constr. rmsd
   -2.63932e+02    1.23494e+01    2.40770e-06


DD  step 46499  vol min/aver 0.908  load imb.: force 13.0%
           Step           Time
          46500       93.00000

   Energies (kJ/mol)
           Bond          Angle    Proper Dih. Ryckaert-Bell.          LJ-14
    1.48081e+03    3.71929e+03    2.66902e+02    1.91324e+03    2.64299e+03
     Coulomb-14        LJ (SR)  Disper. corr.   Coulomb (SR)   Coul. recip.
    7.85111e+03    2.34104e+04   -1.78272e+03   -2.12243e+05    1.16015e+03
      Potential    Kinetic En.   Total Energy  Conserved En.    Temperature
   -1.71581e+05    2.94969e+04   -1.42084e+05   -1.48852e+05    3.02856e+02
 Pres. DC (bar) Pressure (bar)   Constr. rmsd
   -2.63932e+02   -7.68727e+02    2.51382e-06


DD  load balancing is limited by minimum cell size in dimension Y
DD  step 46999  vol min/aver 0.896! load imb.: force 14.2%
           Step           Time
          47000       94.00000

   Energies (kJ/mol)
           Bond          Angle    Proper Dih. Ryckaert-Bell.          LJ-14
    1.50513e+03    3.79088e+03    2.53167e+02    1.95120e+03    2.66967e+03
     Coulomb-14        LJ (SR)  Disper. corr.   Coulomb (SR)   Coul. recip.
    7.88983e+03    2.37674e+04   -1.78272e+03   -2.12007e+05    1.17705e+03
      Potential    Kinetic En.   Total Energy  Conserved En.    Temperature
   -1.70785e+05    2.95781e+04   -1.41207e+05   -1.48843e+05    3.03690e+02
 Pres. DC (bar) Pressure (bar)   Constr. rmsd
   -2.63932e+02   -4.57768e+02    3.09788e-06


DD  step 47499  vol min/aver 0.831  load imb.: force 19.5%
           Step           Time
          47500       95.00000

   Energies (kJ/mol)
           Bond          Angle    Proper Dih. Ryckaert-Bell.          LJ-14
    1.50794e+03    3.56414e+03    2.78246e+02    1.89649e+03    2.69301e+03
     Coulomb-14        LJ (SR)  Disper. corr.   Coulomb (SR)   Coul. recip.
    7.87321e+03    2.40305e+04   -1.78272e+03   -2.12787e+05    1.21345e+03
      Potential    Kinetic En.   Total Energy  Conserved En.    Temperature
   -1.71513e+05    2.90636e+04   -1.42449e+05   -1.48848e+05    2.98408e+02
 Pres. DC (bar) Pressure (bar)   Constr. rmsd
   -2.63932e+02   -4.54325e+02    2.66137e-06


DD  step 47999  vol min/aver 0.813  load imb.: force 28.3%
           Step           Time
          48000       96.00000

   Energies (kJ/mol)
           Bond          Angle    Proper Dih. Ryckaert-Bell.          LJ-14
    1.43413e+03    3.92786e+03    2.34954e+02    1.82110e+03    2.53850e+03
     Coulomb-14        LJ (SR)  Disper. corr.   Coulomb (SR)   Coul. recip.
    7.84406e+03    2.39819e+04   -1.78272e+03   -2.12462e+05    1.11982e+03
      Potential    Kinetic En.   Total Energy  Conserved En.    Temperature
   -1.71343e+05    2.90194e+04   -1.42323e+05   -1.48846e+05    2.97954e+02
 Pres. DC (bar) Pressure (bar)   Constr. rmsd
   -2.63932e+02   -5.18150e+02    2.33548e-06


DD  step 48499  vol min/aver 0.857  load imb.: force  7.3%
           Step           Time
          48500       97.00000

   Energies (kJ/mol)
           Bond          Angle    Proper Dih. Ryckaert-Bell.          LJ-14
    1.39396e+03    3.76834e+03    2.72526e+02    1.89100e+03    2.72786e+03
     Coulomb-14        LJ (SR)  Disper. corr.   Coulomb (SR)   Coul. recip.
    7.95512e+03    2.42234e+04   -1.78272e+03   -2.12823e+05    1.18087e+03
      Potential    Kinetic En.   Total Energy  Conserved En.    Temperature
   -1.71192e+05    2.93566e+04   -1.41836e+05   -1.48843e+05    3.01416e+02
 Pres. DC (bar) Pressure (bar)   Constr. rmsd
   -2.63932e+02    1.37135e+02    2.69082e-06


DD  step 48999  vol min/aver 0.806  load imb.: force 31.5%
           Step           Time
          49000       98.00000

   Energies (kJ/mol)
           Bond          Angle    Proper Dih. Ryckaert-Bell.          LJ-14
    1.56578e+03    3.54857e+03    3.08689e+02    2.00364e+03    2.61281e+03
     Coulomb-14        LJ (SR)  Disper. corr.   Coulomb (SR)   Coul. recip.
    7.87135e+03    2.36824e+04   -1.78272e+03   -2.12694e+05    1.14408e+03
      Potential    Kinetic En.   Total Energy  Conserved En.    Temperature
   -1.71739e+05    2.94660e+04   -1.42273e+05   -1.48844e+05    3.02539e+02
 Pres. DC (bar) Pressure (bar)   Constr. rmsd
   -2.63932e+02   -1.35943e+03    3.01683e-06


DD  step 49499  vol min/aver 0.870  load imb.: force  8.0%
           Step           Time
          49500       99.00000

   Energies (kJ/mol)
           Bond          Angle    Proper Dih. Ryckaert-Bell.          LJ-14
    1.48581e+03    3.64616e+03    2.35512e+02    1.85273e+03    2.62506e+03
     Coulomb-14        LJ (SR)  Disper. corr.   Coulomb (SR)   Coul. recip.
    7.80364e+03    2.33840e+04   -1.78272e+03   -2.11987e+05    1.12076e+03
      Potential    Kinetic En.   Total Energy  Conserved En.    Temperature
   -1.71616e+05    2.86809e+04   -1.42935e+05   -1.48839e+05    2.94478e+02
 Pres. DC (bar) Pressure (bar)   Constr. rmsd
   -2.63932e+02   -6.24991e+02    2.77677e-06


DD  step 49999  vol min/aver 0.889  load imb.: force 20.1%
           Step           Time
          50000      100.00000

Writing checkpoint, step 50000 at Mon Mar 14 15:22:07 2022


   Energies (kJ/mol)
           Bond          Angle    Proper Dih. Ryckaert-Bell.          LJ-14
    1.42414e+03    3.67283e+03    2.44672e+02    1.84191e+03    2.60560e+03
     Coulomb-14        LJ (SR)  Disper. corr.   Coulomb (SR)   Coul. recip.
    7.85510e+03    2.40431e+04   -1.78272e+03   -2.12319e+05    1.08834e+03
      Potential    Kinetic En.   Total Energy  Conserved En.    Temperature
   -1.71326e+05    2.94499e+04   -1.41877e+05   -1.48861e+05    3.02374e+02
 Pres. DC (bar) Pressure (bar)   Constr. rmsd
   -2.63932e+02   -4.40115e+02    2.94865e-06


Energy conservation over simulation part #1 of length 100 ns, time 0 to 100 ns
  Conserved energy drift: 5.37e-04 kJ/mol/ps per atom


	<======  ###############  ==>
	<====  A V E R A G E S  ====>
	<==  ###############  ======>

	Statistics over 50001 steps using 501 frames

   Energies (kJ/mol)
           Bond          Angle    Proper Dih. Ryckaert-Bell.          LJ-14
    1.46768e+03    3.75653e+03    2.52219e+02    1.87283e+03    2.64460e+03
     Coulomb-14        LJ (SR)  Disper. corr.   Coulomb (SR)   Coul. recip.
    7.81740e+03    2.35696e+04   -1.78272e+03   -2.11990e+05    1.16378e+03
      Potential    Kinetic En.   Total Energy  Conserved En.    Temperature
   -1.71228e+05    2.92272e+04   -1.42001e+05   -1.48932e+05    3.00088e+02
 Pres. DC (bar) Pressure (bar)   Constr. rmsd
   -2.63932e+02   -5.17524e+02    0.00000e+00

   Total Virial (kJ/mol)
    1.14793e+04   -2.19902e+00    6.39888e+01
   -2.37642e+00    1.15907e+04    1.01967e+01
    6.39422e+01    1.02538e+01    1.14069e+04

   Pressure (bar)
   -5.06992e+02   -1.00251e+00   -2.13772e+01
   -9.50046e-01   -5.46490e+02   -7.72901e+00
   -2.13634e+01   -7.74591e+00   -4.99091e+02

      T-Protein  T-non-Protein
    2.99870e+02    3.00145e+02


	M E G A - F L O P S   A C C O U N T I N G

 NB=Group-cutoff nonbonded kernels    NxN=N-by-N cluster Verlet kernels
 RF=Reaction-Field  VdW=Van der Waals  QSTab=quadratic-spline table
 W3=SPC/TIP3p  W4=TIP4p (single or pairs)
 V&F=Potential and force  V=Potential only  F=Force only

 Computing:                               M-Number         M-Flops  % Flops
-----------------------------------------------------------------------------
 Pair Search distance check            3988.590604       35897.315     0.2
 NxN Ewald Elec. + LJ [F]            162587.414224    10730769.339    55.9
 NxN Ewald Elec. + LJ [V&F]            1645.365544      176054.113     0.9
 NxN Ewald Elec. [F]                 118426.829520     7224036.601    37.6
 NxN Ewald Elec. [V&F]                 1198.657544      100687.234     0.5
 1,4 nonbonded interactions             255.305106       22977.460     0.1
 Calc Weights                          1681.683633       60540.611     0.3
 Spread Q Bspline                     35875.917504       71751.835     0.4
 Gather F Bspline                     35875.917504      215255.505     1.1
 3D-FFT                               48311.666214      386493.330     2.0
 Solve PME                              288.005760       18432.369     0.1
 Reset In Box                            11.199789          33.599     0.0
 CG-CoM                                  11.233422          33.700     0.0
 Bonds                                   51.251025        3023.810     0.0
 Angles                                 177.353547       29795.396     0.2
 Propers                                 21.300426        4877.798     0.0
 RB-Dihedrals                           197.503950       48783.476     0.3
 Virial                                   5.842161         105.159     0.0
 Stop-CM                                  5.627922          56.279     0.0
 Calc-Ekin                              112.132422        3027.575     0.0
 Lincs                                   47.952877        2877.173     0.0
 Lincs-Mat                              238.814328         955.257     0.0
 Constraint-V                           558.072322        5022.651     0.0
 Constraint-Vir                           5.111202         122.669     0.0
 Settle                                 154.059243       57001.920     0.3
-----------------------------------------------------------------------------
 Total                                                19198612.173   100.0
-----------------------------------------------------------------------------


    D O M A I N   D E C O M P O S I T I O N   S T A T I S T I C S

 av. #atoms communicated per step for force:  2 x 23969.5


Dynamic load balancing report:
 DLB was turned on during the run due to measured imbalance.
 Average load imbalance: 19.9%.
 The balanceable part of the MD step is 29%, load imbalance is computed from this.
 Part of the total run time spent waiting due to load imbalance: 5.8%.
 Steps where the load balancing was limited by -rdd, -rcon and/or -dds: X 0 % Y 0 %

NOTE: 5.8 % of the available CPU time was lost due to load imbalance
      in the domain decomposition.
      You can consider manually changing the decomposition (option -dd);
      e.g. by using fewer domains along the box dimension in which there is
      considerable inhomogeneity in the simulated system.

     R E A L   C Y C L E   A N D   T I M E   A C C O U N T I N G

On 10 MPI ranks

 Computing:          Num   Num      Call    Wall time         Giga-Cycles
                     Ranks Threads  Count      (s)         total sum    %
-----------------------------------------------------------------------------
 Domain decomp.        10    1       1001       1.373          0.329   0.6
 DD comm. load         10    1        860       0.025          0.006   0.0
 DD comm. bounds       10    1        719       0.124          0.030   0.1
 Neighbor search       10    1       1001       1.812          0.435   0.8
 Comm. coord.          10    1      49000       4.549          1.092   2.1
 Force                 10    1      50001      58.960         14.150  26.9
 Wait + Comm. F        10    1      50001       2.811          0.675   1.3
 PME mesh              10    1      50001     145.891         35.014  66.6
 NB X/F buffer ops.    10    1     148001       0.719          0.173   0.3
 Write traj.           10    1        101       0.064          0.015   0.0
 Update                10    1      50001       0.310          0.074   0.1
 Constraints           10    1      50003       1.061          0.255   0.5
 Comm. energies        10    1       5001       0.940          0.226   0.4
 Rest                                           0.255          0.061   0.1
-----------------------------------------------------------------------------
 Total                                        218.896         52.535 100.0
-----------------------------------------------------------------------------
 Breakdown of PME mesh computation
-----------------------------------------------------------------------------
 PME redist. X/F       10    1     100002     118.875         28.530  54.3
 PME spread            10    1      50001       8.461          2.031   3.9
 PME gather            10    1      50001       4.523          1.085   2.1
 PME 3D-FFT            10    1     100002       2.436          0.585   1.1
 PME 3D-FFT Comm.      10    1     200004      11.107          2.666   5.1
 PME solve Elec        10    1      50001       0.458          0.110   0.2
-----------------------------------------------------------------------------

               Core t (s)   Wall t (s)        (%)
       Time:     2188.951      218.896     1000.0
                 (ns/day)    (hour/ns)
Performance:       39.472        0.608
Finished mdrun on rank 0 Mon Mar 14 15:22:07 2022

