                 :-) GROMACS - gmx mdrun, 2022-conda_forge (-:

Copyright 1991-2022 The GROMACS Authors.
GROMACS is free software; you can redistribute it and/or modify it
under the terms of the GNU Lesser General Public License
as published by the Free Software Foundation; either version 2.1
of the License, or (at your option) any later version.

                         Current GROMACS contributors:
       Mark Abraham           Andrey Alekseenko           Cathrine Bergh      
      Christian Blau            Eliane Briand               Kevin Boyd        
     Oliver Fleetwood         Stefan Fleischmann           Vytas Gapsys       
       Gaurav Garg           Gilles Gouaillardet            Alan Gray         
      Victor Holanda           M. Eric Irrgang              Joe Jordan        
    Christoph Junghans        Prashanth Kanduri           Sebastian Kehl      
     Sebastian Keller          Carsten Kutzner           Magnus Lundborg      
       Pascal Merz              Dmitry Morozov             Szilard Pall       
      Roland Schulz             Michael Shirts         David van der Spoel    
     Alessandra Villa      Sebastian Wingbermuehle        Artem Zhmurov       

                         Previous GROMACS contributors:
        Emile Apol             Rossen Apostolov           James Barnett       
  Herman J.C. Berendsen          Par Bjelkmar           Viacheslav Bolnykh    
    Aldert van Buuren          Carlo Camilloni           Rudi van Drunen      
      Anton Feenstra           Gerrit Groenhof            Bert de Groot       
      Anca Hamuraru           Vincent Hindriksen         Aleksei Iupinov      
   Dimitrios Karkoulis           Peter Kasson               Jiri Kraus        
       Per Larsson             Justin A. Lemkul           Viveca Lindahl      
      Erik Marklund           Pieter Meulenhoff           Vedran Miletic      
      Teemu Murtola              Sander Pronk            Alexey Shvetsov      
      Alfons Sijbers            Peter Tieleman             Jon Vincent        
     Teemu Virolainen         Christian Wennberg           Maarten Wolf       

                  Coordinated by the GROMACS project leaders:
                    Paul Bauer, Berk Hess, and Erik Lindahl

GROMACS:      gmx mdrun, version 2022-conda_forge
Executable:   /opt/anaconda3/envs/modelling/bin.SSE2/gmx
Data prefix:  /opt/anaconda3/envs/modelling
Working dir:  /Users/juandegracia/Library/CloudStorage/OneDrive-KTH/0 - KTH/Tutorial GROMACS/GROMACS-in-your-laptop/example/Outputs
Process ID:   14829
Command line:
  gmx mdrun -v -deffnm em

GROMACS version:    2022-conda_forge
Precision:          mixed
Memory model:       64 bit
MPI library:        thread_mpi
OpenMP support:     enabled (GMX_OPENMP_MAX_THREADS = 128)
GPU support:        disabled
SIMD instructions:  SSE2
CPU FFT library:    fftw-3.3.10-sse2-avx
GPU FFT library:    none
RDTSCP usage:       enabled
TNG support:        enabled
Hwloc support:      disabled
Tracing support:    disabled
C compiler:         /Users/runner/miniforge3/conda-bld/gromacs_1647172627173/_build_env/bin/x86_64-apple-darwin13.4.0-clang Clang 12.0.1
C compiler flags:   -msse2 -Wno-missing-field-initializers -O3 -DNDEBUG
C++ compiler:       /Users/runner/miniforge3/conda-bld/gromacs_1647172627173/_build_env/bin/x86_64-apple-darwin13.4.0-clang++ Clang 12.0.1
C++ compiler flags: -msse2 -Wno-missing-field-initializers -Weverything -Wno-c++98-compat -Wno-c++98-compat-pedantic -Wno-source-uses-openmp -Wno-c++17-extensions -Wno-documentation-unknown-command -Wno-covered-switch-default -Wno-switch-enum -Wno-extra-semi-stmt -Wno-weak-vtables -Wno-shadow -Wno-padded -Wno-reserved-id-macro -Wno-double-promotion -Wno-exit-time-destructors -Wno-global-constructors -Wno-documentation -Wno-format-nonliteral -Wno-used-but-marked-unused -Wno-float-equal -Wno-conditional-uninitialized -Wno-conversion -Wno-disabled-macro-expansion -Wno-unused-macros -fopenmp=libomp -O3 -DNDEBUG


Running on 1 node with total 0 processing units
Hardware detected:
  CPU info:
    Vendor: Intel
    Brand:  VirtualApple @ 2.50GHz
    Family: 6   Model: 44   Stepping: 0
    Features: aes apic clfsh cmov cx8 cx16 intel lahf mmx nonstop_tsc pclmuldq popcnt rdtscp sse2 sse3 sse4.1 sse4.2 ssse3
  Hardware topology: Only logical processor count
    CPU limit set by OS: -1   Recommended max number of threads: 10

Highest SIMD level supported by all nodes in run: SSE4.1
SIMD instructions selected at compile time:       SSE2
This program was compiled for different hardware than you are running on,
which could influence performance.

++++ PLEASE READ AND CITE THE FOLLOWING REFERENCE ++++
M. J. Abraham, T. Murtola, R. Schulz, S. Páll, J. C. Smith, B. Hess, E.
Lindahl
GROMACS: High performance molecular simulations through multi-level
parallelism from laptops to supercomputers
SoftwareX 1 (2015) pp. 19-25
-------- -------- --- Thank You --- -------- --------


++++ PLEASE READ AND CITE THE FOLLOWING REFERENCE ++++
S. Páll, M. J. Abraham, C. Kutzner, B. Hess, E. Lindahl
Tackling Exascale Software Challenges in Molecular Dynamics Simulations with
GROMACS
In S. Markidis & E. Laure (Eds.), Solving Software Challenges for Exascale 8759 (2015) pp. 3-27
-------- -------- --- Thank You --- -------- --------


++++ PLEASE READ AND CITE THE FOLLOWING REFERENCE ++++
S. Pronk, S. Páll, R. Schulz, P. Larsson, P. Bjelkmar, R. Apostolov, M. R.
Shirts, J. C. Smith, P. M. Kasson, D. van der Spoel, B. Hess, and E. Lindahl
GROMACS 4.5: a high-throughput and highly parallel open source molecular
simulation toolkit
Bioinformatics 29 (2013) pp. 845-54
-------- -------- --- Thank You --- -------- --------


++++ PLEASE READ AND CITE THE FOLLOWING REFERENCE ++++
B. Hess and C. Kutzner and D. van der Spoel and E. Lindahl
GROMACS 4: Algorithms for highly efficient, load-balanced, and scalable
molecular simulation
J. Chem. Theory Comput. 4 (2008) pp. 435-447
-------- -------- --- Thank You --- -------- --------


++++ PLEASE READ AND CITE THE FOLLOWING REFERENCE ++++
D. van der Spoel, E. Lindahl, B. Hess, G. Groenhof, A. E. Mark and H. J. C.
Berendsen
GROMACS: Fast, Flexible and Free
J. Comp. Chem. 26 (2005) pp. 1701-1719
-------- -------- --- Thank You --- -------- --------


++++ PLEASE READ AND CITE THE FOLLOWING REFERENCE ++++
E. Lindahl and B. Hess and D. van der Spoel
GROMACS 3.0: A package for molecular simulation and trajectory analysis
J. Mol. Mod. 7 (2001) pp. 306-317
-------- -------- --- Thank You --- -------- --------


++++ PLEASE READ AND CITE THE FOLLOWING REFERENCE ++++
H. J. C. Berendsen, D. van der Spoel and R. van Drunen
GROMACS: A message-passing parallel molecular dynamics implementation
Comp. Phys. Comm. 91 (1995) pp. 43-56
-------- -------- --- Thank You --- -------- --------

Input Parameters:
   integrator                     = steep
   tinit                          = 0
   dt                             = 0.001
   nsteps                         = 50000
   init-step                      = 0
   simulation-part                = 1
   mts                            = false
   comm-mode                      = Linear
   nstcomm                        = 100
   bd-fric                        = 0
   ld-seed                        = -211140770
   emtol                          = 1000
   emstep                         = 0.01
   niter                          = 20
   fcstep                         = 0
   nstcgsteep                     = 1000
   nbfgscorr                      = 10
   rtpi                           = 0.05
   nstxout                        = 0
   nstvout                        = 0
   nstfout                        = 0
   nstlog                         = 1000
   nstcalcenergy                  = 100
   nstenergy                      = 1000
   nstxout-compressed             = 0
   compressed-x-precision         = 1000
   cutoff-scheme                  = Verlet
   nstlist                        = 1
   pbc                            = xyz
   periodic-molecules             = false
   verlet-buffer-tolerance        = 0.005
   rlist                          = 1
   coulombtype                    = PME
   coulomb-modifier               = Potential-shift
   rcoulomb-switch                = 0
   rcoulomb                       = 1
   epsilon-r                      = 1
   epsilon-rf                     = inf
   vdw-type                       = Cut-off
   vdw-modifier                   = Potential-shift
   rvdw-switch                    = 0
   rvdw                           = 1
   DispCorr                       = No
   table-extension                = 1
   fourierspacing                 = 0.12
   fourier-nx                     = 42
   fourier-ny                     = 44
   fourier-nz                     = 40
   pme-order                      = 4
   ewald-rtol                     = 1e-05
   ewald-rtol-lj                  = 0.001
   lj-pme-comb-rule               = Geometric
   ewald-geometry                 = 3d
   epsilon-surface                = 0
   tcoupl                         = No
   nsttcouple                     = -1
   nh-chain-length                = 0
   print-nose-hoover-chain-variables = false
   pcoupl                         = No
   pcoupltype                     = Isotropic
   nstpcouple                     = -1
   tau-p                          = 1
   compressibility (3x3):
      compressibility[    0]={ 0.00000e+00,  0.00000e+00,  0.00000e+00}
      compressibility[    1]={ 0.00000e+00,  0.00000e+00,  0.00000e+00}
      compressibility[    2]={ 0.00000e+00,  0.00000e+00,  0.00000e+00}
   ref-p (3x3):
      ref-p[    0]={ 0.00000e+00,  0.00000e+00,  0.00000e+00}
      ref-p[    1]={ 0.00000e+00,  0.00000e+00,  0.00000e+00}
      ref-p[    2]={ 0.00000e+00,  0.00000e+00,  0.00000e+00}
   refcoord-scaling               = No
   posres-com (3):
      posres-com[0]= 0.00000e+00
      posres-com[1]= 0.00000e+00
      posres-com[2]= 0.00000e+00
   posres-comB (3):
      posres-comB[0]= 0.00000e+00
      posres-comB[1]= 0.00000e+00
      posres-comB[2]= 0.00000e+00
   QMMM                           = false
qm-opts:
   ngQM                           = 0
   constraint-algorithm           = Lincs
   continuation                   = false
   Shake-SOR                      = false
   shake-tol                      = 0.0001
   lincs-order                    = 4
   lincs-iter                     = 1
   lincs-warnangle                = 30
   nwall                          = 0
   wall-type                      = 9-3
   wall-r-linpot                  = -1
   wall-atomtype[0]               = -1
   wall-atomtype[1]               = -1
   wall-density[0]                = 0
   wall-density[1]                = 0
   wall-ewald-zfac                = 3
   pull                           = false
   awh                            = false
   rotation                       = false
   interactiveMD                  = false
   disre                          = No
   disre-weighting                = Conservative
   disre-mixed                    = false
   dr-fc                          = 1000
   dr-tau                         = 0
   nstdisreout                    = 100
   orire-fc                       = 0
   orire-tau                      = 0
   nstorireout                    = 100
   free-energy                    = no
   cos-acceleration               = 0
   deform (3x3):
      deform[    0]={ 0.00000e+00,  0.00000e+00,  0.00000e+00}
      deform[    1]={ 0.00000e+00,  0.00000e+00,  0.00000e+00}
      deform[    2]={ 0.00000e+00,  0.00000e+00,  0.00000e+00}
   simulated-tempering            = false
   swapcoords                     = no
   userint1                       = 0
   userint2                       = 0
   userint3                       = 0
   userint4                       = 0
   userreal1                      = 0
   userreal2                      = 0
   userreal3                      = 0
   userreal4                      = 0
   applied-forces:
     electric-field:
       x:
         E0                       = 0
         omega                    = 0
         t0                       = 0
         sigma                    = 0
       y:
         E0                       = 0
         omega                    = 0
         t0                       = 0
         sigma                    = 0
       z:
         E0                       = 0
         omega                    = 0
         t0                       = 0
         sigma                    = 0
     density-guided-simulation:
       active                     = false
       group                      = protein
       similarity-measure         = inner-product
       atom-spreading-weight      = unity
       force-constant             = 1e+09
       gaussian-transform-spreading-width = 0.2
       gaussian-transform-spreading-range-in-multiples-of-width = 4
       reference-density-filename = reference.mrc
       nst                        = 1
       normalize-densities        = true
       adaptive-force-scaling     = false
       adaptive-force-scaling-time-constant = 4
       shift-vector               = 
       transformation-matrix      = 
     qmmm-cp2k:
       active                     = false
       qmgroup                    = System
       qmmethod                   = PBE
       qmfilenames                = 
       qmcharge                   = 0
       qmmultiplicity             = 1
grpopts:
   nrdf:       24387
   ref-t:           0
   tau-t:           0
annealing:          No
annealing-npoints:           0
   acc:	           0           0           0
   nfreeze:           N           N           N
   energygrp-flags[  0]: 0


Initializing Domain Decomposition on 1 ranks
NOTE: disabling dynamic load balancing as it is only supported with dynamics, not with integrator 'steep'.
Dynamic load balancing: off
Using update groups, nr 5049, average size 2.2 atoms, max. radius 0.084 nm
Minimum cell size due to atom displacement: 0.000 nm
Initial maximum distances in bonded interactions:
    two-body bonded interactions: 0.443 nm, LJ-14, atoms 1156 1405
  multi-body bonded interactions: 0.443 nm, Ryckaert-Bell., atoms 1156 1405
Minimum cell size due to bonded interactions: 0.487 nm
Using 0 separate PME ranks because: there are too few total ranks for efficient splitting
Optimizing the DD grid for 1 cells with a minimum initial size of 0.487 nm
The maximum allowed number of cells is: X 9 Y 10 Z 9
Domain decomposition grid 1 x 1 x 1, separate PME ranks 0
PME domain decomposition: 1 x 1 x 1

The initial number of communication pulses is:
The initial domain decomposition cell size is:

The maximum allowed distance for atom groups involved in interactions is:
                 non-bonded interactions           1.168 nm
            two-body bonded interactions  (-rdd)   1.168 nm
          multi-body bonded interactions  (-rdd)   1.168 nm

Using 1 MPI thread
Using 10 OpenMP threads 

System total charge: -0.000
Will do PME sum in reciprocal space for electrostatic interactions.

++++ PLEASE READ AND CITE THE FOLLOWING REFERENCE ++++
U. Essmann, L. Perera, M. L. Berkowitz, T. Darden, H. Lee and L. G. Pedersen 
A smooth particle mesh Ewald method
J. Chem. Phys. 103 (1995) pp. 8577-8592
-------- -------- --- Thank You --- -------- --------

Using a Gaussian width (1/beta) of 0.320163 nm for Ewald
Potential shift: LJ r^-12: -1.000e+00 r^-6: -1.000e+00, Ewald -1.000e-05
Initialized non-bonded Coulomb Ewald tables, spacing: 9.33e-04 size: 1073

Generated table with 1000 data points for 1-4 COUL.
Tabscale = 500 points/nm
Generated table with 1000 data points for 1-4 LJ6.
Tabscale = 500 points/nm
Generated table with 1000 data points for 1-4 LJ12.
Tabscale = 500 points/nm


Using SIMD 4x4 nonbonded short-range kernels

Using a 4x4 pair-list setup:
  updated every 1 steps, buffer 0.000 nm, rlist 1.000 nm

Using Geometric Lennard-Jones combination rule
Removing pbc first time

Linking all bonded interactions to atoms


++++ PLEASE READ AND CITE THE FOLLOWING REFERENCE ++++
S. Miyamoto and P. A. Kollman
SETTLE: An Analytical Version of the SHAKE and RATTLE Algorithms for Rigid
Water Models
J. Comp. Chem. 13 (1992) pp. 952-962
-------- -------- --- Thank You --- -------- --------


Note that activating steepest-descent energy minimization via the integrator .mdp option and the command gmx mdrun may be available in a different form in a future version of GROMACS, e.g. gmx minimize and an .mdp option.
Initiating Steepest Descents

Atom distribution over 1 domains: av 11211 stddev 0 min 11211 max 11211
Started Steepest Descents on rank 0 Thu Mar 17 10:29:17 2022


Steepest Descents:
   Tolerance (Fmax)   =  1.00000e+03
   Number of steps    =        50000
           Step           Time
              0        0.00000

   Energies (kJ/mol)
           Bond          Angle    Proper Dih. Ryckaert-Bell.          LJ-14
    8.58141e+03    1.73280e+03    2.64355e+02    2.05041e+03    3.71925e+03
     Coulomb-14        LJ (SR)   Coulomb (SR)   Coul. recip.      Potential
    7.72916e+03    1.27894e+05   -1.77997e+05    8.08922e+03   -1.79362e+04
 Pressure (bar)
    8.53946e+04

           Step           Time
              1        1.00000

   Energies (kJ/mol)
           Bond          Angle    Proper Dih. Ryckaert-Bell.          LJ-14
    8.17509e+03    1.71607e+03    2.61178e+02    2.04934e+03    3.72301e+03
     Coulomb-14        LJ (SR)   Coulomb (SR)   Coul. recip.      Potential
    7.72560e+03    1.03462e+05   -1.78345e+05    8.07038e+03   -4.31622e+04
 Pressure (bar)
    6.89483e+04

           Step           Time
              2        2.00000

   Energies (kJ/mol)
           Bond          Angle    Proper Dih. Ryckaert-Bell.          LJ-14
    7.05068e+03    1.70864e+03    2.49451e+02    2.05253e+03    3.72917e+03
     Coulomb-14        LJ (SR)   Coulomb (SR)   Coul. recip.      Potential
    7.71633e+03    7.47701e+04   -1.79077e+05    8.00971e+03   -7.37908e+04
 Pressure (bar)
    4.96529e+04

           Step           Time
              3        3.00000

   Energies (kJ/mol)
           Bond          Angle    Proper Dih. Ryckaert-Bell.          LJ-14
    4.80778e+03    1.78666e+03    2.17499e+02    2.06093e+03    3.72498e+03
     Coulomb-14        LJ (SR)   Coulomb (SR)   Coul. recip.      Potential
    7.70435e+03    5.53625e+04   -1.80180e+05    7.85574e+03   -9.66600e+04
 Pressure (bar)
    3.60794e+04

           Step           Time
              4        4.00000

   Energies (kJ/mol)
           Bond          Angle    Proper Dih. Ryckaert-Bell.          LJ-14
    2.33898e+03    2.02909e+03    1.59367e+02    2.05389e+03    3.70120e+03
     Coulomb-14        LJ (SR)   Coulomb (SR)   Coul. recip.      Potential
    7.70194e+03    4.28222e+04   -1.81887e+05    7.53870e+03   -1.13541e+05
 Pressure (bar)
    2.58630e+04

           Step           Time
              5        5.00000

   Energies (kJ/mol)
           Bond          Angle    Proper Dih. Ryckaert-Bell.          LJ-14
    9.57525e+02    1.86660e+03    1.17991e+02    1.96092e+03    3.64054e+03
     Coulomb-14        LJ (SR)   Coulomb (SR)   Coul. recip.      Potential
    7.72255e+03    3.39344e+04   -1.84713e+05    6.90733e+03   -1.27605e+05
 Pressure (bar)
    1.65963e+04

           Step           Time
              6        6.00000

   Energies (kJ/mol)
           Bond          Angle    Proper Dih. Ryckaert-Bell.          LJ-14
    6.14566e+03    2.79850e+03    1.15729e+02    1.84979e+03    3.39968e+03
     Coulomb-14        LJ (SR)   Coulomb (SR)   Coul. recip.      Potential
    7.72968e+03    2.90433e+04   -1.88899e+05    5.80507e+03   -1.32012e+05
 Pressure (bar)
    8.94837e+03

           Step           Time
              7        7.00000

   Energies (kJ/mol)
           Bond          Angle    Proper Dih. Ryckaert-Bell.          LJ-14
    9.43986e+02    1.62433e+03    1.10075e+02    1.85092e+03    3.42584e+03
     Coulomb-14        LJ (SR)   Coulomb (SR)   Coul. recip.      Potential
    7.75904e+03    2.84936e+04   -1.89248e+05    5.78484e+03   -1.39255e+05
 Pressure (bar)
    8.93124e+03

           Step           Time
              8        8.00000

           Step           Time
              9        9.00000

   Energies (kJ/mol)
           Bond          Angle    Proper Dih. Ryckaert-Bell.          LJ-14
    5.00822e+02    1.56573e+03    1.05588e+02    1.83611e+03    3.40390e+03
     Coulomb-14        LJ (SR)   Coulomb (SR)   Coul. recip.      Potential
    7.75151e+03    2.82430e+04   -1.89701e+05    5.64064e+03   -1.40653e+05
 Pressure (bar)
    8.76933e+03

           Step           Time
             10       10.00000

   Energies (kJ/mol)
           Bond          Angle    Proper Dih. Ryckaert-Bell.          LJ-14
    2.18105e+03    1.72651e+03    1.04441e+02    1.82935e+03    3.39753e+03
     Coulomb-14        LJ (SR)   Coulomb (SR)   Coul. recip.      Potential
    7.77599e+03    2.74685e+04   -1.90800e+05    5.45281e+03   -1.40864e+05
 Pressure (bar)
    7.60661e+03

           Step           Time
             11       11.00000

   Energies (kJ/mol)
           Bond          Angle    Proper Dih. Ryckaert-Bell.          LJ-14
    1.11819e+03    1.61282e+03    1.02533e+02    1.81121e+03    3.35398e+03
     Coulomb-14        LJ (SR)   Coulomb (SR)   Coul. recip.      Potential
    7.74586e+03    2.73166e+04   -1.91184e+05    5.28285e+03   -1.42840e+05
 Pressure (bar)
    7.72596e+03

           Step           Time
             12       12.00000

           Step           Time
             13       13.00000

   Energies (kJ/mol)
           Bond          Angle    Proper Dih. Ryckaert-Bell.          LJ-14
    6.03822e+02    1.43440e+03    1.02472e+02    1.81094e+03    3.35771e+03
     Coulomb-14        LJ (SR)   Coulomb (SR)   Coul. recip.      Potential
    7.76586e+03    2.70311e+04   -1.91530e+05    5.25567e+03   -1.44168e+05
 Pressure (bar)
    7.39320e+03

           Step           Time
             14       14.00000

   Energies (kJ/mol)
           Bond          Angle    Proper Dih. Ryckaert-Bell.          LJ-14
    1.33267e+03    1.55434e+03    1.01318e+02    1.79775e+03    3.31954e+03
     Coulomb-14        LJ (SR)   Coulomb (SR)   Coul. recip.      Potential
    7.75134e+03    2.67661e+04   -1.92122e+05    5.07543e+03   -1.44423e+05
 Pressure (bar)
    7.04327e+03

           Step           Time
             15       15.00000

   Energies (kJ/mol)
           Bond          Angle    Proper Dih. Ryckaert-Bell.          LJ-14
    8.05360e+02    1.42067e+03    1.01374e+02    1.79726e+03    3.32870e+03
     Coulomb-14        LJ (SR)   Coulomb (SR)   Coul. recip.      Potential
    7.76907e+03    2.65000e+04   -1.92445e+05    5.06201e+03   -1.45660e+05
 Pressure (bar)
    6.73099e+03

           Step           Time
             16       16.00000

           Step           Time
             17       17.00000

   Energies (kJ/mol)
           Bond          Angle    Proper Dih. Ryckaert-Bell.          LJ-14
    3.65899e+02    1.36271e+03    1.00640e+02    1.79135e+03    3.30605e+03
     Coulomb-14        LJ (SR)   Coulomb (SR)   Coul. recip.      Potential
    7.76214e+03    2.63813e+04   -1.92699e+05    4.97586e+03   -1.46654e+05
 Pressure (bar)
    6.66656e+03

           Step           Time
             18       18.00000

   Energies (kJ/mol)
           Bond          Angle    Proper Dih. Ryckaert-Bell.          LJ-14
    9.36181e+02    1.39224e+03    9.98927e+01    1.78324e+03    3.29788e+03
     Coulomb-14        LJ (SR)   Coulomb (SR)   Coul. recip.      Potential
    7.77319e+03    2.59939e+04   -1.93375e+05    4.86513e+03   -1.47234e+05
 Pressure (bar)
    6.09314e+03

           Step           Time
             19       19.00000

   Energies (kJ/mol)
           Bond          Angle    Proper Dih. Ryckaert-Bell.          LJ-14
    5.80793e+02    1.34192e+03    9.97517e+01    1.77855e+03    3.27073e+03
     Coulomb-14        LJ (SR)   Coulomb (SR)   Coul. recip.      Potential
    7.76591e+03    2.58710e+04   -1.93645e+05    4.77467e+03   -1.48162e+05
 Pressure (bar)
    5.98950e+03

           Step           Time
             20       20.00000

           Step           Time
             21       21.00000

   Energies (kJ/mol)
           Bond          Angle    Proper Dih. Ryckaert-Bell.          LJ-14
    3.19341e+02    1.31298e+03    9.94502e+01    1.77613e+03    3.27204e+03
     Coulomb-14        LJ (SR)   Coulomb (SR)   Coul. recip.      Potential
    7.77096e+03    2.57382e+04   -1.93872e+05    4.74724e+03   -1.48836e+05
 Pressure (bar)
    5.84829e+03

           Step           Time
             22       22.00000

   Energies (kJ/mol)
           Bond          Angle    Proper Dih. Ryckaert-Bell.          LJ-14
    7.37675e+02    1.32229e+03    9.92056e+01    1.76911e+03    3.24303e+03
     Coulomb-14        LJ (SR)   Coulomb (SR)   Coul. recip.      Potential
    7.76914e+03    2.54654e+04   -1.94417e+05    4.61921e+03   -1.49392e+05
 Pressure (bar)
    5.45052e+03

           Step           Time
             23       23.00000

   Energies (kJ/mol)
           Bond          Angle    Proper Dih. Ryckaert-Bell.          LJ-14
    4.25048e+02    1.30082e+03    9.88803e+01    1.76677e+03    3.24780e+03
     Coulomb-14        LJ (SR)   Coulomb (SR)   Coul. recip.      Potential
    7.77491e+03    2.53356e+04   -1.94649e+05    4.59764e+03   -1.50101e+05
 Pressure (bar)
    5.31415e+03

           Step           Time
             24       24.00000

   Energies (kJ/mol)
           Bond          Angle    Proper Dih. Ryckaert-Bell.          LJ-14
    1.04007e+03    1.32457e+03    9.88950e+01    1.76178e+03    3.21949e+03
     Coulomb-14        LJ (SR)   Coulomb (SR)   Coul. recip.      Potential
    7.77139e+03    2.51365e+04   -1.95063e+05    4.49327e+03   -1.50217e+05
 Pressure (bar)
    4.99024e+03

           Step           Time
             25       25.00000

   Energies (kJ/mol)
           Bond          Angle    Proper Dih. Ryckaert-Bell.          LJ-14
    6.85504e+02    1.31130e+03    9.85271e+01    1.75957e+03    3.22956e+03
     Coulomb-14        LJ (SR)   Coulomb (SR)   Coul. recip.      Potential
    7.77848e+03    2.50098e+04   -1.95297e+05    4.48016e+03   -1.50944e+05
 Pressure (bar)
    4.86237e+03

           Step           Time
             26       26.00000

           Step           Time
             27       27.00000

   Energies (kJ/mol)
           Bond          Angle    Proper Dih. Ryckaert-Bell.          LJ-14
    3.12764e+02    1.25370e+03    9.84895e+01    1.75753e+03    3.21148e+03
     Coulomb-14        LJ (SR)   Coulomb (SR)   Coul. recip.      Potential
    7.77563e+03    2.49267e+04   -1.95469e+05    4.42900e+03   -1.51703e+05
 Pressure (bar)
    4.79870e+03

           Step           Time
             28       28.00000

   Energies (kJ/mol)
           Bond          Angle    Proper Dih. Ryckaert-Bell.          LJ-14
    9.29475e+02    1.31330e+03    9.80436e+01    1.75171e+03    3.20610e+03
     Coulomb-14        LJ (SR)   Coulomb (SR)   Coul. recip.      Potential
    7.78141e+03    2.46433e+04   -1.96047e+05    4.34291e+03   -1.51981e+05
 Pressure (bar)
    4.35884e+03

           Step           Time
             29       29.00000

   Energies (kJ/mol)
           Bond          Angle    Proper Dih. Ryckaert-Bell.          LJ-14
    4.51051e+02    1.24134e+03    9.80580e+01    1.74977e+03    3.18371e+03
     Coulomb-14        LJ (SR)   Coulomb (SR)   Coul. recip.      Potential
    7.77799e+03    2.45590e+04   -1.96226e+05    4.28706e+03   -1.52878e+05
 Pressure (bar)
    4.29223e+03

           Step           Time
             30       30.00000

           Step           Time
             31       31.00000

   Energies (kJ/mol)
           Bond          Angle    Proper Dih. Ryckaert-Bell.          LJ-14
    3.33278e+02    1.23889e+03    9.77927e+01    1.74794e+03    3.18565e+03
     Coulomb-14        LJ (SR)   Coulomb (SR)   Coul. recip.      Potential
    7.78111e+03    2.44610e+04   -1.96427e+05    4.26427e+03   -1.53317e+05
 Pressure (bar)
    4.18292e+03

           Step           Time
             32       32.00000

   Energies (kJ/mol)
           Bond          Angle    Proper Dih. Ryckaert-Bell.          LJ-14
    5.94713e+02    1.23784e+03    9.76978e+01    1.74493e+03    3.16516e+03
     Coulomb-14        LJ (SR)   Coulomb (SR)   Coul. recip.      Potential
    7.77919e+03    2.43174e+04   -1.96735e+05    4.19497e+03   -1.53603e+05
 Pressure (bar)
    3.95785e+03

           Step           Time
             33       33.00000

   Energies (kJ/mol)
           Bond          Angle    Proper Dih. Ryckaert-Bell.          LJ-14
    4.69889e+02    1.24144e+03    9.74286e+01    1.74325e+03    3.17102e+03
     Coulomb-14        LJ (SR)   Coulomb (SR)   Coul. recip.      Potential
    7.78359e+03    2.42205e+04   -1.96939e+05    4.17832e+03   -1.54034e+05
 Pressure (bar)
    3.84637e+03

           Step           Time
             34       34.00000

   Energies (kJ/mol)
           Bond          Angle    Proper Dih. Ryckaert-Bell.          LJ-14
    8.70494e+02    1.24767e+03    9.74475e+01    1.74070e+03    3.14766e+03
     Coulomb-14        LJ (SR)   Coulomb (SR)   Coul. recip.      Potential
    7.78016e+03    2.40986e+04   -1.97206e+05    4.11159e+03   -1.54112e+05
 Pressure (bar)
    3.63640e+03

           Step           Time
             35       35.00000

   Energies (kJ/mol)
           Bond          Angle    Proper Dih. Ryckaert-Bell.          LJ-14
    7.72463e+02    1.26309e+03    9.71895e+01    1.73919e+03    3.15931e+03
     Coulomb-14        LJ (SR)   Coulomb (SR)   Coul. recip.      Potential
    7.78618e+03    2.40037e+04   -1.97411e+05    4.10344e+03   -1.54486e+05
 Pressure (bar)
    3.52430e+03

           Step           Time
             36       36.00000

           Step           Time
             37       37.00000

   Energies (kJ/mol)
           Bond          Angle    Proper Dih. Ryckaert-Bell.          LJ-14
    2.64089e+02    1.19476e+03    9.71174e+01    1.73802e+03    3.14274e+03
     Coulomb-14        LJ (SR)   Coulomb (SR)   Coul. recip.      Potential
    7.78340e+03    2.39475e+04   -1.97530e+05    4.06646e+03   -1.55295e+05
 Pressure (bar)
    3.50576e+03

           Step           Time
             38       38.00000

   Energies (kJ/mol)
           Bond          Angle    Proper Dih. Ryckaert-Bell.          LJ-14
    1.05116e+03    1.26711e+03    9.66108e+01    1.73260e+03    3.13407e+03
     Coulomb-14        LJ (SR)   Coulomb (SR)   Coul. recip.      Potential
    7.78865e+03    2.36431e+04   -1.98212e+05    3.96972e+03   -1.55529e+05
 Pressure (bar)
    3.01194e+03

           Step           Time
             39       39.00000

   Energies (kJ/mol)
           Bond          Angle    Proper Dih. Ryckaert-Bell.          LJ-14
    3.71835e+02    1.18188e+03    9.65613e+01    1.73148e+03    3.11343e+03
     Coulomb-14        LJ (SR)   Coulomb (SR)   Coul. recip.      Potential
    7.78539e+03    2.35861e+04   -1.98337e+05    3.92841e+03   -1.56542e+05
 Pressure (bar)
    2.99483e+03

           Step           Time
             40       40.00000

           Step           Time
             41       41.00000

   Energies (kJ/mol)
           Bond          Angle    Proper Dih. Ryckaert-Bell.          LJ-14
    3.76280e+02    1.19059e+03    9.63594e+01    1.73017e+03    3.11608e+03
     Coulomb-14        LJ (SR)   Coulomb (SR)   Coul. recip.      Potential
    7.78825e+03    2.35015e+04   -1.98529e+05    3.90936e+03   -1.56821e+05
 Pressure (bar)
    2.88889e+03

           Step           Time
             42       42.00000

   Energies (kJ/mol)
           Bond          Angle    Proper Dih. Ryckaert-Bell.          LJ-14
    4.98601e+02    1.18201e+03    9.62644e+01    1.72858e+03    3.09918e+03
     Coulomb-14        LJ (SR)   Coulomb (SR)   Coul. recip.      Potential
    7.78590e+03    2.34176e+04   -1.98724e+05    3.86468e+03   -1.57051e+05
 Pressure (bar)
    2.75402e+03

           Step           Time
             43       43.00000

   Energies (kJ/mol)
           Bond          Angle    Proper Dih. Ryckaert-Bell.          LJ-14
    5.44692e+02    1.20037e+03    9.60978e+01    1.72744e+03    3.10618e+03
     Coulomb-14        LJ (SR)   Coulomb (SR)   Coul. recip.      Potential
    7.79005e+03    2.33369e+04   -1.98912e+05    3.85228e+03   -1.57258e+05
 Pressure (bar)
    2.64466e+03

           Step           Time
             44       44.00000

   Energies (kJ/mol)
           Bond          Angle    Proper Dih. Ryckaert-Bell.          LJ-14
    7.53375e+02    1.19407e+03    9.60484e+01    1.72591e+03    3.08512e+03
     Coulomb-14        LJ (SR)   Coulomb (SR)   Coul. recip.      Potential
    7.78629e+03    2.32593e+04   -1.99095e+05    3.80433e+03   -1.57390e+05
 Pressure (bar)
    2.50952e+03

           Step           Time
             45       45.00000

   Energies (kJ/mol)
           Bond          Angle    Proper Dih. Ryckaert-Bell.          LJ-14
    8.97158e+02    1.22998e+03    9.59530e+01    1.72495e+03    3.09839e+03
     Coulomb-14        LJ (SR)   Coulomb (SR)   Coul. recip.      Potential
    7.79209e+03    2.31824e+04   -1.99278e+05    3.80059e+03   -1.57456e+05
 Pressure (bar)
    2.39453e+03

           Step           Time
             46       46.00000

           Step           Time
             47       47.00000

   Energies (kJ/mol)
           Bond          Angle    Proper Dih. Ryckaert-Bell.          LJ-14
    2.35303e+02    1.15033e+03    9.58069e+01    1.72417e+03    3.08241e+03
     Coulomb-14        LJ (SR)   Coulomb (SR)   Coul. recip.      Potential
    7.78917e+03    2.31436e+04   -1.99363e+05    3.77130e+03   -1.58371e+05
 Pressure (bar)
    2.41324e+03

           Step           Time
             48       48.00000

   Energies (kJ/mol)
           Bond          Angle    Proper Dih. Ryckaert-Bell.          LJ-14
    1.20584e+03    1.22742e+03    9.50564e+01    1.71774e+03    3.06182e+03
     Coulomb-14        LJ (SR)   Coulomb (SR)   Coul. recip.      Potential
    7.79415e+03    2.27314e+04   -2.00373e+05    3.62800e+03   -1.58912e+05
 Pressure (bar)
    1.73496e+03

           Step           Time
             49       49.00000

   Energies (kJ/mol)
           Bond          Angle    Proper Dih. Ryckaert-Bell.          LJ-14
    3.18337e+02    1.13214e+03    9.49544e+01    1.71712e+03    3.04312e+03
     Coulomb-14        LJ (SR)   Coulomb (SR)   Coul. recip.      Potential
    7.79144e+03    2.26940e+04   -2.00463e+05    3.59662e+03   -1.60075e+05
 Pressure (bar)
    1.75329e+03

           Step           Time
             50       50.00000

           Step           Time
             51       51.00000

   Energies (kJ/mol)
           Bond          Angle    Proper Dih. Ryckaert-Bell.          LJ-14
    4.29681e+02    1.14862e+03    9.48416e+01    1.71626e+03    3.04651e+03
     Coulomb-14        LJ (SR)   Coulomb (SR)   Coul. recip.      Potential
    7.79420e+03    2.26214e+04   -2.00646e+05    3.58128e+03   -1.60213e+05
 Pressure (bar)
    1.65102e+03

           Step           Time
             52       52.00000

   Energies (kJ/mol)
           Bond          Angle    Proper Dih. Ryckaert-Bell.          LJ-14
    4.29807e+02    1.13338e+03    9.47048e+01    1.71531e+03    3.03159e+03
     Coulomb-14        LJ (SR)   Coulomb (SR)   Coul. recip.      Potential
    7.79153e+03    2.25711e+04   -2.00773e+05    3.55003e+03   -1.60456e+05
 Pressure (bar)
    1.57507e+03

           Step           Time
             53       53.00000

   Energies (kJ/mol)
           Bond          Angle    Proper Dih. Ryckaert-Bell.          LJ-14
    6.26266e+02    1.16315e+03    9.46712e+01    1.71458e+03    3.03962e+03
     Coulomb-14        LJ (SR)   Coulomb (SR)   Coul. recip.      Potential
    7.79551e+03    2.25062e+04   -2.00943e+05    3.54157e+03   -1.60462e+05
 Pressure (bar)
    1.46819e+03

           Step           Time
             54       54.00000

   Energies (kJ/mol)
           Bond          Angle    Proper Dih. Ryckaert-Bell.          LJ-14
    6.66294e+02    1.14658e+03    9.45225e+01    1.71357e+03    3.02005e+03
     Coulomb-14        LJ (SR)   Coulomb (SR)   Coul. recip.      Potential
    7.79158e+03    2.24573e+04   -2.01070e+05    3.50549e+03   -1.60674e+05
 Pressure (bar)
    1.38738e+03

           Step           Time
             55       55.00000

           Step           Time
             56       56.00000

   Energies (kJ/mol)
           Bond          Angle    Proper Dih. Ryckaert-Bell.          LJ-14
    2.33325e+02    1.11550e+03    9.44669e+01    1.71329e+03    3.02563e+03
     Coulomb-14        LJ (SR)   Coulomb (SR)   Coul. recip.      Potential
    7.79429e+03    2.24253e+04   -2.01149e+05    3.50371e+03   -1.61244e+05
 Pressure (bar)
    1.39556e+03

           Step           Time
             57       57.00000

   Energies (kJ/mol)
           Bond          Angle    Proper Dih. Ryckaert-Bell.          LJ-14
    8.80964e+02    1.15308e+03    9.40829e+01    1.71060e+03    3.00165e+03
     Coulomb-14        LJ (SR)   Coulomb (SR)   Coul. recip.      Potential
    7.79176e+03    2.22636e+04   -2.01588e+05    3.42813e+03   -1.61264e+05
 Pressure (bar)
    1.08535e+03

           Step           Time
             58       58.00000

   Energies (kJ/mol)
           Bond          Angle    Proper Dih. Ryckaert-Bell.          LJ-14
    3.12184e+02    1.11471e+03    9.40674e+01    1.71045e+03    3.01066e+03
     Coulomb-14        LJ (SR)   Coulomb (SR)   Coul. recip.      Potential
    7.79614e+03    2.22291e+04   -2.01678e+05    3.43036e+03   -1.61981e+05
 Pressure (bar)
    1.09473e+03

           Step           Time
             59       59.00000

           Step           Time
             60       60.00000

   Energies (kJ/mol)
           Bond          Angle    Proper Dih. Ryckaert-Bell.          LJ-14
    3.47797e+02    1.10653e+03    9.39124e+01    1.70963e+03    2.99888e+03
     Coulomb-14        LJ (SR)   Coulomb (SR)   Coul. recip.      Potential
    7.79400e+03    2.21848e+04   -2.01799e+05    3.40409e+03   -1.62159e+05
 Pressure (bar)
    1.02714e+03

           Step           Time
             61       61.00000

   Energies (kJ/mol)
           Bond          Angle    Proper Dih. Ryckaert-Bell.          LJ-14
    4.12101e+02    1.12022e+03    9.38863e+01    1.70908e+03    3.00388e+03
     Coulomb-14        LJ (SR)   Coulomb (SR)   Coul. recip.      Potential
    7.79700e+03    2.21348e+04   -2.01941e+05    3.39535e+03   -1.62274e+05
 Pressure (bar)
    9.46318e+02

           Step           Time
             62       62.00000

   Energies (kJ/mol)
           Bond          Angle    Proper Dih. Ryckaert-Bell.          LJ-14
    4.81786e+02    1.11188e+03    9.37135e+01    1.70823e+03    2.98905e+03
     Coulomb-14        LJ (SR)   Coulomb (SR)   Coul. recip.      Potential
    7.79410e+03    2.20927e+04   -2.02058e+05    3.36637e+03   -1.62420e+05
 Pressure (bar)
    8.72944e+02

           Step           Time
             63       63.00000

   Energies (kJ/mol)
           Bond          Angle    Proper Dih. Ryckaert-Bell.          LJ-14
    6.17744e+02    1.13664e+03    9.37762e+01    1.70779e+03    2.99845e+03
     Coulomb-14        LJ (SR)   Coulomb (SR)   Coul. recip.      Potential
    7.79815e+03    2.20453e+04   -2.02196e+05    3.36303e+03   -1.62435e+05
 Pressure (bar)
    7.91304e+02

           Step           Time
             64       64.00000

   Energies (kJ/mol)
           Bond          Angle    Proper Dih. Ryckaert-Bell.          LJ-14
    7.59651e+02    1.13071e+03    9.35574e+01    1.70686e+03    2.97902e+03
     Coulomb-14        LJ (SR)   Coulomb (SR)   Coul. recip.      Potential
    7.79402e+03    2.20056e+04   -2.02309e+05    3.32981e+03   -1.62510e+05
 Pressure (bar)
    7.09831e+02

           Step           Time
             65       65.00000

           Step           Time
             66       66.00000

   Energies (kJ/mol)
           Bond          Angle    Proper Dih. Ryckaert-Bell.          LJ-14
    2.25429e+02    1.08982e+03    9.35558e+01    1.70672e+03    2.98512e+03
     Coulomb-14        LJ (SR)   Coulomb (SR)   Coul. recip.      Potential
    7.79677e+03    2.19805e+04   -2.02375e+05    3.32993e+03   -1.63168e+05
 Pressure (bar)
    7.37397e+02

           Step           Time
             67       67.00000

           Step           Time
             68       68.00000

   Energies (kJ/mol)
           Bond          Angle    Proper Dih. Ryckaert-Bell.          LJ-14
    3.77011e+02    1.09292e+03    9.32487e+01    1.70522e+03    2.97115e+03
     Coulomb-14        LJ (SR)   Coulomb (SR)   Coul. recip.      Potential
    7.79533e+03    2.18934e+04   -2.02632e+05    3.28707e+03   -1.63417e+05
 Pressure (bar)
    5.86923e+02

           Step           Time
             69       69.00000

   Energies (kJ/mol)
           Bond          Angle    Proper Dih. Ryckaert-Bell.          LJ-14
    2.54379e+02    1.08708e+03    9.32495e+01    1.70499e+03    2.97503e+03
     Coulomb-14        LJ (SR)   Coulomb (SR)   Coul. recip.      Potential
    7.79770e+03    2.18648e+04   -2.02719e+05    3.28317e+03   -1.63659e+05
 Pressure (bar)
    5.51488e+02

           Step           Time
             70       70.00000

   Energies (kJ/mol)
           Bond          Angle    Proper Dih. Ryckaert-Bell.          LJ-14
    4.80076e+02    1.09597e+03    9.30316e+01    1.70391e+03    2.96175e+03
     Coulomb-14        LJ (SR)   Coulomb (SR)   Coul. recip.      Potential
    7.79565e+03    2.18067e+04   -2.02896e+05    3.25038e+03   -1.63708e+05
 Pressure (bar)
    4.35436e+02

           Step           Time
             71       71.00000

   Energies (kJ/mol)
           Bond          Angle    Proper Dih. Ryckaert-Bell.          LJ-14
    3.30064e+02    1.09050e+03    9.30719e+01    1.70369e+03    2.96817e+03
     Coulomb-14        LJ (SR)   Coulomb (SR)   Coul. recip.      Potential
    7.79862e+03    2.17761e+04   -2.02989e+05    3.24846e+03   -1.63980e+05
 Pressure (bar)
    4.06207e+02

           Step           Time
             72       72.00000

           Step           Time
             73       73.00000

   Energies (kJ/mol)
           Bond          Angle    Proper Dih. Ryckaert-Bell.          LJ-14
    2.45940e+02    1.07555e+03    9.29226e+01    1.70318e+03    2.95978e+03
     Coulomb-14        LJ (SR)   Coulomb (SR)   Coul. recip.      Potential
    7.79709e+03    2.17522e+04   -2.03060e+05    3.23202e+03   -1.64201e+05
 Pressure (bar)
    3.77556e+02

           Step           Time
             74       74.00000

   Energies (kJ/mol)
           Bond          Angle    Proper Dih. Ryckaert-Bell.          LJ-14
    4.10494e+02    1.09358e+03    9.28593e+01    1.70232e+03    2.96051e+03
     Coulomb-14        LJ (SR)   Coulomb (SR)   Coul. recip.      Potential
    7.79928e+03    2.16885e+04   -2.03262e+05    3.21250e+03   -1.64302e+05
 Pressure (bar)
    2.60245e+02

           Step           Time
             75       75.00000

   Energies (kJ/mol)
           Bond          Angle    Proper Dih. Ryckaert-Bell.          LJ-14
    2.99091e+02    1.07406e+03    9.26785e+01    1.70176e+03    2.94960e+03
     Coulomb-14        LJ (SR)   Coulomb (SR)   Coul. recip.      Potential
    7.79724e+03    2.16638e+04   -2.03338e+05    3.19315e+03   -1.64566e+05
 Pressure (bar)
    2.29161e+02

           Step           Time
             76       76.00000

           Step           Time
             77       77.00000

   Energies (kJ/mol)
           Bond          Angle    Proper Dih. Ryckaert-Bell.          LJ-14
    2.39219e+02    1.07187e+03    9.26743e+01    1.70147e+03    2.95173e+03
     Coulomb-14        LJ (SR)   Coulomb (SR)   Coul. recip.      Potential
    7.79867e+03    2.16383e+04   -2.03419e+05    3.18740e+03   -1.64737e+05
 Pressure (bar)
    1.98194e+02

           Step           Time
             78       78.00000

   Energies (kJ/mol)
           Bond          Angle    Proper Dih. Ryckaert-Bell.          LJ-14
    3.53375e+02    1.07398e+03    9.24703e+01    1.70056e+03    2.94122e+03
     Coulomb-14        LJ (SR)   Coulomb (SR)   Coul. recip.      Potential
    7.79732e+03    2.15917e+04   -2.03571e+05    3.16088e+03   -1.64859e+05
 Pressure (bar)
    1.06669e+02

           Step           Time
             79       79.00000

   Energies (kJ/mol)
           Bond          Angle    Proper Dih. Ryckaert-Bell.          LJ-14
    2.82506e+02    1.07252e+03    9.25044e+01    1.70030e+03    2.94528e+03
     Coulomb-14        LJ (SR)   Coulomb (SR)   Coul. recip.      Potential
    7.79941e+03    2.15647e+04   -2.03659e+05    3.15680e+03   -1.65045e+05
 Pressure (bar)
    7.36392e+01

           Step           Time
             80       80.00000

   Energies (kJ/mol)
           Bond          Angle    Proper Dih. Ryckaert-Bell.          LJ-14
    4.57042e+02    1.07838e+03    9.22863e+01    1.69945e+03    2.93320e+03
     Coulomb-14        LJ (SR)   Coulomb (SR)   Coul. recip.      Potential
    7.79731e+03    2.15268e+04   -2.03785e+05    3.13126e+03   -1.65070e+05
 Pressure (bar)
   -1.10982e+01

           Step           Time
             81       81.00000

   Energies (kJ/mol)
           Bond          Angle    Proper Dih. Ryckaert-Bell.          LJ-14
    3.83299e+02    1.07930e+03    9.23870e+01    1.69924e+03    2.94017e+03
     Coulomb-14        LJ (SR)   Coulomb (SR)   Coul. recip.      Potential
    7.80028e+03    2.14988e+04   -2.03879e+05    3.12992e+03   -1.65255e+05
 Pressure (bar)
   -4.49718e+01

           Step           Time
             82       82.00000

           Step           Time
             83       83.00000

   Energies (kJ/mol)
           Bond          Angle    Proper Dih. Ryckaert-Bell.          LJ-14
    2.32934e+02    1.05894e+03    9.22128e+01    1.69880e+03    2.93190e+03
     Coulomb-14        LJ (SR)   Coulomb (SR)   Coul. recip.      Potential
    7.79870e+03    2.14815e+04   -2.03934e+05    3.11564e+03   -1.65524e+05
 Pressure (bar)
   -5.80224e+01

           Step           Time
             84       84.00000

   Energies (kJ/mol)
           Bond          Angle    Proper Dih. Ryckaert-Bell.          LJ-14
    4.86277e+02    1.08359e+03    9.21262e+01    1.69765e+03    2.93113e+03
     Coulomb-14        LJ (SR)   Coulomb (SR)   Coul. recip.      Potential
    7.80092e+03    2.14072e+04   -2.04194e+05    3.08946e+03   -1.65605e+05
 Pressure (bar)
   -2.07834e+02

           Step           Time
             85       85.00000

   Energies (kJ/mol)
           Bond          Angle    Proper Dih. Ryckaert-Bell.          LJ-14
    2.80006e+02    1.05651e+03    9.19091e+01    1.69716e+03    2.92029e+03
     Coulomb-14        LJ (SR)   Coulomb (SR)   Coul. recip.      Potential
    7.79889e+03    2.13891e+04   -2.04254e+05    3.07233e+03   -1.65948e+05
 Pressure (bar)
   -2.21447e+02

           Step           Time
             86       86.00000

           Step           Time
             87       87.00000

   Energies (kJ/mol)
           Bond          Angle    Proper Dih. Ryckaert-Bell.          LJ-14
    2.60996e+02    1.05767e+03    9.19241e+01    1.69683e+03    2.92247e+03
     Coulomb-14        LJ (SR)   Coulomb (SR)   Coul. recip.      Potential
    7.80031e+03    2.13641e+04   -2.04342e+05    3.06622e+03   -1.66081e+05
 Pressure (bar)
   -2.57430e+02

           Step           Time
             88       88.00000

   Energies (kJ/mol)
           Bond          Angle    Proper Dih. Ryckaert-Bell.          LJ-14
    3.32972e+02    1.05721e+03    9.17219e+01    1.69614e+03    2.91319e+03
     Coulomb-14        LJ (SR)   Coulomb (SR)   Coul. recip.      Potential
    7.79887e+03    2.13352e+04   -2.04447e+05    3.04641e+03   -1.66175e+05
 Pressure (bar)
   -3.19317e+02

           Step           Time
             89       89.00000

   Energies (kJ/mol)
           Bond          Angle    Proper Dih. Ryckaert-Bell.          LJ-14
    3.21444e+02    1.06078e+03    9.17918e+01    1.69586e+03    2.91756e+03
     Coulomb-14        LJ (SR)   Coulomb (SR)   Coul. recip.      Potential
    7.80098e+03    2.13099e+04   -2.04538e+05    3.04253e+03   -1.66297e+05
 Pressure (bar)
   -3.57604e+02

           Step           Time
             90       90.00000

   Energies (kJ/mol)
           Bond          Angle    Proper Dih. Ryckaert-Bell.          LJ-14
    4.38123e+02    1.06250e+03    9.15458e+01    1.69512e+03    2.90601e+03
     Coulomb-14        LJ (SR)   Coulomb (SR)   Coul. recip.      Potential
    7.79879e+03    2.12841e+04   -2.04634e+05    3.02133e+03   -1.66336e+05
 Pressure (bar)
   -4.19798e+02

           Step           Time
             91       91.00000

   Energies (kJ/mol)
           Bond          Angle    Proper Dih. Ryckaert-Bell.          LJ-14
    4.52047e+02    1.07100e+03    9.17087e+01    1.69492e+03    2.91359e+03
     Coulomb-14        LJ (SR)   Coulomb (SR)   Coul. recip.      Potential
    7.80180e+03    2.12588e+04   -2.04728e+05    3.02073e+03   -1.66424e+05
 Pressure (bar)
   -4.60484e+02

           Step           Time
             92       92.00000

           Step           Time
             93       93.00000

   Energies (kJ/mol)
           Bond          Angle    Proper Dih. Ryckaert-Bell.          LJ-14
    2.23710e+02    1.04400e+03    9.14977e+01    1.69452e+03    2.90526e+03
     Coulomb-14        LJ (SR)   Coulomb (SR)   Coul. recip.      Potential
    7.80017e+03    2.12459e+04   -2.04772e+05    3.00785e+03   -1.66759e+05
 Pressure (bar)
   -4.59236e+02

           Step           Time
             94       94.00000

   Energies (kJ/mol)
           Bond          Angle    Proper Dih. Ryckaert-Bell.          LJ-14
    5.83422e+02    1.07553e+03    9.12979e+01    1.69264e+03    2.90071e+03
     Coulomb-14        LJ (SR)   Coulomb (SR)   Coul. recip.      Potential
    7.80238e+03    2.11476e+04   -2.05155e+05    2.96711e+03   -1.66894e+05
 Pressure (bar)
   -6.71578e+02

           Step           Time
             95       95.00000

   Energies (kJ/mol)
           Bond          Angle    Proper Dih. Ryckaert-Bell.          LJ-14
    2.63797e+02    1.03965e+03    9.10475e+01    1.69221e+03    2.88995e+03
     Coulomb-14        LJ (SR)   Coulomb (SR)   Coul. recip.      Potential
    7.80047e+03    2.11345e+04   -2.05203e+05    2.95177e+03   -1.67340e+05
 Pressure (bar)
   -6.69327e+02

           Step           Time
             96       96.00000

           Step           Time
             97       97.00000

   Energies (kJ/mol)
           Bond          Angle    Proper Dih. Ryckaert-Bell.          LJ-14
    2.92585e+02    1.04464e+03    9.10833e+01    1.69182e+03    2.89215e+03
     Coulomb-14        LJ (SR)   Coulomb (SR)   Coul. recip.      Potential
    7.80190e+03    2.11101e+04   -2.05300e+05    2.94535e+03   -1.67430e+05
 Pressure (bar)
   -7.11167e+02

           Step           Time
             98       98.00000

   Energies (kJ/mol)
           Bond          Angle    Proper Dih. Ryckaert-Bell.          LJ-14
    3.14656e+02    1.04069e+03    9.08652e+01    1.69123e+03    2.88350e+03
     Coulomb-14        LJ (SR)   Coulomb (SR)   Coul. recip.      Potential
    7.80039e+03    2.10916e+04   -2.05377e+05    2.92957e+03   -1.67534e+05
 Pressure (bar)
   -7.52523e+02

           Step           Time
             99       99.00000

   Energies (kJ/mol)
           Bond          Angle    Proper Dih. Ryckaert-Bell.          LJ-14
    3.73055e+02    1.05015e+03    9.09781e+01    1.69091e+03    2.88819e+03
     Coulomb-14        LJ (SR)   Coulomb (SR)   Coul. recip.      Potential
    7.80251e+03    2.10686e+04   -2.05472e+05    2.92609e+03   -1.67581e+05
 Pressure (bar)
   -7.96943e+02

           Step           Time
            100      100.00000

   Energies (kJ/mol)
           Bond          Angle    Proper Dih. Ryckaert-Bell.          LJ-14
    4.20868e+02    1.04669e+03    9.06929e+01    1.69023e+03    2.87690e+03
     Coulomb-14        LJ (SR)   Coulomb (SR)   Coul. recip.      Potential
    7.80027e+03    2.10512e+04   -2.05546e+05    2.90790e+03   -1.67661e+05
 Pressure (bar)
   -8.40318e+02

           Step           Time
            101      101.00000

           Step           Time
            102      102.00000

   Energies (kJ/mol)
           Bond          Angle    Proper Dih. Ryckaert-Bell.          LJ-14
    2.19736e+02    1.03151e+03    9.07684e+01    1.69013e+03    2.88035e+03
     Coulomb-14        LJ (SR)   Coulomb (SR)   Coul. recip.      Potential
    7.80176e+03    2.10390e+04   -2.05592e+05    2.90737e+03   -1.67932e+05
 Pressure (bar)
   -8.36471e+02

           Step           Time
            103      103.00000

   Energies (kJ/mol)
           Bond          Angle    Proper Dih. Ryckaert-Bell.          LJ-14
    5.17670e+02    1.04920e+03    9.03066e+01    1.68803e+03    2.86406e+03
     Coulomb-14        LJ (SR)   Coulomb (SR)   Coul. recip.      Potential
    7.80026e+03    2.09654e+04   -2.05918e+05    2.86128e+03   -1.68082e+05
 Pressure (bar)
   -1.01538e+03

           Step           Time
            104      104.00000

   Energies (kJ/mol)
           Bond          Angle    Proper Dih. Ryckaert-Bell.          LJ-14
    2.50561e+02    1.02951e+03    9.04498e+01    1.68801e+03    2.86952e+03
     Coulomb-14        LJ (SR)   Coulomb (SR)   Coul. recip.      Potential
    7.80267e+03    2.09519e+04   -2.05973e+05    2.86282e+03   -1.68428e+05
 Pressure (bar)
   -1.01146e+03

           Step           Time
            105      105.00000

           Step           Time
            106      106.00000

   Energies (kJ/mol)
           Bond          Angle    Proper Dih. Ryckaert-Bell.          LJ-14
    2.80547e+02    1.02780e+03    9.02401e+01    1.68740e+03    2.86252e+03
     Coulomb-14        LJ (SR)   Coulomb (SR)   Coul. recip.      Potential
    7.80147e+03    2.09350e+04   -2.06050e+05    2.84889e+03   -1.68517e+05
 Pressure (bar)
   -1.04861e+03

           Step           Time
            107      107.00000

   Energies (kJ/mol)
           Bond          Angle    Proper Dih. Ryckaert-Bell.          LJ-14
    2.91557e+02    1.03148e+03    9.03163e+01    1.68709e+03    2.86551e+03
     Coulomb-14        LJ (SR)   Coulomb (SR)   Coul. recip.      Potential
    7.80307e+03    2.09174e+04   -2.06132e+05    2.84528e+03   -1.68600e+05
 Pressure (bar)
   -1.08313e+03

           Step           Time
            108      108.00000

   Energies (kJ/mol)
           Bond          Angle    Proper Dih. Ryckaert-Bell.          LJ-14
    3.42990e+02    1.03049e+03    9.00611e+01    1.68643e+03    2.85674e+03
     Coulomb-14        LJ (SR)   Coulomb (SR)   Coul. recip.      Potential
    7.80143e+03    2.09020e+04   -2.06206e+05    2.83000e+03   -1.68665e+05
 Pressure (bar)
   -1.12302e+03

           Step           Time
            109      109.00000

   Energies (kJ/mol)
           Bond          Angle    Proper Dih. Ryckaert-Bell.          LJ-14
    3.77994e+02    1.03795e+03    9.02281e+01    1.68617e+03    2.86216e+03
     Coulomb-14        LJ (SR)   Coulomb (SR)   Coul. recip.      Potential
    7.80364e+03    2.08845e+04   -2.06288e+05    2.82887e+03   -1.68716e+05
 Pressure (bar)
   -1.15831e+03

           Step           Time
            110      110.00000

   Energies (kJ/mol)
           Bond          Angle    Proper Dih. Ryckaert-Bell.          LJ-14
    4.70635e+02    1.03908e+03    8.98945e+01    1.68544e+03    2.85074e+03
     Coulomb-14        LJ (SR)   Coulomb (SR)   Coul. recip.      Potential
    7.80129e+03    2.08708e+04   -2.06358e+05    2.81139e+03   -1.68738e+05
 Pressure (bar)
   -1.20241e+03

           Step           Time
            111      111.00000

           Step           Time
            112      112.00000

   Energies (kJ/mol)
           Bond          Angle    Proper Dih. Ryckaert-Bell.          LJ-14
    2.18461e+02    1.01910e+03    9.00019e+01    1.68537e+03    2.85450e+03
     Coulomb-14        LJ (SR)   Coulomb (SR)   Coul. recip.      Potential
    7.80282e+03    2.08608e+04   -2.06399e+05    2.81181e+03   -1.69056e+05
 Pressure (bar)
   -1.18992e+03

           Step           Time
            113      113.00000

   Energies (kJ/mol)
           Bond          Angle    Proper Dih. Ryckaert-Bell.          LJ-14
    5.83748e+02    1.04248e+03    8.93889e+01    1.68242e+03    2.83506e+03
     Coulomb-14        LJ (SR)   Coulomb (SR)   Coul. recip.      Potential
    7.80124e+03    2.07791e+04   -2.06824e+05    2.75553e+03   -1.69255e+05
 Pressure (bar)
   -1.41035e+03

           Step           Time
            114      114.00000

   Energies (kJ/mol)
           Bond          Angle    Proper Dih. Ryckaert-Bell.          LJ-14
    2.49054e+02    1.01634e+03    8.95775e+01    1.68246e+03    2.84086e+03
     Coulomb-14        LJ (SR)   Coulomb (SR)   Coul. recip.      Potential
    7.80384e+03    2.07680e+04   -2.06874e+05    2.75845e+03   -1.69666e+05
 Pressure (bar)
   -1.39825e+03

           Step           Time
            115      115.00000

           Step           Time
            116      116.00000

   Energies (kJ/mol)
           Bond          Angle    Proper Dih. Ryckaert-Bell.          LJ-14
    3.00558e+02    1.01690e+03    8.93422e+01    1.68179e+03    2.83389e+03
     Coulomb-14        LJ (SR)   Coulomb (SR)   Coul. recip.      Potential
    7.80261e+03    2.07543e+04   -2.06951e+05    2.74514e+03   -1.69727e+05
 Pressure (bar)
   -1.43450e+03

           Step           Time
            117      117.00000

   Energies (kJ/mol)
           Bond          Angle    Proper Dih. Ryckaert-Bell.          LJ-14
    2.92173e+02    1.01883e+03    8.94614e+01    1.68153e+03    2.83746e+03
     Coulomb-14        LJ (SR)   Coulomb (SR)   Coul. recip.      Potential
    7.80421e+03    2.07414e+04   -2.07020e+05    2.74356e+03   -1.69811e+05
 Pressure (bar)
   -1.45932e+03

           Step           Time
            118      118.00000

   Energies (kJ/mol)
           Bond          Angle    Proper Dih. Ryckaert-Bell.          LJ-14
    3.75826e+02    1.02130e+03    8.91718e+01    1.68082e+03    2.82872e+03
     Coulomb-14        LJ (SR)   Coulomb (SR)   Coul. recip.      Potential
    7.80251e+03    2.07298e+04   -2.07091e+05    2.72901e+03   -1.69834e+05
 Pressure (bar)
   -1.49916e+03

           Step           Time
            119      119.00000

   Energies (kJ/mol)
           Bond          Angle    Proper Dih. Ryckaert-Bell.          LJ-14
    3.85532e+02    1.02631e+03    8.94015e+01    1.68061e+03    2.83473e+03
     Coulomb-14        LJ (SR)   Coulomb (SR)   Coul. recip.      Potential
    7.80476e+03    2.07165e+04   -2.07162e+05    2.72977e+03   -1.69895e+05
 Pressure (bar)
   -1.52536e+03

           Step           Time
            120      120.00000

           Step           Time
            121      121.00000

   Energies (kJ/mol)
           Bond          Angle    Proper Dih. Ryckaert-Bell.          LJ-14
    2.22861e+02    1.00796e+03    8.91681e+01    1.68022e+03    2.82845e+03
     Coulomb-14        LJ (SR)   Coulomb (SR)   Coul. recip.      Potential
    7.80352e+03    2.07106e+04   -2.07195e+05    2.72076e+03   -1.70131e+05
 Pressure (bar)
   -1.52275e+03

           Step           Time
            122      122.00000

   Energies (kJ/mol)
           Bond          Angle    Proper Dih. Ryckaert-Bell.          LJ-14
    4.80060e+02    1.03070e+03    8.90597e+01    1.67841e+03    2.82584e+03
     Coulomb-14        LJ (SR)   Coulomb (SR)   Coul. recip.      Potential
    7.80511e+03    2.06641e+04   -2.07478e+05    2.69578e+03   -1.70209e+05
 Pressure (bar)
   -1.65910e+03

           Step           Time
            123      123.00000

   Energies (kJ/mol)
           Bond          Angle    Proper Dih. Ryckaert-Bell.          LJ-14
    2.51938e+02    1.00605e+03    8.87750e+01    1.67800e+03    2.81762e+03
     Coulomb-14        LJ (SR)   Coulomb (SR)   Coul. recip.      Potential
    7.80364e+03    2.06585e+04   -2.07514e+05    2.68479e+03   -1.70525e+05
 Pressure (bar)
   -1.65611e+03

           Step           Time
            124      124.00000

           Step           Time
            125      125.00000

   Energies (kJ/mol)
           Bond          Angle    Proper Dih. Ryckaert-Bell.          LJ-14
    2.72578e+02    1.00922e+03    8.88579e+01    1.67760e+03    2.81951e+03
     Coulomb-14        LJ (SR)   Coulomb (SR)   Coul. recip.      Potential
    7.80471e+03    2.06463e+04   -2.07588e+05    2.68108e+03   -1.70589e+05
 Pressure (bar)
   -1.68331e+03

           Step           Time
            126      126.00000

   Energies (kJ/mol)
           Bond          Angle    Proper Dih. Ryckaert-Bell.          LJ-14
    2.88791e+02    1.00733e+03    8.86253e+01    1.67703e+03    2.81292e+03
     Coulomb-14        LJ (SR)   Coulomb (SR)   Coul. recip.      Potential
    7.80355e+03    2.06383e+04   -2.07647e+05    2.66995e+03   -1.70660e+05
 Pressure (bar)
   -1.71096e+03

           Step           Time
            127      127.00000

   Energies (kJ/mol)
           Bond          Angle    Proper Dih. Ryckaert-Bell.          LJ-14
    3.30640e+02    1.01340e+03    8.87894e+01    1.67670e+03    2.81672e+03
     Coulomb-14        LJ (SR)   Coulomb (SR)   Coul. recip.      Potential
    7.80513e+03    2.06265e+04   -2.07720e+05    2.66838e+03   -1.70694e+05
 Pressure (bar)
   -1.74030e+03

           Step           Time
            128      128.00000

   Energies (kJ/mol)
           Bond          Angle    Proper Dih. Ryckaert-Bell.          LJ-14
    3.65693e+02    1.01220e+03    8.84781e+01    1.67605e+03    2.80807e+03
     Coulomb-14        LJ (SR)   Coulomb (SR)   Coul. recip.      Potential
    7.80342e+03    2.06194e+04   -2.07777e+05    2.65532e+03   -1.70749e+05
 Pressure (bar)
   -1.76942e+03

           Step           Time
            129      129.00000

           Step           Time
            130      130.00000

   Energies (kJ/mol)
           Bond          Angle    Proper Dih. Ryckaert-Bell.          LJ-14
    2.20510e+02    1.00067e+03    8.85910e+01    1.67593e+03    2.81088e+03
     Coulomb-14        LJ (SR)   Coulomb (SR)   Coul. recip.      Potential
    7.80454e+03    2.06127e+04   -2.07814e+05    2.65544e+03   -1.70944e+05
 Pressure (bar)
   -1.76546e+03

           Step           Time
            131      131.00000

   Energies (kJ/mol)
           Bond          Angle    Proper Dih. Ryckaert-Bell.          LJ-14
    4.36296e+02    1.01484e+03    8.81629e+01    1.67382e+03    2.79850e+03
     Coulomb-14        LJ (SR)   Coulomb (SR)   Coul. recip.      Potential
    7.80334e+03    2.05785e+04   -2.08074e+05    2.62287e+03   -1.71058e+05
 Pressure (bar)
   -1.88864e+03

           Step           Time
            132      132.00000

   Energies (kJ/mol)
           Bond          Angle    Proper Dih. Ryckaert-Bell.          LJ-14
    2.42916e+02    9.99691e+02    8.83515e+01    1.67376e+03    2.80289e+03
     Coulomb-14        LJ (SR)   Coulomb (SR)   Coul. recip.      Potential
    7.80515e+03    2.05708e+04   -2.08118e+05    2.62458e+03   -1.71309e+05
 Pressure (bar)
   -1.88477e+03

           Step           Time
            133      133.00000

           Step           Time
            134      134.00000

   Energies (kJ/mol)
           Bond          Angle    Proper Dih. Ryckaert-Bell.          LJ-14
    2.65195e+02    9.99189e+02    8.81392e+01    1.67318e+03    2.79755e+03
     Coulomb-14        LJ (SR)   Coulomb (SR)   Coul. recip.      Potential
    7.80423e+03    2.05635e+04   -2.08179e+05    2.61456e+03   -1.71373e+05
 Pressure (bar)
   -1.90987e+03

           Step           Time
            135      135.00000

   Energies (kJ/mol)
           Bond          Angle    Proper Dih. Ryckaert-Bell.          LJ-14
    2.72551e+02    1.00128e+03    8.82523e+01    1.67286e+03    2.80003e+03
     Coulomb-14        LJ (SR)   Coulomb (SR)   Coul. recip.      Potential
    7.80543e+03    2.05547e+04   -2.08243e+05    2.61259e+03   -1.71435e+05
 Pressure (bar)
   -1.93282e+03

           Step           Time
            136      136.00000

   Energies (kJ/mol)
           Bond          Angle    Proper Dih. Ryckaert-Bell.          LJ-14
    3.10760e+02    1.00156e+03    8.79879e+01    1.67223e+03    2.79330e+03
     Coulomb-14        LJ (SR)   Coulomb (SR)   Coul. recip.      Potential
    7.80416e+03    2.05486e+04   -2.08301e+05    2.60144e+03   -1.71481e+05
 Pressure (bar)
   -1.96003e+03

           Step           Time
            137      137.00000

   Energies (kJ/mol)
           Bond          Angle    Proper Dih. Ryckaert-Bell.          LJ-14
    3.35045e+02    1.00606e+03    8.81950e+01    1.67196e+03    2.79765e+03
     Coulomb-14        LJ (SR)   Coulomb (SR)   Coul. recip.      Potential
    7.80582e+03    2.05395e+04   -2.08366e+05    2.60133e+03   -1.71520e+05
 Pressure (bar)
   -1.98373e+03

           Step           Time
            138      138.00000

   Energies (kJ/mol)
           Bond          Angle    Proper Dih. Ryckaert-Bell.          LJ-14
    4.03725e+02    1.00825e+03    8.78448e+01    1.67128e+03    2.78886e+03
     Coulomb-14        LJ (SR)   Coulomb (SR)   Coul. recip.      Potential
    7.80402e+03    2.05348e+04   -2.08421e+05    2.58837e+03   -1.71534e+05
 Pressure (bar)
   -2.01409e+03

           Step           Time
            139      139.00000

           Step           Time
            140      140.00000

   Energies (kJ/mol)
           Bond          Angle    Proper Dih. Ryckaert-Bell.          LJ-14
    2.20131e+02    9.93062e+02    8.79828e+01    1.67119e+03    2.79190e+03
     Coulomb-14        LJ (SR)   Coulomb (SR)   Coul. recip.      Potential
    7.80517e+03    2.05290e+04   -2.08454e+05    2.58911e+03   -1.71767e+05
 Pressure (bar)
   -2.00424e+03

           Step           Time
            141      141.00000

   Energies (kJ/mol)
           Bond          Angle    Proper Dih. Ryckaert-Bell.          LJ-14
    4.86419e+02    1.01132e+03    8.74326e+01    1.66822e+03    2.77681e+03
     Coulomb-14        LJ (SR)   Coulomb (SR)   Coul. recip.      Potential
    7.80388e+03    2.04925e+04   -2.08813e+05    2.54708e+03   -1.71939e+05
 Pressure (bar)
   -2.16171e+03

           Step           Time
            142      142.00000

   Energies (kJ/mol)
           Bond          Angle    Proper Dih. Ryckaert-Bell.          LJ-14
    2.42331e+02    9.91281e+02    8.76576e+01    1.66822e+03    2.78147e+03
     Coulomb-14        LJ (SR)   Coulomb (SR)   Coul. recip.      Potential
    7.80585e+03    2.04858e+04   -2.08853e+05    2.54974e+03   -1.72241e+05
 Pressure (bar)
   -2.15254e+03

           Step           Time
            143      143.00000

           Step           Time
            144      144.00000

   Energies (kJ/mol)
           Bond          Angle    Proper Dih. Ryckaert-Bell.          LJ-14
    2.80932e+02    9.92443e+02    8.74247e+01    1.66760e+03    2.77613e+03
     Coulomb-14        LJ (SR)   Coulomb (SR)   Coul. recip.      Potential
    7.80489e+03    2.04807e+04   -2.08916e+05    2.53980e+03   -1.72286e+05
 Pressure (bar)
   -2.17766e+03

           Step           Time
            145      145.00000

   Energies (kJ/mol)
           Bond          Angle    Proper Dih. Ryckaert-Bell.          LJ-14
    2.73484e+02    9.93113e+02    8.75713e+01    1.66734e+03    2.77903e+03
     Coulomb-14        LJ (SR)   Coulomb (SR)   Coul. recip.      Potential
    7.80609e+03    2.04741e+04   -2.08971e+05    2.53912e+03   -1.72352e+05
 Pressure (bar)
   -2.19431e+03

           Step           Time
            146      146.00000

   Energies (kJ/mol)
           Bond          Angle    Proper Dih. Ryckaert-Bell.          LJ-14
    3.36016e+02    9.95957e+02    8.72816e+01    1.66669e+03    2.77229e+03
     Coulomb-14        LJ (SR)   Coulomb (SR)   Coul. recip.      Potential
    7.80477e+03    2.04705e+04   -2.09029e+05    2.52815e+03   -1.72367e+05
 Pressure (bar)
   -2.22213e+03

           Step           Time
            147      147.00000

   Energies (kJ/mol)
           Bond          Angle    Proper Dih. Ryckaert-Bell.          LJ-14
    3.40997e+02    9.98496e+02    8.75388e+01    1.66647e+03    2.77708e+03
     Coulomb-14        LJ (SR)   Coulomb (SR)   Coul. recip.      Potential
    7.80647e+03    2.04633e+04   -2.09087e+05    2.52926e+03   -1.72417e+05
 Pressure (bar)
   -2.23993e+03

           Step           Time
            148      148.00000

           Step           Time
            149      149.00000

   Energies (kJ/mol)
           Bond          Angle    Proper Dih. Ryckaert-Bell.          LJ-14
    2.24163e+02    9.85867e+02    8.73094e+01    1.66613e+03    2.77227e+03
     Coulomb-14        LJ (SR)   Coulomb (SR)   Coul. recip.      Potential
    7.80551e+03    2.04616e+04   -2.09114e+05    2.52242e+03   -1.72588e+05
 Pressure (bar)
   -2.23749e+03

           Step           Time
            150      150.00000

   Energies (kJ/mol)
           Bond          Angle    Proper Dih. Ryckaert-Bell.          LJ-14
    4.09083e+02    1.00198e+03    8.72839e+01    1.66452e+03    2.77092e+03
     Coulomb-14        LJ (SR)   Coulomb (SR)   Coul. recip.      Potential
    7.80665e+03    2.04427e+04   -2.09334e+05    2.50576e+03   -1.72645e+05
 Pressure (bar)
   -2.32866e+03

           Step           Time
            151      151.00000

   Energies (kJ/mol)
           Bond          Angle    Proper Dih. Ryckaert-Bell.          LJ-14
    2.45804e+02    9.84954e+02    8.69977e+01    1.66414e+03    2.76455e+03
     Coulomb-14        LJ (SR)   Coulomb (SR)   Coul. recip.      Potential
    7.80548e+03    2.04416e+04   -2.09364e+05    2.49726e+03   -1.72873e+05
 Pressure (bar)
   -2.32595e+03

           Step           Time
            152      152.00000

           Step           Time
            153      153.00000

   Energies (kJ/mol)
           Bond          Angle    Proper Dih. Ryckaert-Bell.          LJ-14
    2.59595e+02    9.86729e+02    8.71031e+01    1.66377e+03    2.76615e+03
     Coulomb-14        LJ (SR)   Coulomb (SR)   Coul. recip.      Potential
    7.80628e+03    2.04359e+04   -2.09424e+05    2.49487e+03   -1.72923e+05
 Pressure (bar)
   -2.34451e+03

           Step           Time
            154      154.00000

   Energies (kJ/mol)
           Bond          Angle    Proper Dih. Ryckaert-Bell.          LJ-14
    2.72879e+02    9.86061e+02    8.68801e+01    1.66326e+03    2.76105e+03
     Coulomb-14        LJ (SR)   Coulomb (SR)   Coul. recip.      Potential
    7.80537e+03    2.04339e+04   -2.09473e+05    2.48633e+03   -1.72977e+05
 Pressure (bar)
   -2.36403e+03

           Step           Time
            155      155.00000

   Energies (kJ/mol)
           Bond          Angle    Proper Dih. Ryckaert-Bell.          LJ-14
    3.01597e+02    9.89713e+02    8.70639e+01    1.66294e+03    2.76412e+03
     Coulomb-14        LJ (SR)   Coulomb (SR)   Coul. recip.      Potential
    7.80656e+03    2.04280e+04   -2.09533e+05    2.48557e+03   -1.73007e+05
 Pressure (bar)
   -2.38435e+03

           Step           Time
            156      156.00000

   Energies (kJ/mol)
           Bond          Angle    Proper Dih. Ryckaert-Bell.          LJ-14
    3.29139e+02    9.89827e+02    8.67613e+01    1.66237e+03    2.75743e+03
     Coulomb-14        LJ (SR)   Coulomb (SR)   Coul. recip.      Potential
    7.80521e+03    2.04271e+04   -2.09580e+05    2.47547e+03   -1.73047e+05
 Pressure (bar)
   -2.40487e+03

           Step           Time
            157      157.00000

           Step           Time
            158      158.00000

   Energies (kJ/mol)
           Bond          Angle    Proper Dih. Ryckaert-Bell.          LJ-14
    2.22452e+02    9.80847e+02    8.68878e+01    1.66225e+03    2.75968e+03
     Coulomb-14        LJ (SR)   Coulomb (SR)   Coul. recip.      Potential
    7.80606e+03    2.04232e+04   -2.09610e+05    2.47582e+03   -1.73193e+05
 Pressure (bar)
   -2.40161e+03

           Step           Time
            159      159.00000

   Energies (kJ/mol)
           Bond          Angle    Proper Dih. Ryckaert-Bell.          LJ-14
    3.80359e+02    9.91721e+02    8.65106e+01    1.66027e+03    2.74998e+03
     Coulomb-14        LJ (SR)   Coulomb (SR)   Coul. recip.      Potential
    7.80504e+03    2.04119e+04   -2.09838e+05    2.45018e+03   -1.73303e+05
 Pressure (bar)
   -2.49206e+03

           Step           Time
            160      160.00000

   Energies (kJ/mol)
           Bond          Angle    Proper Dih. Ryckaert-Bell.          LJ-14
    2.38726e+02    9.79929e+02    8.67094e+01    1.66018e+03    2.75347e+03
     Coulomb-14        LJ (SR)   Coulomb (SR)   Coul. recip.      Potential
    7.80641e+03    2.04072e+04   -2.09875e+05    2.45178e+03   -1.73490e+05
 Pressure (bar)
   -2.48919e+03

           Step           Time
            161      161.00000

           Step           Time
            162      162.00000

   Energies (kJ/mol)
           Bond          Angle    Proper Dih. Ryckaert-Bell.          LJ-14
    2.55683e+02    9.80013e+02    8.65107e+01    1.65966e+03    2.74937e+03
     Coulomb-14        LJ (SR)   Coulomb (SR)   Coul. recip.      Potential
    7.80568e+03    2.04057e+04   -2.09927e+05    2.44404e+03   -1.73540e+05
 Pressure (bar)
   -2.50692e+03

           Step           Time
            163      163.00000

   Energies (kJ/mol)
           Bond          Angle    Proper Dih. Ryckaert-Bell.          LJ-14
    2.60216e+02    9.80997e+02    8.66343e+01    1.65935e+03    2.75136e+03
     Coulomb-14        LJ (SR)   Coulomb (SR)   Coul. recip.      Potential
    7.80657e+03    2.04016e+04   -2.09979e+05    2.44283e+03   -1.73590e+05
 Pressure (bar)
   -2.52300e+03

           Step           Time
            164      164.00000

   Energies (kJ/mol)
           Bond          Angle    Proper Dih. Ryckaert-Bell.          LJ-14
    2.88944e+02    9.81862e+02    8.63847e+01    1.65881e+03    2.74618e+03
     Coulomb-14        LJ (SR)   Coulomb (SR)   Coul. recip.      Potential
    7.80556e+03    2.04012e+04   -2.10029e+05    2.43416e+03   -1.73626e+05
 Pressure (bar)
   -2.54222e+03

           Step           Time
            165      165.00000

   Energies (kJ/mol)
           Bond          Angle    Proper Dih. Ryckaert-Bell.          LJ-14
    3.05556e+02    9.84358e+02    8.65977e+01    1.65854e+03    2.74961e+03
     Coulomb-14        LJ (SR)   Coulomb (SR)   Coul. recip.      Potential
    7.80682e+03    2.03965e+04   -2.10083e+05    2.43442e+03   -1.73660e+05
 Pressure (bar)
   -2.55905e+03

           Step           Time
            166      166.00000

   Energies (kJ/mol)
           Bond          Angle    Proper Dih. Ryckaert-Bell.          LJ-14
    3.56655e+02    9.86873e+02    8.62659e+01    1.65796e+03    2.74282e+03
     Coulomb-14        LJ (SR)   Coulomb (SR)   Coul. recip.      Potential
    7.80539e+03    2.03974e+04   -2.10130e+05    2.42428e+03   -1.73672e+05
 Pressure (bar)
   -2.58042e+03

           Step           Time
            167      167.00000

   Energies (kJ/mol)
           Bond          Angle    Proper Dih. Ryckaert-Bell.          LJ-14
    4.00701e+02    9.92523e+02    8.66168e+01    1.65773e+03    2.74838e+03
     Coulomb-14        LJ (SR)   Coulomb (SR)   Coul. recip.      Potential
    7.80718e+03    2.03918e+04   -2.10185e+05    2.42672e+03   -1.73674e+05
 Pressure (bar)
   -2.59972e+03

           Step           Time
            168      168.00000

           Step           Time
            169      169.00000

   Energies (kJ/mol)
           Bond          Angle    Proper Dih. Ryckaert-Bell.          LJ-14
    2.24434e+02    9.74727e+02    8.63352e+01    1.65742e+03    2.74330e+03
     Coulomb-14        LJ (SR)   Coulomb (SR)   Coul. recip.      Potential
    7.80614e+03    2.03921e+04   -2.10207e+05    2.41994e+03   -1.73903e+05
 Pressure (bar)
   -2.58839e+03

           Step           Time
            170      170.00000

   Energies (kJ/mol)
           Bond          Angle    Proper Dih. Ryckaert-Bell.          LJ-14
    4.96497e+02    9.97405e+02    8.62529e+01    1.65514e+03    2.74094e+03
     Coulomb-14        LJ (SR)   Coulomb (SR)   Coul. recip.      Potential
    7.80710e+03    2.03813e+04   -2.10496e+05    2.39874e+03   -1.73932e+05
 Pressure (bar)
   -2.70019e+03

           Step           Time
            171      171.00000

   Energies (kJ/mol)
           Bond          Angle    Proper Dih. Ryckaert-Bell.          LJ-14
    2.47956e+02    9.73671e+02    8.59265e+01    1.65483e+03    2.73437e+03
     Coulomb-14        LJ (SR)   Coulomb (SR)   Coul. recip.      Potential
    7.80602e+03    2.03829e+04   -2.10521e+05    2.39042e+03   -1.74245e+05
 Pressure (bar)
   -2.68828e+03

           Step           Time
            172      172.00000

           Step           Time
            173      173.00000

   Energies (kJ/mol)
           Bond          Angle    Proper Dih. Ryckaert-Bell.          LJ-14
    2.85206e+02    9.77208e+02    8.60773e+01    1.65444e+03    2.73638e+03
     Coulomb-14        LJ (SR)   Coulomb (SR)   Coul. recip.      Potential
    7.80682e+03    2.03794e+04   -2.10582e+05    2.38882e+03   -1.74268e+05
 Pressure (bar)
   -2.70663e+03

           Step           Time
            174      174.00000

   Energies (kJ/mol)
           Bond          Angle    Proper Dih. Ryckaert-Bell.          LJ-14
    2.79985e+02    9.75438e+02    8.58251e+01    1.65398e+03    2.73133e+03
     Coulomb-14        LJ (SR)   Coulomb (SR)   Coul. recip.      Potential
    7.80582e+03    2.03809e+04   -2.10621e+05    2.38107e+03   -1.74327e+05
 Pressure (bar)
   -2.71900e+03

           Step           Time
            175      175.00000

           Step           Time
            176      176.00000

   Energies (kJ/mol)
           Bond          Angle    Proper Dih. Ryckaert-Bell.          LJ-14
    2.25796e+02    9.70729e+02    8.59311e+01    1.65381e+03    2.73295e+03
     Coulomb-14        LJ (SR)   Coulomb (SR)   Coul. recip.      Potential
    7.80643e+03    2.03785e+04   -2.10651e+05    2.38099e+03   -1.74415e+05
 Pressure (bar)
   -2.72035e+03

           Step           Time
            177      177.00000

   Energies (kJ/mol)
           Bond          Angle    Proper Dih. Ryckaert-Bell.          LJ-14
    3.10277e+02    9.76627e+02    8.56808e+01    1.65263e+03    2.72711e+03
     Coulomb-14        LJ (SR)   Coulomb (SR)   Coul. recip.      Potential
    7.80564e+03    2.03786e+04   -2.10777e+05    2.36688e+03   -1.74474e+05
 Pressure (bar)
   -2.76548e+03

           Step           Time
            178      178.00000

   Energies (kJ/mol)
           Bond          Angle    Proper Dih. Ryckaert-Bell.          LJ-14
    2.39384e+02    9.70581e+02    8.58452e+01    1.65247e+03    2.72964e+03
     Coulomb-14        LJ (SR)   Coulomb (SR)   Coul. recip.      Potential
    7.80659e+03    2.03756e+04   -2.10811e+05    2.36764e+03   -1.74584e+05
 Pressure (bar)
   -2.76758e+03

           Step           Time
            179      179.00000

           Step           Time
            180      180.00000

   Energies (kJ/mol)
           Bond          Angle    Proper Dih. Ryckaert-Bell.          LJ-14
    2.38751e+02    9.69665e+02    8.56852e+01    1.65206e+03    2.72659e+03
     Coulomb-14        LJ (SR)   Coulomb (SR)   Coul. recip.      Potential
    7.80603e+03    2.03765e+04   -2.10851e+05    2.36192e+03   -1.74634e+05
 Pressure (bar)
   -2.77856e+03

           Step           Time
            181      181.00000

   Energies (kJ/mol)
           Bond          Angle    Proper Dih. Ryckaert-Bell.          LJ-14
    2.55585e+02    9.71238e+02    8.57752e+01    1.65166e+03    2.72777e+03
     Coulomb-14        LJ (SR)   Coulomb (SR)   Coul. recip.      Potential
    7.80667e+03    2.03744e+04   -2.10907e+05    2.35985e+03   -1.74674e+05
 Pressure (bar)
   -2.79569e+03

           Step           Time
            182      182.00000

   Energies (kJ/mol)
           Bond          Angle    Proper Dih. Ryckaert-Bell.          LJ-14
    2.57250e+02    9.70368e+02    8.55688e+01    1.65122e+03    2.72384e+03
     Coulomb-14        LJ (SR)   Coulomb (SR)   Coul. recip.      Potential
    7.80592e+03    2.03761e+04   -2.10947e+05    2.35321e+03   -1.74724e+05
 Pressure (bar)
   -2.80752e+03

           Step           Time
            183      183.00000

   Energies (kJ/mol)
           Bond          Angle    Proper Dih. Ryckaert-Bell.          LJ-14
    2.88109e+02    9.73453e+02    8.57319e+01    1.65086e+03    2.72617e+03
     Coulomb-14        LJ (SR)   Coulomb (SR)   Coul. recip.      Potential
    7.80683e+03    2.03735e+04   -2.11002e+05    2.35252e+03   -1.74745e+05
 Pressure (bar)
   -2.82497e+03

           Step           Time
            184      184.00000

   Energies (kJ/mol)
           Bond          Angle    Proper Dih. Ryckaert-Bell.          LJ-14
    2.96389e+02    9.72982e+02    8.54547e+01    1.65038e+03    2.72099e+03
     Coulomb-14        LJ (SR)   Coulomb (SR)   Coul. recip.      Potential
    7.80577e+03    2.03763e+04   -2.11042e+05    2.34459e+03   -1.74789e+05
 Pressure (bar)
   -2.83772e+03

           Step           Time
            185      185.00000

           Step           Time
            186      186.00000

   Energies (kJ/mol)
           Bond          Angle    Proper Dih. Ryckaert-Bell.          LJ-14
    2.25588e+02    9.66701e+02    8.55701e+01    1.65022e+03    2.72274e+03
     Coulomb-14        LJ (SR)   Coulomb (SR)   Coul. recip.      Potential
    7.80640e+03    2.03740e+04   -2.11068e+05    2.34488e+03   -1.74892e+05
 Pressure (bar)
   -2.83669e+03

           Step           Time
            187      187.00000

   Energies (kJ/mol)
           Bond          Angle    Proper Dih. Ryckaert-Bell.          LJ-14
    3.32574e+02    9.74509e+02    8.52648e+01    1.64873e+03    2.71619e+03
     Coulomb-14        LJ (SR)   Coulomb (SR)   Coul. recip.      Potential
    7.80555e+03    2.03772e+04   -2.11226e+05    2.32831e+03   -1.74957e+05
 Pressure (bar)
   -2.89082e+03

           Step           Time
            188      188.00000

   Energies (kJ/mol)
           Bond          Angle    Proper Dih. Ryckaert-Bell.          LJ-14
    2.39373e+02    9.66339e+02    8.54408e+01    1.64858e+03    2.71889e+03
     Coulomb-14        LJ (SR)   Coulomb (SR)   Coul. recip.      Potential
    7.80656e+03    2.03741e+04   -2.11258e+05    2.32955e+03   -1.75089e+05
 Pressure (bar)
   -2.89009e+03

           Step           Time
            189      189.00000

           Step           Time
            190      190.00000

   Energies (kJ/mol)
           Bond          Angle    Proper Dih. Ryckaert-Bell.          LJ-14
    2.45523e+02    9.66097e+02    8.52656e+01    1.64813e+03    2.71576e+03
     Coulomb-14        LJ (SR)   Coulomb (SR)   Coul. recip.      Potential
    7.80597e+03    2.03761e+04   -2.11300e+05    2.32365e+03   -1.75133e+05
 Pressure (bar)
   -2.90148e+03

           Step           Time
            191      191.00000

   Energies (kJ/mol)
           Bond          Angle    Proper Dih. Ryckaert-Bell.          LJ-14
    2.56612e+02    9.67154e+02    8.53688e+01    1.64777e+03    2.71722e+03
     Coulomb-14        LJ (SR)   Coulomb (SR)   Coul. recip.      Potential
    7.80664e+03    2.03746e+04   -2.11349e+05    2.32245e+03   -1.75171e+05
 Pressure (bar)
   -2.91555e+03

           Step           Time
            192      192.00000

   Energies (kJ/mol)
           Bond          Angle    Proper Dih. Ryckaert-Bell.          LJ-14
    2.68410e+02    9.67320e+02    8.51472e+01    1.64730e+03    2.71322e+03
     Coulomb-14        LJ (SR)   Coulomb (SR)   Coul. recip.      Potential
    7.80585e+03    2.03776e+04   -2.11390e+05    2.31568e+03   -1.75210e+05
 Pressure (bar)
   -2.92790e+03

           Step           Time
            193      193.00000

   Energies (kJ/mol)
           Bond          Angle    Proper Dih. Ryckaert-Bell.          LJ-14
    2.92092e+02    9.69696e+02    8.53267e+01    1.64697e+03    2.71581e+03
     Coulomb-14        LJ (SR)   Coulomb (SR)   Coul. recip.      Potential
    7.80679e+03    2.03753e+04   -2.11440e+05    2.31575e+03   -1.75232e+05
 Pressure (bar)
   -2.94273e+03

           Step           Time
            194      194.00000

   Energies (kJ/mol)
           Bond          Angle    Proper Dih. Ryckaert-Bell.          LJ-14
    3.15864e+02    9.70830e+02    8.50333e+01    1.64646e+03    2.71055e+03
     Coulomb-14        LJ (SR)   Coulomb (SR)   Coul. recip.      Potential
    7.80568e+03    2.03796e+04   -2.11480e+05    2.30770e+03   -1.75258e+05
 Pressure (bar)
   -2.95628e+03

           Step           Time
            195      195.00000

           Step           Time
            196      196.00000

   Energies (kJ/mol)
           Bond          Angle    Proper Dih. Ryckaert-Bell.          LJ-14
    2.25669e+02    9.62671e+02    8.51553e+01    1.64631e+03    2.71241e+03
     Coulomb-14        LJ (SR)   Coulomb (SR)   Coul. recip.      Potential
    7.80634e+03    2.03773e+04   -2.11505e+05    2.30833e+03   -1.75380e+05
 Pressure (bar)
   -2.95248e+03

           Step           Time
            197      197.00000

   Energies (kJ/mol)
           Bond          Angle    Proper Dih. Ryckaert-Bell.          LJ-14
    3.58768e+02    9.72638e+02    8.47863e+01    1.64432e+03    2.70491e+03
     Coulomb-14        LJ (SR)   Coulomb (SR)   Coul. recip.      Potential
    7.80539e+03    2.03851e+04   -2.11707e+05    2.28829e+03   -1.75463e+05
 Pressure (bar)
   -3.01799e+03

           Step           Time
            198      198.00000

   Energies (kJ/mol)
           Bond          Angle    Proper Dih. Ryckaert-Bell.          LJ-14
    2.39772e+02    9.62004e+02    8.49713e+01    1.64418e+03    2.70773e+03
     Coulomb-14        LJ (SR)   Coulomb (SR)   Coul. recip.      Potential
    7.80648e+03    2.03819e+04   -2.11737e+05    2.28998e+03   -1.75620e+05
 Pressure (bar)
   -3.01466e+03

           Step           Time
            199      199.00000

           Step           Time
            200      200.00000

   Energies (kJ/mol)
           Bond          Angle    Proper Dih. Ryckaert-Bell.          LJ-14
    2.53607e+02    9.62557e+02    8.47839e+01    1.64369e+03    2.70456e+03
     Coulomb-14        LJ (SR)   Coulomb (SR)   Coul. recip.      Potential
    7.80587e+03    2.03851e+04   -2.11781e+05    2.28395e+03   -1.75657e+05
 Pressure (bar)
   -3.02633e+03

           Step           Time
            201      201.00000

   Energies (kJ/mol)
           Bond          Angle    Proper Dih. Ryckaert-Bell.          LJ-14
    2.58305e+02    9.62983e+02    8.48963e+01    1.64335e+03    2.70623e+03
     Coulomb-14        LJ (SR)   Coulomb (SR)   Coul. recip.      Potential
    7.80655e+03    2.03839e+04   -2.11825e+05    2.28347e+03   -1.75695e+05
 Pressure (bar)
   -3.03783e+03

           Step           Time
            202      202.00000

   Energies (kJ/mol)
           Bond          Angle    Proper Dih. Ryckaert-Bell.          LJ-14
    2.81625e+02    9.64368e+02    8.46627e+01    1.64285e+03    2.70221e+03
     Coulomb-14        LJ (SR)   Coulomb (SR)   Coul. recip.      Potential
    7.80574e+03    2.03883e+04   -2.11868e+05    2.27662e+03   -1.75721e+05
 Pressure (bar)
   -3.05064e+03

           Step           Time
            203      203.00000

   Energies (kJ/mol)
           Bond          Angle    Proper Dih. Ryckaert-Bell.          LJ-14
    2.97376e+02    9.65911e+02    8.48552e+01    1.64252e+03    2.70499e+03
     Coulomb-14        LJ (SR)   Coulomb (SR)   Coul. recip.      Potential
    7.80670e+03    2.03861e+04   -2.11913e+05    2.27734e+03   -1.75747e+05
 Pressure (bar)
   -3.06315e+03

           Step           Time
            204      204.00000

   Energies (kJ/mol)
           Bond          Angle    Proper Dih. Ryckaert-Bell.          LJ-14
    3.38855e+02    9.68925e+02    8.45490e+01    1.64199e+03    2.69971e+03
     Coulomb-14        LJ (SR)   Coulomb (SR)   Coul. recip.      Potential
    7.80556e+03    2.03921e+04   -2.11953e+05    2.26924e+03   -1.75752e+05
 Pressure (bar)
   -3.07755e+03

           Step           Time
            205      205.00000

           Step           Time
            206      206.00000

   Energies (kJ/mol)
           Bond          Angle    Proper Dih. Ryckaert-Bell.          LJ-14
    2.26057e+02    9.58546e+02    8.46758e+01    1.64184e+03    2.70164e+03
     Coulomb-14        LJ (SR)   Coulomb (SR)   Coul. recip.      Potential
    7.80624e+03    2.03896e+04   -2.11976e+05    2.27016e+03   -1.75898e+05
 Pressure (bar)
   -3.07078e+03


Steepest Descents converged to Fmax < 1000 in 207 steps
Potential Energy  = -1.7589756e+05
Maximum force     =  9.9810095e+02 on atom 279
Norm of force     =  5.6413671e+01

    D O M A I N   D E C O M P O S I T I O N   S T A T I S T I C S

 av. #atoms communicated per step for force:  2 x 0.0

Finished mdrun on rank 0 Thu Mar 17 10:29:20 2022

