                   :-) GROMACS - gmx mdrun, 2022-Homebrew (-:

Copyright 1991-2022 The GROMACS Authors.
GROMACS is free software; you can redistribute it and/or modify it
under the terms of the GNU Lesser General Public License
as published by the Free Software Foundation; either version 2.1
of the License, or (at your option) any later version.

                         Current GROMACS contributors:
       Mark Abraham           Andrey Alekseenko           Cathrine Bergh      
      Christian Blau            Eliane Briand               Kevin Boyd        
     Oliver Fleetwood         Stefan Fleischmann           Vytas Gapsys       
       Gaurav Garg           Gilles Gouaillardet            Alan Gray         
      Victor Holanda           M. Eric Irrgang              Joe Jordan        
    Christoph Junghans        Prashanth Kanduri           Sebastian Kehl      
     Sebastian Keller          Carsten Kutzner           Magnus Lundborg      
       Pascal Merz              Dmitry Morozov             Szilard Pall       
      Roland Schulz             Michael Shirts         David van der Spoel    
     Alessandra Villa      Sebastian Wingbermuehle        Artem Zhmurov       

                         Previous GROMACS contributors:
        Emile Apol             Rossen Apostolov           James Barnett       
  Herman J.C. Berendsen          Par Bjelkmar           Viacheslav Bolnykh    
    Aldert van Buuren          Carlo Camilloni           Rudi van Drunen      
      Anton Feenstra           Gerrit Groenhof            Bert de Groot       
      Anca Hamuraru           Vincent Hindriksen         Aleksei Iupinov      
   Dimitrios Karkoulis           Peter Kasson               Jiri Kraus        
       Per Larsson             Justin A. Lemkul           Viveca Lindahl      
      Erik Marklund           Pieter Meulenhoff           Vedran Miletic      
      Teemu Murtola              Sander Pronk            Alexey Shvetsov      
      Alfons Sijbers            Peter Tieleman             Jon Vincent        
     Teemu Virolainen         Christian Wennberg           Maarten Wolf       

                  Coordinated by the GROMACS project leaders:
                    Paul Bauer, Berk Hess, and Erik Lindahl

GROMACS:      gmx mdrun, version 2022-Homebrew
Executable:   /opt/homebrew/bin/../Cellar/gromacs/2022/bin/gmx
Data prefix:  /opt/homebrew/bin/../Cellar/gromacs/2022
Working dir:  /Users/juandegracia/Library/CloudStorage/OneDrive-KTH/0 - KTH/Tutorial GROMACS/GROMACS-in-your-laptop/example/Outputs
Process ID:   15469
Command line:
  gmx mdrun -v -deffnm npt

GROMACS version:    2022-Homebrew
Precision:          mixed
Memory model:       64 bit
MPI library:        thread_mpi
OpenMP support:     enabled (GMX_OPENMP_MAX_THREADS = 128)
GPU support:        disabled
SIMD instructions:  ARM_NEON_ASIMD
CPU FFT library:    fftw-3.3.10
GPU FFT library:    none
TNG support:        enabled
Hwloc support:      disabled
Tracing support:    disabled
C compiler:         /opt/homebrew/opt/gcc/bin/gcc-11
C compiler flags:   -Wno-missing-field-initializers -fexcess-precision=fast -funroll-all-loops -O3 -DNDEBUG
C++ compiler:       /opt/homebrew/opt/gcc/bin/g++-11
C++ compiler flags: -Wno-missing-field-initializers -fexcess-precision=fast -funroll-all-loops -Weverything -Wno-c++98-compat -Wno-c++98-compat-pedantic -Wno-source-uses-openmp -Wno-c++17-extensions -Wno-documentation-unknown-command -Wno-covered-switch-default -Wno-switch-enum -Wno-extra-semi-stmt -Wno-weak-vtables -Wno-shadow -Wno-padded -Wno-reserved-id-macro -Wno-double-promotion -Wno-exit-time-destructors -Wno-global-constructors -Wno-documentation -Wno-format-nonliteral -Wno-used-but-marked-unused -Wno-float-equal -Wno-conditional-uninitialized -Wno-conversion -Wno-disabled-macro-expansion -Wno-unused-macros -fopenmp -O3 -DNDEBUG


Running on 1 node with total 0 processing units
Hardware detected:
  CPU info:
    Vendor: ARM
    Brand:  Unknown CPU brand
    Family: 0   Model: 0   Stepping: 0
    Features: neon neon_asimd
  Hardware topology: Only logical processor count
    CPU limit set by OS: -1   Recommended max number of threads: 10


++++ PLEASE READ AND CITE THE FOLLOWING REFERENCE ++++
M. J. Abraham, T. Murtola, R. Schulz, S. Páll, J. C. Smith, B. Hess, E.
Lindahl
GROMACS: High performance molecular simulations through multi-level
parallelism from laptops to supercomputers
SoftwareX 1 (2015) pp. 19-25
-------- -------- --- Thank You --- -------- --------


++++ PLEASE READ AND CITE THE FOLLOWING REFERENCE ++++
S. Páll, M. J. Abraham, C. Kutzner, B. Hess, E. Lindahl
Tackling Exascale Software Challenges in Molecular Dynamics Simulations with
GROMACS
In S. Markidis & E. Laure (Eds.), Solving Software Challenges for Exascale 8759 (2015) pp. 3-27
-------- -------- --- Thank You --- -------- --------


++++ PLEASE READ AND CITE THE FOLLOWING REFERENCE ++++
S. Pronk, S. Páll, R. Schulz, P. Larsson, P. Bjelkmar, R. Apostolov, M. R.
Shirts, J. C. Smith, P. M. Kasson, D. van der Spoel, B. Hess, and E. Lindahl
GROMACS 4.5: a high-throughput and highly parallel open source molecular
simulation toolkit
Bioinformatics 29 (2013) pp. 845-54
-------- -------- --- Thank You --- -------- --------


++++ PLEASE READ AND CITE THE FOLLOWING REFERENCE ++++
B. Hess and C. Kutzner and D. van der Spoel and E. Lindahl
GROMACS 4: Algorithms for highly efficient, load-balanced, and scalable
molecular simulation
J. Chem. Theory Comput. 4 (2008) pp. 435-447
-------- -------- --- Thank You --- -------- --------


++++ PLEASE READ AND CITE THE FOLLOWING REFERENCE ++++
D. van der Spoel, E. Lindahl, B. Hess, G. Groenhof, A. E. Mark and H. J. C.
Berendsen
GROMACS: Fast, Flexible and Free
J. Comp. Chem. 26 (2005) pp. 1701-1719
-------- -------- --- Thank You --- -------- --------


++++ PLEASE READ AND CITE THE FOLLOWING REFERENCE ++++
E. Lindahl and B. Hess and D. van der Spoel
GROMACS 3.0: A package for molecular simulation and trajectory analysis
J. Mol. Mod. 7 (2001) pp. 306-317
-------- -------- --- Thank You --- -------- --------


++++ PLEASE READ AND CITE THE FOLLOWING REFERENCE ++++
H. J. C. Berendsen, D. van der Spoel and R. van Drunen
GROMACS: A message-passing parallel molecular dynamics implementation
Comp. Phys. Comm. 91 (1995) pp. 43-56
-------- -------- --- Thank You --- -------- --------

Input Parameters:
   integrator                     = md
   tinit                          = 0
   dt                             = 0.002
   nsteps                         = 50000
   init-step                      = 0
   simulation-part                = 1
   mts                            = false
   comm-mode                      = Linear
   nstcomm                        = 100
   bd-fric                        = 0
   ld-seed                        = -100714099
   emtol                          = 10
   emstep                         = 0.01
   niter                          = 20
   fcstep                         = 0
   nstcgsteep                     = 1000
   nbfgscorr                      = 10
   rtpi                           = 0.05
   nstxout                        = 500
   nstvout                        = 500
   nstfout                        = 0
   nstlog                         = 500
   nstcalcenergy                  = 100
   nstenergy                      = 500
   nstxout-compressed             = 0
   compressed-x-precision         = 1000
   cutoff-scheme                  = Verlet
   nstlist                        = 10
   pbc                            = xyz
   periodic-molecules             = false
   verlet-buffer-tolerance        = 0.005
   rlist                          = 1
   coulombtype                    = PME
   coulomb-modifier               = Potential-shift
   rcoulomb-switch                = 0
   rcoulomb                       = 1
   epsilon-r                      = 1
   epsilon-rf                     = inf
   vdw-type                       = Cut-off
   vdw-modifier                   = Potential-shift
   rvdw-switch                    = 0
   rvdw                           = 1
   DispCorr                       = EnerPres
   table-extension                = 1
   fourierspacing                 = 0.16
   fourier-nx                     = 32
   fourier-ny                     = 36
   fourier-nz                     = 28
   pme-order                      = 4
   ewald-rtol                     = 1e-05
   ewald-rtol-lj                  = 0.001
   lj-pme-comb-rule               = Geometric
   ewald-geometry                 = 3d
   epsilon-surface                = 0
   tcoupl                         = V-rescale
   nsttcouple                     = 10
   nh-chain-length                = 0
   print-nose-hoover-chain-variables = false
   pcoupl                         = Parrinello-Rahman
   pcoupltype                     = Isotropic
   nstpcouple                     = 10
   tau-p                          = 2
   compressibility (3x3):
      compressibility[    0]={ 4.50000e-05,  0.00000e+00,  0.00000e+00}
      compressibility[    1]={ 0.00000e+00,  4.50000e-05,  0.00000e+00}
      compressibility[    2]={ 0.00000e+00,  0.00000e+00,  4.50000e-05}
   ref-p (3x3):
      ref-p[    0]={ 1.00000e+00,  0.00000e+00,  0.00000e+00}
      ref-p[    1]={ 0.00000e+00,  1.00000e+00,  0.00000e+00}
      ref-p[    2]={ 0.00000e+00,  0.00000e+00,  1.00000e+00}
   refcoord-scaling               = COM
   posres-com (3):
      posres-com[0]= 0.00000e+00
      posres-com[1]= 0.00000e+00
      posres-com[2]= 0.00000e+00
   posres-comB (3):
      posres-comB[0]= 0.00000e+00
      posres-comB[1]= 0.00000e+00
      posres-comB[2]= 0.00000e+00
   QMMM                           = false
qm-opts:
   ngQM                           = 0
   constraint-algorithm           = Lincs
   continuation                   = true
   Shake-SOR                      = false
   shake-tol                      = 0.0001
   lincs-order                    = 4
   lincs-iter                     = 1
   lincs-warnangle                = 30
   nwall                          = 0
   wall-type                      = 9-3
   wall-r-linpot                  = -1
   wall-atomtype[0]               = -1
   wall-atomtype[1]               = -1
   wall-density[0]                = 0
   wall-density[1]                = 0
   wall-ewald-zfac                = 3
   pull                           = false
   awh                            = false
   rotation                       = false
   interactiveMD                  = false
   disre                          = No
   disre-weighting                = Conservative
   disre-mixed                    = false
   dr-fc                          = 1000
   dr-tau                         = 0
   nstdisreout                    = 100
   orire-fc                       = 0
   orire-tau                      = 0
   nstorireout                    = 100
   free-energy                    = no
   cos-acceleration               = 0
   deform (3x3):
      deform[    0]={ 0.00000e+00,  0.00000e+00,  0.00000e+00}
      deform[    1]={ 0.00000e+00,  0.00000e+00,  0.00000e+00}
      deform[    2]={ 0.00000e+00,  0.00000e+00,  0.00000e+00}
   simulated-tempering            = false
   swapcoords                     = no
   userint1                       = 0
   userint2                       = 0
   userint3                       = 0
   userint4                       = 0
   userreal1                      = 0
   userreal2                      = 0
   userreal3                      = 0
   userreal4                      = 0
   applied-forces:
     electric-field:
       x:
         E0                       = 0
         omega                    = 0
         t0                       = 0
         sigma                    = 0
       y:
         E0                       = 0
         omega                    = 0
         t0                       = 0
         sigma                    = 0
       z:
         E0                       = 0
         omega                    = 0
         t0                       = 0
         sigma                    = 0
     density-guided-simulation:
       active                     = false
       group                      = protein
       similarity-measure         = inner-product
       atom-spreading-weight      = unity
       force-constant             = 1e+09
       gaussian-transform-spreading-width = 0.2
       gaussian-transform-spreading-range-in-multiples-of-width = 4
       reference-density-filename = reference.mrc
       nst                        = 1
       normalize-densities        = true
       adaptive-force-scaling     = false
       adaptive-force-scaling-time-constant = 4
       shift-vector               = 
       transformation-matrix      = 
     qmmm-cp2k:
       active                     = false
       qmgroup                    = System
       qmmethod                   = PBE
       qmfilenames                = 
       qmcharge                   = 0
       qmmultiplicity             = 1
grpopts:
   nrdf:     4920.37     18507.6
   ref-t:         300         300
   tau-t:         0.1         0.1
annealing:          No          No
annealing-npoints:           0           0
   acc:	           0           0           0
   nfreeze:           N           N           N
   energygrp-flags[  0]: 0

Changing nstlist from 10 to 50, rlist from 1 to 1.106


Initializing Domain Decomposition on 10 ranks
Dynamic load balancing: auto
Using update groups, nr 4090, average size 2.7 atoms, max. radius 0.103 nm
Minimum cell size due to atom displacement: 0.398 nm
Initial maximum distances in bonded interactions:
    two-body bonded interactions: 0.464 nm, LJ-14, atoms 99 1909
  multi-body bonded interactions: 0.464 nm, Ryckaert-Bell., atoms 1909 99
Minimum cell size due to bonded interactions: 0.510 nm
Scaling the initial minimum size with 1/0.8 (option -dds) = 1.25
Using 0 separate PME ranks because: there are too few total ranks for efficient splitting
Optimizing the DD grid for 10 cells with a minimum initial size of 0.638 nm
The maximum allowed number of cells is: X 7 Y 8 Z 6
Domain decomposition grid 2 x 5 x 1, separate PME ranks 0
PME domain decomposition: 2 x 5 x 1
Domain decomposition rank 0, coordinates 0 0 0

The initial number of communication pulses is: X 1 Y 2
The initial domain decomposition cell size is: X 2.41 nm Y 1.05 nm

The maximum allowed distance for atom groups involved in interactions is:
                 non-bonded interactions           1.313 nm
(the following are initial values, they could change due to box deformation)
            two-body bonded interactions  (-rdd)   1.313 nm
          multi-body bonded interactions  (-rdd)   1.047 nm

When dynamic load balancing gets turned on, these settings will change to:
The maximum number of communication pulses is: X 1 Y 2
The minimum size for domain decomposition cells is 0.779 nm
The requested allowed shrink of DD cells (option -dds) is: 0.80
The allowed shrink of domain decomposition cells is: X 0.54 Y 0.74
The maximum allowed distance for atom groups involved in interactions is:
                 non-bonded interactions           1.313 nm
            two-body bonded interactions  (-rdd)   1.313 nm
          multi-body bonded interactions  (-rdd)   0.779 nm

Using 10 MPI threads
Using 1 OpenMP thread per tMPI thread

System total charge: -0.000
Will do PME sum in reciprocal space for electrostatic interactions.

++++ PLEASE READ AND CITE THE FOLLOWING REFERENCE ++++
U. Essmann, L. Perera, M. L. Berkowitz, T. Darden, H. Lee and L. G. Pedersen 
A smooth particle mesh Ewald method
J. Chem. Phys. 103 (1995) pp. 8577-8592
-------- -------- --- Thank You --- -------- --------

Using a Gaussian width (1/beta) of 0.320163 nm for Ewald
Potential shift: LJ r^-12: -1.000e+00 r^-6: -1.000e+00, Ewald -1.000e-05
Initialized non-bonded Coulomb Ewald tables, spacing: 9.33e-04 size: 1073

Generated table with 1053 data points for 1-4 COUL.
Tabscale = 500 points/nm
Generated table with 1053 data points for 1-4 LJ6.
Tabscale = 500 points/nm
Generated table with 1053 data points for 1-4 LJ12.
Tabscale = 500 points/nm
Long Range LJ corr.: <C6> 3.8070e-04


Using SIMD 4x4 nonbonded short-range kernels

Using a dual 4x4 pair-list setup updated with dynamic pruning:
  outer list: updated every 50 steps, buffer 0.106 nm, rlist 1.106 nm
  inner list: updated every 13 steps, buffer 0.002 nm, rlist 1.002 nm
At tolerance 0.005 kJ/mol/ps per atom, equivalent classical 1x1 list would be:
  outer list: updated every 50 steps, buffer 0.236 nm, rlist 1.236 nm
  inner list: updated every 13 steps, buffer 0.051 nm, rlist 1.051 nm

Using Geometric Lennard-Jones combination rule

Linking all bonded interactions to atoms


Initializing LINear Constraint Solver

++++ PLEASE READ AND CITE THE FOLLOWING REFERENCE ++++
B. Hess and H. Bekker and H. J. C. Berendsen and J. G. E. M. Fraaije
LINCS: A Linear Constraint Solver for molecular simulations
J. Comp. Chem. 18 (1997) pp. 1463-1472
-------- -------- --- Thank You --- -------- --------

The number of constraints is 959

++++ PLEASE READ AND CITE THE FOLLOWING REFERENCE ++++
S. Miyamoto and P. A. Kollman
SETTLE: An Analytical Version of the SHAKE and RATTLE Algorithms for Rigid
Water Models
J. Comp. Chem. 13 (1992) pp. 952-962
-------- -------- --- Thank You --- -------- --------


Intra-simulation communication will occur every 10 steps.

++++ PLEASE READ AND CITE THE FOLLOWING REFERENCE ++++
G. Bussi, D. Donadio and M. Parrinello
Canonical sampling through velocity rescaling
J. Chem. Phys. 126 (2007) pp. 014101
-------- -------- --- Thank You --- -------- --------

There are: 11211 Atoms
Atom distribution over 10 domains: av 1121 stddev 28 min 1081 max 1150
Center of mass motion removal mode is Linear
We have the following groups for center of mass motion removal:
  0:  rest

Started mdrun on rank 0 Thu Mar 17 10:49:22 2022

           Step           Time
              0        0.00000

   Energies (kJ/mol)
           Bond          Angle    Proper Dih. Ryckaert-Bell.          LJ-14
    1.58723e+03    3.88026e+03    2.62127e+02    1.85636e+03    2.55807e+03
     Coulomb-14        LJ (SR)  Disper. corr.   Coulomb (SR)   Coul. recip.
    7.77854e+03    2.27179e+04   -1.78272e+03   -2.11312e+05    1.16587e+03
      Potential    Kinetic En.   Total Energy  Conserved En.    Temperature
   -1.71288e+05    2.92524e+04   -1.42036e+05   -1.42029e+05    3.00346e+02
 Pres. DC (bar) Pressure (bar)   Constr. rmsd
   -2.63932e+02   -1.15264e+03    2.64325e-06


DD  step 49 load imb.: force 17.8%

step 150 Turning on dynamic load balancing, because the performance loss due to load imbalance is 5.8 %.

DD  load balancing is limited by minimum cell size in dimension Y
DD  step 499  vol min/aver 0.816! load imb.: force 16.1%
           Step           Time
            500        1.00000

   Energies (kJ/mol)
           Bond          Angle    Proper Dih. Ryckaert-Bell.          LJ-14
    1.54522e+03    3.82717e+03    2.32300e+02    1.75647e+03    2.60834e+03
     Coulomb-14        LJ (SR)  Disper. corr.   Coulomb (SR)   Coul. recip.
    7.74289e+03    2.42804e+04   -1.82125e+03   -2.13600e+05    1.13872e+03
      Potential    Kinetic En.   Total Energy  Conserved En.    Temperature
   -1.72289e+05    2.92405e+04   -1.43049e+05   -1.42126e+05    3.00224e+02
 Pres. DC (bar) Pressure (bar)   Constr. rmsd
   -2.75450e+02    1.51531e+02    2.72337e-06


DD  step 999  vol min/aver 0.801  load imb.: force 20.7%
           Step           Time
           1000        2.00000

   Energies (kJ/mol)
           Bond          Angle    Proper Dih. Ryckaert-Bell.          LJ-14
    1.61473e+03    3.85006e+03    2.54760e+02    1.86618e+03    2.51849e+03
     Coulomb-14        LJ (SR)  Disper. corr.   Coulomb (SR)   Coul. recip.
    7.74033e+03    2.42728e+04   -1.82445e+03   -2.12965e+05    1.11926e+03
      Potential    Kinetic En.   Total Energy  Conserved En.    Temperature
   -1.71552e+05    2.90593e+04   -1.42493e+05   -1.42113e+05    2.98363e+02
 Pres. DC (bar) Pressure (bar)   Constr. rmsd
   -2.76417e+02   -5.05888e+01    2.91843e-06


DD  step 1499  vol min/aver 0.877  load imb.: force 42.6%
           Step           Time
           1500        3.00000

   Energies (kJ/mol)
           Bond          Angle    Proper Dih. Ryckaert-Bell.          LJ-14
    1.43150e+03    3.75859e+03    2.93185e+02    1.75208e+03    2.62438e+03
     Coulomb-14        LJ (SR)  Disper. corr.   Coulomb (SR)   Coul. recip.
    7.76997e+03    2.40349e+04   -1.81934e+03   -2.12980e+05    1.14935e+03
      Potential    Kinetic En.   Total Energy  Conserved En.    Temperature
   -1.71986e+05    2.85408e+04   -1.43445e+05   -1.42107e+05    2.93040e+02
 Pres. DC (bar) Pressure (bar)   Constr. rmsd
   -2.74873e+02   -2.01233e+02    2.46598e-06


DD  step 1999  vol min/aver 0.782  load imb.: force 13.3%

step 2000 Turning off dynamic load balancing, because it is degrading performance.
Atom distribution over 10 domains: av 1121 stddev 20 min 1093 max 1139
           Step           Time
           2000        4.00000

   Energies (kJ/mol)
           Bond          Angle    Proper Dih. Ryckaert-Bell.          LJ-14
    1.45738e+03    3.69761e+03    3.02821e+02    1.77577e+03    2.60372e+03
     Coulomb-14        LJ (SR)  Disper. corr.   Coulomb (SR)   Coul. recip.
    7.90637e+03    2.50517e+04   -1.82586e+03   -2.14941e+05    1.15106e+03
      Potential    Kinetic En.   Total Energy  Conserved En.    Temperature
   -1.72821e+05    2.89268e+04   -1.43894e+05   -1.42119e+05    2.97003e+02
 Pres. DC (bar) Pressure (bar)   Constr. rmsd
   -2.76843e+02    2.65506e+02    2.18589e-06


DD  step 2499 load imb.: force 31.1%
           Step           Time
           2500        5.00000

   Energies (kJ/mol)
           Bond          Angle    Proper Dih. Ryckaert-Bell.          LJ-14
    1.34532e+03    3.68843e+03    2.17672e+02    1.72584e+03    2.66155e+03
     Coulomb-14        LJ (SR)  Disper. corr.   Coulomb (SR)   Coul. recip.
    7.82051e+03    2.38318e+04   -1.83278e+03   -2.13313e+05    1.19924e+03
      Potential    Kinetic En.   Total Energy  Conserved En.    Temperature
   -1.72656e+05    2.93546e+04   -1.43301e+05   -1.42141e+05    3.01396e+02
 Pres. DC (bar) Pressure (bar)   Constr. rmsd
   -2.78944e+02    3.26076e+01    2.66613e-06


DD  step 2999 load imb.: force 88.9%
           Step           Time
           3000        6.00000

   Energies (kJ/mol)
           Bond          Angle    Proper Dih. Ryckaert-Bell.          LJ-14
    1.45156e+03    3.69943e+03    2.39581e+02    1.82770e+03    2.71889e+03
     Coulomb-14        LJ (SR)  Disper. corr.   Coulomb (SR)   Coul. recip.
    7.89844e+03    2.39511e+04   -1.82500e+03   -2.12955e+05    1.15352e+03
      Potential    Kinetic En.   Total Energy  Conserved En.    Temperature
   -1.71840e+05    2.91969e+04   -1.42643e+05   -1.42117e+05    2.99777e+02
 Pres. DC (bar) Pressure (bar)   Constr. rmsd
   -2.76584e+02   -1.51892e+01    3.14348e-06


DD  step 3499 load imb.: force 43.9%
           Step           Time
           3500        7.00000

   Energies (kJ/mol)
           Bond          Angle    Proper Dih. Ryckaert-Bell.          LJ-14
    1.40825e+03    3.91947e+03    2.58778e+02    1.79489e+03    2.75142e+03
     Coulomb-14        LJ (SR)  Disper. corr.   Coulomb (SR)   Coul. recip.
    7.81135e+03    2.37048e+04   -1.83067e+03   -2.12811e+05    1.13903e+03
      Potential    Kinetic En.   Total Energy  Conserved En.    Temperature
   -1.71853e+05    2.90082e+04   -1.42845e+05   -1.42112e+05    2.97838e+02
 Pres. DC (bar) Pressure (bar)   Constr. rmsd
   -2.78302e+02    2.79111e+02    2.42203e-06


DD  step 3999 load imb.: force 18.4%
           Step           Time
           4000        8.00000

   Energies (kJ/mol)
           Bond          Angle    Proper Dih. Ryckaert-Bell.          LJ-14
    1.47412e+03    3.76242e+03    2.69110e+02    1.79281e+03    2.70830e+03
     Coulomb-14        LJ (SR)  Disper. corr.   Coulomb (SR)   Coul. recip.
    7.79412e+03    2.33036e+04   -1.81321e+03   -2.12085e+05    1.15515e+03
      Potential    Kinetic En.   Total Energy  Conserved En.    Temperature
   -1.71639e+05    2.90666e+04   -1.42572e+05   -1.42114e+05    2.98439e+02
 Pres. DC (bar) Pressure (bar)   Constr. rmsd
   -2.73027e+02   -4.99062e+02    2.80317e-06


DD  step 4499 load imb.: force 24.8%
           Step           Time
           4500        9.00000

   Energies (kJ/mol)
           Bond          Angle    Proper Dih. Ryckaert-Bell.          LJ-14
    1.39282e+03    3.82982e+03    2.44686e+02    1.79998e+03    2.62573e+03
     Coulomb-14        LJ (SR)  Disper. corr.   Coulomb (SR)   Coul. recip.
    7.79250e+03    2.43847e+04   -1.82571e+03   -2.13684e+05    1.13717e+03
      Potential    Kinetic En.   Total Energy  Conserved En.    Temperature
   -1.72302e+05    2.90112e+04   -1.43291e+05   -1.42112e+05    2.97870e+02
 Pres. DC (bar) Pressure (bar)   Constr. rmsd
   -2.76800e+02    3.97533e+02    2.92743e-06


DD  step 4999 load imb.: force 13.8%
           Step           Time
           5000       10.00000

   Energies (kJ/mol)
           Bond          Angle    Proper Dih. Ryckaert-Bell.          LJ-14
    1.43214e+03    3.75123e+03    2.79383e+02    1.82479e+03    2.72954e+03
     Coulomb-14        LJ (SR)  Disper. corr.   Coulomb (SR)   Coul. recip.
    7.85947e+03    2.35930e+04   -1.82933e+03   -2.12692e+05    1.09331e+03
      Potential    Kinetic En.   Total Energy  Conserved En.    Temperature
   -1.71958e+05    2.93151e+04   -1.42643e+05   -1.42109e+05    3.00990e+02
 Pres. DC (bar) Pressure (bar)   Constr. rmsd
   -2.77896e+02   -1.92374e+01    3.01421e-06


DD  step 5499 load imb.: force 17.9%
           Step           Time
           5500       11.00000

   Energies (kJ/mol)
           Bond          Angle    Proper Dih. Ryckaert-Bell.          LJ-14
    1.41219e+03    3.79623e+03    2.34468e+02    1.87325e+03    2.65080e+03
     Coulomb-14        LJ (SR)  Disper. corr.   Coulomb (SR)   Coul. recip.
    7.89705e+03    2.36536e+04   -1.81499e+03   -2.13158e+05    1.14014e+03
      Potential    Kinetic En.   Total Energy  Conserved En.    Temperature
   -1.72315e+05    2.93620e+04   -1.42953e+05   -1.42101e+05    3.01471e+02
 Pres. DC (bar) Pressure (bar)   Constr. rmsd
   -2.73561e+02   -4.85906e+02    2.73704e-06


DD  step 5999 load imb.: force 22.0%
           Step           Time
           6000       12.00000

   Energies (kJ/mol)
           Bond          Angle    Proper Dih. Ryckaert-Bell.          LJ-14
    1.38603e+03    3.67009e+03    2.73348e+02    1.92693e+03    2.75190e+03
     Coulomb-14        LJ (SR)  Disper. corr.   Coulomb (SR)   Coul. recip.
    7.84977e+03    2.37721e+04   -1.82288e+03   -2.12759e+05    1.14940e+03
      Potential    Kinetic En.   Total Energy  Conserved En.    Temperature
   -1.71803e+05    2.90842e+04   -1.42718e+05   -1.42090e+05    2.98619e+02
 Pres. DC (bar) Pressure (bar)   Constr. rmsd
   -2.75942e+02   -1.32075e+02    2.47473e-06


DD  step 6499 load imb.: force 25.4%
           Step           Time
           6500       13.00000

   Energies (kJ/mol)
           Bond          Angle    Proper Dih. Ryckaert-Bell.          LJ-14
    1.45903e+03    3.80558e+03    2.50279e+02    1.88496e+03    2.58781e+03
     Coulomb-14        LJ (SR)  Disper. corr.   Coulomb (SR)   Coul. recip.
    7.86465e+03    2.43731e+04   -1.81880e+03   -2.13895e+05    1.14798e+03
      Potential    Kinetic En.   Total Energy  Conserved En.    Temperature
   -1.72341e+05    2.89884e+04   -1.43352e+05   -1.42084e+05    2.97635e+02
 Pres. DC (bar) Pressure (bar)   Constr. rmsd
   -2.74711e+02    7.72381e+01    2.66163e-06


DD  step 6999 load imb.: force 10.1%
           Step           Time
           7000       14.00000

   Energies (kJ/mol)
           Bond          Angle    Proper Dih. Ryckaert-Bell.          LJ-14
    1.46622e+03    4.00971e+03    2.36680e+02    1.76147e+03    2.60317e+03
     Coulomb-14        LJ (SR)  Disper. corr.   Coulomb (SR)   Coul. recip.
    7.79328e+03    2.49122e+04   -1.83088e+03   -2.14264e+05    1.14349e+03
      Potential    Kinetic En.   Total Energy  Conserved En.    Temperature
   -1.72169e+05    2.94401e+04   -1.42729e+05   -1.42074e+05    3.02273e+02
 Pres. DC (bar) Pressure (bar)   Constr. rmsd
   -2.78367e+02    5.55951e+02    2.74054e-06


DD  step 7499 load imb.: force 14.2%
           Step           Time
           7500       15.00000

   Energies (kJ/mol)
           Bond          Angle    Proper Dih. Ryckaert-Bell.          LJ-14
    1.51440e+03    3.67121e+03    2.43814e+02    1.83748e+03    2.63683e+03
     Coulomb-14        LJ (SR)  Disper. corr.   Coulomb (SR)   Coul. recip.
    7.83954e+03    2.32168e+04   -1.81239e+03   -2.11827e+05    1.12760e+03
      Potential    Kinetic En.   Total Energy  Conserved En.    Temperature
   -1.71552e+05    2.89473e+04   -1.42605e+05   -1.42094e+05    2.97213e+02
 Pres. DC (bar) Pressure (bar)   Constr. rmsd
   -2.72778e+02   -6.30730e+02    2.54816e-06


DD  step 7999 load imb.: force  9.4%
           Step           Time
           8000       16.00000

   Energies (kJ/mol)
           Bond          Angle    Proper Dih. Ryckaert-Bell.          LJ-14
    1.37333e+03    3.81522e+03    2.42222e+02    1.84702e+03    2.73866e+03
     Coulomb-14        LJ (SR)  Disper. corr.   Coulomb (SR)   Coul. recip.
    7.81116e+03    2.42780e+04   -1.81717e+03   -2.13818e+05    1.17823e+03
      Potential    Kinetic En.   Total Energy  Conserved En.    Temperature
   -1.72352e+05    2.94000e+04   -1.42952e+05   -1.42085e+05    3.01861e+02
 Pres. DC (bar) Pressure (bar)   Constr. rmsd
   -2.74219e+02    2.86734e+02    2.74424e-06


DD  step 8499 load imb.: force 25.6%
           Step           Time
           8500       17.00000

   Energies (kJ/mol)
           Bond          Angle    Proper Dih. Ryckaert-Bell.          LJ-14
    1.46258e+03    3.91107e+03    2.49624e+02    1.83423e+03    2.61921e+03
     Coulomb-14        LJ (SR)  Disper. corr.   Coulomb (SR)   Coul. recip.
    7.87121e+03    2.42088e+04   -1.82154e+03   -2.13500e+05    1.19176e+03
      Potential    Kinetic En.   Total Energy  Conserved En.    Temperature
   -1.71973e+05    2.99282e+04   -1.42045e+05   -1.42084e+05    3.07285e+02
 Pres. DC (bar) Pressure (bar)   Constr. rmsd
   -2.75536e+02    1.24237e+01    3.05946e-06


DD  step 8999 load imb.: force 54.9%
           Step           Time
           9000       18.00000

   Energies (kJ/mol)
           Bond          Angle    Proper Dih. Ryckaert-Bell.          LJ-14
    1.51454e+03    3.75459e+03    2.58002e+02    1.83396e+03    2.66094e+03
     Coulomb-14        LJ (SR)  Disper. corr.   Coulomb (SR)   Coul. recip.
    7.84842e+03    2.40406e+04   -1.81360e+03   -2.13565e+05    1.14135e+03
      Potential    Kinetic En.   Total Energy  Conserved En.    Temperature
   -1.72326e+05    2.89476e+04   -1.43379e+05   -1.42052e+05    2.97216e+02
 Pres. DC (bar) Pressure (bar)   Constr. rmsd
   -2.73143e+02   -1.69480e+02    2.16633e-06


DD  step 9499 load imb.: force 35.8%
           Step           Time
           9500       19.00000

   Energies (kJ/mol)
           Bond          Angle    Proper Dih. Ryckaert-Bell.          LJ-14
    1.56076e+03    3.75496e+03    2.61380e+02    1.83308e+03    2.65013e+03
     Coulomb-14        LJ (SR)  Disper. corr.   Coulomb (SR)   Coul. recip.
    7.74182e+03    2.46384e+04   -1.82690e+03   -2.14199e+05    1.12664e+03
      Potential    Kinetic En.   Total Energy  Conserved En.    Temperature
   -1.72459e+05    2.94903e+04   -1.42969e+05   -1.42064e+05    3.02789e+02
 Pres. DC (bar) Pressure (bar)   Constr. rmsd
   -2.77158e+02   -5.29600e+01    2.59872e-06


DD  step 9999 load imb.: force 28.7%

step 10000 Turning on dynamic load balancing, because the performance loss due to load imbalance is 5.4 %.
           Step           Time
          10000       20.00000

   Energies (kJ/mol)
           Bond          Angle    Proper Dih. Ryckaert-Bell.          LJ-14
    1.56352e+03    3.71387e+03    2.59297e+02    1.81346e+03    2.66823e+03
     Coulomb-14        LJ (SR)  Disper. corr.   Coulomb (SR)   Coul. recip.
    7.77774e+03    2.44156e+04   -1.82171e+03   -2.14259e+05    1.09601e+03
      Potential    Kinetic En.   Total Energy  Conserved En.    Temperature
   -1.72773e+05    2.93909e+04   -1.43382e+05   -1.42056e+05    3.01769e+02
 Pres. DC (bar) Pressure (bar)   Constr. rmsd
   -2.75587e+02    3.71138e+02    2.47829e-06


DD  step 10499  vol min/aver 0.855  load imb.: force 22.3%
           Step           Time
          10500       21.00000

   Energies (kJ/mol)
           Bond          Angle    Proper Dih. Ryckaert-Bell.          LJ-14
    1.43533e+03    3.79905e+03    2.49356e+02    1.80794e+03    2.66084e+03
     Coulomb-14        LJ (SR)  Disper. corr.   Coulomb (SR)   Coul. recip.
    7.86660e+03    2.33184e+04   -1.82342e+03   -2.12375e+05    1.16991e+03
      Potential    Kinetic En.   Total Energy  Conserved En.    Temperature
   -1.71891e+05    2.89888e+04   -1.42902e+05   -1.42057e+05    2.97639e+02
 Pres. DC (bar) Pressure (bar)   Constr. rmsd
   -2.76106e+02   -3.36778e+02    2.58584e-06


DD  load balancing is limited by minimum cell size in dimension Y
DD  step 10999  vol min/aver 0.876! load imb.: force 27.6%

step 11000 Turning off dynamic load balancing, because it is degrading performance.
Atom distribution over 10 domains: av 1121 stddev 23 min 1089 max 1141
           Step           Time
          11000       22.00000

   Energies (kJ/mol)
           Bond          Angle    Proper Dih. Ryckaert-Bell.          LJ-14
    1.56161e+03    3.92047e+03    2.78761e+02    1.92224e+03    2.64648e+03
     Coulomb-14        LJ (SR)  Disper. corr.   Coulomb (SR)   Coul. recip.
    7.88380e+03    2.31353e+04   -1.81718e+03   -2.12065e+05    1.14295e+03
      Potential    Kinetic En.   Total Energy  Conserved En.    Temperature
   -1.71391e+05    2.93431e+04   -1.42048e+05   -1.42049e+05    3.01277e+02
 Pres. DC (bar) Pressure (bar)   Constr. rmsd
   -2.74221e+02   -7.21486e+02    2.49992e-06


DD  step 11499 load imb.: force 25.6%
           Step           Time
          11500       23.00000

   Energies (kJ/mol)
           Bond          Angle    Proper Dih. Ryckaert-Bell.          LJ-14
    1.41202e+03    3.65471e+03    2.44418e+02    1.79519e+03    2.70403e+03
     Coulomb-14        LJ (SR)  Disper. corr.   Coulomb (SR)   Coul. recip.
    7.93233e+03    2.44363e+04   -1.82747e+03   -2.13824e+05    1.13416e+03
      Potential    Kinetic En.   Total Energy  Conserved En.    Temperature
   -1.72339e+05    2.92940e+04   -1.43045e+05   -1.42075e+05    3.00773e+02
 Pres. DC (bar) Pressure (bar)   Constr. rmsd
   -2.77330e+02    2.68436e+02    2.97357e-06


DD  step 11999 load imb.: force 19.5%
           Step           Time
          12000       24.00000

   Energies (kJ/mol)
           Bond          Angle    Proper Dih. Ryckaert-Bell.          LJ-14
    1.56561e+03    3.77647e+03    2.80205e+02    1.83341e+03    2.64545e+03
     Coulomb-14        LJ (SR)  Disper. corr.   Coulomb (SR)   Coul. recip.
    7.90408e+03    2.39072e+04   -1.82256e+03   -2.12596e+05    1.15592e+03
      Potential    Kinetic En.   Total Energy  Conserved En.    Temperature
   -1.71350e+05    2.94488e+04   -1.41901e+05   -1.42062e+05    3.02363e+02
 Pres. DC (bar) Pressure (bar)   Constr. rmsd
   -2.75846e+02   -2.21796e+02    2.42927e-06


DD  step 12499 load imb.: force 45.3%
           Step           Time
          12500       25.00000

   Energies (kJ/mol)
           Bond          Angle    Proper Dih. Ryckaert-Bell.          LJ-14
    1.36805e+03    3.70827e+03    2.59384e+02    1.86783e+03    2.62669e+03
     Coulomb-14        LJ (SR)  Disper. corr.   Coulomb (SR)   Coul. recip.
    7.80164e+03    2.33906e+04   -1.82016e+03   -2.12008e+05    1.13401e+03
      Potential    Kinetic En.   Total Energy  Conserved En.    Temperature
   -1.71672e+05    2.90401e+04   -1.42632e+05   -1.42073e+05    2.98166e+02
 Pres. DC (bar) Pressure (bar)   Constr. rmsd
   -2.75121e+02   -3.73723e+02    2.70470e-06


DD  step 12999 load imb.: force 20.4%
           Step           Time
          13000       26.00000

   Energies (kJ/mol)
           Bond          Angle    Proper Dih. Ryckaert-Bell.          LJ-14
    1.60205e+03    3.79040e+03    3.01207e+02    1.89359e+03    2.70758e+03
     Coulomb-14        LJ (SR)  Disper. corr.   Coulomb (SR)   Coul. recip.
    7.80968e+03    2.41965e+04   -1.83921e+03   -2.12614e+05    1.09201e+03
      Potential    Kinetic En.   Total Energy  Conserved En.    Temperature
   -1.71061e+05    2.93498e+04   -1.41711e+05   -1.42037e+05    3.01346e+02
 Pres. DC (bar) Pressure (bar)   Constr. rmsd
   -2.80901e+02    4.93571e+01    2.99112e-06


DD  step 13499 load imb.: force 41.3%
           Step           Time
          13500       27.00000

   Energies (kJ/mol)
           Bond          Angle    Proper Dih. Ryckaert-Bell.          LJ-14
    1.45205e+03    3.78113e+03    2.38846e+02    1.90782e+03    2.66448e+03
     Coulomb-14        LJ (SR)  Disper. corr.   Coulomb (SR)   Coul. recip.
    7.75842e+03    2.35224e+04   -1.82876e+03   -2.12469e+05    1.10327e+03
      Potential    Kinetic En.   Total Energy  Conserved En.    Temperature
   -1.71869e+05    2.93872e+04   -1.42482e+05   -1.42056e+05    3.01730e+02
 Pres. DC (bar) Pressure (bar)   Constr. rmsd
   -2.77724e+02   -2.43550e+02    2.98455e-06


DD  step 13999 load imb.: force 38.1%
           Step           Time
          14000       28.00000

   Energies (kJ/mol)
           Bond          Angle    Proper Dih. Ryckaert-Bell.          LJ-14
    1.41568e+03    3.73923e+03    2.71545e+02    1.81827e+03    2.72974e+03
     Coulomb-14        LJ (SR)  Disper. corr.   Coulomb (SR)   Coul. recip.
    7.79497e+03    2.41362e+04   -1.82320e+03   -2.13085e+05    1.15920e+03
      Potential    Kinetic En.   Total Energy  Conserved En.    Temperature
   -1.71844e+05    2.87172e+04   -1.43127e+05   -1.42033e+05    2.94851e+02
 Pres. DC (bar) Pressure (bar)   Constr. rmsd
   -2.76039e+02    3.59925e+02    2.46579e-06


DD  step 14499 load imb.: force 42.2%
           Step           Time
          14500       29.00000

   Energies (kJ/mol)
           Bond          Angle    Proper Dih. Ryckaert-Bell.          LJ-14
    1.58310e+03    3.95782e+03    2.57991e+02    1.84283e+03    2.60164e+03
     Coulomb-14        LJ (SR)  Disper. corr.   Coulomb (SR)   Coul. recip.
    7.77915e+03    2.32512e+04   -1.82250e+03   -2.11539e+05    1.14073e+03
      Potential    Kinetic En.   Total Energy  Conserved En.    Temperature
   -1.70947e+05    2.99369e+04   -1.41010e+05   -1.42038e+05    3.07375e+02
 Pres. DC (bar) Pressure (bar)   Constr. rmsd
   -2.75827e+02   -1.82246e+02    2.49314e-06


DD  step 14999 load imb.: force 26.8%

step 15000 Turning on dynamic load balancing, because the performance loss due to load imbalance is 5.6 %.
           Step           Time
          15000       30.00000

   Energies (kJ/mol)
           Bond          Angle    Proper Dih. Ryckaert-Bell.          LJ-14
    1.55518e+03    3.69582e+03    2.73845e+02    1.90833e+03    2.58694e+03
     Coulomb-14        LJ (SR)  Disper. corr.   Coulomb (SR)   Coul. recip.
    7.82210e+03    2.39130e+04   -1.81868e+03   -2.12844e+05    1.16145e+03
      Potential    Kinetic En.   Total Energy  Conserved En.    Temperature
   -1.71746e+05    2.95080e+04   -1.42238e+05   -1.42042e+05    3.02971e+02
 Pres. DC (bar) Pressure (bar)   Constr. rmsd
   -2.74674e+02   -4.26963e+02    2.58606e-06


DD  load balancing is limited by minimum cell size in dimension Y
DD  step 15499  vol min/aver 0.880! load imb.: force 26.4%
           Step           Time
          15500       31.00000

   Energies (kJ/mol)
           Bond          Angle    Proper Dih. Ryckaert-Bell.          LJ-14
    1.35063e+03    3.74802e+03    2.73768e+02    1.88499e+03    2.68328e+03
     Coulomb-14        LJ (SR)  Disper. corr.   Coulomb (SR)   Coul. recip.
    7.83259e+03    2.39730e+04   -1.82598e+03   -2.12981e+05    1.08131e+03
      Potential    Kinetic En.   Total Energy  Conserved En.    Temperature
   -1.71979e+05    2.90965e+04   -1.42883e+05   -1.42033e+05    2.98746e+02
 Pres. DC (bar) Pressure (bar)   Constr. rmsd
   -2.76881e+02    2.75754e+02    2.58774e-06


DD  step 15999  vol min/aver 0.908  load imb.: force 46.7%
           Step           Time
          16000       32.00000

   Energies (kJ/mol)
           Bond          Angle    Proper Dih. Ryckaert-Bell.          LJ-14
    1.46687e+03    3.80896e+03    2.31967e+02    1.85019e+03    2.68537e+03
     Coulomb-14        LJ (SR)  Disper. corr.   Coulomb (SR)   Coul. recip.
    7.85249e+03    2.39425e+04   -1.83499e+03   -2.13888e+05    1.07730e+03
      Potential    Kinetic En.   Total Energy  Conserved En.    Temperature
   -1.72807e+05    2.93746e+04   -1.43432e+05   -1.42036e+05    3.01601e+02
 Pres. DC (bar) Pressure (bar)   Constr. rmsd
   -2.79617e+02    4.28094e+02    2.57520e-06


DD  load balancing is limited by minimum cell size in dimension Y
DD  step 16499  vol min/aver 0.871! load imb.: force 26.1%
           Step           Time
          16500       33.00000

   Energies (kJ/mol)
           Bond          Angle    Proper Dih. Ryckaert-Bell.          LJ-14
    1.50567e+03    3.62211e+03    2.31796e+02    1.87950e+03    2.67993e+03
     Coulomb-14        LJ (SR)  Disper. corr.   Coulomb (SR)   Coul. recip.
    7.72369e+03    2.41374e+04   -1.83411e+03   -2.13568e+05    1.13269e+03
      Potential    Kinetic En.   Total Energy  Conserved En.    Temperature
   -1.72489e+05    2.95215e+04   -1.42968e+05   -1.42034e+05    3.03109e+02
 Pres. DC (bar) Pressure (bar)   Constr. rmsd
   -2.79350e+02   -1.44144e+02    2.70398e-06


DD  load balancing is limited by minimum cell size in dimension Y
DD  step 16999  vol min/aver 0.872! load imb.: force 19.9%
           Step           Time
          17000       34.00000

   Energies (kJ/mol)
           Bond          Angle    Proper Dih. Ryckaert-Bell.          LJ-14
    1.42228e+03    3.92520e+03    2.70947e+02    1.83512e+03    2.65293e+03
     Coulomb-14        LJ (SR)  Disper. corr.   Coulomb (SR)   Coul. recip.
    7.65381e+03    2.39748e+04   -1.81413e+03   -2.12767e+05    1.17489e+03
      Potential    Kinetic En.   Total Energy  Conserved En.    Temperature
   -1.71671e+05    2.93985e+04   -1.42272e+05   -1.42017e+05    3.01846e+02
 Pres. DC (bar) Pressure (bar)   Constr. rmsd
   -2.73302e+02    3.36013e+02    2.76989e-06


DD  step 17499  vol min/aver 0.885  load imb.: force 23.0%
           Step           Time
          17500       35.00000

   Energies (kJ/mol)
           Bond          Angle    Proper Dih. Ryckaert-Bell.          LJ-14
    1.44485e+03    3.67156e+03    2.97569e+02    1.87185e+03    2.63046e+03
     Coulomb-14        LJ (SR)  Disper. corr.   Coulomb (SR)   Coul. recip.
    7.73162e+03    2.45471e+04   -1.82671e+03   -2.13770e+05    1.07696e+03
      Potential    Kinetic En.   Total Energy  Conserved En.    Temperature
   -1.72324e+05    2.88919e+04   -1.43433e+05   -1.42000e+05    2.96645e+02
 Pres. DC (bar) Pressure (bar)   Constr. rmsd
   -2.77100e+02    7.52199e+00    2.67469e-06


DD  load balancing is limited by minimum cell size in dimension Y
DD  step 17999  vol min/aver 0.832! load imb.: force 30.0%
           Step           Time
          18000       36.00000

   Energies (kJ/mol)
           Bond          Angle    Proper Dih. Ryckaert-Bell.          LJ-14
    1.51101e+03    3.67658e+03    2.61012e+02    1.74165e+03    2.65405e+03
     Coulomb-14        LJ (SR)  Disper. corr.   Coulomb (SR)   Coul. recip.
    7.72633e+03    2.38854e+04   -1.83714e+03   -2.13244e+05    1.06256e+03
      Potential    Kinetic En.   Total Energy  Conserved En.    Temperature
   -1.72562e+05    2.93248e+04   -1.43237e+05   -1.42003e+05    3.01090e+02
 Pres. DC (bar) Pressure (bar)   Constr. rmsd
   -2.80271e+02   -1.61787e+02    2.57586e-06


DD  step 18499  vol min/aver 0.886  load imb.: force 35.1%
           Step           Time
          18500       37.00000

   Energies (kJ/mol)
           Bond          Angle    Proper Dih. Ryckaert-Bell.          LJ-14
    1.46938e+03    3.83201e+03    2.43583e+02    1.85840e+03    2.71924e+03
     Coulomb-14        LJ (SR)  Disper. corr.   Coulomb (SR)   Coul. recip.
    7.83112e+03    2.37443e+04   -1.82448e+03   -2.12756e+05    1.13364e+03
      Potential    Kinetic En.   Total Energy  Conserved En.    Temperature
   -1.71749e+05    2.89086e+04   -1.42841e+05   -1.41994e+05    2.96816e+02
 Pres. DC (bar) Pressure (bar)   Constr. rmsd
   -2.76427e+02    4.18746e+02    2.37772e-06


DD  load balancing is limited by minimum cell size in dimension Y
DD  step 18999  vol min/aver 0.840! load imb.: force 30.0%
           Step           Time
          19000       38.00000

   Energies (kJ/mol)
           Bond          Angle    Proper Dih. Ryckaert-Bell.          LJ-14
    1.49680e+03    3.71617e+03    2.39838e+02    1.90552e+03    2.61327e+03
     Coulomb-14        LJ (SR)  Disper. corr.   Coulomb (SR)   Coul. recip.
    7.74469e+03    2.43620e+04   -1.82760e+03   -2.13239e+05    1.13426e+03
      Potential    Kinetic En.   Total Energy  Conserved En.    Temperature
   -1.71854e+05    2.95007e+04   -1.42353e+05   -1.42002e+05    3.02896e+02
 Pres. DC (bar) Pressure (bar)   Constr. rmsd
   -2.77372e+02    9.35544e+01    2.58052e-06


DD  step 19499  vol min/aver 0.826  load imb.: force 27.2%
           Step           Time
          19500       39.00000

   Energies (kJ/mol)
           Bond          Angle    Proper Dih. Ryckaert-Bell.          LJ-14
    1.48895e+03    3.82039e+03    2.51676e+02    1.79988e+03    2.69503e+03
     Coulomb-14        LJ (SR)  Disper. corr.   Coulomb (SR)   Coul. recip.
    7.77990e+03    2.44892e+04   -1.82982e+03   -2.13542e+05    1.09304e+03
      Potential    Kinetic En.   Total Energy  Conserved En.    Temperature
   -1.71954e+05    2.93491e+04   -1.42605e+05   -1.41985e+05    3.01339e+02
 Pres. DC (bar) Pressure (bar)   Constr. rmsd
   -2.78045e+02    8.08705e+02    2.64631e-06


DD  load balancing is limited by minimum cell size in dimension Y
DD  step 19999  vol min/aver 0.857! load imb.: force 31.1%
           Step           Time
          20000       40.00000

   Energies (kJ/mol)
           Bond          Angle    Proper Dih. Ryckaert-Bell.          LJ-14
    1.40469e+03    3.83446e+03    2.31318e+02    1.79933e+03    2.61522e+03
     Coulomb-14        LJ (SR)  Disper. corr.   Coulomb (SR)   Coul. recip.
    7.84357e+03    2.41274e+04   -1.82078e+03   -2.14068e+05    1.14155e+03
      Potential    Kinetic En.   Total Energy  Conserved En.    Temperature
   -1.72891e+05    2.91926e+04   -1.43698e+05   -1.41994e+05    2.99732e+02
 Pres. DC (bar) Pressure (bar)   Constr. rmsd
   -2.75307e+02   -8.62469e+01    2.79929e-06


DD  step 20499  vol min/aver 0.860  load imb.: force 24.4%
           Step           Time
          20500       41.00000

   Energies (kJ/mol)
           Bond          Angle    Proper Dih. Ryckaert-Bell.          LJ-14
    1.47302e+03    3.86057e+03    2.25464e+02    1.81572e+03    2.68881e+03
     Coulomb-14        LJ (SR)  Disper. corr.   Coulomb (SR)   Coul. recip.
    7.83497e+03    2.39028e+04   -1.82646e+03   -2.12699e+05    1.14804e+03
      Potential    Kinetic En.   Total Energy  Conserved En.    Temperature
   -1.71576e+05    2.92144e+04   -1.42361e+05   -1.41994e+05    2.99956e+02
 Pres. DC (bar) Pressure (bar)   Constr. rmsd
   -2.77026e+02    6.55023e+01    2.60695e-06


DD  load balancing is limited by minimum cell size in dimension Y
DD  step 20999  vol min/aver 0.778! load imb.: force 10.6%
           Step           Time
          21000       42.00000

   Energies (kJ/mol)
           Bond          Angle    Proper Dih. Ryckaert-Bell.          LJ-14
    1.47508e+03    3.62307e+03    2.10806e+02    1.77863e+03    2.67725e+03
     Coulomb-14        LJ (SR)  Disper. corr.   Coulomb (SR)   Coul. recip.
    7.82367e+03    2.37790e+04   -1.83173e+03   -2.12913e+05    1.13646e+03
      Potential    Kinetic En.   Total Energy  Conserved En.    Temperature
   -1.72241e+05    2.94789e+04   -1.42762e+05   -1.42008e+05    3.02672e+02
 Pres. DC (bar) Pressure (bar)   Constr. rmsd
   -2.78626e+02   -2.94507e+01    3.04725e-06


DD  load balancing is limited by minimum cell size in dimension Y
DD  step 21499  vol min/aver 0.797! load imb.: force 18.5%
           Step           Time
          21500       43.00000

   Energies (kJ/mol)
           Bond          Angle    Proper Dih. Ryckaert-Bell.          LJ-14
    1.43842e+03    3.87929e+03    2.43267e+02    1.79056e+03    2.68344e+03
     Coulomb-14        LJ (SR)  Disper. corr.   Coulomb (SR)   Coul. recip.
    7.83045e+03    2.34067e+04   -1.81516e+03   -2.12328e+05    1.15562e+03
      Potential    Kinetic En.   Total Energy  Conserved En.    Temperature
   -1.71715e+05    2.88838e+04   -1.42831e+05   -1.41985e+05    2.96562e+02
 Pres. DC (bar) Pressure (bar)   Constr. rmsd
   -2.73612e+02   -3.09505e+02    2.94189e-06


DD  step 21999  vol min/aver 0.812  load imb.: force 46.6%
           Step           Time
          22000       44.00000

   Energies (kJ/mol)
           Bond          Angle    Proper Dih. Ryckaert-Bell.          LJ-14
    1.43890e+03    3.88152e+03    2.65459e+02    1.83972e+03    2.64235e+03
     Coulomb-14        LJ (SR)  Disper. corr.   Coulomb (SR)   Coul. recip.
    7.73229e+03    2.42248e+04   -1.82410e+03   -2.13534e+05    1.15576e+03
      Potential    Kinetic En.   Total Energy  Conserved En.    Temperature
   -1.72178e+05    2.93408e+04   -1.42837e+05   -1.41994e+05    3.01254e+02
 Pres. DC (bar) Pressure (bar)   Constr. rmsd
   -2.76310e+02    2.76431e+02    2.71024e-06


DD  load balancing is limited by minimum cell size in dimension Y
DD  step 22499  vol min/aver 0.802! load imb.: force 54.3%
           Step           Time
          22500       45.00000

   Energies (kJ/mol)
           Bond          Angle    Proper Dih. Ryckaert-Bell.          LJ-14
    1.48291e+03    3.88982e+03    2.56338e+02    1.82725e+03    2.76452e+03
     Coulomb-14        LJ (SR)  Disper. corr.   Coulomb (SR)   Coul. recip.
    7.89275e+03    2.38468e+04   -1.83969e+03   -2.13013e+05    1.09060e+03
      Potential    Kinetic En.   Total Energy  Conserved En.    Temperature
   -1.71802e+05    2.92067e+04   -1.42595e+05   -1.41984e+05    2.99877e+02
 Pres. DC (bar) Pressure (bar)   Constr. rmsd
   -2.81048e+02    3.24105e+02    2.85681e-06


DD  load balancing is limited by minimum cell size in dimension Y
DD  step 22999  vol min/aver 0.772! load imb.: force 29.2%
           Step           Time
          23000       46.00000

   Energies (kJ/mol)
           Bond          Angle    Proper Dih. Ryckaert-Bell.          LJ-14
    1.36053e+03    3.59474e+03    2.61710e+02    1.94180e+03    2.69687e+03
     Coulomb-14        LJ (SR)  Disper. corr.   Coulomb (SR)   Coul. recip.
    7.89709e+03    2.27964e+04   -1.82115e+03   -2.11518e+05    1.15870e+03
      Potential    Kinetic En.   Total Energy  Conserved En.    Temperature
   -1.71631e+05    2.93248e+04   -1.42307e+05   -1.42011e+05    3.01089e+02
 Pres. DC (bar) Pressure (bar)   Constr. rmsd
   -2.75419e+02   -4.11991e+02    2.88275e-06


DD  step 23499  vol min/aver 0.843  load imb.: force 28.1%
           Step           Time
          23500       47.00000

   Energies (kJ/mol)
           Bond          Angle    Proper Dih. Ryckaert-Bell.          LJ-14
    1.40324e+03    3.89497e+03    2.49827e+02    1.88848e+03    2.67072e+03
     Coulomb-14        LJ (SR)  Disper. corr.   Coulomb (SR)   Coul. recip.
    7.78902e+03    2.40159e+04   -1.82000e+03   -2.13044e+05    1.13058e+03
      Potential    Kinetic En.   Total Energy  Conserved En.    Temperature
   -1.71822e+05    2.93779e+04   -1.42444e+05   -1.41983e+05    3.01634e+02
 Pres. DC (bar) Pressure (bar)   Constr. rmsd
   -2.75071e+02   -2.92084e+01    2.70652e-06


DD  load balancing is limited by minimum cell size in dimension Y
DD  step 23999  vol min/aver 0.805! load imb.: force 32.7%
           Step           Time
          24000       48.00000

   Energies (kJ/mol)
           Bond          Angle    Proper Dih. Ryckaert-Bell.          LJ-14
    1.47713e+03    3.46569e+03    2.53441e+02    1.74348e+03    2.74514e+03
     Coulomb-14        LJ (SR)  Disper. corr.   Coulomb (SR)   Coul. recip.
    7.81625e+03    2.42707e+04   -1.82879e+03   -2.13902e+05    1.14841e+03
      Potential    Kinetic En.   Total Energy  Conserved En.    Temperature
   -1.72810e+05    2.87283e+04   -1.44082e+05   -1.41985e+05    2.94965e+02
 Pres. DC (bar) Pressure (bar)   Constr. rmsd
   -2.77733e+02   -1.28649e+00    2.77197e-06


DD  step 24499  vol min/aver 0.892  load imb.: force 27.9%
           Step           Time
          24500       49.00000

   Energies (kJ/mol)
           Bond          Angle    Proper Dih. Ryckaert-Bell.          LJ-14
    1.51907e+03    3.78693e+03    2.21565e+02    1.84659e+03    2.62950e+03
     Coulomb-14        LJ (SR)  Disper. corr.   Coulomb (SR)   Coul. recip.
    7.87163e+03    2.31193e+04   -1.81373e+03   -2.12005e+05    1.17969e+03
      Potential    Kinetic En.   Total Energy  Conserved En.    Temperature
   -1.71645e+05    2.91033e+04   -1.42542e+05   -1.41967e+05    2.98815e+02
 Pres. DC (bar) Pressure (bar)   Constr. rmsd
   -2.73183e+02   -1.13677e+03    2.76241e-06


DD  load balancing is limited by minimum cell size in dimension Y
DD  step 24999  vol min/aver 0.721! load imb.: force 35.0%
           Step           Time
          25000       50.00000

   Energies (kJ/mol)
           Bond          Angle    Proper Dih. Ryckaert-Bell.          LJ-14
    1.40998e+03    3.62784e+03    2.39266e+02    1.84545e+03    2.75870e+03
     Coulomb-14        LJ (SR)  Disper. corr.   Coulomb (SR)   Coul. recip.
    7.78697e+03    2.34086e+04   -1.83107e+03   -2.12403e+05    1.06293e+03
      Potential    Kinetic En.   Total Energy  Conserved En.    Temperature
   -1.72094e+05    2.93663e+04   -1.42728e+05   -1.41981e+05    3.01516e+02
 Pres. DC (bar) Pressure (bar)   Constr. rmsd
   -2.78424e+02    4.88980e+02    2.58367e-06


DD  step 25499  vol min/aver 0.818  load imb.: force 18.5%
           Step           Time
          25500       51.00000

   Energies (kJ/mol)
           Bond          Angle    Proper Dih. Ryckaert-Bell.          LJ-14
    1.54204e+03    3.74201e+03    2.69679e+02    1.82266e+03    2.62197e+03
     Coulomb-14        LJ (SR)  Disper. corr.   Coulomb (SR)   Coul. recip.
    7.84696e+03    2.41477e+04   -1.83809e+03   -2.13364e+05    1.06845e+03
      Potential    Kinetic En.   Total Energy  Conserved En.    Temperature
   -1.72141e+05    2.93258e+04   -1.42815e+05   -1.41957e+05    3.01099e+02
 Pres. DC (bar) Pressure (bar)   Constr. rmsd
   -2.80561e+02    1.53688e+02    2.40199e-06


DD  load balancing is limited by minimum cell size in dimension Y
DD  step 25999  vol min/aver 0.821! load imb.: force 22.1%
           Step           Time
          26000       52.00000

   Energies (kJ/mol)
           Bond          Angle    Proper Dih. Ryckaert-Bell.          LJ-14
    1.62064e+03    3.94133e+03    2.16329e+02    1.78633e+03    2.73571e+03
     Coulomb-14        LJ (SR)  Disper. corr.   Coulomb (SR)   Coul. recip.
    7.97418e+03    2.38309e+04   -1.81982e+03   -2.13113e+05    1.13594e+03
      Potential    Kinetic En.   Total Energy  Conserved En.    Temperature
   -1.71692e+05    2.92298e+04   -1.42462e+05   -1.41934e+05    3.00114e+02
 Pres. DC (bar) Pressure (bar)   Constr. rmsd
   -2.75016e+02   -4.84393e+02    2.73656e-06


DD  step 26499  vol min/aver 0.793  load imb.: force 46.4%
           Step           Time
          26500       53.00000

   Energies (kJ/mol)
           Bond          Angle    Proper Dih. Ryckaert-Bell.          LJ-14
    1.44076e+03    3.68231e+03    2.86008e+02    1.91426e+03    2.65738e+03
     Coulomb-14        LJ (SR)  Disper. corr.   Coulomb (SR)   Coul. recip.
    7.80635e+03    2.43879e+04   -1.83211e+03   -2.14360e+05    1.10885e+03
      Potential    Kinetic En.   Total Energy  Conserved En.    Temperature
   -1.72908e+05    2.92223e+04   -1.43686e+05   -1.41959e+05    3.00038e+02
 Pres. DC (bar) Pressure (bar)   Constr. rmsd
   -2.78740e+02   -2.11602e+01    2.53277e-06


DD  step 26999  vol min/aver 0.746  load imb.: force 49.9%
           Step           Time
          27000       54.00000

   Energies (kJ/mol)
           Bond          Angle    Proper Dih. Ryckaert-Bell.          LJ-14
    1.49463e+03    3.60147e+03    2.36688e+02    1.86761e+03    2.67525e+03
     Coulomb-14        LJ (SR)  Disper. corr.   Coulomb (SR)   Coul. recip.
    7.90221e+03    2.37339e+04   -1.82589e+03   -2.13644e+05    1.10794e+03
      Potential    Kinetic En.   Total Energy  Conserved En.    Temperature
   -1.72850e+05    2.90329e+04   -1.43817e+05   -1.41964e+05    2.98092e+02
 Pres. DC (bar) Pressure (bar)   Constr. rmsd
   -2.76853e+02   -2.45128e+02    2.77774e-06


DD  step 27499  vol min/aver 0.799  load imb.: force 28.7%
           Step           Time
          27500       55.00000

   Energies (kJ/mol)
           Bond          Angle    Proper Dih. Ryckaert-Bell.          LJ-14
    1.44464e+03    3.74200e+03    2.25080e+02    1.78174e+03    2.64429e+03
     Coulomb-14        LJ (SR)  Disper. corr.   Coulomb (SR)   Coul. recip.
    7.83180e+03    2.47211e+04   -1.80832e+03   -2.14635e+05    1.19294e+03
      Potential    Kinetic En.   Total Energy  Conserved En.    Temperature
   -1.72860e+05    2.88142e+04   -1.44046e+05   -1.41947e+05    2.95847e+02
 Pres. DC (bar) Pressure (bar)   Constr. rmsd
   -2.71557e+02    1.08712e+02    2.62998e-06


DD  load balancing is limited by minimum cell size in dimension Y
DD  step 27999  vol min/aver 0.794! load imb.: force 37.3%
           Step           Time
          28000       56.00000

   Energies (kJ/mol)
           Bond          Angle    Proper Dih. Ryckaert-Bell.          LJ-14
    1.51578e+03    3.87615e+03    2.20998e+02    1.82902e+03    2.63866e+03
     Coulomb-14        LJ (SR)  Disper. corr.   Coulomb (SR)   Coul. recip.
    7.77681e+03    2.37679e+04   -1.81902e+03   -2.13548e+05    1.11559e+03
      Potential    Kinetic En.   Total Energy  Conserved En.    Temperature
   -1.72626e+05    2.89741e+04   -1.43652e+05   -1.41935e+05    2.97489e+02
 Pres. DC (bar) Pressure (bar)   Constr. rmsd
   -2.74777e+02   -5.15867e+02    2.47603e-06


DD  step 28499  vol min/aver 0.814  load imb.: force 51.7%
           Step           Time
          28500       57.00000

   Energies (kJ/mol)
           Bond          Angle    Proper Dih. Ryckaert-Bell.          LJ-14
    1.48459e+03    3.75940e+03    2.83284e+02    1.84564e+03    2.63851e+03
     Coulomb-14        LJ (SR)  Disper. corr.   Coulomb (SR)   Coul. recip.
    7.89012e+03    2.37800e+04   -1.81836e+03   -2.12934e+05    1.15559e+03
      Potential    Kinetic En.   Total Energy  Conserved En.    Temperature
   -1.71915e+05    2.95766e+04   -1.42338e+05   -1.41955e+05    3.03675e+02
 Pres. DC (bar) Pressure (bar)   Constr. rmsd
   -2.74576e+02   -3.30689e+02    2.76164e-06


DD  load balancing is limited by minimum cell size in dimension Y
DD  step 28999  vol min/aver 0.862! load imb.: force 28.4%
           Step           Time
          29000       58.00000

   Energies (kJ/mol)
           Bond          Angle    Proper Dih. Ryckaert-Bell.          LJ-14
    1.48187e+03    3.81979e+03    2.73613e+02    1.76853e+03    2.63629e+03
     Coulomb-14        LJ (SR)  Disper. corr.   Coulomb (SR)   Coul. recip.
    7.80175e+03    2.45482e+04   -1.82686e+03   -2.13068e+05    1.10077e+03
      Potential    Kinetic En.   Total Energy  Conserved En.    Temperature
   -1.71464e+05    2.94646e+04   -1.41999e+05   -1.41946e+05    3.02525e+02
 Pres. DC (bar) Pressure (bar)   Constr. rmsd
   -2.77148e+02    3.77013e+02    3.12019e-06


DD  step 29499  vol min/aver 0.876  load imb.: force 41.3%
           Step           Time
          29500       59.00000

   Energies (kJ/mol)
           Bond          Angle    Proper Dih. Ryckaert-Bell.          LJ-14
    1.49027e+03    3.96929e+03    2.68326e+02    1.83778e+03    2.61367e+03
     Coulomb-14        LJ (SR)  Disper. corr.   Coulomb (SR)   Coul. recip.
    7.79875e+03    2.41617e+04   -1.82543e+03   -2.13739e+05    1.14373e+03
      Potential    Kinetic En.   Total Energy  Conserved En.    Temperature
   -1.72281e+05    2.90298e+04   -1.43252e+05   -1.41929e+05    2.98060e+02
 Pres. DC (bar) Pressure (bar)   Constr. rmsd
   -2.76713e+02    1.58025e+02    2.83084e-06


DD  load balancing is limited by minimum cell size in dimension Y
DD  step 29999  vol min/aver 0.874! load imb.: force 55.6%
           Step           Time
          30000       60.00000

   Energies (kJ/mol)
           Bond          Angle    Proper Dih. Ryckaert-Bell.          LJ-14
    1.37077e+03    3.75331e+03    2.66297e+02    1.76982e+03    2.67768e+03
     Coulomb-14        LJ (SR)  Disper. corr.   Coulomb (SR)   Coul. recip.
    7.82069e+03    2.36233e+04   -1.82430e+03   -2.12472e+05    1.07683e+03
      Potential    Kinetic En.   Total Energy  Conserved En.    Temperature
   -1.71938e+05    2.96010e+04   -1.42337e+05   -1.41944e+05    3.03925e+02
 Pres. DC (bar) Pressure (bar)   Constr. rmsd
   -2.76370e+02    1.42463e+02    2.83170e-06


DD  load balancing is limited by minimum cell size in dimension Y
DD  step 30499  vol min/aver 0.833! load imb.: force 13.8%
           Step           Time
          30500       61.00000

   Energies (kJ/mol)
           Bond          Angle    Proper Dih. Ryckaert-Bell.          LJ-14
    1.46179e+03    3.75154e+03    2.60102e+02    1.87618e+03    2.60548e+03
     Coulomb-14        LJ (SR)  Disper. corr.   Coulomb (SR)   Coul. recip.
    7.82339e+03    2.33814e+04   -1.82543e+03   -2.11622e+05    1.12394e+03
      Potential    Kinetic En.   Total Energy  Conserved En.    Temperature
   -1.71164e+05    2.91414e+04   -1.42022e+05   -1.41935e+05    2.99207e+02
 Pres. DC (bar) Pressure (bar)   Constr. rmsd
   -2.76713e+02   -2.29771e+02    2.67102e-06


DD  load balancing is limited by minimum cell size in dimension Y
DD  step 30999  vol min/aver 0.760! load imb.: force 53.2%
           Step           Time
          31000       62.00000

   Energies (kJ/mol)
           Bond          Angle    Proper Dih. Ryckaert-Bell.          LJ-14
    1.57991e+03    3.86402e+03    2.55793e+02    1.83839e+03    2.64762e+03
     Coulomb-14        LJ (SR)  Disper. corr.   Coulomb (SR)   Coul. recip.
    7.84793e+03    2.40437e+04   -1.83017e+03   -2.13002e+05    1.16672e+03
      Potential    Kinetic En.   Total Energy  Conserved En.    Temperature
   -1.71588e+05    2.95717e+04   -1.42016e+05   -1.41928e+05    3.03625e+02
 Pres. DC (bar) Pressure (bar)   Constr. rmsd
   -2.78152e+02   -1.05834e+02    2.95479e-06


DD  load balancing is limited by minimum cell size in dimension Y
DD  step 31499  vol min/aver 0.775! load imb.: force 33.8%
           Step           Time
          31500       63.00000

   Energies (kJ/mol)
           Bond          Angle    Proper Dih. Ryckaert-Bell.          LJ-14
    1.39664e+03    3.89355e+03    2.45868e+02    1.84121e+03    2.64838e+03
     Coulomb-14        LJ (SR)  Disper. corr.   Coulomb (SR)   Coul. recip.
    7.78202e+03    2.51160e+04   -1.83091e+03   -2.14768e+05    1.11325e+03
      Potential    Kinetic En.   Total Energy  Conserved En.    Temperature
   -1.72562e+05    2.90011e+04   -1.43561e+05   -1.41920e+05    2.97766e+02
 Pres. DC (bar) Pressure (bar)   Constr. rmsd
   -2.78375e+02    6.84044e+02    2.56049e-06


DD  step 31999  vol min/aver 0.856  load imb.: force 14.8%
           Step           Time
          32000       64.00000

   Energies (kJ/mol)
           Bond          Angle    Proper Dih. Ryckaert-Bell.          LJ-14
    1.42677e+03    3.75375e+03    2.47641e+02    1.80289e+03    2.68523e+03
     Coulomb-14        LJ (SR)  Disper. corr.   Coulomb (SR)   Coul. recip.
    7.75155e+03    2.46074e+04   -1.83567e+03   -2.14225e+05    1.10928e+03
      Potential    Kinetic En.   Total Energy  Conserved En.    Temperature
   -1.72677e+05    2.90526e+04   -1.43624e+05   -1.41924e+05    2.98294e+02
 Pres. DC (bar) Pressure (bar)   Constr. rmsd
   -2.79825e+02    1.37271e+02    2.57277e-06


DD  load balancing is limited by minimum cell size in dimension Y
DD  step 32499  vol min/aver 0.794! load imb.: force 30.7%
           Step           Time
          32500       65.00000

   Energies (kJ/mol)
           Bond          Angle    Proper Dih. Ryckaert-Bell.          LJ-14
    1.63129e+03    3.85052e+03    2.68867e+02    1.83004e+03    2.64308e+03
     Coulomb-14        LJ (SR)  Disper. corr.   Coulomb (SR)   Coul. recip.
    7.70065e+03    2.34669e+04   -1.81383e+03   -2.12034e+05    1.14613e+03
      Potential    Kinetic En.   Total Energy  Conserved En.    Temperature
   -1.71310e+05    2.97675e+04   -1.41543e+05   -1.41909e+05    3.05635e+02
 Pres. DC (bar) Pressure (bar)   Constr. rmsd
   -2.73213e+02   -5.58174e+02    2.49812e-06


DD  load balancing is limited by minimum cell size in dimension Y
DD  step 32999  vol min/aver 0.810! load imb.: force 24.8%
           Step           Time
          33000       66.00000

   Energies (kJ/mol)
           Bond          Angle    Proper Dih. Ryckaert-Bell.          LJ-14
    1.46267e+03    3.70793e+03    2.44438e+02    1.90486e+03    2.66014e+03
     Coulomb-14        LJ (SR)  Disper. corr.   Coulomb (SR)   Coul. recip.
    7.79769e+03    2.33049e+04   -1.82822e+03   -2.11971e+05    1.09893e+03
      Potential    Kinetic En.   Total Energy  Conserved En.    Temperature
   -1.71618e+05    2.90530e+04   -1.42565e+05   -1.41913e+05    2.98299e+02
 Pres. DC (bar) Pressure (bar)   Constr. rmsd
   -2.77561e+02   -3.08143e+00    2.44587e-06


DD  load balancing is limited by minimum cell size in dimension Y
DD  step 33499  vol min/aver 0.846! load imb.: force 33.1%
           Step           Time
          33500       67.00000

   Energies (kJ/mol)
           Bond          Angle    Proper Dih. Ryckaert-Bell.          LJ-14
    1.45671e+03    3.85272e+03    2.67485e+02    1.89750e+03    2.69439e+03
     Coulomb-14        LJ (SR)  Disper. corr.   Coulomb (SR)   Coul. recip.
    7.79721e+03    2.38772e+04   -1.83250e+03   -2.12957e+05    1.14375e+03
      Potential    Kinetic En.   Total Energy  Conserved En.    Temperature
   -1.71803e+05    2.94142e+04   -1.42389e+05   -1.41899e+05    3.02007e+02
 Pres. DC (bar) Pressure (bar)   Constr. rmsd
   -2.78858e+02   -2.29824e+02    3.00488e-06


DD  load balancing is limited by minimum cell size in dimension Y
DD  step 33999  vol min/aver 0.882! load imb.: force 17.3%
           Step           Time
          34000       68.00000

   Energies (kJ/mol)
           Bond          Angle    Proper Dih. Ryckaert-Bell.          LJ-14
    1.49115e+03    3.73328e+03    2.61823e+02    1.86712e+03    2.65032e+03
     Coulomb-14        LJ (SR)  Disper. corr.   Coulomb (SR)   Coul. recip.
    7.86831e+03    2.31654e+04   -1.82018e+03   -2.12520e+05    1.14902e+03
      Potential    Kinetic En.   Total Energy  Conserved En.    Temperature
   -1.72153e+05    2.90208e+04   -1.43133e+05   -1.41891e+05    2.97968e+02
 Pres. DC (bar) Pressure (bar)   Constr. rmsd
   -2.75125e+02   -6.05074e+02    2.56893e-06


DD  load balancing is limited by minimum cell size in dimension Y
DD  step 34499  vol min/aver 0.841! load imb.: force 21.1%
           Step           Time
          34500       69.00000

   Energies (kJ/mol)
           Bond          Angle    Proper Dih. Ryckaert-Bell.          LJ-14
    1.42733e+03    3.84663e+03    2.83483e+02    1.85655e+03    2.71793e+03
     Coulomb-14        LJ (SR)  Disper. corr.   Coulomb (SR)   Coul. recip.
    7.85984e+03    2.36054e+04   -1.82503e+03   -2.12843e+05    1.10631e+03
      Potential    Kinetic En.   Total Energy  Conserved En.    Temperature
   -1.71965e+05    2.91996e+04   -1.42765e+05   -1.41883e+05    2.99804e+02
 Pres. DC (bar) Pressure (bar)   Constr. rmsd
   -2.76593e+02   -1.64997e+01    2.73179e-06


DD  load balancing is limited by minimum cell size in dimension Y
DD  step 34999  vol min/aver 0.829! load imb.: force 15.7%
           Step           Time
          35000       70.00000

   Energies (kJ/mol)
           Bond          Angle    Proper Dih. Ryckaert-Bell.          LJ-14
    1.54138e+03    3.77732e+03    2.55984e+02    1.94259e+03    2.56712e+03
     Coulomb-14        LJ (SR)  Disper. corr.   Coulomb (SR)   Coul. recip.
    7.77772e+03    2.43967e+04   -1.82740e+03   -2.14590e+05    1.08210e+03
      Potential    Kinetic En.   Total Energy  Conserved En.    Temperature
   -1.73077e+05    2.93370e+04   -1.43740e+05   -1.41876e+05    3.01215e+02
 Pres. DC (bar) Pressure (bar)   Constr. rmsd
   -2.77310e+02   -3.75960e+02    2.76380e-06


DD  step 35499  vol min/aver 0.902  load imb.: force 12.1%
           Step           Time
          35500       71.00000

   Energies (kJ/mol)
           Bond          Angle    Proper Dih. Ryckaert-Bell.          LJ-14
    1.41669e+03    3.78109e+03    2.31101e+02    1.75378e+03    2.68648e+03
     Coulomb-14        LJ (SR)  Disper. corr.   Coulomb (SR)   Coul. recip.
    7.79542e+03    2.45248e+04   -1.81444e+03   -2.14485e+05    1.14756e+03
      Potential    Kinetic En.   Total Energy  Conserved En.    Temperature
   -1.72963e+05    2.89854e+04   -1.43977e+05   -1.41878e+05    2.97605e+02
 Pres. DC (bar) Pressure (bar)   Constr. rmsd
   -2.73394e+02    2.56643e+02    2.53730e-06


DD  load balancing is limited by minimum cell size in dimension Y
DD  step 35999  vol min/aver 0.840! load imb.: force 26.3%
           Step           Time
          36000       72.00000

   Energies (kJ/mol)
           Bond          Angle    Proper Dih. Ryckaert-Bell.          LJ-14
    1.50338e+03    3.83028e+03    2.53104e+02    1.73173e+03    2.68220e+03
     Coulomb-14        LJ (SR)  Disper. corr.   Coulomb (SR)   Coul. recip.
    7.75768e+03    2.39718e+04   -1.80311e+03   -2.12966e+05    1.10799e+03
      Potential    Kinetic En.   Total Energy  Conserved En.    Temperature
   -1.71931e+05    2.93928e+04   -1.42538e+05   -1.41867e+05    3.01787e+02
 Pres. DC (bar) Pressure (bar)   Constr. rmsd
   -2.69996e+02   -3.40011e+02    3.02715e-06


DD  step 36499  vol min/aver 0.871  load imb.: force 21.5%
           Step           Time
          36500       73.00000

   Energies (kJ/mol)
           Bond          Angle    Proper Dih. Ryckaert-Bell.          LJ-14
    1.41803e+03    3.81107e+03    2.87263e+02    1.82384e+03    2.74691e+03
     Coulomb-14        LJ (SR)  Disper. corr.   Coulomb (SR)   Coul. recip.
    7.85130e+03    2.46461e+04   -1.83037e+03   -2.13917e+05    1.11339e+03
      Potential    Kinetic En.   Total Energy  Conserved En.    Temperature
   -1.72049e+05    2.88273e+04   -1.43222e+05   -1.41849e+05    2.95981e+02
 Pres. DC (bar) Pressure (bar)   Constr. rmsd
   -2.78211e+02    6.39371e+02    2.77941e-06


DD  load balancing is limited by minimum cell size in dimension Y
DD  step 36999  vol min/aver 0.864! load imb.: force 29.3%
           Step           Time
          37000       74.00000

   Energies (kJ/mol)
           Bond          Angle    Proper Dih. Ryckaert-Bell.          LJ-14
    1.48217e+03    3.70183e+03    2.35478e+02    1.79952e+03    2.68679e+03
     Coulomb-14        LJ (SR)  Disper. corr.   Coulomb (SR)   Coul. recip.
    7.83193e+03    2.43798e+04   -1.82028e+03   -2.13895e+05    1.14745e+03
      Potential    Kinetic En.   Total Energy  Conserved En.    Temperature
   -1.72450e+05    2.91053e+04   -1.43345e+05   -1.41845e+05    2.98836e+02
 Pres. DC (bar) Pressure (bar)   Constr. rmsd
   -2.75156e+02   -1.04294e+02    2.30684e-06


DD  step 37499  vol min/aver 0.879  load imb.: force 21.7%
           Step           Time
          37500       75.00000

   Energies (kJ/mol)
           Bond          Angle    Proper Dih. Ryckaert-Bell.          LJ-14
    1.50211e+03    3.88641e+03    2.76440e+02    1.86846e+03    2.68008e+03
     Coulomb-14        LJ (SR)  Disper. corr.   Coulomb (SR)   Coul. recip.
    7.78903e+03    2.38582e+04   -1.83070e+03   -2.13318e+05    1.11025e+03
      Potential    Kinetic En.   Total Energy  Conserved En.    Temperature
   -1.72178e+05    2.95478e+04   -1.42630e+05   -1.41848e+05    3.03379e+02
 Pres. DC (bar) Pressure (bar)   Constr. rmsd
   -2.78312e+02    4.91167e+02    2.38098e-06


DD  step 37999  vol min/aver 0.817  load imb.: force 28.4%
           Step           Time
          38000       76.00000

   Energies (kJ/mol)
           Bond          Angle    Proper Dih. Ryckaert-Bell.          LJ-14
    1.52844e+03    3.65565e+03    2.31163e+02    1.76568e+03    2.63708e+03
     Coulomb-14        LJ (SR)  Disper. corr.   Coulomb (SR)   Coul. recip.
    7.79856e+03    2.31359e+04   -1.81580e+03   -2.12059e+05    1.14492e+03
      Potential    Kinetic En.   Total Energy  Conserved En.    Temperature
   -1.71977e+05    2.89099e+04   -1.43067e+05   -1.41858e+05    2.96829e+02
 Pres. DC (bar) Pressure (bar)   Constr. rmsd
   -2.73804e+02   -5.97580e+02    3.02262e-06


DD  step 38499  vol min/aver 0.886  load imb.: force 18.8%
           Step           Time
          38500       77.00000

   Energies (kJ/mol)
           Bond          Angle    Proper Dih. Ryckaert-Bell.          LJ-14
    1.48844e+03    3.82128e+03    2.65299e+02    1.85109e+03    2.62660e+03
     Coulomb-14        LJ (SR)  Disper. corr.   Coulomb (SR)   Coul. recip.
    7.76943e+03    2.34895e+04   -1.82799e+03   -2.12053e+05    1.08753e+03
      Potential    Kinetic En.   Total Energy  Conserved En.    Temperature
   -1.71481e+05    2.96122e+04   -1.41869e+05   -1.41861e+05    3.04040e+02
 Pres. DC (bar) Pressure (bar)   Constr. rmsd
   -2.77491e+02   -9.61145e+01    2.88743e-06


DD  step 38999  vol min/aver 0.817  load imb.: force 46.9%
           Step           Time
          39000       78.00000

   Energies (kJ/mol)
           Bond          Angle    Proper Dih. Ryckaert-Bell.          LJ-14
    1.45800e+03    3.86479e+03    2.50490e+02    1.82216e+03    2.63196e+03
     Coulomb-14        LJ (SR)  Disper. corr.   Coulomb (SR)   Coul. recip.
    7.81697e+03    2.40244e+04   -1.82318e+03   -2.13682e+05    1.11431e+03
      Potential    Kinetic En.   Total Energy  Conserved En.    Temperature
   -1.72523e+05    2.91365e+04   -1.43386e+05   -1.41848e+05    2.99156e+02
 Pres. DC (bar) Pressure (bar)   Constr. rmsd
   -2.76033e+02    2.15336e+02    2.53068e-06


DD  load balancing is limited by minimum cell size in dimension Y
DD  step 39499  vol min/aver 0.874! load imb.: force 65.1%
           Step           Time
          39500       79.00000

   Energies (kJ/mol)
           Bond          Angle    Proper Dih. Ryckaert-Bell.          LJ-14
    1.50051e+03    3.86564e+03    2.64402e+02    1.81714e+03    2.70240e+03
     Coulomb-14        LJ (SR)  Disper. corr.   Coulomb (SR)   Coul. recip.
    7.73547e+03    2.36736e+04   -1.82494e+03   -2.12369e+05    1.16135e+03
      Potential    Kinetic En.   Total Energy  Conserved En.    Temperature
   -1.71473e+05    2.88501e+04   -1.42623e+05   -1.41832e+05    2.96216e+02
 Pres. DC (bar) Pressure (bar)   Constr. rmsd
   -2.76567e+02   -9.07805e+01    2.56163e-06


DD  step 39999  vol min/aver 0.814  load imb.: force 29.5%
           Step           Time
          40000       80.00000

   Energies (kJ/mol)
           Bond          Angle    Proper Dih. Ryckaert-Bell.          LJ-14
    1.39944e+03    3.83933e+03    2.39756e+02    1.85596e+03    2.69980e+03
     Coulomb-14        LJ (SR)  Disper. corr.   Coulomb (SR)   Coul. recip.
    7.74707e+03    2.46758e+04   -1.82307e+03   -2.13555e+05    1.10811e+03
      Potential    Kinetic En.   Total Energy  Conserved En.    Temperature
   -1.71813e+05    2.91577e+04   -1.42655e+05   -1.41835e+05    2.99373e+02
 Pres. DC (bar) Pressure (bar)   Constr. rmsd
   -2.76000e+02    7.35025e+02    2.58098e-06


DD  step 40499  vol min/aver 0.828  load imb.: force 17.1%
           Step           Time
          40500       81.00000

   Energies (kJ/mol)
           Bond          Angle    Proper Dih. Ryckaert-Bell.          LJ-14
    1.54999e+03    3.90200e+03    2.44584e+02    1.82835e+03    2.67585e+03
     Coulomb-14        LJ (SR)  Disper. corr.   Coulomb (SR)   Coul. recip.
    7.86290e+03    2.42998e+04   -1.82982e+03   -2.13733e+05    1.21221e+03
      Potential    Kinetic En.   Total Energy  Conserved En.    Temperature
   -1.71987e+05    2.95408e+04   -1.42447e+05   -1.41829e+05    3.03307e+02
 Pres. DC (bar) Pressure (bar)   Constr. rmsd
   -2.78045e+02    1.38742e+02    2.77017e-06


DD  step 40999  vol min/aver 0.847  load imb.: force 49.9%

step 41000 Turning off dynamic load balancing, because it is degrading performance.
Atom distribution over 10 domains: av 1121 stddev 29 min 1083 max 1158
           Step           Time
          41000       82.00000

   Energies (kJ/mol)
           Bond          Angle    Proper Dih. Ryckaert-Bell.          LJ-14
    1.41806e+03    3.69992e+03    2.76641e+02    1.79318e+03    2.75986e+03
     Coulomb-14        LJ (SR)  Disper. corr.   Coulomb (SR)   Coul. recip.
    7.81549e+03    2.34964e+04   -1.82512e+03   -2.12950e+05    1.17236e+03
      Potential    Kinetic En.   Total Energy  Conserved En.    Temperature
   -1.72343e+05    2.88416e+04   -1.43502e+05   -1.41835e+05    2.96128e+02
 Pres. DC (bar) Pressure (bar)   Constr. rmsd
   -2.76619e+02   -2.29370e+01    3.22220e-06


DD  step 41499 load imb.: force 17.1%
           Step           Time
          41500       83.00000

   Energies (kJ/mol)
           Bond          Angle    Proper Dih. Ryckaert-Bell.          LJ-14
    1.47561e+03    3.68847e+03    2.32520e+02    1.75290e+03    2.68600e+03
     Coulomb-14        LJ (SR)  Disper. corr.   Coulomb (SR)   Coul. recip.
    7.67541e+03    2.32050e+04   -1.82135e+03   -2.12234e+05    1.15969e+03
      Potential    Kinetic En.   Total Energy  Conserved En.    Temperature
   -1.72180e+05    2.89658e+04   -1.43214e+05   -1.41837e+05    2.97404e+02
 Pres. DC (bar) Pressure (bar)   Constr. rmsd
   -2.75479e+02   -6.20778e+02    2.47052e-06


DD  step 41999 load imb.: force 23.8%
           Step           Time
          42000       84.00000

   Energies (kJ/mol)
           Bond          Angle    Proper Dih. Ryckaert-Bell.          LJ-14
    1.52258e+03    3.64624e+03    2.62646e+02    1.76278e+03    2.67461e+03
     Coulomb-14        LJ (SR)  Disper. corr.   Coulomb (SR)   Coul. recip.
    7.81240e+03    2.41473e+04   -1.82129e+03   -2.13748e+05    1.11447e+03
      Potential    Kinetic En.   Total Energy  Conserved En.    Temperature
   -1.72626e+05    2.91483e+04   -1.43478e+05   -1.41840e+05    2.99278e+02
 Pres. DC (bar) Pressure (bar)   Constr. rmsd
   -2.75461e+02   -2.38382e+02    2.62080e-06


DD  step 42499 load imb.: force 21.3%
           Step           Time
          42500       85.00000

   Energies (kJ/mol)
           Bond          Angle    Proper Dih. Ryckaert-Bell.          LJ-14
    1.50327e+03    3.86297e+03    2.52197e+02    1.79990e+03    2.62724e+03
     Coulomb-14        LJ (SR)  Disper. corr.   Coulomb (SR)   Coul. recip.
    7.67293e+03    2.35875e+04   -1.82235e+03   -2.12431e+05    1.18309e+03
      Potential    Kinetic En.   Total Energy  Conserved En.    Temperature
   -1.71764e+05    2.90333e+04   -1.42731e+05   -1.41825e+05    2.98097e+02
 Pres. DC (bar) Pressure (bar)   Constr. rmsd
   -2.75781e+02   -2.56585e+02    2.54247e-06


DD  step 42999 load imb.: force  9.4%
           Step           Time
          43000       86.00000

   Energies (kJ/mol)
           Bond          Angle    Proper Dih. Ryckaert-Bell.          LJ-14
    1.52193e+03    3.86273e+03    2.50818e+02    1.80397e+03    2.69660e+03
     Coulomb-14        LJ (SR)  Disper. corr.   Coulomb (SR)   Coul. recip.
    7.87468e+03    2.40516e+04   -1.82125e+03   -2.13078e+05    1.14498e+03
      Potential    Kinetic En.   Total Energy  Conserved En.    Temperature
   -1.71692e+05    2.90348e+04   -1.42657e+05   -1.41820e+05    2.98112e+02
 Pres. DC (bar) Pressure (bar)   Constr. rmsd
   -2.75451e+02   -1.11181e+02    2.62759e-06


DD  step 43499 load imb.: force 15.3%
           Step           Time
          43500       87.00000

   Energies (kJ/mol)
           Bond          Angle    Proper Dih. Ryckaert-Bell.          LJ-14
    1.57640e+03    3.75209e+03    2.48958e+02    1.84651e+03    2.66829e+03
     Coulomb-14        LJ (SR)  Disper. corr.   Coulomb (SR)   Coul. recip.
    7.92959e+03    2.44002e+04   -1.82637e+03   -2.14057e+05    1.14766e+03
      Potential    Kinetic En.   Total Energy  Conserved En.    Temperature
   -1.72314e+05    2.90809e+04   -1.43233e+05   -1.41810e+05    2.98586e+02
 Pres. DC (bar) Pressure (bar)   Constr. rmsd
   -2.76998e+02    8.78199e+01    2.73021e-06


DD  step 43999 load imb.: force 72.2%
           Step           Time
          44000       88.00000

   Energies (kJ/mol)
           Bond          Angle    Proper Dih. Ryckaert-Bell.          LJ-14
    1.46658e+03    3.78592e+03    2.76508e+02    1.84189e+03    2.67897e+03
     Coulomb-14        LJ (SR)  Disper. corr.   Coulomb (SR)   Coul. recip.
    7.84091e+03    2.43216e+04   -1.81190e+03   -2.13244e+05    1.16335e+03
      Potential    Kinetic En.   Total Energy  Conserved En.    Temperature
   -1.71680e+05    2.93978e+04   -1.42282e+05   -1.41832e+05    3.01839e+02
 Pres. DC (bar) Pressure (bar)   Constr. rmsd
   -2.72631e+02    2.34883e+02    2.96744e-06


DD  step 44499 load imb.: force 31.5%
           Step           Time
          44500       89.00000

   Energies (kJ/mol)
           Bond          Angle    Proper Dih. Ryckaert-Bell.          LJ-14
    1.56624e+03    3.59005e+03    2.66807e+02    1.78871e+03    2.68921e+03
     Coulomb-14        LJ (SR)  Disper. corr.   Coulomb (SR)   Coul. recip.
    7.83869e+03    2.40551e+04   -1.82380e+03   -2.13234e+05    1.13433e+03
      Potential    Kinetic En.   Total Energy  Conserved En.    Temperature
   -1.72129e+05    2.91765e+04   -1.42952e+05   -1.41837e+05    2.99567e+02
 Pres. DC (bar) Pressure (bar)   Constr. rmsd
   -2.76220e+02   -3.37539e+02    2.96846e-06


DD  step 44999 load imb.: force 18.9%

step 45000 Will no longer try dynamic load balancing, as it degraded performance.
           Step           Time
          45000       90.00000

   Energies (kJ/mol)
           Bond          Angle    Proper Dih. Ryckaert-Bell.          LJ-14
    1.38024e+03    3.69999e+03    2.32875e+02    1.76674e+03    2.65804e+03
     Coulomb-14        LJ (SR)  Disper. corr.   Coulomb (SR)   Coul. recip.
    7.74433e+03    2.37642e+04   -1.81232e+03   -2.12513e+05    1.14486e+03
      Potential    Kinetic En.   Total Energy  Conserved En.    Temperature
   -1.71934e+05    2.90390e+04   -1.42895e+05   -1.41834e+05    2.98155e+02
 Pres. DC (bar) Pressure (bar)   Constr. rmsd
   -2.72758e+02    8.06017e+01    2.79736e-06


DD  step 45499 load imb.: force  8.5%
           Step           Time
          45500       91.00000

   Energies (kJ/mol)
           Bond          Angle    Proper Dih. Ryckaert-Bell.          LJ-14
    1.46380e+03    3.89955e+03    2.37460e+02    1.80315e+03    2.67166e+03
     Coulomb-14        LJ (SR)  Disper. corr.   Coulomb (SR)   Coul. recip.
    7.81139e+03    2.34432e+04   -1.81847e+03   -2.12474e+05    1.11617e+03
      Potential    Kinetic En.   Total Energy  Conserved En.    Temperature
   -1.71846e+05    2.93596e+04   -1.42487e+05   -1.41825e+05    3.01447e+02
 Pres. DC (bar) Pressure (bar)   Constr. rmsd
   -2.74610e+02   -1.28101e+02    2.34178e-06


DD  step 45999 load imb.: force 22.7%
           Step           Time
          46000       92.00000

   Energies (kJ/mol)
           Bond          Angle    Proper Dih. Ryckaert-Bell.          LJ-14
    1.50467e+03    3.70996e+03    2.92173e+02    1.78740e+03    2.61019e+03
     Coulomb-14        LJ (SR)  Disper. corr.   Coulomb (SR)   Coul. recip.
    7.74224e+03    2.36963e+04   -1.83071e+03   -2.12246e+05    1.11191e+03
      Potential    Kinetic En.   Total Energy  Conserved En.    Temperature
   -1.71622e+05    2.92479e+04   -1.42374e+05   -1.41824e+05    3.00299e+02
 Pres. DC (bar) Pressure (bar)   Constr. rmsd
   -2.78315e+02   -2.22803e+02    2.84239e-06


DD  step 46499 load imb.: force 52.6%
           Step           Time
          46500       93.00000

   Energies (kJ/mol)
           Bond          Angle    Proper Dih. Ryckaert-Bell.          LJ-14
    1.47593e+03    3.65713e+03    2.40392e+02    1.87377e+03    2.67609e+03
     Coulomb-14        LJ (SR)  Disper. corr.   Coulomb (SR)   Coul. recip.
    7.83458e+03    2.40399e+04   -1.82854e+03   -2.13221e+05    1.14864e+03
      Potential    Kinetic En.   Total Energy  Conserved En.    Temperature
   -1.72103e+05    2.90469e+04   -1.43056e+05   -1.41824e+05    2.98236e+02
 Pres. DC (bar) Pressure (bar)   Constr. rmsd
   -2.77656e+02    1.31214e+02    2.52318e-06


DD  step 46999 load imb.: force 18.0%
           Step           Time
          47000       94.00000

   Energies (kJ/mol)
           Bond          Angle    Proper Dih. Ryckaert-Bell.          LJ-14
    1.49413e+03    3.71282e+03    2.40499e+02    1.72205e+03    2.76186e+03
     Coulomb-14        LJ (SR)  Disper. corr.   Coulomb (SR)   Coul. recip.
    7.73968e+03    2.35714e+04   -1.82525e+03   -2.11949e+05    1.21182e+03
      Potential    Kinetic En.   Total Energy  Conserved En.    Temperature
   -1.71320e+05    2.93647e+04   -1.41955e+05   -1.41812e+05    3.01500e+02
 Pres. DC (bar) Pressure (bar)   Constr. rmsd
   -2.76659e+02    4.11641e+02    3.14486e-06


DD  step 47499 load imb.: force 17.8%
           Step           Time
          47500       95.00000

   Energies (kJ/mol)
           Bond          Angle    Proper Dih. Ryckaert-Bell.          LJ-14
    1.48233e+03    3.79554e+03    2.44983e+02    1.75888e+03    2.65140e+03
     Coulomb-14        LJ (SR)  Disper. corr.   Coulomb (SR)   Coul. recip.
    7.79481e+03    2.37000e+04   -1.81839e+03   -2.12506e+05    1.12371e+03
      Potential    Kinetic En.   Total Energy  Conserved En.    Temperature
   -1.71773e+05    2.94986e+04   -1.42274e+05   -1.41812e+05    3.02874e+02
 Pres. DC (bar) Pressure (bar)   Constr. rmsd
   -2.74587e+02   -2.44988e+02    2.77020e-06


DD  step 47999 load imb.: force 31.1%
           Step           Time
          48000       96.00000

   Energies (kJ/mol)
           Bond          Angle    Proper Dih. Ryckaert-Bell.          LJ-14
    1.50189e+03    3.86619e+03    2.28055e+02    1.89141e+03    2.73475e+03
     Coulomb-14        LJ (SR)  Disper. corr.   Coulomb (SR)   Coul. recip.
    7.84281e+03    2.49651e+04   -1.83189e+03   -2.15229e+05    1.11666e+03
      Potential    Kinetic En.   Total Energy  Conserved En.    Temperature
   -1.72914e+05    2.93621e+04   -1.43552e+05   -1.41795e+05    3.01472e+02
 Pres. DC (bar) Pressure (bar)   Constr. rmsd
   -2.78673e+02    2.11623e+02    2.65245e-06


DD  step 48499 load imb.: force 17.5%
           Step           Time
          48500       97.00000

   Energies (kJ/mol)
           Bond          Angle    Proper Dih. Ryckaert-Bell.          LJ-14
    1.44825e+03    3.77553e+03    2.37183e+02    1.79024e+03    2.66094e+03
     Coulomb-14        LJ (SR)  Disper. corr.   Coulomb (SR)   Coul. recip.
    7.85112e+03    2.39287e+04   -1.81911e+03   -2.12975e+05    1.17781e+03
      Potential    Kinetic En.   Total Energy  Conserved En.    Temperature
   -1.71925e+05    2.91999e+04   -1.42725e+05   -1.41800e+05    2.99807e+02
 Pres. DC (bar) Pressure (bar)   Constr. rmsd
   -2.74803e+02   -6.24364e+01    2.79063e-06


DD  step 48999 load imb.: force 21.6%
           Step           Time
          49000       98.00000

   Energies (kJ/mol)
           Bond          Angle    Proper Dih. Ryckaert-Bell.          LJ-14
    1.53314e+03    3.67147e+03    2.43579e+02    1.71569e+03    2.77245e+03
     Coulomb-14        LJ (SR)  Disper. corr.   Coulomb (SR)   Coul. recip.
    7.80127e+03    2.43642e+04   -1.83652e+03   -2.13083e+05    1.13968e+03
      Potential    Kinetic En.   Total Energy  Conserved En.    Temperature
   -1.71678e+05    2.92512e+04   -1.42427e+05   -1.41781e+05    3.00333e+02
 Pres. DC (bar) Pressure (bar)   Constr. rmsd
   -2.80082e+02    6.10089e+02    3.08069e-06


DD  step 49499 load imb.: force 22.7%
           Step           Time
          49500       99.00000

   Energies (kJ/mol)
           Bond          Angle    Proper Dih. Ryckaert-Bell.          LJ-14
    1.52874e+03    3.81273e+03    2.59301e+02    1.76752e+03    2.65342e+03
     Coulomb-14        LJ (SR)  Disper. corr.   Coulomb (SR)   Coul. recip.
    7.83735e+03    2.31869e+04   -1.81396e+03   -2.11965e+05    1.20742e+03
      Potential    Kinetic En.   Total Energy  Conserved En.    Temperature
   -1.71526e+05    2.94884e+04   -1.42038e+05   -1.41791e+05    3.02769e+02
 Pres. DC (bar) Pressure (bar)   Constr. rmsd
   -2.73252e+02   -3.99668e+02    2.61911e-06


DD  step 49999 load imb.: force 13.9%
           Step           Time
          50000      100.00000

Writing checkpoint, step 50000 at Thu Mar 17 10:55:02 2022


   Energies (kJ/mol)
           Bond          Angle    Proper Dih. Ryckaert-Bell.          LJ-14
    1.50704e+03    3.83546e+03    2.44988e+02    1.79411e+03    2.62301e+03
     Coulomb-14        LJ (SR)  Disper. corr.   Coulomb (SR)   Coul. recip.
    7.74029e+03    2.39170e+04   -1.83242e+03   -2.12465e+05    1.15221e+03
      Potential    Kinetic En.   Total Energy  Conserved En.    Temperature
   -1.71483e+05    2.89443e+04   -1.42539e+05   -1.41785e+05    2.97183e+02
 Pres. DC (bar) Pressure (bar)   Constr. rmsd
   -2.78836e+02   -3.14376e+01    2.81968e-06


Energy conservation over simulation part #1 of length 100 ns, time 0 to 100 ns
  Conserved energy drift: 2.17e-04 kJ/mol/ps per atom


	<======  ###############  ==>
	<====  A V E R A G E S  ====>
	<==  ###############  ======>

	Statistics over 50001 steps using 501 frames

   Energies (kJ/mol)
           Bond          Angle    Proper Dih. Ryckaert-Bell.          LJ-14
    1.47515e+03    3.76346e+03    2.51465e+02    1.82322e+03    2.67277e+03
     Coulomb-14        LJ (SR)  Disper. corr.   Coulomb (SR)   Coul. recip.
    7.81330e+03    2.39787e+04   -1.82408e+03   -2.13136e+05    1.13572e+03
      Potential    Kinetic En.   Total Energy  Conserved En.    Temperature
   -1.72047e+05    2.92424e+04   -1.42804e+05   -1.41961e+05    3.00244e+02
 Pres. DC (bar) Pressure (bar)   Constr. rmsd
   -2.76310e+02    9.56485e+00    0.00000e+00

          Box-X          Box-Y          Box-Z
    4.78038e+00    5.19421e+00    4.42014e+00

   Total Virial (kJ/mol)
    9.74177e+03   -6.58550e+00    5.34940e+01
   -6.64218e+00    9.71867e+03   -1.66552e+01
    5.33428e+01   -1.67626e+01    9.69296e+03

   Pressure (bar)
    7.38236e+00    3.20703e+00   -1.17523e+01
    3.22419e+00    8.85465e+00   -1.61028e+00
   -1.17066e+01   -1.57778e+00    1.24575e+01

      T-Protein  T-non-Protein
    3.00234e+02    3.00247e+02


	M E G A - F L O P S   A C C O U N T I N G

 NB=Group-cutoff nonbonded kernels    NxN=N-by-N cluster Verlet kernels
 RF=Reaction-Field  VdW=Van der Waals  QSTab=quadratic-spline table
 W3=SPC/TIP3p  W4=TIP4p (single or pairs)
 V&F=Potential and force  V=Potential only  F=Force only

 Computing:                               M-Number         M-Flops  % Flops
-----------------------------------------------------------------------------
 Pair Search distance check            4038.358522       36345.227     0.2
 NxN Ewald Elec. + LJ [F]            166338.447960    10978337.565    56.0
 NxN Ewald Elec. + LJ [V&F]            1683.585072      180143.603     0.9
 NxN Ewald Elec. [F]                 121076.444392     7385663.108    37.7
 NxN Ewald Elec. [V&F]                 1225.278816      102923.421     0.5
 1,4 nonbonded interactions             255.305106       22977.460     0.1
 Calc Weights                          1681.683633       60540.611     0.3
 Spread Q Bspline                     35875.917504       71751.835     0.4
 Gather F Bspline                     35875.917504      215255.505     1.1
 3D-FFT                               48311.666214      386493.330     2.0
 Solve PME                              288.005760       18432.369     0.1
 Reset In Box                            11.177367          33.532     0.0
 CG-CoM                                  11.222211          33.667     0.0
 Bonds                                   51.251025        3023.810     0.0
 Angles                                 177.353547       29795.396     0.2
 Propers                                 21.300426        4877.798     0.0
 RB-Dihedrals                           197.503950       48783.476     0.2
 Virial                                  58.316661        1049.700     0.0
 Stop-CM                                  5.616711          56.167     0.0
 Calc-Ekin                              112.132422        3027.575     0.0
 Lincs                                   47.950959        2877.058     0.0
 Lincs-Mat                              238.804776         955.219     0.0
 Constraint-V                           558.061161        5022.550     0.0
 Constraint-Vir                          51.020202        1224.485     0.0
 Settle                                 154.053081       56999.640     0.3
-----------------------------------------------------------------------------
 Total                                                19616624.105   100.0
-----------------------------------------------------------------------------


    D O M A I N   D E C O M P O S I T I O N   S T A T I S T I C S

 av. #atoms communicated per step for force:  2 x 24173.1


Dynamic load balancing report:
 DLB got disabled because it was unsuitable to use.
 Average load imbalance: 27.9%.
 The balanceable part of the MD step is 22%, load imbalance is computed from this.
 Part of the total run time spent waiting due to load imbalance: 6.1%.

NOTE: 6.1 % of the available CPU time was lost due to load imbalance
      in the domain decomposition.
      You can consider manually changing the decomposition (option -dd);
      e.g. by using fewer domains along the box dimension in which there is
      considerable inhomogeneity in the simulated system.

     R E A L   C Y C L E   A N D   T I M E   A C C O U N T I N G

On 10 MPI ranks

 Computing:          Num   Num      Call    Wall time         Giga-Cycles
                     Ranks Threads  Count      (s)         total sum    %
-----------------------------------------------------------------------------
 Domain decomp.        10    1       1000       2.176          0.522   0.6
 DD comm. load         10    1        790       0.055          0.013   0.0
 DD comm. bounds       10    1        577       0.136          0.033   0.0
 Neighbor search       10    1       1001       1.970          0.473   0.6
 Comm. coord.          10    1      49000      10.000          2.400   2.9
 Force                 10    1      50001      65.768         15.783  19.3
 Wait + Comm. F        10    1      50001       7.512          1.803   2.2
 PME mesh              10    1      50001     248.343         59.599  72.9
 NB X/F buffer ops.    10    1     148001       0.816          0.196   0.2
 Write traj.           10    1        101       0.054          0.013   0.0
 Update                10    1      50001       0.368          0.088   0.1
 Constraints           10    1      50001       1.240          0.298   0.4
 Comm. energies        10    1       5001       1.984          0.476   0.6
 Rest                                           0.474          0.114   0.1
-----------------------------------------------------------------------------
 Total                                        340.896         81.810 100.0
-----------------------------------------------------------------------------
 Breakdown of PME mesh computation
-----------------------------------------------------------------------------
 PME redist. X/F       10    1     100002     185.179         44.440  54.3
 PME spread            10    1      50001      17.707          4.249   5.2
 PME gather            10    1      50001       9.321          2.237   2.7
 PME 3D-FFT            10    1     100002       2.782          0.668   0.8
 PME 3D-FFT Comm.      10    1     200004      32.715          7.851   9.6
 PME solve Elec        10    1      50001       0.591          0.142   0.2
-----------------------------------------------------------------------------

               Core t (s)   Wall t (s)        (%)
       Time:     3408.744      340.896      999.9
                 (ns/day)    (hour/ns)
Performance:       25.345        0.947
Finished mdrun on rank 0 Thu Mar 17 10:55:03 2022

