                   :-) GROMACS - gmx mdrun, 2022-Homebrew (-:

Copyright 1991-2022 The GROMACS Authors.
GROMACS is free software; you can redistribute it and/or modify it
under the terms of the GNU Lesser General Public License
as published by the Free Software Foundation; either version 2.1
of the License, or (at your option) any later version.

                         Current GROMACS contributors:
       Mark Abraham           Andrey Alekseenko           Cathrine Bergh      
      Christian Blau            Eliane Briand               Kevin Boyd        
     Oliver Fleetwood         Stefan Fleischmann           Vytas Gapsys       
       Gaurav Garg           Gilles Gouaillardet            Alan Gray         
      Victor Holanda           M. Eric Irrgang              Joe Jordan        
    Christoph Junghans        Prashanth Kanduri           Sebastian Kehl      
     Sebastian Keller          Carsten Kutzner           Magnus Lundborg      
       Pascal Merz              Dmitry Morozov             Szilard Pall       
      Roland Schulz             Michael Shirts         David van der Spoel    
     Alessandra Villa      Sebastian Wingbermuehle        Artem Zhmurov       

                         Previous GROMACS contributors:
        Emile Apol             Rossen Apostolov           James Barnett       
  Herman J.C. Berendsen          Par Bjelkmar           Viacheslav Bolnykh    
    Aldert van Buuren          Carlo Camilloni           Rudi van Drunen      
      Anton Feenstra           Gerrit Groenhof            Bert de Groot       
      Anca Hamuraru           Vincent Hindriksen         Aleksei Iupinov      
   Dimitrios Karkoulis           Peter Kasson               Jiri Kraus        
       Per Larsson             Justin A. Lemkul           Viveca Lindahl      
      Erik Marklund           Pieter Meulenhoff           Vedran Miletic      
      Teemu Murtola              Sander Pronk            Alexey Shvetsov      
      Alfons Sijbers            Peter Tieleman             Jon Vincent        
     Teemu Virolainen         Christian Wennberg           Maarten Wolf       

                  Coordinated by the GROMACS project leaders:
                    Paul Bauer, Berk Hess, and Erik Lindahl

GROMACS:      gmx mdrun, version 2022-Homebrew
Executable:   /opt/homebrew/bin/../Cellar/gromacs/2022/bin/gmx
Data prefix:  /opt/homebrew/bin/../Cellar/gromacs/2022
Working dir:  /Users/juandegracia/Library/CloudStorage/OneDrive-KTH/0 - KTH/Tutorial GROMACS/GROMACS-in-your-laptop/example/Outputs
Process ID:   15118
Command line:
  gmx mdrun -v -deffnm nvt

GROMACS version:    2022-Homebrew
Precision:          mixed
Memory model:       64 bit
MPI library:        thread_mpi
OpenMP support:     enabled (GMX_OPENMP_MAX_THREADS = 128)
GPU support:        disabled
SIMD instructions:  ARM_NEON_ASIMD
CPU FFT library:    fftw-3.3.10
GPU FFT library:    none
TNG support:        enabled
Hwloc support:      disabled
Tracing support:    disabled
C compiler:         /opt/homebrew/opt/gcc/bin/gcc-11
C compiler flags:   -Wno-missing-field-initializers -fexcess-precision=fast -funroll-all-loops -O3 -DNDEBUG
C++ compiler:       /opt/homebrew/opt/gcc/bin/g++-11
C++ compiler flags: -Wno-missing-field-initializers -fexcess-precision=fast -funroll-all-loops -Weverything -Wno-c++98-compat -Wno-c++98-compat-pedantic -Wno-source-uses-openmp -Wno-c++17-extensions -Wno-documentation-unknown-command -Wno-covered-switch-default -Wno-switch-enum -Wno-extra-semi-stmt -Wno-weak-vtables -Wno-shadow -Wno-padded -Wno-reserved-id-macro -Wno-double-promotion -Wno-exit-time-destructors -Wno-global-constructors -Wno-documentation -Wno-format-nonliteral -Wno-used-but-marked-unused -Wno-float-equal -Wno-conditional-uninitialized -Wno-conversion -Wno-disabled-macro-expansion -Wno-unused-macros -fopenmp -O3 -DNDEBUG


Running on 1 node with total 0 processing units
Hardware detected:
  CPU info:
    Vendor: ARM
    Brand:  Unknown CPU brand
    Family: 0   Model: 0   Stepping: 0
    Features: neon neon_asimd
  Hardware topology: Only logical processor count
    CPU limit set by OS: -1   Recommended max number of threads: 10


++++ PLEASE READ AND CITE THE FOLLOWING REFERENCE ++++
M. J. Abraham, T. Murtola, R. Schulz, S. Páll, J. C. Smith, B. Hess, E.
Lindahl
GROMACS: High performance molecular simulations through multi-level
parallelism from laptops to supercomputers
SoftwareX 1 (2015) pp. 19-25
-------- -------- --- Thank You --- -------- --------


++++ PLEASE READ AND CITE THE FOLLOWING REFERENCE ++++
S. Páll, M. J. Abraham, C. Kutzner, B. Hess, E. Lindahl
Tackling Exascale Software Challenges in Molecular Dynamics Simulations with
GROMACS
In S. Markidis & E. Laure (Eds.), Solving Software Challenges for Exascale 8759 (2015) pp. 3-27
-------- -------- --- Thank You --- -------- --------


++++ PLEASE READ AND CITE THE FOLLOWING REFERENCE ++++
S. Pronk, S. Páll, R. Schulz, P. Larsson, P. Bjelkmar, R. Apostolov, M. R.
Shirts, J. C. Smith, P. M. Kasson, D. van der Spoel, B. Hess, and E. Lindahl
GROMACS 4.5: a high-throughput and highly parallel open source molecular
simulation toolkit
Bioinformatics 29 (2013) pp. 845-54
-------- -------- --- Thank You --- -------- --------


++++ PLEASE READ AND CITE THE FOLLOWING REFERENCE ++++
B. Hess and C. Kutzner and D. van der Spoel and E. Lindahl
GROMACS 4: Algorithms for highly efficient, load-balanced, and scalable
molecular simulation
J. Chem. Theory Comput. 4 (2008) pp. 435-447
-------- -------- --- Thank You --- -------- --------


++++ PLEASE READ AND CITE THE FOLLOWING REFERENCE ++++
D. van der Spoel, E. Lindahl, B. Hess, G. Groenhof, A. E. Mark and H. J. C.
Berendsen
GROMACS: Fast, Flexible and Free
J. Comp. Chem. 26 (2005) pp. 1701-1719
-------- -------- --- Thank You --- -------- --------


++++ PLEASE READ AND CITE THE FOLLOWING REFERENCE ++++
E. Lindahl and B. Hess and D. van der Spoel
GROMACS 3.0: A package for molecular simulation and trajectory analysis
J. Mol. Mod. 7 (2001) pp. 306-317
-------- -------- --- Thank You --- -------- --------


++++ PLEASE READ AND CITE THE FOLLOWING REFERENCE ++++
H. J. C. Berendsen, D. van der Spoel and R. van Drunen
GROMACS: A message-passing parallel molecular dynamics implementation
Comp. Phys. Comm. 91 (1995) pp. 43-56
-------- -------- --- Thank You --- -------- --------

Input Parameters:
   integrator                     = md
   tinit                          = 0
   dt                             = 0.002
   nsteps                         = 50000
   init-step                      = 0
   simulation-part                = 1
   mts                            = false
   comm-mode                      = Linear
   nstcomm                        = 100
   bd-fric                        = 0
   ld-seed                        = -142873025
   emtol                          = 10
   emstep                         = 0.01
   niter                          = 20
   fcstep                         = 0
   nstcgsteep                     = 1000
   nbfgscorr                      = 10
   rtpi                           = 0.05
   nstxout                        = 500
   nstvout                        = 500
   nstfout                        = 0
   nstlog                         = 500
   nstcalcenergy                  = 100
   nstenergy                      = 500
   nstxout-compressed             = 0
   compressed-x-precision         = 1000
   cutoff-scheme                  = Verlet
   nstlist                        = 10
   pbc                            = xyz
   periodic-molecules             = false
   verlet-buffer-tolerance        = 0.005
   rlist                          = 1
   coulombtype                    = PME
   coulomb-modifier               = Potential-shift
   rcoulomb-switch                = 0
   rcoulomb                       = 1
   epsilon-r                      = 1
   epsilon-rf                     = inf
   vdw-type                       = Cut-off
   vdw-modifier                   = Potential-shift
   rvdw-switch                    = 0
   rvdw                           = 1
   DispCorr                       = EnerPres
   table-extension                = 1
   fourierspacing                 = 0.16
   fourier-nx                     = 32
   fourier-ny                     = 36
   fourier-nz                     = 28
   pme-order                      = 4
   ewald-rtol                     = 1e-05
   ewald-rtol-lj                  = 0.001
   lj-pme-comb-rule               = Geometric
   ewald-geometry                 = 3d
   epsilon-surface                = 0
   tcoupl                         = V-rescale
   nsttcouple                     = 10
   nh-chain-length                = 0
   print-nose-hoover-chain-variables = false
   pcoupl                         = No
   pcoupltype                     = Isotropic
   nstpcouple                     = -1
   tau-p                          = 1
   compressibility (3x3):
      compressibility[    0]={ 0.00000e+00,  0.00000e+00,  0.00000e+00}
      compressibility[    1]={ 0.00000e+00,  0.00000e+00,  0.00000e+00}
      compressibility[    2]={ 0.00000e+00,  0.00000e+00,  0.00000e+00}
   ref-p (3x3):
      ref-p[    0]={ 0.00000e+00,  0.00000e+00,  0.00000e+00}
      ref-p[    1]={ 0.00000e+00,  0.00000e+00,  0.00000e+00}
      ref-p[    2]={ 0.00000e+00,  0.00000e+00,  0.00000e+00}
   refcoord-scaling               = No
   posres-com (3):
      posres-com[0]= 0.00000e+00
      posres-com[1]= 0.00000e+00
      posres-com[2]= 0.00000e+00
   posres-comB (3):
      posres-comB[0]= 0.00000e+00
      posres-comB[1]= 0.00000e+00
      posres-comB[2]= 0.00000e+00
   QMMM                           = false
qm-opts:
   ngQM                           = 0
   constraint-algorithm           = Lincs
   continuation                   = false
   Shake-SOR                      = false
   shake-tol                      = 0.0001
   lincs-order                    = 4
   lincs-iter                     = 1
   lincs-warnangle                = 30
   nwall                          = 0
   wall-type                      = 9-3
   wall-r-linpot                  = -1
   wall-atomtype[0]               = -1
   wall-atomtype[1]               = -1
   wall-density[0]                = 0
   wall-density[1]                = 0
   wall-ewald-zfac                = 3
   pull                           = false
   awh                            = false
   rotation                       = false
   interactiveMD                  = false
   disre                          = No
   disre-weighting                = Conservative
   disre-mixed                    = false
   dr-fc                          = 1000
   dr-tau                         = 0
   nstdisreout                    = 100
   orire-fc                       = 0
   orire-tau                      = 0
   nstorireout                    = 100
   free-energy                    = no
   cos-acceleration               = 0
   deform (3x3):
      deform[    0]={ 0.00000e+00,  0.00000e+00,  0.00000e+00}
      deform[    1]={ 0.00000e+00,  0.00000e+00,  0.00000e+00}
      deform[    2]={ 0.00000e+00,  0.00000e+00,  0.00000e+00}
   simulated-tempering            = false
   swapcoords                     = no
   userint1                       = 0
   userint2                       = 0
   userint3                       = 0
   userint4                       = 0
   userreal1                      = 0
   userreal2                      = 0
   userreal3                      = 0
   userreal4                      = 0
   applied-forces:
     electric-field:
       x:
         E0                       = 0
         omega                    = 0
         t0                       = 0
         sigma                    = 0
       y:
         E0                       = 0
         omega                    = 0
         t0                       = 0
         sigma                    = 0
       z:
         E0                       = 0
         omega                    = 0
         t0                       = 0
         sigma                    = 0
     density-guided-simulation:
       active                     = false
       group                      = protein
       similarity-measure         = inner-product
       atom-spreading-weight      = unity
       force-constant             = 1e+09
       gaussian-transform-spreading-width = 0.2
       gaussian-transform-spreading-range-in-multiples-of-width = 4
       reference-density-filename = reference.mrc
       nst                        = 1
       normalize-densities        = true
       adaptive-force-scaling     = false
       adaptive-force-scaling-time-constant = 4
       shift-vector               = 
       transformation-matrix      = 
     qmmm-cp2k:
       active                     = false
       qmgroup                    = System
       qmmethod                   = PBE
       qmfilenames                = 
       qmcharge                   = 0
       qmmultiplicity             = 1
grpopts:
   nrdf:     4920.37     18507.6
   ref-t:         300         300
   tau-t:         0.1         0.1
annealing:          No          No
annealing-npoints:           0           0
   acc:	           0           0           0
   nfreeze:           N           N           N
   energygrp-flags[  0]: 0

Changing nstlist from 10 to 50, rlist from 1 to 1.106


Initializing Domain Decomposition on 10 ranks
Dynamic load balancing: auto
Using update groups, nr 4090, average size 2.7 atoms, max. radius 0.103 nm
Minimum cell size due to atom displacement: 0.398 nm
Initial maximum distances in bonded interactions:
    two-body bonded interactions: 0.446 nm, LJ-14, atoms 1156 1405
  multi-body bonded interactions: 0.446 nm, Ryckaert-Bell., atoms 1156 1405
Minimum cell size due to bonded interactions: 0.491 nm
Scaling the initial minimum size with 1/0.8 (option -dds) = 1.25
Using 0 separate PME ranks because: there are too few total ranks for efficient splitting
Optimizing the DD grid for 10 cells with a minimum initial size of 0.613 nm
The maximum allowed number of cells is: X 7 Y 8 Z 7
Domain decomposition grid 2 x 5 x 1, separate PME ranks 0
PME domain decomposition: 2 x 5 x 1
Domain decomposition rank 0, coordinates 0 0 0

The initial number of communication pulses is: X 1 Y 2
The initial domain decomposition cell size is: X 2.41 nm Y 1.05 nm

The maximum allowed distance for atom groups involved in interactions is:
                 non-bonded interactions           1.313 nm
            two-body bonded interactions  (-rdd)   1.313 nm
          multi-body bonded interactions  (-rdd)   1.047 nm

When dynamic load balancing gets turned on, these settings will change to:
The maximum number of communication pulses is: X 1 Y 2
The minimum size for domain decomposition cells is 0.769 nm
The requested allowed shrink of DD cells (option -dds) is: 0.80
The allowed shrink of domain decomposition cells is: X 0.54 Y 0.73
The maximum allowed distance for atom groups involved in interactions is:
                 non-bonded interactions           1.313 nm
            two-body bonded interactions  (-rdd)   1.313 nm
          multi-body bonded interactions  (-rdd)   0.769 nm

Using 10 MPI threads
Using 1 OpenMP thread per tMPI thread

System total charge: -0.000
Will do PME sum in reciprocal space for electrostatic interactions.

++++ PLEASE READ AND CITE THE FOLLOWING REFERENCE ++++
U. Essmann, L. Perera, M. L. Berkowitz, T. Darden, H. Lee and L. G. Pedersen 
A smooth particle mesh Ewald method
J. Chem. Phys. 103 (1995) pp. 8577-8592
-------- -------- --- Thank You --- -------- --------

Using a Gaussian width (1/beta) of 0.320163 nm for Ewald
Potential shift: LJ r^-12: -1.000e+00 r^-6: -1.000e+00, Ewald -1.000e-05
Initialized non-bonded Coulomb Ewald tables, spacing: 9.33e-04 size: 1073

Generated table with 1053 data points for 1-4 COUL.
Tabscale = 500 points/nm
Generated table with 1053 data points for 1-4 LJ6.
Tabscale = 500 points/nm
Generated table with 1053 data points for 1-4 LJ12.
Tabscale = 500 points/nm
Long Range LJ corr.: <C6> 3.8070e-04


Using SIMD 4x4 nonbonded short-range kernels

Using a dual 4x4 pair-list setup updated with dynamic pruning:
  outer list: updated every 50 steps, buffer 0.106 nm, rlist 1.106 nm
  inner list: updated every 13 steps, buffer 0.002 nm, rlist 1.002 nm
At tolerance 0.005 kJ/mol/ps per atom, equivalent classical 1x1 list would be:
  outer list: updated every 50 steps, buffer 0.236 nm, rlist 1.236 nm
  inner list: updated every 13 steps, buffer 0.051 nm, rlist 1.051 nm

Using Geometric Lennard-Jones combination rule
Removing pbc first time

Linking all bonded interactions to atoms


Initializing LINear Constraint Solver

++++ PLEASE READ AND CITE THE FOLLOWING REFERENCE ++++
B. Hess and H. Bekker and H. J. C. Berendsen and J. G. E. M. Fraaije
LINCS: A Linear Constraint Solver for molecular simulations
J. Comp. Chem. 18 (1997) pp. 1463-1472
-------- -------- --- Thank You --- -------- --------

The number of constraints is 959

++++ PLEASE READ AND CITE THE FOLLOWING REFERENCE ++++
S. Miyamoto and P. A. Kollman
SETTLE: An Analytical Version of the SHAKE and RATTLE Algorithms for Rigid
Water Models
J. Comp. Chem. 13 (1992) pp. 952-962
-------- -------- --- Thank You --- -------- --------


Intra-simulation communication will occur every 10 steps.

++++ PLEASE READ AND CITE THE FOLLOWING REFERENCE ++++
G. Bussi, D. Donadio and M. Parrinello
Canonical sampling through velocity rescaling
J. Chem. Phys. 126 (2007) pp. 014101
-------- -------- --- Thank You --- -------- --------

There are: 11211 Atoms
Atom distribution over 10 domains: av 1121 stddev 44 min 1071 max 1183

Constraining the starting coordinates (step 0)

Constraining the coordinates at t0-dt (step 0)
Center of mass motion removal mode is Linear
We have the following groups for center of mass motion removal:
  0:  rest
RMS relative constraint deviation after constraining: 3.01e-06
Initial temperature: 301.982 K

Started mdrun on rank 0 Thu Mar 17 10:41:10 2022

           Step           Time
              0        0.00000

   Energies (kJ/mol)
           Bond          Angle    Proper Dih. Ryckaert-Bell.          LJ-14
    1.86028e+02    9.70950e+02    8.49025e+01    1.64147e+03    2.70195e+03
     Coulomb-14        LJ (SR)  Disper. corr.   Coulomb (SR)   Coul. recip.
    7.78611e+03    2.04125e+04   -1.78272e+03   -2.11834e+05    2.27709e+03
      Potential    Kinetic En.   Total Energy  Conserved En.    Temperature
   -1.77556e+05    2.94470e+04   -1.48109e+05   -1.48109e+05    3.02344e+02
 Pres. DC (bar) Pressure (bar)   Constr. rmsd
   -2.63932e+02   -1.78126e+03    2.97942e-06


DD  step 49 load imb.: force 20.1%

step 100 Turning on dynamic load balancing, because the performance loss due to load imbalance is 3.5 %.

DD  step 499  vol min/aver 0.780  load imb.: force 66.6%
           Step           Time
            500        1.00000

   Energies (kJ/mol)
           Bond          Angle    Proper Dih. Ryckaert-Bell.          LJ-14
    1.38205e+03    3.55361e+03    2.76349e+02    1.95947e+03    2.61522e+03
     Coulomb-14        LJ (SR)  Disper. corr.   Coulomb (SR)   Coul. recip.
    7.85212e+03    2.32560e+04   -1.78272e+03   -2.09350e+05    1.23903e+03
      Potential    Kinetic En.   Total Energy  Conserved En.    Temperature
   -1.68999e+05    2.94932e+04   -1.39505e+05   -1.47695e+05    3.02818e+02
 Pres. DC (bar) Pressure (bar)   Constr. rmsd
   -2.63932e+02   -6.45190e+02    2.45015e-06


DD  step 999  vol min/aver 0.804  load imb.: force 49.5%
           Step           Time
           1000        2.00000

   Energies (kJ/mol)
           Bond          Angle    Proper Dih. Ryckaert-Bell.          LJ-14
    1.44690e+03    3.74904e+03    2.36845e+02    1.89991e+03    2.62524e+03
     Coulomb-14        LJ (SR)  Disper. corr.   Coulomb (SR)   Coul. recip.
    7.82985e+03    2.36838e+04   -1.78272e+03   -2.10625e+05    1.16035e+03
      Potential    Kinetic En.   Total Energy  Conserved En.    Temperature
   -1.69776e+05    2.95823e+04   -1.40194e+05   -1.47668e+05    3.03733e+02
 Pres. DC (bar) Pressure (bar)   Constr. rmsd
   -2.63932e+02   -6.96116e+02    2.41678e-06


DD  step 1499  vol min/aver 0.879  load imb.: force 32.3%
           Step           Time
           1500        3.00000

   Energies (kJ/mol)
           Bond          Angle    Proper Dih. Ryckaert-Bell.          LJ-14
    1.58844e+03    3.70186e+03    2.35902e+02    1.93098e+03    2.57592e+03
     Coulomb-14        LJ (SR)  Disper. corr.   Coulomb (SR)   Coul. recip.
    7.69410e+03    2.33828e+04   -1.78272e+03   -2.09951e+05    1.19623e+03
      Potential    Kinetic En.   Total Energy  Conserved En.    Temperature
   -1.69428e+05    2.89664e+04   -1.40461e+05   -1.47664e+05    2.97410e+02
 Pres. DC (bar) Pressure (bar)   Constr. rmsd
   -2.63932e+02   -9.27390e+02    2.49421e-06


DD  step 1999  vol min/aver 0.821  load imb.: force 18.4%
           Step           Time
           2000        4.00000

   Energies (kJ/mol)
           Bond          Angle    Proper Dih. Ryckaert-Bell.          LJ-14
    1.49938e+03    3.59330e+03    2.55483e+02    1.90080e+03    2.63027e+03
     Coulomb-14        LJ (SR)  Disper. corr.   Coulomb (SR)   Coul. recip.
    7.65437e+03    2.32598e+04   -1.78272e+03   -2.10720e+05    1.17093e+03
      Potential    Kinetic En.   Total Energy  Conserved En.    Temperature
   -1.70539e+05    2.89555e+04   -1.41583e+05   -1.47661e+05    2.97298e+02
 Pres. DC (bar) Pressure (bar)   Constr. rmsd
   -2.63932e+02   -5.00259e+02    2.96849e-06


DD  step 2499  vol min/aver 0.841  load imb.: force 45.5%
           Step           Time
           2500        5.00000

   Energies (kJ/mol)
           Bond          Angle    Proper Dih. Ryckaert-Bell.          LJ-14
    1.44802e+03    3.81606e+03    2.58378e+02    1.93098e+03    2.80536e+03
     Coulomb-14        LJ (SR)  Disper. corr.   Coulomb (SR)   Coul. recip.
    7.78893e+03    2.36776e+04   -1.78272e+03   -2.11660e+05    1.21127e+03
      Potential    Kinetic En.   Total Energy  Conserved En.    Temperature
   -1.70506e+05    2.94357e+04   -1.41070e+05   -1.47662e+05    3.02228e+02
 Pres. DC (bar) Pressure (bar)   Constr. rmsd
   -2.63932e+02    1.21730e+02    2.65803e-06


DD  load balancing is limited by minimum cell size in dimension Y
DD  step 2999  vol min/aver 0.823! load imb.: force 41.4%
           Step           Time
           3000        6.00000

   Energies (kJ/mol)
           Bond          Angle    Proper Dih. Ryckaert-Bell.          LJ-14
    1.33582e+03    3.80939e+03    2.78012e+02    1.99329e+03    2.66429e+03
     Coulomb-14        LJ (SR)  Disper. corr.   Coulomb (SR)   Coul. recip.
    7.77295e+03    2.29671e+04   -1.78272e+03   -2.11393e+05    1.10535e+03
      Potential    Kinetic En.   Total Energy  Conserved En.    Temperature
   -1.71249e+05    2.88362e+04   -1.42413e+05   -1.47658e+05    2.96073e+02
 Pres. DC (bar) Pressure (bar)   Constr. rmsd
   -2.63932e+02   -5.81150e+02    2.67226e-06


DD  load balancing is limited by minimum cell size in dimension Y
DD  step 3499  vol min/aver 0.798! load imb.: force 36.6%
           Step           Time
           3500        7.00000

   Energies (kJ/mol)
           Bond          Angle    Proper Dih. Ryckaert-Bell.          LJ-14
    1.41217e+03    3.65090e+03    2.53651e+02    1.95748e+03    2.70634e+03
     Coulomb-14        LJ (SR)  Disper. corr.   Coulomb (SR)   Coul. recip.
    7.76573e+03    2.36134e+04   -1.78272e+03   -2.11400e+05    1.15104e+03
      Potential    Kinetic En.   Total Energy  Conserved En.    Temperature
   -1.70672e+05    2.87360e+04   -1.41936e+05   -1.47658e+05    2.95045e+02
 Pres. DC (bar) Pressure (bar)   Constr. rmsd
   -2.63932e+02   -2.82903e+02    2.71907e-06


DD  step 3999  vol min/aver 0.900  load imb.: force 52.3%
           Step           Time
           4000        8.00000

   Energies (kJ/mol)
           Bond          Angle    Proper Dih. Ryckaert-Bell.          LJ-14
    1.55555e+03    3.54114e+03    2.58500e+02    1.92129e+03    2.61820e+03
     Coulomb-14        LJ (SR)  Disper. corr.   Coulomb (SR)   Coul. recip.
    7.77225e+03    2.41385e+04   -1.78272e+03   -2.12380e+05    1.22560e+03
      Potential    Kinetic En.   Total Energy  Conserved En.    Temperature
   -1.71132e+05    2.88980e+04   -1.42234e+05   -1.47646e+05    2.96707e+02
 Pres. DC (bar) Pressure (bar)   Constr. rmsd
   -2.63932e+02   -4.53544e+02    2.31383e-06


DD  step 4499  vol min/aver 0.904  load imb.: force 26.3%
           Step           Time
           4500        9.00000

   Energies (kJ/mol)
           Bond          Angle    Proper Dih. Ryckaert-Bell.          LJ-14
    1.47067e+03    3.67543e+03    2.84996e+02    1.85076e+03    2.70591e+03
     Coulomb-14        LJ (SR)  Disper. corr.   Coulomb (SR)   Coul. recip.
    7.82031e+03    2.36666e+04   -1.78272e+03   -2.11942e+05    1.21211e+03
      Potential    Kinetic En.   Total Energy  Conserved En.    Temperature
   -1.71038e+05    2.89084e+04   -1.42130e+05   -1.47640e+05    2.96814e+02
 Pres. DC (bar) Pressure (bar)   Constr. rmsd
   -2.63932e+02   -4.72339e+02    2.55222e-06


DD  step 4999  vol min/aver 0.842  load imb.: force 21.7%
           Step           Time
           5000       10.00000

   Energies (kJ/mol)
           Bond          Angle    Proper Dih. Ryckaert-Bell.          LJ-14
    1.41251e+03    3.83203e+03    2.59604e+02    1.89342e+03    2.67816e+03
     Coulomb-14        LJ (SR)  Disper. corr.   Coulomb (SR)   Coul. recip.
    7.77290e+03    2.32414e+04   -1.78272e+03   -2.11649e+05    1.19278e+03
      Potential    Kinetic En.   Total Energy  Conserved En.    Temperature
   -1.71149e+05    2.90392e+04   -1.42109e+05   -1.47637e+05    2.98158e+02
 Pres. DC (bar) Pressure (bar)   Constr. rmsd
   -2.63932e+02   -4.15829e+02    2.64531e-06


DD  step 5499  vol min/aver 0.739  load imb.: force 30.2%
           Step           Time
           5500       11.00000

   Energies (kJ/mol)
           Bond          Angle    Proper Dih. Ryckaert-Bell.          LJ-14
    1.49648e+03    3.72062e+03    2.46575e+02    1.93844e+03    2.68271e+03
     Coulomb-14        LJ (SR)  Disper. corr.   Coulomb (SR)   Coul. recip.
    7.73363e+03    2.31708e+04   -1.78272e+03   -2.10804e+05    1.18030e+03
      Potential    Kinetic En.   Total Energy  Conserved En.    Temperature
   -1.70418e+05    2.93187e+04   -1.41099e+05   -1.47643e+05    3.01027e+02
 Pres. DC (bar) Pressure (bar)   Constr. rmsd
   -2.63932e+02   -3.91183e+02    2.55622e-06


DD  step 5999  vol min/aver 0.812  load imb.: force 18.0%
           Step           Time
           6000       12.00000

   Energies (kJ/mol)
           Bond          Angle    Proper Dih. Ryckaert-Bell.          LJ-14
    1.48859e+03    3.58092e+03    2.50135e+02    1.91443e+03    2.70979e+03
     Coulomb-14        LJ (SR)  Disper. corr.   Coulomb (SR)   Coul. recip.
    7.89739e+03    2.27093e+04   -1.78272e+03   -2.10981e+05    1.14881e+03
      Potential    Kinetic En.   Total Energy  Conserved En.    Temperature
   -1.71064e+05    2.86554e+04   -1.42409e+05   -1.47638e+05    2.94216e+02
 Pres. DC (bar) Pressure (bar)   Constr. rmsd
   -2.63932e+02   -9.16040e+02    2.52250e-06


DD  step 6499  vol min/aver 0.844  load imb.: force 26.7%
           Step           Time
           6500       13.00000

   Energies (kJ/mol)
           Bond          Angle    Proper Dih. Ryckaert-Bell.          LJ-14
    1.46817e+03    3.76864e+03    3.02269e+02    1.89497e+03    2.66228e+03
     Coulomb-14        LJ (SR)  Disper. corr.   Coulomb (SR)   Coul. recip.
    7.76490e+03    2.36907e+04   -1.78272e+03   -2.12506e+05    1.15121e+03
      Potential    Kinetic En.   Total Energy  Conserved En.    Temperature
   -1.71586e+05    2.92724e+04   -1.42313e+05   -1.47643e+05    3.00552e+02
 Pres. DC (bar) Pressure (bar)   Constr. rmsd
   -2.63932e+02   -5.17757e+02    2.51067e-06


DD  step 6999  vol min/aver 0.900  load imb.: force 23.4%
           Step           Time
           7000       14.00000

   Energies (kJ/mol)
           Bond          Angle    Proper Dih. Ryckaert-Bell.          LJ-14
    1.43517e+03    3.60675e+03    2.63343e+02    1.88552e+03    2.67580e+03
     Coulomb-14        LJ (SR)  Disper. corr.   Coulomb (SR)   Coul. recip.
    7.75018e+03    2.40587e+04   -1.78272e+03   -2.12907e+05    1.13096e+03
      Potential    Kinetic En.   Total Energy  Conserved En.    Temperature
   -1.71884e+05    2.90673e+04   -1.42816e+05   -1.47642e+05    2.98446e+02
 Pres. DC (bar) Pressure (bar)   Constr. rmsd
   -2.63932e+02   -2.30432e+02    2.51345e-06


DD  load balancing is limited by minimum cell size in dimension Y
DD  step 7499  vol min/aver 0.827! load imb.: force 18.2%
           Step           Time
           7500       15.00000

   Energies (kJ/mol)
           Bond          Angle    Proper Dih. Ryckaert-Bell.          LJ-14
    1.40168e+03    3.70127e+03    2.65850e+02    1.89652e+03    2.68048e+03
     Coulomb-14        LJ (SR)  Disper. corr.   Coulomb (SR)   Coul. recip.
    7.77562e+03    2.41062e+04   -1.78272e+03   -2.12582e+05    1.16716e+03
      Potential    Kinetic En.   Total Energy  Conserved En.    Temperature
   -1.71370e+05    2.87265e+04   -1.42644e+05   -1.47645e+05    2.94946e+02
 Pres. DC (bar) Pressure (bar)   Constr. rmsd
   -2.63932e+02    2.79322e+01    2.50423e-06


DD  step 7999  vol min/aver 0.835  load imb.: force 22.6%
           Step           Time
           8000       16.00000

   Energies (kJ/mol)
           Bond          Angle    Proper Dih. Ryckaert-Bell.          LJ-14
    1.60611e+03    3.85966e+03    2.61226e+02    1.83691e+03    2.64256e+03
     Coulomb-14        LJ (SR)  Disper. corr.   Coulomb (SR)   Coul. recip.
    7.70528e+03    2.34377e+04   -1.78272e+03   -2.11810e+05    1.11378e+03
      Potential    Kinetic En.   Total Energy  Conserved En.    Temperature
   -1.71130e+05    2.92948e+04   -1.41835e+05   -1.47624e+05    3.00781e+02
 Pres. DC (bar) Pressure (bar)   Constr. rmsd
   -2.63932e+02   -9.13780e+02    2.51272e-06


DD  load balancing is limited by minimum cell size in dimension Y
DD  step 8499  vol min/aver 0.862! load imb.: force 28.8%
           Step           Time
           8500       17.00000

   Energies (kJ/mol)
           Bond          Angle    Proper Dih. Ryckaert-Bell.          LJ-14
    1.47543e+03    3.92401e+03    2.39604e+02    1.87420e+03    2.66513e+03
     Coulomb-14        LJ (SR)  Disper. corr.   Coulomb (SR)   Coul. recip.
    7.66741e+03    2.29692e+04   -1.78272e+03   -2.11031e+05    1.15206e+03
      Potential    Kinetic En.   Total Energy  Conserved En.    Temperature
   -1.70847e+05    2.89768e+04   -1.41870e+05   -1.47625e+05    2.97516e+02
 Pres. DC (bar) Pressure (bar)   Constr. rmsd
   -2.63932e+02   -7.54124e+02    2.79339e-06


DD  load balancing is limited by minimum cell size in dimension Y
DD  step 8999  vol min/aver 0.897! load imb.: force 25.6%
           Step           Time
           9000       18.00000

   Energies (kJ/mol)
           Bond          Angle    Proper Dih. Ryckaert-Bell.          LJ-14
    1.51418e+03    3.73386e+03    2.56277e+02    1.82304e+03    2.63200e+03
     Coulomb-14        LJ (SR)  Disper. corr.   Coulomb (SR)   Coul. recip.
    7.82553e+03    2.37098e+04   -1.78272e+03   -2.12300e+05    1.14823e+03
      Potential    Kinetic En.   Total Energy  Conserved En.    Temperature
   -1.71440e+05    2.90792e+04   -1.42361e+05   -1.47628e+05    2.98568e+02
 Pres. DC (bar) Pressure (bar)   Constr. rmsd
   -2.63932e+02   -5.56289e+02    2.69245e-06


DD  step 9499  vol min/aver 0.859  load imb.: force 39.3%
           Step           Time
           9500       19.00000

   Energies (kJ/mol)
           Bond          Angle    Proper Dih. Ryckaert-Bell.          LJ-14
    1.53144e+03    3.89615e+03    2.69513e+02    1.94657e+03    2.73761e+03
     Coulomb-14        LJ (SR)  Disper. corr.   Coulomb (SR)   Coul. recip.
    7.81233e+03    2.43436e+04   -1.78272e+03   -2.12989e+05    1.19002e+03
      Potential    Kinetic En.   Total Energy  Conserved En.    Temperature
   -1.71044e+05    2.96064e+04   -1.41438e+05   -1.47601e+05    3.03981e+02
 Pres. DC (bar) Pressure (bar)   Constr. rmsd
   -2.63932e+02   -1.25969e+02    2.42219e-06


DD  load balancing is limited by minimum cell size in dimension Y
DD  step 9999  vol min/aver 0.760! load imb.: force 68.9%
           Step           Time
          10000       20.00000

   Energies (kJ/mol)
           Bond          Angle    Proper Dih. Ryckaert-Bell.          LJ-14
    1.58725e+03    3.51721e+03    2.81797e+02    1.88494e+03    2.69055e+03
     Coulomb-14        LJ (SR)  Disper. corr.   Coulomb (SR)   Coul. recip.
    7.75210e+03    2.34844e+04   -1.78272e+03   -2.11036e+05    1.14201e+03
      Potential    Kinetic En.   Total Energy  Conserved En.    Temperature
   -1.70478e+05    2.88002e+04   -1.41678e+05   -1.47607e+05    2.95703e+02
 Pres. DC (bar) Pressure (bar)   Constr. rmsd
   -2.63932e+02   -6.19490e+02    2.65308e-06


DD  step 10499  vol min/aver 0.859  load imb.: force 23.8%
           Step           Time
          10500       21.00000

   Energies (kJ/mol)
           Bond          Angle    Proper Dih. Ryckaert-Bell.          LJ-14
    1.45282e+03    3.73353e+03    2.49569e+02    1.92291e+03    2.62520e+03
     Coulomb-14        LJ (SR)  Disper. corr.   Coulomb (SR)   Coul. recip.
    7.82877e+03    2.31748e+04   -1.78272e+03   -2.11682e+05    1.20490e+03
      Potential    Kinetic En.   Total Energy  Conserved En.    Temperature
   -1.71272e+05    2.91950e+04   -1.42077e+05   -1.47620e+05    2.99757e+02
 Pres. DC (bar) Pressure (bar)   Constr. rmsd
   -2.63932e+02   -8.65349e+02    2.86996e-06


DD  step 10999  vol min/aver 0.920  load imb.: force 18.8%
           Step           Time
          11000       22.00000

   Energies (kJ/mol)
           Bond          Angle    Proper Dih. Ryckaert-Bell.          LJ-14
    1.46362e+03    3.81443e+03    2.47383e+02    1.92875e+03    2.57304e+03
     Coulomb-14        LJ (SR)  Disper. corr.   Coulomb (SR)   Coul. recip.
    7.70112e+03    2.33908e+04   -1.78272e+03   -2.11562e+05    1.14235e+03
      Potential    Kinetic En.   Total Energy  Conserved En.    Temperature
   -1.71084e+05    2.91932e+04   -1.41890e+05   -1.47618e+05    2.99738e+02
 Pres. DC (bar) Pressure (bar)   Constr. rmsd
   -2.63932e+02   -6.80470e+02    2.73100e-06


DD  load balancing is limited by minimum cell size in dimension Y
DD  step 11499  vol min/aver 0.847! load imb.: force 19.3%
           Step           Time
          11500       23.00000

   Energies (kJ/mol)
           Bond          Angle    Proper Dih. Ryckaert-Bell.          LJ-14
    1.44435e+03    3.71950e+03    2.29166e+02    1.92029e+03    2.65263e+03
     Coulomb-14        LJ (SR)  Disper. corr.   Coulomb (SR)   Coul. recip.
    7.80790e+03    2.33281e+04   -1.78272e+03   -2.12087e+05    1.10585e+03
      Potential    Kinetic En.   Total Energy  Conserved En.    Temperature
   -1.71662e+05    2.91150e+04   -1.42547e+05   -1.47618e+05    2.98935e+02
 Pres. DC (bar) Pressure (bar)   Constr. rmsd
   -2.63932e+02   -7.85033e+02    3.06879e-06


DD  step 11999  vol min/aver 0.883  load imb.: force 29.0%
           Step           Time
          12000       24.00000

   Energies (kJ/mol)
           Bond          Angle    Proper Dih. Ryckaert-Bell.          LJ-14
    1.46790e+03    3.77310e+03    2.17633e+02    1.89633e+03    2.64415e+03
     Coulomb-14        LJ (SR)  Disper. corr.   Coulomb (SR)   Coul. recip.
    7.83556e+03    2.34765e+04   -1.78272e+03   -2.12401e+05    1.12032e+03
      Potential    Kinetic En.   Total Energy  Conserved En.    Temperature
   -1.71752e+05    2.94490e+04   -1.42303e+05   -1.47612e+05    3.02364e+02
 Pres. DC (bar) Pressure (bar)   Constr. rmsd
   -2.63932e+02   -3.04227e+02    2.76308e-06


DD  step 12499  vol min/aver 0.892  load imb.: force 37.3%
           Step           Time
          12500       25.00000

   Energies (kJ/mol)
           Bond          Angle    Proper Dih. Ryckaert-Bell.          LJ-14
    1.54341e+03    3.59899e+03    2.59718e+02    1.80733e+03    2.61264e+03
     Coulomb-14        LJ (SR)  Disper. corr.   Coulomb (SR)   Coul. recip.
    7.72064e+03    2.30283e+04   -1.78272e+03   -2.11154e+05    1.14433e+03
      Potential    Kinetic En.   Total Energy  Conserved En.    Temperature
   -1.71221e+05    2.89641e+04   -1.42257e+05   -1.47611e+05    2.97386e+02
 Pres. DC (bar) Pressure (bar)   Constr. rmsd
   -2.63932e+02   -1.00829e+03    2.42299e-06


DD  load balancing is limited by minimum cell size in dimension Y
DD  step 12999  vol min/aver 0.781! load imb.: force 82.7%
           Step           Time
          13000       26.00000

   Energies (kJ/mol)
           Bond          Angle    Proper Dih. Ryckaert-Bell.          LJ-14
    1.36883e+03    3.74842e+03    2.48002e+02    1.78601e+03    2.69897e+03
     Coulomb-14        LJ (SR)  Disper. corr.   Coulomb (SR)   Coul. recip.
    7.87479e+03    2.30198e+04   -1.78272e+03   -2.11980e+05    1.20005e+03
      Potential    Kinetic En.   Total Energy  Conserved En.    Temperature
   -1.71818e+05    2.88076e+04   -1.43010e+05   -1.47618e+05    2.95779e+02
 Pres. DC (bar) Pressure (bar)   Constr. rmsd
   -2.63932e+02   -4.00008e+02    2.63926e-06


DD  step 13499  vol min/aver 0.792  load imb.: force 23.4%
           Step           Time
          13500       27.00000

   Energies (kJ/mol)
           Bond          Angle    Proper Dih. Ryckaert-Bell.          LJ-14
    1.45223e+03    3.69447e+03    2.61879e+02    1.79754e+03    2.61780e+03
     Coulomb-14        LJ (SR)  Disper. corr.   Coulomb (SR)   Coul. recip.
    7.77834e+03    2.30534e+04   -1.78272e+03   -2.11496e+05    1.16506e+03
      Potential    Kinetic En.   Total Energy  Conserved En.    Temperature
   -1.71458e+05    2.90284e+04   -1.42430e+05   -1.47611e+05    2.98046e+02
 Pres. DC (bar) Pressure (bar)   Constr. rmsd
   -2.63932e+02   -9.55482e+02    2.85939e-06


DD  load balancing is limited by minimum cell size in dimension Y
DD  step 13999  vol min/aver 0.763! load imb.: force 57.4%
           Step           Time
          14000       28.00000

   Energies (kJ/mol)
           Bond          Angle    Proper Dih. Ryckaert-Bell.          LJ-14
    1.50409e+03    3.64721e+03    2.73257e+02    1.83397e+03    2.67134e+03
     Coulomb-14        LJ (SR)  Disper. corr.   Coulomb (SR)   Coul. recip.
    7.73435e+03    2.36769e+04   -1.78272e+03   -2.12278e+05    1.15378e+03
      Potential    Kinetic En.   Total Energy  Conserved En.    Temperature
   -1.71565e+05    2.88231e+04   -1.42742e+05   -1.47603e+05    2.95938e+02
 Pres. DC (bar) Pressure (bar)   Constr. rmsd
   -2.63932e+02   -7.11487e+02    2.48603e-06


DD  step 14499  vol min/aver 0.908  load imb.: force 48.2%
           Step           Time
          14500       29.00000

   Energies (kJ/mol)
           Bond          Angle    Proper Dih. Ryckaert-Bell.          LJ-14
    1.34929e+03    3.83369e+03    3.01224e+02    1.87865e+03    2.67973e+03
     Coulomb-14        LJ (SR)  Disper. corr.   Coulomb (SR)   Coul. recip.
    7.74051e+03    2.44102e+04   -1.78272e+03   -2.13572e+05    1.10108e+03
      Potential    Kinetic En.   Total Energy  Conserved En.    Temperature
   -1.72061e+05    2.95359e+04   -1.42525e+05   -1.47610e+05    3.03257e+02
 Pres. DC (bar) Pressure (bar)   Constr. rmsd
   -2.63932e+02   -2.02792e+02    2.92715e-06


DD  step 14999  vol min/aver 0.830  load imb.: force 32.4%
           Step           Time
          15000       30.00000

   Energies (kJ/mol)
           Bond          Angle    Proper Dih. Ryckaert-Bell.          LJ-14
    1.51632e+03    3.83253e+03    2.32441e+02    1.76463e+03    2.74227e+03
     Coulomb-14        LJ (SR)  Disper. corr.   Coulomb (SR)   Coul. recip.
    7.88414e+03    2.38864e+04   -1.78272e+03   -2.12836e+05    1.09136e+03
      Potential    Kinetic En.   Total Energy  Conserved En.    Temperature
   -1.71668e+05    2.96672e+04   -1.42001e+05   -1.47589e+05    3.04605e+02
 Pres. DC (bar) Pressure (bar)   Constr. rmsd
   -2.63932e+02   -2.74595e+02    2.67941e-06


DD  step 15499  vol min/aver 0.874  load imb.: force 15.1%
           Step           Time
          15500       31.00000

   Energies (kJ/mol)
           Bond          Angle    Proper Dih. Ryckaert-Bell.          LJ-14
    1.49266e+03    3.75544e+03    2.47595e+02    1.75939e+03    2.60246e+03
     Coulomb-14        LJ (SR)  Disper. corr.   Coulomb (SR)   Coul. recip.
    7.77537e+03    2.38547e+04   -1.78272e+03   -2.11593e+05    1.20034e+03
      Potential    Kinetic En.   Total Energy  Conserved En.    Temperature
   -1.70688e+05    2.92513e+04   -1.41437e+05   -1.47600e+05    3.00335e+02
 Pres. DC (bar) Pressure (bar)   Constr. rmsd
   -2.63932e+02   -2.40319e+02    2.82565e-06


DD  step 15999  vol min/aver 0.850  load imb.: force 48.2%
           Step           Time
          16000       32.00000

   Energies (kJ/mol)
           Bond          Angle    Proper Dih. Ryckaert-Bell.          LJ-14
    1.40282e+03    3.88181e+03    2.33515e+02    1.89953e+03    2.64815e+03
     Coulomb-14        LJ (SR)  Disper. corr.   Coulomb (SR)   Coul. recip.
    7.69272e+03    2.40622e+04   -1.78272e+03   -2.12570e+05    1.13276e+03
      Potential    Kinetic En.   Total Energy  Conserved En.    Temperature
   -1.71399e+05    2.91602e+04   -1.42239e+05   -1.47598e+05    2.99399e+02
 Pres. DC (bar) Pressure (bar)   Constr. rmsd
   -2.63932e+02   -3.54496e+02    2.97369e-06


DD  step 16499  vol min/aver 0.855  load imb.: force 26.4%
           Step           Time
          16500       33.00000

   Energies (kJ/mol)
           Bond          Angle    Proper Dih. Ryckaert-Bell.          LJ-14
    1.45642e+03    3.78145e+03    2.64409e+02    1.87467e+03    2.64954e+03
     Coulomb-14        LJ (SR)  Disper. corr.   Coulomb (SR)   Coul. recip.
    7.78269e+03    2.33188e+04   -1.78272e+03   -2.10752e+05    1.16371e+03
      Potential    Kinetic En.   Total Energy  Conserved En.    Temperature
   -1.70243e+05    2.95900e+04   -1.40653e+05   -1.47621e+05    3.03812e+02
 Pres. DC (bar) Pressure (bar)   Constr. rmsd
   -2.63932e+02   -7.43168e+02    2.95984e-06


DD  load balancing is limited by minimum cell size in dimension Y
DD  step 16999  vol min/aver 0.845! load imb.: force 35.9%
           Step           Time
          17000       34.00000

   Energies (kJ/mol)
           Bond          Angle    Proper Dih. Ryckaert-Bell.          LJ-14
    1.44742e+03    3.76614e+03    2.97280e+02    1.87268e+03    2.66020e+03
     Coulomb-14        LJ (SR)  Disper. corr.   Coulomb (SR)   Coul. recip.
    7.78700e+03    2.34940e+04   -1.78272e+03   -2.12352e+05    1.15592e+03
      Potential    Kinetic En.   Total Energy  Conserved En.    Temperature
   -1.71654e+05    2.93591e+04   -1.42295e+05   -1.47604e+05    3.01442e+02
 Pres. DC (bar) Pressure (bar)   Constr. rmsd
   -2.63932e+02   -5.90428e+02    2.81777e-06


DD  load balancing is limited by minimum cell size in dimension Y
DD  step 17499  vol min/aver 0.759! load imb.: force 24.2%
           Step           Time
          17500       35.00000

   Energies (kJ/mol)
           Bond          Angle    Proper Dih. Ryckaert-Bell.          LJ-14
    1.63121e+03    3.76839e+03    2.38364e+02    1.81944e+03    2.66561e+03
     Coulomb-14        LJ (SR)  Disper. corr.   Coulomb (SR)   Coul. recip.
    7.75806e+03    2.32907e+04   -1.78272e+03   -2.11332e+05    1.22710e+03
      Potential    Kinetic En.   Total Energy  Conserved En.    Temperature
   -1.70716e+05    2.92401e+04   -1.41476e+05   -1.47586e+05    3.00220e+02
 Pres. DC (bar) Pressure (bar)   Constr. rmsd
   -2.63932e+02   -7.61162e+02    2.24742e-06


DD  step 17999  vol min/aver 0.797  load imb.: force 33.4%
           Step           Time
          18000       36.00000

   Energies (kJ/mol)
           Bond          Angle    Proper Dih. Ryckaert-Bell.          LJ-14
    1.49228e+03    3.81048e+03    2.43976e+02    1.85392e+03    2.63501e+03
     Coulomb-14        LJ (SR)  Disper. corr.   Coulomb (SR)   Coul. recip.
    7.80172e+03    2.45737e+04   -1.78272e+03   -2.12593e+05    1.16285e+03
      Potential    Kinetic En.   Total Energy  Conserved En.    Temperature
   -1.70802e+05    2.91756e+04   -1.41626e+05   -1.47584e+05    2.99558e+02
 Pres. DC (bar) Pressure (bar)   Constr. rmsd
   -2.63932e+02   -7.27234e+01    2.49733e-06


DD  step 18499  vol min/aver 0.883  load imb.: force 25.1%
           Step           Time
          18500       37.00000

   Energies (kJ/mol)
           Bond          Angle    Proper Dih. Ryckaert-Bell.          LJ-14
    1.63866e+03    3.75029e+03    2.55376e+02    1.84804e+03    2.73192e+03
     Coulomb-14        LJ (SR)  Disper. corr.   Coulomb (SR)   Coul. recip.
    7.80289e+03    2.36465e+04   -1.78272e+03   -2.12232e+05    1.11876e+03
      Potential    Kinetic En.   Total Energy  Conserved En.    Temperature
   -1.71222e+05    2.94121e+04   -1.41810e+05   -1.47584e+05    3.01986e+02
 Pres. DC (bar) Pressure (bar)   Constr. rmsd
   -2.63932e+02   -3.53968e+02    2.94907e-06


DD  step 18999  vol min/aver 0.872  load imb.: force 22.7%
           Step           Time
          19000       38.00000

   Energies (kJ/mol)
           Bond          Angle    Proper Dih. Ryckaert-Bell.          LJ-14
    1.55307e+03    3.77534e+03    2.59923e+02    1.82114e+03    2.61352e+03
     Coulomb-14        LJ (SR)  Disper. corr.   Coulomb (SR)   Coul. recip.
    7.65115e+03    2.31566e+04   -1.78272e+03   -2.11412e+05    1.16310e+03
      Potential    Kinetic En.   Total Energy  Conserved En.    Temperature
   -1.71200e+05    2.86922e+04   -1.42508e+05   -1.47588e+05    2.94594e+02
 Pres. DC (bar) Pressure (bar)   Constr. rmsd
   -2.63932e+02   -8.52016e+02    2.75579e-06


DD  step 19499  vol min/aver 0.854  load imb.: force 24.4%
           Step           Time
          19500       39.00000

   Energies (kJ/mol)
           Bond          Angle    Proper Dih. Ryckaert-Bell.          LJ-14
    1.47632e+03    3.69312e+03    2.58939e+02    1.89081e+03    2.67012e+03
     Coulomb-14        LJ (SR)  Disper. corr.   Coulomb (SR)   Coul. recip.
    7.76191e+03    2.32296e+04   -1.78272e+03   -2.10878e+05    1.16524e+03
      Potential    Kinetic En.   Total Energy  Conserved En.    Temperature
   -1.70514e+05    2.91872e+04   -1.41327e+05   -1.47587e+05    2.99677e+02
 Pres. DC (bar) Pressure (bar)   Constr. rmsd
   -2.63932e+02   -6.15236e+02    2.74834e-06


DD  load balancing is limited by minimum cell size in dimension Y
DD  step 19999  vol min/aver 0.823! load imb.: force 29.7%
           Step           Time
          20000       40.00000

   Energies (kJ/mol)
           Bond          Angle    Proper Dih. Ryckaert-Bell.          LJ-14
    1.48766e+03    3.92428e+03    2.60611e+02    1.83351e+03    2.70213e+03
     Coulomb-14        LJ (SR)  Disper. corr.   Coulomb (SR)   Coul. recip.
    7.77776e+03    2.34468e+04   -1.78272e+03   -2.11438e+05    1.19175e+03
      Potential    Kinetic En.   Total Energy  Conserved En.    Temperature
   -1.70597e+05    2.97057e+04   -1.40891e+05   -1.47589e+05    3.05000e+02
 Pres. DC (bar) Pressure (bar)   Constr. rmsd
   -2.63932e+02   -3.64251e+02    2.52240e-06


DD  step 20499  vol min/aver 0.853  load imb.: force 37.2%
           Step           Time
          20500       41.00000

   Energies (kJ/mol)
           Bond          Angle    Proper Dih. Ryckaert-Bell.          LJ-14
    1.45678e+03    3.85333e+03    2.82522e+02    1.87660e+03    2.61201e+03
     Coulomb-14        LJ (SR)  Disper. corr.   Coulomb (SR)   Coul. recip.
    7.69361e+03    2.39393e+04   -1.78272e+03   -2.12501e+05    1.18035e+03
      Potential    Kinetic En.   Total Energy  Conserved En.    Temperature
   -1.71389e+05    2.90474e+04   -1.42342e+05   -1.47575e+05    2.98242e+02
 Pres. DC (bar) Pressure (bar)   Constr. rmsd
   -2.63932e+02   -7.50530e+02    2.62824e-06


DD  load balancing is limited by minimum cell size in dimension Y
DD  step 20999  vol min/aver 0.843! load imb.: force 50.8%
           Step           Time
          21000       42.00000

   Energies (kJ/mol)
           Bond          Angle    Proper Dih. Ryckaert-Bell.          LJ-14
    1.48971e+03    3.79945e+03    2.29196e+02    1.78412e+03    2.59110e+03
     Coulomb-14        LJ (SR)  Disper. corr.   Coulomb (SR)   Coul. recip.
    7.74621e+03    2.34612e+04   -1.78272e+03   -2.12449e+05    1.15785e+03
      Potential    Kinetic En.   Total Energy  Conserved En.    Temperature
   -1.71973e+05    2.91633e+04   -1.42809e+05   -1.47584e+05    2.99432e+02
 Pres. DC (bar) Pressure (bar)   Constr. rmsd
   -2.63932e+02   -9.13003e+02    2.62092e-06


DD  step 21499  vol min/aver 0.865  load imb.: force 40.1%
           Step           Time
          21500       43.00000

   Energies (kJ/mol)
           Bond          Angle    Proper Dih. Ryckaert-Bell.          LJ-14
    1.53890e+03    3.79017e+03    2.49339e+02    1.82354e+03    2.67604e+03
     Coulomb-14        LJ (SR)  Disper. corr.   Coulomb (SR)   Coul. recip.
    7.70929e+03    2.33523e+04   -1.78272e+03   -2.11776e+05    1.15102e+03
      Potential    Kinetic En.   Total Energy  Conserved En.    Temperature
   -1.71268e+05    2.93513e+04   -1.41917e+05   -1.47578e+05    3.01361e+02
 Pres. DC (bar) Pressure (bar)   Constr. rmsd
   -2.63932e+02   -6.94956e+02    2.64729e-06


DD  step 21999  vol min/aver 0.892  load imb.: force 60.1%
           Step           Time
          22000       44.00000

   Energies (kJ/mol)
           Bond          Angle    Proper Dih. Ryckaert-Bell.          LJ-14
    1.45362e+03    3.77494e+03    2.85911e+02    1.83655e+03    2.76401e+03
     Coulomb-14        LJ (SR)  Disper. corr.   Coulomb (SR)   Coul. recip.
    7.81009e+03    2.39075e+04   -1.78272e+03   -2.12519e+05    1.18935e+03
      Potential    Kinetic En.   Total Energy  Conserved En.    Temperature
   -1.71280e+05    2.92534e+04   -1.42026e+05   -1.47571e+05    3.00356e+02
 Pres. DC (bar) Pressure (bar)   Constr. rmsd
   -2.63932e+02   -7.64919e+01    2.85924e-06


DD  step 22499  vol min/aver 0.856  load imb.: force 34.2%
           Step           Time
          22500       45.00000

   Energies (kJ/mol)
           Bond          Angle    Proper Dih. Ryckaert-Bell.          LJ-14
    1.42164e+03    3.76923e+03    2.48009e+02    1.73014e+03    2.65615e+03
     Coulomb-14        LJ (SR)  Disper. corr.   Coulomb (SR)   Coul. recip.
    7.80296e+03    2.38049e+04   -1.78272e+03   -2.12353e+05    1.13902e+03
      Potential    Kinetic En.   Total Energy  Conserved En.    Temperature
   -1.71564e+05    2.90162e+04   -1.42548e+05   -1.47578e+05    2.97921e+02
 Pres. DC (bar) Pressure (bar)   Constr. rmsd
   -2.63932e+02   -5.65235e+02    2.87261e-06


DD  step 22999  vol min/aver 0.886  load imb.: force 28.7%
           Step           Time
          23000       46.00000

   Energies (kJ/mol)
           Bond          Angle    Proper Dih. Ryckaert-Bell.          LJ-14
    1.49107e+03    3.70478e+03    2.55262e+02    1.80872e+03    2.70303e+03
     Coulomb-14        LJ (SR)  Disper. corr.   Coulomb (SR)   Coul. recip.
    7.78618e+03    2.36559e+04   -1.78272e+03   -2.11740e+05    1.15677e+03
      Potential    Kinetic En.   Total Energy  Conserved En.    Temperature
   -1.70961e+05    2.87714e+04   -1.42190e+05   -1.47553e+05    2.95408e+02
 Pres. DC (bar) Pressure (bar)   Constr. rmsd
   -2.63932e+02   -6.63329e+02    2.98540e-06


DD  step 23499  vol min/aver 0.764  load imb.: force 41.6%
           Step           Time
          23500       47.00000

   Energies (kJ/mol)
           Bond          Angle    Proper Dih. Ryckaert-Bell.          LJ-14
    1.41860e+03    3.88867e+03    2.57159e+02    1.80104e+03    2.67000e+03
     Coulomb-14        LJ (SR)  Disper. corr.   Coulomb (SR)   Coul. recip.
    7.71914e+03    2.39838e+04   -1.78272e+03   -2.12449e+05    1.15965e+03
      Potential    Kinetic En.   Total Energy  Conserved En.    Temperature
   -1.71334e+05    2.90588e+04   -1.42275e+05   -1.47572e+05    2.98358e+02
 Pres. DC (bar) Pressure (bar)   Constr. rmsd
   -2.63932e+02   -6.72070e+00    2.90622e-06


DD  load balancing is limited by minimum cell size in dimension Y
DD  step 23999  vol min/aver 0.778! load imb.: force 60.6%
           Step           Time
          24000       48.00000

   Energies (kJ/mol)
           Bond          Angle    Proper Dih. Ryckaert-Bell.          LJ-14
    1.42480e+03    3.72450e+03    2.39815e+02    1.78867e+03    2.63061e+03
     Coulomb-14        LJ (SR)  Disper. corr.   Coulomb (SR)   Coul. recip.
    7.83475e+03    2.36069e+04   -1.78272e+03   -2.11826e+05    1.22315e+03
      Potential    Kinetic En.   Total Energy  Conserved En.    Temperature
   -1.71135e+05    2.92912e+04   -1.41844e+05   -1.47586e+05    3.00745e+02
 Pres. DC (bar) Pressure (bar)   Constr. rmsd
   -2.63932e+02   -5.07771e+02    2.98080e-06


DD  load balancing is limited by minimum cell size in dimension Y
DD  step 24499  vol min/aver 0.854! load imb.: force 22.0%
           Step           Time
          24500       49.00000

   Energies (kJ/mol)
           Bond          Angle    Proper Dih. Ryckaert-Bell.          LJ-14
    1.59653e+03    3.77577e+03    2.72911e+02    1.91470e+03    2.53510e+03
     Coulomb-14        LJ (SR)  Disper. corr.   Coulomb (SR)   Coul. recip.
    7.78008e+03    2.32734e+04   -1.78272e+03   -2.11427e+05    1.16765e+03
      Potential    Kinetic En.   Total Energy  Conserved En.    Temperature
   -1.70893e+05    2.97400e+04   -1.41153e+05   -1.47572e+05    3.05352e+02
 Pres. DC (bar) Pressure (bar)   Constr. rmsd
   -2.63932e+02   -1.28864e+03    2.83311e-06


DD  load balancing is limited by minimum cell size in dimension Y
DD  step 24999  vol min/aver 0.783! load imb.: force 60.5%
           Step           Time
          25000       50.00000

   Energies (kJ/mol)
           Bond          Angle    Proper Dih. Ryckaert-Bell.          LJ-14
    1.54133e+03    3.85051e+03    2.50927e+02    1.82348e+03    2.53828e+03
     Coulomb-14        LJ (SR)  Disper. corr.   Coulomb (SR)   Coul. recip.
    7.78430e+03    2.39505e+04   -1.78272e+03   -2.12148e+05    1.21094e+03
      Potential    Kinetic En.   Total Energy  Conserved En.    Temperature
   -1.70981e+05    2.91326e+04   -1.41848e+05   -1.47547e+05    2.99116e+02
 Pres. DC (bar) Pressure (bar)   Constr. rmsd
   -2.63932e+02   -4.06354e+02    2.69251e-06


DD  step 25499  vol min/aver 0.842  load imb.: force 23.2%
           Step           Time
          25500       51.00000

   Energies (kJ/mol)
           Bond          Angle    Proper Dih. Ryckaert-Bell.          LJ-14
    1.37122e+03    3.79624e+03    2.33491e+02    1.84313e+03    2.65184e+03
     Coulomb-14        LJ (SR)  Disper. corr.   Coulomb (SR)   Coul. recip.
    7.84946e+03    2.36195e+04   -1.78272e+03   -2.12695e+05    1.14566e+03
      Potential    Kinetic En.   Total Energy  Conserved En.    Temperature
   -1.71967e+05    2.83772e+04   -1.43590e+05   -1.47549e+05    2.91360e+02
 Pres. DC (bar) Pressure (bar)   Constr. rmsd
   -2.63932e+02   -8.48478e+02    2.23390e-06


DD  step 25999  vol min/aver 0.811  load imb.: force 17.6%
           Step           Time
          26000       52.00000

   Energies (kJ/mol)
           Bond          Angle    Proper Dih. Ryckaert-Bell.          LJ-14
    1.40843e+03    3.82260e+03    2.67542e+02    1.92115e+03    2.68917e+03
     Coulomb-14        LJ (SR)  Disper. corr.   Coulomb (SR)   Coul. recip.
    7.81976e+03    2.39456e+04   -1.78272e+03   -2.11911e+05    1.20171e+03
      Potential    Kinetic En.   Total Energy  Conserved En.    Temperature
   -1.70618e+05    2.96117e+04   -1.41006e+05   -1.47567e+05    3.04035e+02
 Pres. DC (bar) Pressure (bar)   Constr. rmsd
   -2.63932e+02   -3.47817e+02    2.57854e-06


DD  step 26499  vol min/aver 0.883  load imb.: force 20.4%
           Step           Time
          26500       53.00000

   Energies (kJ/mol)
           Bond          Angle    Proper Dih. Ryckaert-Bell.          LJ-14
    1.46332e+03    3.82475e+03    2.32518e+02    1.95334e+03    2.70513e+03
     Coulomb-14        LJ (SR)  Disper. corr.   Coulomb (SR)   Coul. recip.
    7.86883e+03    2.38717e+04   -1.78272e+03   -2.12394e+05    1.17359e+03
      Potential    Kinetic En.   Total Energy  Conserved En.    Temperature
   -1.71083e+05    2.93887e+04   -1.41694e+05   -1.47548e+05    3.01746e+02
 Pres. DC (bar) Pressure (bar)   Constr. rmsd
   -2.63932e+02    2.57130e+01    2.59131e-06


DD  step 26999  vol min/aver 0.884  load imb.: force 45.2%
           Step           Time
          27000       54.00000

   Energies (kJ/mol)
           Bond          Angle    Proper Dih. Ryckaert-Bell.          LJ-14
    1.44126e+03    3.59416e+03    2.24748e+02    1.76947e+03    2.65370e+03
     Coulomb-14        LJ (SR)  Disper. corr.   Coulomb (SR)   Coul. recip.
    7.75897e+03    2.40380e+04   -1.78272e+03   -2.12589e+05    1.20991e+03
      Potential    Kinetic En.   Total Energy  Conserved En.    Temperature
   -1.71682e+05    2.93233e+04   -1.42359e+05   -1.47566e+05    3.01074e+02
 Pres. DC (bar) Pressure (bar)   Constr. rmsd
   -2.63932e+02   -4.28554e+02    2.72496e-06


DD  step 27499  vol min/aver 0.868  load imb.: force 18.8%
           Step           Time
          27500       55.00000

   Energies (kJ/mol)
           Bond          Angle    Proper Dih. Ryckaert-Bell.          LJ-14
    1.45405e+03    3.79434e+03    2.41197e+02    1.85925e+03    2.68168e+03
     Coulomb-14        LJ (SR)  Disper. corr.   Coulomb (SR)   Coul. recip.
    7.81761e+03    2.38712e+04   -1.78272e+03   -2.12326e+05    1.14389e+03
      Potential    Kinetic En.   Total Energy  Conserved En.    Temperature
   -1.71245e+05    2.88898e+04   -1.42356e+05   -1.47540e+05    2.96623e+02
 Pres. DC (bar) Pressure (bar)   Constr. rmsd
   -2.63932e+02   -5.23902e+02    2.54950e-06


DD  step 27999  vol min/aver 0.839  load imb.: force 14.5%
           Step           Time
          28000       56.00000

   Energies (kJ/mol)
           Bond          Angle    Proper Dih. Ryckaert-Bell.          LJ-14
    1.50960e+03    3.66926e+03    2.30631e+02    1.80948e+03    2.66811e+03
     Coulomb-14        LJ (SR)  Disper. corr.   Coulomb (SR)   Coul. recip.
    7.78823e+03    2.29456e+04   -1.78272e+03   -2.11217e+05    1.18426e+03
      Potential    Kinetic En.   Total Energy  Conserved En.    Temperature
   -1.71195e+05    2.91520e+04   -1.42043e+05   -1.47549e+05    2.99315e+02
 Pres. DC (bar) Pressure (bar)   Constr. rmsd
   -2.63932e+02   -5.24636e+02    2.79947e-06


DD  step 28499  vol min/aver 0.830  load imb.: force 40.9%
           Step           Time
          28500       57.00000

   Energies (kJ/mol)
           Bond          Angle    Proper Dih. Ryckaert-Bell.          LJ-14
    1.54259e+03    3.72995e+03    2.42439e+02    1.83845e+03    2.55454e+03
     Coulomb-14        LJ (SR)  Disper. corr.   Coulomb (SR)   Coul. recip.
    7.82414e+03    2.40153e+04   -1.78272e+03   -2.12165e+05    1.17060e+03
      Potential    Kinetic En.   Total Energy  Conserved En.    Temperature
   -1.71030e+05    2.94414e+04   -1.41589e+05   -1.47556e+05    3.02286e+02
 Pres. DC (bar) Pressure (bar)   Constr. rmsd
   -2.63932e+02   -7.87039e+02    2.56241e-06


DD  step 28999  vol min/aver 0.859  load imb.: force 31.5%
           Step           Time
          29000       58.00000

   Energies (kJ/mol)
           Bond          Angle    Proper Dih. Ryckaert-Bell.          LJ-14
    1.46944e+03    3.58133e+03    2.80879e+02    1.81043e+03    2.66922e+03
     Coulomb-14        LJ (SR)  Disper. corr.   Coulomb (SR)   Coul. recip.
    7.75379e+03    2.39160e+04   -1.78272e+03   -2.12283e+05    1.13829e+03
      Potential    Kinetic En.   Total Energy  Conserved En.    Temperature
   -1.71446e+05    2.91864e+04   -1.42260e+05   -1.47550e+05    2.99669e+02
 Pres. DC (bar) Pressure (bar)   Constr. rmsd
   -2.63932e+02   -1.82132e+02    2.83117e-06


DD  step 29499  vol min/aver 0.777  load imb.: force 33.3%
           Step           Time
          29500       59.00000

   Energies (kJ/mol)
           Bond          Angle    Proper Dih. Ryckaert-Bell.          LJ-14
    1.50147e+03    3.66274e+03    2.76483e+02    1.86053e+03    2.74178e+03
     Coulomb-14        LJ (SR)  Disper. corr.   Coulomb (SR)   Coul. recip.
    7.69624e+03    2.34713e+04   -1.78272e+03   -2.11685e+05    1.18146e+03
      Potential    Kinetic En.   Total Energy  Conserved En.    Temperature
   -1.71076e+05    2.93809e+04   -1.41695e+05   -1.47540e+05    3.01666e+02
 Pres. DC (bar) Pressure (bar)   Constr. rmsd
   -2.63932e+02   -8.63003e+02    2.56425e-06


DD  load balancing is limited by minimum cell size in dimension Y
DD  step 29999  vol min/aver 0.855! load imb.: force 19.9%
           Step           Time
          30000       60.00000

   Energies (kJ/mol)
           Bond          Angle    Proper Dih. Ryckaert-Bell.          LJ-14
    1.62116e+03    3.62512e+03    2.56554e+02    1.82725e+03    2.57167e+03
     Coulomb-14        LJ (SR)  Disper. corr.   Coulomb (SR)   Coul. recip.
    7.76284e+03    2.31414e+04   -1.78272e+03   -2.11553e+05    1.22726e+03
      Potential    Kinetic En.   Total Energy  Conserved En.    Temperature
   -1.71302e+05    2.95467e+04   -1.41756e+05   -1.47540e+05    3.03368e+02
 Pres. DC (bar) Pressure (bar)   Constr. rmsd
   -2.63932e+02   -1.39005e+03    2.60858e-06


DD  load balancing is limited by minimum cell size in dimension Y
DD  step 30499  vol min/aver 0.852! load imb.: force 49.8%
           Step           Time
          30500       61.00000

   Energies (kJ/mol)
           Bond          Angle    Proper Dih. Ryckaert-Bell.          LJ-14
    1.47769e+03    3.84657e+03    2.40954e+02    1.72734e+03    2.61371e+03
     Coulomb-14        LJ (SR)  Disper. corr.   Coulomb (SR)   Coul. recip.
    7.71942e+03    2.31551e+04   -1.78272e+03   -2.11543e+05    1.18382e+03
      Potential    Kinetic En.   Total Energy  Conserved En.    Temperature
   -1.71361e+05    2.91836e+04   -1.42177e+05   -1.47534e+05    2.99640e+02
 Pres. DC (bar) Pressure (bar)   Constr. rmsd
   -2.63932e+02   -6.75739e+02    3.20041e-06


DD  step 30999  vol min/aver 0.800  load imb.: force 17.6%
           Step           Time
          31000       62.00000

   Energies (kJ/mol)
           Bond          Angle    Proper Dih. Ryckaert-Bell.          LJ-14
    1.50352e+03    3.83160e+03    2.49290e+02    1.84643e+03    2.77213e+03
     Coulomb-14        LJ (SR)  Disper. corr.   Coulomb (SR)   Coul. recip.
    7.88154e+03    2.28730e+04   -1.78272e+03   -2.10992e+05    1.15416e+03
      Potential    Kinetic En.   Total Energy  Conserved En.    Temperature
   -1.70663e+05    2.90411e+04   -1.41622e+05   -1.47532e+05    2.98176e+02
 Pres. DC (bar) Pressure (bar)   Constr. rmsd
   -2.63932e+02   -7.80258e+02    2.55221e-06


DD  step 31499  vol min/aver 0.819  load imb.: force 16.4%
           Step           Time
          31500       63.00000

   Energies (kJ/mol)
           Bond          Angle    Proper Dih. Ryckaert-Bell.          LJ-14
    1.41618e+03    3.95206e+03    2.35582e+02    1.73378e+03    2.69546e+03
     Coulomb-14        LJ (SR)  Disper. corr.   Coulomb (SR)   Coul. recip.
    7.84663e+03    2.29606e+04   -1.78272e+03   -2.11104e+05    1.12806e+03
      Potential    Kinetic En.   Total Energy  Conserved En.    Temperature
   -1.70918e+05    2.93835e+04   -1.41535e+05   -1.47543e+05    3.01693e+02
 Pres. DC (bar) Pressure (bar)   Constr. rmsd
   -2.63932e+02   -4.55605e+02    2.46797e-06


DD  load balancing is limited by minimum cell size in dimension Y
DD  step 31999  vol min/aver 0.885! load imb.: force 24.8%
           Step           Time
          32000       64.00000

   Energies (kJ/mol)
           Bond          Angle    Proper Dih. Ryckaert-Bell.          LJ-14
    1.39623e+03    3.77062e+03    2.34583e+02    1.77330e+03    2.72756e+03
     Coulomb-14        LJ (SR)  Disper. corr.   Coulomb (SR)   Coul. recip.
    7.77871e+03    2.37204e+04   -1.78272e+03   -2.11726e+05    1.13061e+03
      Potential    Kinetic En.   Total Energy  Conserved En.    Temperature
   -1.70977e+05    2.96766e+04   -1.41300e+05   -1.47537e+05    3.04702e+02
 Pres. DC (bar) Pressure (bar)   Constr. rmsd
   -2.63932e+02   -2.13287e+02    3.10843e-06


DD  load balancing is limited by minimum cell size in dimension Y
DD  step 32499  vol min/aver 0.831! load imb.: force 34.5%
           Step           Time
          32500       65.00000

   Energies (kJ/mol)
           Bond          Angle    Proper Dih. Ryckaert-Bell.          LJ-14
    1.44569e+03    3.73443e+03    2.44063e+02    1.78659e+03    2.70741e+03
     Coulomb-14        LJ (SR)  Disper. corr.   Coulomb (SR)   Coul. recip.
    7.81287e+03    2.35734e+04   -1.78272e+03   -2.11935e+05    1.17145e+03
      Potential    Kinetic En.   Total Energy  Conserved En.    Temperature
   -1.71242e+05    2.95892e+04   -1.41653e+05   -1.47539e+05    3.03805e+02
 Pres. DC (bar) Pressure (bar)   Constr. rmsd
   -2.63932e+02   -2.00419e+02    2.76113e-06


DD  step 32999  vol min/aver 0.852  load imb.: force 68.6%
           Step           Time
          33000       66.00000

   Energies (kJ/mol)
           Bond          Angle    Proper Dih. Ryckaert-Bell.          LJ-14
    1.48338e+03    3.64788e+03    2.67227e+02    1.79106e+03    2.73898e+03
     Coulomb-14        LJ (SR)  Disper. corr.   Coulomb (SR)   Coul. recip.
    7.88052e+03    2.31899e+04   -1.78272e+03   -2.11622e+05    1.15342e+03
      Potential    Kinetic En.   Total Energy  Conserved En.    Temperature
   -1.71253e+05    2.94780e+04   -1.41775e+05   -1.47534e+05    3.02663e+02
 Pres. DC (bar) Pressure (bar)   Constr. rmsd
   -2.63932e+02   -5.42710e+02    2.67872e-06


DD  load balancing is limited by minimum cell size in dimension Y
DD  step 33499  vol min/aver 0.819! load imb.: force 31.0%
           Step           Time
          33500       67.00000

   Energies (kJ/mol)
           Bond          Angle    Proper Dih. Ryckaert-Bell.          LJ-14
    1.48427e+03    3.69014e+03    2.93160e+02    1.76096e+03    2.63256e+03
     Coulomb-14        LJ (SR)  Disper. corr.   Coulomb (SR)   Coul. recip.
    7.74179e+03    2.41705e+04   -1.78272e+03   -2.11972e+05    1.16994e+03
      Potential    Kinetic En.   Total Energy  Conserved En.    Temperature
   -1.70811e+05    2.94055e+04   -1.41406e+05   -1.47538e+05    3.01918e+02
 Pres. DC (bar) Pressure (bar)   Constr. rmsd
   -2.63932e+02   -2.94335e+02    2.74075e-06


DD  step 33999  vol min/aver 0.900  load imb.: force 42.0%
           Step           Time
          34000       68.00000

   Energies (kJ/mol)
           Bond          Angle    Proper Dih. Ryckaert-Bell.          LJ-14
    1.55174e+03    3.77506e+03    2.50854e+02    1.79265e+03    2.68899e+03
     Coulomb-14        LJ (SR)  Disper. corr.   Coulomb (SR)   Coul. recip.
    7.75752e+03    2.30966e+04   -1.78272e+03   -2.11338e+05    1.16767e+03
      Potential    Kinetic En.   Total Energy  Conserved En.    Temperature
   -1.71040e+05    2.95246e+04   -1.41515e+05   -1.47532e+05    3.03141e+02
 Pres. DC (bar) Pressure (bar)   Constr. rmsd
   -2.63932e+02   -7.33816e+02    2.90916e-06


DD  step 34499  vol min/aver 0.912  load imb.: force 19.5%
           Step           Time
          34500       69.00000

   Energies (kJ/mol)
           Bond          Angle    Proper Dih. Ryckaert-Bell.          LJ-14
    1.42628e+03    3.62662e+03    2.56790e+02    1.78133e+03    2.75373e+03
     Coulomb-14        LJ (SR)  Disper. corr.   Coulomb (SR)   Coul. recip.
    7.86831e+03    2.37478e+04   -1.78272e+03   -2.12198e+05    1.17225e+03
      Potential    Kinetic En.   Total Energy  Conserved En.    Temperature
   -1.71347e+05    2.91619e+04   -1.42185e+05   -1.47533e+05    2.99417e+02
 Pres. DC (bar) Pressure (bar)   Constr. rmsd
   -2.63932e+02   -1.33359e+02    2.27959e-06


DD  load balancing is limited by minimum cell size in dimension Y
DD  step 34999  vol min/aver 0.868! load imb.: force 33.3%
           Step           Time
          35000       70.00000

   Energies (kJ/mol)
           Bond          Angle    Proper Dih. Ryckaert-Bell.          LJ-14
    1.48381e+03    3.42863e+03    2.41909e+02    1.83678e+03    2.67074e+03
     Coulomb-14        LJ (SR)  Disper. corr.   Coulomb (SR)   Coul. recip.
    7.81581e+03    2.28761e+04   -1.78272e+03   -2.11622e+05    1.16486e+03
      Potential    Kinetic En.   Total Energy  Conserved En.    Temperature
   -1.71886e+05    2.93388e+04   -1.42548e+05   -1.47542e+05    3.01233e+02
 Pres. DC (bar) Pressure (bar)   Constr. rmsd
   -2.63932e+02   -1.11795e+03    2.38930e-06


DD  step 35499  vol min/aver 0.910  load imb.: force 29.9%
           Step           Time
          35500       71.00000

   Energies (kJ/mol)
           Bond          Angle    Proper Dih. Ryckaert-Bell.          LJ-14
    1.53232e+03    3.80312e+03    2.46490e+02    1.76769e+03    2.68209e+03
     Coulomb-14        LJ (SR)  Disper. corr.   Coulomb (SR)   Coul. recip.
    7.79641e+03    2.31967e+04   -1.78272e+03   -2.11395e+05    1.14287e+03
      Potential    Kinetic En.   Total Energy  Conserved En.    Temperature
   -1.71010e+05    2.87967e+04   -1.42213e+05   -1.47491e+05    2.95667e+02
 Pres. DC (bar) Pressure (bar)   Constr. rmsd
   -2.63932e+02   -6.13562e+02    2.59480e-06


DD  step 35999  vol min/aver 0.854  load imb.: force  8.4%
           Step           Time
          36000       72.00000

   Energies (kJ/mol)
           Bond          Angle    Proper Dih. Ryckaert-Bell.          LJ-14
    1.53144e+03    3.76822e+03    2.78431e+02    1.84991e+03    2.69640e+03
     Coulomb-14        LJ (SR)  Disper. corr.   Coulomb (SR)   Coul. recip.
    7.75575e+03    2.31395e+04   -1.78272e+03   -2.11748e+05    1.17840e+03
      Potential    Kinetic En.   Total Energy  Conserved En.    Temperature
   -1.71332e+05    2.94976e+04   -1.41835e+05   -1.47508e+05    3.02864e+02
 Pres. DC (bar) Pressure (bar)   Constr. rmsd
   -2.63932e+02   -1.07175e+03    2.63982e-06


DD  step 36499  vol min/aver 0.863  load imb.: force 24.0%
           Step           Time
          36500       73.00000

   Energies (kJ/mol)
           Bond          Angle    Proper Dih. Ryckaert-Bell.          LJ-14
    1.49485e+03    3.93449e+03    2.50289e+02    1.88071e+03    2.67589e+03
     Coulomb-14        LJ (SR)  Disper. corr.   Coulomb (SR)   Coul. recip.
    7.80411e+03    2.36099e+04   -1.78272e+03   -2.11720e+05    1.14997e+03
      Potential    Kinetic En.   Total Energy  Conserved En.    Temperature
   -1.70703e+05    2.90748e+04   -1.41628e+05   -1.47503e+05    2.98523e+02
 Pres. DC (bar) Pressure (bar)   Constr. rmsd
   -2.63932e+02   -4.89695e+02    2.81526e-06


DD  step 36999  vol min/aver 0.933  load imb.: force 27.9%
           Step           Time
          37000       74.00000

   Energies (kJ/mol)
           Bond          Angle    Proper Dih. Ryckaert-Bell.          LJ-14
    1.39072e+03    3.80184e+03    2.50490e+02    1.75117e+03    2.61126e+03
     Coulomb-14        LJ (SR)  Disper. corr.   Coulomb (SR)   Coul. recip.
    7.77101e+03    2.29036e+04   -1.78272e+03   -2.11087e+05    1.20806e+03
      Potential    Kinetic En.   Total Energy  Conserved En.    Temperature
   -1.71182e+05    2.95685e+04   -1.41613e+05   -1.47532e+05    3.03592e+02
 Pres. DC (bar) Pressure (bar)   Constr. rmsd
   -2.63932e+02   -6.10487e+02    3.00933e-06


DD  step 37499  vol min/aver 0.845  load imb.: force 14.2%
           Step           Time
          37500       75.00000

   Energies (kJ/mol)
           Bond          Angle    Proper Dih. Ryckaert-Bell.          LJ-14
    1.43770e+03    3.81977e+03    2.39834e+02    1.77880e+03    2.72460e+03
     Coulomb-14        LJ (SR)  Disper. corr.   Coulomb (SR)   Coul. recip.
    7.79637e+03    2.34732e+04   -1.78272e+03   -2.11406e+05    1.15901e+03
      Potential    Kinetic En.   Total Energy  Conserved En.    Temperature
   -1.70759e+05    2.91887e+04   -1.41570e+05   -1.47509e+05    2.99692e+02
 Pres. DC (bar) Pressure (bar)   Constr. rmsd
   -2.63932e+02   -1.83208e+02    3.10885e-06


DD  step 37999  vol min/aver 0.831  load imb.: force 17.6%
           Step           Time
          38000       76.00000

   Energies (kJ/mol)
           Bond          Angle    Proper Dih. Ryckaert-Bell.          LJ-14
    1.39098e+03    3.73042e+03    2.72482e+02    1.79257e+03    2.72089e+03
     Coulomb-14        LJ (SR)  Disper. corr.   Coulomb (SR)   Coul. recip.
    7.81610e+03    2.30284e+04   -1.78272e+03   -2.11776e+05    1.18014e+03
      Potential    Kinetic En.   Total Energy  Conserved En.    Temperature
   -1.71627e+05    2.92146e+04   -1.42412e+05   -1.47513e+05    2.99958e+02
 Pres. DC (bar) Pressure (bar)   Constr. rmsd
   -2.63932e+02   -7.37099e+02    2.79102e-06


DD  step 38499  vol min/aver 0.837  load imb.: force 22.4%
           Step           Time
          38500       77.00000

   Energies (kJ/mol)
           Bond          Angle    Proper Dih. Ryckaert-Bell.          LJ-14
    1.41296e+03    3.78016e+03    2.48248e+02    1.83855e+03    2.71358e+03
     Coulomb-14        LJ (SR)  Disper. corr.   Coulomb (SR)   Coul. recip.
    7.86464e+03    2.36944e+04   -1.78272e+03   -2.11794e+05    1.23758e+03
      Potential    Kinetic En.   Total Energy  Conserved En.    Temperature
   -1.70787e+05    2.94597e+04   -1.41327e+05   -1.47517e+05    3.02474e+02
 Pres. DC (bar) Pressure (bar)   Constr. rmsd
   -2.63932e+02   -1.52040e+02    2.52191e-06


DD  step 38999  vol min/aver 0.858  load imb.: force 15.9%
           Step           Time
          39000       78.00000

   Energies (kJ/mol)
           Bond          Angle    Proper Dih. Ryckaert-Bell.          LJ-14
    1.55169e+03    3.83295e+03    2.20962e+02    1.77061e+03    2.63263e+03
     Coulomb-14        LJ (SR)  Disper. corr.   Coulomb (SR)   Coul. recip.
    7.74727e+03    2.37768e+04   -1.78272e+03   -2.11908e+05    1.18150e+03
      Potential    Kinetic En.   Total Energy  Conserved En.    Temperature
   -1.70976e+05    2.94326e+04   -1.41544e+05   -1.47501e+05    3.02197e+02
 Pres. DC (bar) Pressure (bar)   Constr. rmsd
   -2.63932e+02   -6.05625e+02    2.70998e-06


DD  step 39499  vol min/aver 0.829  load imb.: force 14.5%
           Step           Time
          39500       79.00000

   Energies (kJ/mol)
           Bond          Angle    Proper Dih. Ryckaert-Bell.          LJ-14
    1.46206e+03    3.71513e+03    2.98862e+02    1.69602e+03    2.65665e+03
     Coulomb-14        LJ (SR)  Disper. corr.   Coulomb (SR)   Coul. recip.
    7.79110e+03    2.38614e+04   -1.78272e+03   -2.12303e+05    1.14825e+03
      Potential    Kinetic En.   Total Energy  Conserved En.    Temperature
   -1.71456e+05    2.97814e+04   -1.41675e+05   -1.47507e+05    3.05778e+02
 Pres. DC (bar) Pressure (bar)   Constr. rmsd
   -2.63932e+02   -4.93793e+02    2.59059e-06


DD  step 39999  vol min/aver 0.813  load imb.: force 44.6%
           Step           Time
          40000       80.00000

   Energies (kJ/mol)
           Bond          Angle    Proper Dih. Ryckaert-Bell.          LJ-14
    1.51930e+03    3.75513e+03    2.91012e+02    1.78635e+03    2.68806e+03
     Coulomb-14        LJ (SR)  Disper. corr.   Coulomb (SR)   Coul. recip.
    7.87123e+03    2.27939e+04   -1.78272e+03   -2.10709e+05    1.21604e+03
      Potential    Kinetic En.   Total Energy  Conserved En.    Temperature
   -1.70570e+05    2.96201e+04   -1.40950e+05   -1.47507e+05    3.04121e+02
 Pres. DC (bar) Pressure (bar)   Constr. rmsd
   -2.63932e+02   -6.21765e+02    2.61882e-06


DD  step 40499  vol min/aver 0.777  load imb.: force 19.9%
           Step           Time
          40500       81.00000

   Energies (kJ/mol)
           Bond          Angle    Proper Dih. Ryckaert-Bell.          LJ-14
    1.36576e+03    3.88626e+03    2.76854e+02    1.82554e+03    2.66966e+03
     Coulomb-14        LJ (SR)  Disper. corr.   Coulomb (SR)   Coul. recip.
    7.85423e+03    2.37702e+04   -1.78272e+03   -2.12038e+05    1.16123e+03
      Potential    Kinetic En.   Total Energy  Conserved En.    Temperature
   -1.71011e+05    2.88123e+04   -1.42199e+05   -1.47499e+05    2.95827e+02
 Pres. DC (bar) Pressure (bar)   Constr. rmsd
   -2.63932e+02   -4.84821e+02    2.63870e-06


DD  step 40999  vol min/aver 0.907  load imb.: force 40.2%
           Step           Time
          41000       82.00000

   Energies (kJ/mol)
           Bond          Angle    Proper Dih. Ryckaert-Bell.          LJ-14
    1.48670e+03    3.84473e+03    2.97084e+02    1.82737e+03    2.65699e+03
     Coulomb-14        LJ (SR)  Disper. corr.   Coulomb (SR)   Coul. recip.
    7.88106e+03    2.35073e+04   -1.78272e+03   -2.12004e+05    1.10290e+03
      Potential    Kinetic En.   Total Energy  Conserved En.    Temperature
   -1.71182e+05    2.92937e+04   -1.41889e+05   -1.47491e+05    3.00770e+02
 Pres. DC (bar) Pressure (bar)   Constr. rmsd
   -2.63932e+02   -8.98177e+02    2.56819e-06


DD  load balancing is limited by minimum cell size in dimension Y
DD  step 41499  vol min/aver 0.791! load imb.: force 10.1%
           Step           Time
          41500       83.00000

   Energies (kJ/mol)
           Bond          Angle    Proper Dih. Ryckaert-Bell.          LJ-14
    1.53809e+03    3.77896e+03    2.43253e+02    1.74288e+03    2.56151e+03
     Coulomb-14        LJ (SR)  Disper. corr.   Coulomb (SR)   Coul. recip.
    7.74210e+03    2.36729e+04   -1.78272e+03   -2.11970e+05    1.15952e+03
      Potential    Kinetic En.   Total Energy  Conserved En.    Temperature
   -1.71313e+05    2.86814e+04   -1.42632e+05   -1.47485e+05    2.94484e+02
 Pres. DC (bar) Pressure (bar)   Constr. rmsd
   -2.63932e+02   -7.22418e+02    2.35038e-06


DD  load balancing is limited by minimum cell size in dimension Y
DD  step 41999  vol min/aver 0.773! load imb.: force 50.0%
           Step           Time
          42000       84.00000

   Energies (kJ/mol)
           Bond          Angle    Proper Dih. Ryckaert-Bell.          LJ-14
    1.57939e+03    3.81343e+03    2.32790e+02    1.79069e+03    2.61341e+03
     Coulomb-14        LJ (SR)  Disper. corr.   Coulomb (SR)   Coul. recip.
    7.75292e+03    2.32222e+04   -1.78272e+03   -2.11491e+05    1.15336e+03
      Potential    Kinetic En.   Total Energy  Conserved En.    Temperature
   -1.71116e+05    2.93056e+04   -1.41810e+05   -1.47496e+05    3.00893e+02
 Pres. DC (bar) Pressure (bar)   Constr. rmsd
   -2.63932e+02   -6.83704e+02    2.56873e-06


DD  load balancing is limited by minimum cell size in dimension Y
DD  step 42499  vol min/aver 0.875! load imb.: force 29.1%
           Step           Time
          42500       85.00000

   Energies (kJ/mol)
           Bond          Angle    Proper Dih. Ryckaert-Bell.          LJ-14
    1.45860e+03    3.83040e+03    2.74686e+02    1.72089e+03    2.62560e+03
     Coulomb-14        LJ (SR)  Disper. corr.   Coulomb (SR)   Coul. recip.
    7.74136e+03    2.39860e+04   -1.78272e+03   -2.12277e+05    1.16584e+03
      Potential    Kinetic En.   Total Energy  Conserved En.    Temperature
   -1.71256e+05    2.90142e+04   -1.42242e+05   -1.47481e+05    2.97901e+02
 Pres. DC (bar) Pressure (bar)   Constr. rmsd
   -2.63932e+02   -3.30298e+02    2.45714e-06


DD  load balancing is limited by minimum cell size in dimension Y
DD  step 42999  vol min/aver 0.824! load imb.: force 35.8%
           Step           Time
          43000       86.00000

   Energies (kJ/mol)
           Bond          Angle    Proper Dih. Ryckaert-Bell.          LJ-14
    1.51494e+03    3.83600e+03    2.57582e+02    1.74689e+03    2.65087e+03
     Coulomb-14        LJ (SR)  Disper. corr.   Coulomb (SR)   Coul. recip.
    7.84245e+03    2.35781e+04   -1.78272e+03   -2.11934e+05    1.19390e+03
      Potential    Kinetic En.   Total Energy  Conserved En.    Temperature
   -1.71096e+05    2.91458e+04   -1.41951e+05   -1.47478e+05    2.99252e+02
 Pres. DC (bar) Pressure (bar)   Constr. rmsd
   -2.63932e+02   -5.52051e+02    2.61102e-06


DD  step 43499  vol min/aver 0.883  load imb.: force 11.7%
           Step           Time
          43500       87.00000

   Energies (kJ/mol)
           Bond          Angle    Proper Dih. Ryckaert-Bell.          LJ-14
    1.35851e+03    3.79326e+03    2.12848e+02    1.82782e+03    2.61165e+03
     Coulomb-14        LJ (SR)  Disper. corr.   Coulomb (SR)   Coul. recip.
    7.79987e+03    2.34854e+04   -1.78272e+03   -2.12202e+05    1.15580e+03
      Potential    Kinetic En.   Total Energy  Conserved En.    Temperature
   -1.71739e+05    2.89593e+04   -1.42780e+05   -1.47504e+05    2.97337e+02
 Pres. DC (bar) Pressure (bar)   Constr. rmsd
   -2.63932e+02   -8.02224e+02    2.57172e-06


DD  step 43999  vol min/aver 0.879  load imb.: force 35.9%
           Step           Time
          44000       88.00000

   Energies (kJ/mol)
           Bond          Angle    Proper Dih. Ryckaert-Bell.          LJ-14
    1.49960e+03    3.66955e+03    2.88635e+02    1.82174e+03    2.60137e+03
     Coulomb-14        LJ (SR)  Disper. corr.   Coulomb (SR)   Coul. recip.
    7.77865e+03    2.37783e+04   -1.78272e+03   -2.12498e+05    1.10869e+03
      Potential    Kinetic En.   Total Energy  Conserved En.    Temperature
   -1.71734e+05    2.93848e+04   -1.42349e+05   -1.47496e+05    3.01706e+02
 Pres. DC (bar) Pressure (bar)   Constr. rmsd
   -2.63932e+02   -5.37757e+02    2.74589e-06


DD  step 44499  vol min/aver 0.862  load imb.: force 26.8%
           Step           Time
          44500       89.00000

   Energies (kJ/mol)
           Bond          Angle    Proper Dih. Ryckaert-Bell.          LJ-14
    1.44630e+03    3.94236e+03    2.64936e+02    1.73613e+03    2.65251e+03
     Coulomb-14        LJ (SR)  Disper. corr.   Coulomb (SR)   Coul. recip.
    7.78684e+03    2.36895e+04   -1.78272e+03   -2.11963e+05    1.21748e+03
      Potential    Kinetic En.   Total Energy  Conserved En.    Temperature
   -1.71010e+05    2.91911e+04   -1.41819e+05   -1.47475e+05    2.99716e+02
 Pres. DC (bar) Pressure (bar)   Constr. rmsd
   -2.63932e+02   -2.53214e+02    2.88654e-06


DD  step 44999  vol min/aver 0.805  load imb.: force 17.3%
           Step           Time
          45000       90.00000

   Energies (kJ/mol)
           Bond          Angle    Proper Dih. Ryckaert-Bell.          LJ-14
    1.46963e+03    3.74562e+03    2.92262e+02    1.76764e+03    2.61247e+03
     Coulomb-14        LJ (SR)  Disper. corr.   Coulomb (SR)   Coul. recip.
    7.82567e+03    2.34158e+04   -1.78272e+03   -2.12463e+05    1.15576e+03
      Potential    Kinetic En.   Total Energy  Conserved En.    Temperature
   -1.71961e+05    2.93550e+04   -1.42606e+05   -1.47496e+05    3.01399e+02
 Pres. DC (bar) Pressure (bar)   Constr. rmsd
   -2.63932e+02   -1.01407e+03    2.65325e-06


DD  step 45499  vol min/aver 0.801  load imb.: force 57.1%
           Step           Time
          45500       91.00000

   Energies (kJ/mol)
           Bond          Angle    Proper Dih. Ryckaert-Bell.          LJ-14
    1.48990e+03    3.78617e+03    2.21739e+02    1.77710e+03    2.68855e+03
     Coulomb-14        LJ (SR)  Disper. corr.   Coulomb (SR)   Coul. recip.
    7.80947e+03    2.37725e+04   -1.78272e+03   -2.12258e+05    1.14236e+03
      Potential    Kinetic En.   Total Energy  Conserved En.    Temperature
   -1.71353e+05    2.95377e+04   -1.41815e+05   -1.47469e+05    3.03275e+02
 Pres. DC (bar) Pressure (bar)   Constr. rmsd
   -2.63932e+02   -2.17665e+02    3.11447e-06


DD  load balancing is limited by minimum cell size in dimension Y
DD  step 45999  vol min/aver 0.812! load imb.: force 38.8%
           Step           Time
          46000       92.00000

   Energies (kJ/mol)
           Bond          Angle    Proper Dih. Ryckaert-Bell.          LJ-14
    1.44832e+03    3.77039e+03    2.55696e+02    1.73651e+03    2.64945e+03
     Coulomb-14        LJ (SR)  Disper. corr.   Coulomb (SR)   Coul. recip.
    7.75469e+03    2.30103e+04   -1.78272e+03   -2.11239e+05    1.15098e+03
      Potential    Kinetic En.   Total Energy  Conserved En.    Temperature
   -1.71246e+05    2.95532e+04   -1.41693e+05   -1.47481e+05    3.03434e+02
 Pres. DC (bar) Pressure (bar)   Constr. rmsd
   -2.63932e+02   -7.42435e+02    3.10255e-06


DD  step 46499  vol min/aver 0.913  load imb.: force 22.3%
           Step           Time
          46500       93.00000

   Energies (kJ/mol)
           Bond          Angle    Proper Dih. Ryckaert-Bell.          LJ-14
    1.44411e+03    3.94581e+03    2.55983e+02    1.79009e+03    2.72749e+03
     Coulomb-14        LJ (SR)  Disper. corr.   Coulomb (SR)   Coul. recip.
    7.82273e+03    2.32892e+04   -1.78272e+03   -2.11279e+05    1.21102e+03
      Potential    Kinetic En.   Total Energy  Conserved En.    Temperature
   -1.70576e+05    2.97787e+04   -1.40797e+05   -1.47480e+05    3.05750e+02
 Pres. DC (bar) Pressure (bar)   Constr. rmsd
   -2.63932e+02    9.26025e+00    2.65138e-06


DD  load balancing is limited by minimum cell size in dimension Y
DD  step 46999  vol min/aver 0.775! load imb.: force 28.5%
           Step           Time
          47000       94.00000

   Energies (kJ/mol)
           Bond          Angle    Proper Dih. Ryckaert-Bell.          LJ-14
    1.51473e+03    3.80159e+03    2.39465e+02    1.77793e+03    2.70317e+03
     Coulomb-14        LJ (SR)  Disper. corr.   Coulomb (SR)   Coul. recip.
    7.75012e+03    2.31772e+04   -1.78272e+03   -2.11826e+05    1.14841e+03
      Potential    Kinetic En.   Total Energy  Conserved En.    Temperature
   -1.71496e+05    2.94216e+04   -1.42074e+05   -1.47460e+05    3.02083e+02
 Pres. DC (bar) Pressure (bar)   Constr. rmsd
   -2.63932e+02   -4.64672e+02    2.72461e-06


DD  step 47499  vol min/aver 0.874  load imb.: force 35.5%
           Step           Time
          47500       95.00000

   Energies (kJ/mol)
           Bond          Angle    Proper Dih. Ryckaert-Bell.          LJ-14
    1.49415e+03    3.84070e+03    2.66397e+02    1.76076e+03    2.70282e+03
     Coulomb-14        LJ (SR)  Disper. corr.   Coulomb (SR)   Coul. recip.
    7.78235e+03    2.39005e+04   -1.78272e+03   -2.12293e+05    1.18484e+03
      Potential    Kinetic En.   Total Energy  Conserved En.    Temperature
   -1.71143e+05    2.90355e+04   -1.42108e+05   -1.47459e+05    2.98120e+02
 Pres. DC (bar) Pressure (bar)   Constr. rmsd
   -2.63932e+02   -2.38267e+02    2.49425e-06


DD  step 47999  vol min/aver 0.846  load imb.: force 31.3%
           Step           Time
          48000       96.00000

   Energies (kJ/mol)
           Bond          Angle    Proper Dih. Ryckaert-Bell.          LJ-14
    1.50277e+03    3.70892e+03    2.68505e+02    1.82143e+03    2.67549e+03
     Coulomb-14        LJ (SR)  Disper. corr.   Coulomb (SR)   Coul. recip.
    7.78937e+03    2.32512e+04   -1.78272e+03   -2.11825e+05    1.14209e+03
      Potential    Kinetic En.   Total Energy  Conserved En.    Temperature
   -1.71448e+05    2.89178e+04   -1.42530e+05   -1.47466e+05    2.96911e+02
 Pres. DC (bar) Pressure (bar)   Constr. rmsd
   -2.63932e+02   -8.36288e+02    2.83124e-06


DD  load balancing is limited by minimum cell size in dimension Y
DD  step 48499  vol min/aver 0.796! load imb.: force 43.2%
           Step           Time
          48500       97.00000

   Energies (kJ/mol)
           Bond          Angle    Proper Dih. Ryckaert-Bell.          LJ-14
    1.48921e+03    3.64816e+03    2.74037e+02    1.82359e+03    2.72293e+03
     Coulomb-14        LJ (SR)  Disper. corr.   Coulomb (SR)   Coul. recip.
    7.86590e+03    2.30386e+04   -1.78272e+03   -2.12000e+05    1.07677e+03
      Potential    Kinetic En.   Total Energy  Conserved En.    Temperature
   -1.71844e+05    2.93945e+04   -1.42449e+05   -1.47477e+05    3.01805e+02
 Pres. DC (bar) Pressure (bar)   Constr. rmsd
   -2.63932e+02   -9.06968e+02    2.86755e-06


DD  load balancing is limited by minimum cell size in dimension Y
DD  step 48999  vol min/aver 0.822! load imb.: force 34.3%
           Step           Time
          49000       98.00000

   Energies (kJ/mol)
           Bond          Angle    Proper Dih. Ryckaert-Bell.          LJ-14
    1.51736e+03    3.78891e+03    2.69495e+02    1.72256e+03    2.66587e+03
     Coulomb-14        LJ (SR)  Disper. corr.   Coulomb (SR)   Coul. recip.
    7.83640e+03    2.35167e+04   -1.78272e+03   -2.11996e+05    1.16449e+03
      Potential    Kinetic En.   Total Energy  Conserved En.    Temperature
   -1.71297e+05    2.95707e+04   -1.41726e+05   -1.47473e+05    3.03614e+02
 Pres. DC (bar) Pressure (bar)   Constr. rmsd
   -2.63932e+02   -5.78607e+02    2.61004e-06


DD  load balancing is limited by minimum cell size in dimension Y
DD  step 49499  vol min/aver 0.824! load imb.: force 41.6%
           Step           Time
          49500       99.00000

   Energies (kJ/mol)
           Bond          Angle    Proper Dih. Ryckaert-Bell.          LJ-14
    1.46417e+03    3.85526e+03    2.32225e+02    1.83017e+03    2.61367e+03
     Coulomb-14        LJ (SR)  Disper. corr.   Coulomb (SR)   Coul. recip.
    7.75566e+03    2.35336e+04   -1.78272e+03   -2.11978e+05    1.13527e+03
      Potential    Kinetic En.   Total Energy  Conserved En.    Temperature
   -1.71341e+05    2.94811e+04   -1.41860e+05   -1.47465e+05    3.02694e+02
 Pres. DC (bar) Pressure (bar)   Constr. rmsd
   -2.63932e+02   -7.02571e+02    2.78055e-06


DD  step 49999  vol min/aver 0.807  load imb.: force 28.3%
           Step           Time
          50000      100.00000

Writing checkpoint, step 50000 at Thu Mar 17 10:46:44 2022


   Energies (kJ/mol)
           Bond          Angle    Proper Dih. Ryckaert-Bell.          LJ-14
    1.57111e+03    3.86553e+03    2.61620e+02    1.85237e+03    2.55792e+03
     Coulomb-14        LJ (SR)  Disper. corr.   Coulomb (SR)   Coul. recip.
    7.78026e+03    2.27009e+04   -1.78272e+03   -2.11313e+05    1.16279e+03
      Potential    Kinetic En.   Total Energy  Conserved En.    Temperature
   -1.71343e+05    2.91421e+04   -1.42201e+05   -1.47468e+05    2.99214e+02
 Pres. DC (bar) Pressure (bar)   Constr. rmsd
   -2.63932e+02   -1.11078e+03    2.65237e-06


Energy conservation over simulation part #1 of length 100 ns, time 0 to 100 ns
  Conserved energy drift: 5.72e-04 kJ/mol/ps per atom


	<======  ###############  ==>
	<====  A V E R A G E S  ====>
	<==  ###############  ======>

	Statistics over 50001 steps using 501 frames

   Energies (kJ/mol)
           Bond          Angle    Proper Dih. Ryckaert-Bell.          LJ-14
    1.47474e+03    3.75040e+03    2.55209e+02    1.83950e+03    2.65876e+03
     Coulomb-14        LJ (SR)  Disper. corr.   Coulomb (SR)   Coul. recip.
    7.78559e+03    2.35276e+04   -1.78272e+03   -2.11868e+05    1.16481e+03
      Potential    Kinetic En.   Total Energy  Conserved En.    Temperature
   -1.71195e+05    2.92350e+04   -1.41960e+05   -1.47564e+05    3.00168e+02
 Pres. DC (bar) Pressure (bar)   Constr. rmsd
   -2.63932e+02   -5.41648e+02    0.00000e+00

   Total Virial (kJ/mol)
    1.16075e+04    1.32053e+01    4.83833e-02
    1.31331e+01    1.16030e+04    1.44092e+01
   -5.06521e-02    1.44194e+01    1.15189e+04

   Pressure (bar)
   -5.48160e+02   -3.08527e+00    3.50261e+00
   -3.06390e+00   -5.48434e+02   -7.49978e+00
    3.53190e+00   -7.50280e+00   -5.28351e+02

      T-Protein  T-non-Protein
    3.00245e+02    3.00147e+02


	M E G A - F L O P S   A C C O U N T I N G

 NB=Group-cutoff nonbonded kernels    NxN=N-by-N cluster Verlet kernels
 RF=Reaction-Field  VdW=Van der Waals  QSTab=quadratic-spline table
 W3=SPC/TIP3p  W4=TIP4p (single or pairs)
 V&F=Potential and force  V=Potential only  F=Force only

 Computing:                               M-Number         M-Flops  % Flops
-----------------------------------------------------------------------------
 Pair Search distance check            4014.919680       36134.277     0.2
 NxN Ewald Elec. + LJ [F]            162283.771264    10710728.903    55.9
 NxN Ewald Elec. + LJ [V&F]            1641.968408      175690.620     0.9
 NxN Ewald Elec. [F]                 117956.143056     7195324.726    37.6
 NxN Ewald Elec. [V&F]                 1194.029352      100298.466     0.5
 1,4 nonbonded interactions             255.305106       22977.460     0.1
 Calc Weights                          1681.683633       60540.611     0.3
 Spread Q Bspline                     35875.917504       71751.835     0.4
 Gather F Bspline                     35875.917504      215255.505     1.1
 3D-FFT                               48311.666214      386493.330     2.0
 Solve PME                              288.005760       18432.369     0.1
 Reset In Box                            11.222211          33.667     0.0
 CG-CoM                                  11.233422          33.700     0.0
 Bonds                                   51.251025        3023.810     0.0
 Angles                                 177.353547       29795.396     0.2
 Propers                                 21.300426        4877.798     0.0
 RB-Dihedrals                           197.503950       48783.476     0.3
 Virial                                   5.842161         105.159     0.0
 Stop-CM                                  5.627922          56.279     0.0
 Calc-Ekin                              112.132422        3027.575     0.0
 Lincs                                   47.952877        2877.173     0.0
 Lincs-Mat                              238.814328         955.257     0.0
 Constraint-V                           558.072322        5022.651     0.0
 Constraint-Vir                           5.111202         122.669     0.0
 Settle                                 154.059243       57001.920     0.3
-----------------------------------------------------------------------------
 Total                                                19149344.630   100.0
-----------------------------------------------------------------------------


    D O M A I N   D E C O M P O S I T I O N   S T A T I S T I C S

 av. #atoms communicated per step for force:  2 x 24133.9


Dynamic load balancing report:
 DLB was turned on during the run due to measured imbalance.
 Average load imbalance: 29.5%.
 The balanceable part of the MD step is 22%, load imbalance is computed from this.
 Part of the total run time spent waiting due to load imbalance: 6.4%.
 Steps where the load balancing was limited by -rdd, -rcon and/or -dds: X 0 % Y 0 %

NOTE: 6.4 % of the available CPU time was lost due to load imbalance
      in the domain decomposition.
      You can consider manually changing the decomposition (option -dd);
      e.g. by using fewer domains along the box dimension in which there is
      considerable inhomogeneity in the simulated system.

     R E A L   C Y C L E   A N D   T I M E   A C C O U N T I N G

On 10 MPI ranks

 Computing:          Num   Num      Call    Wall time         Giga-Cycles
                     Ranks Threads  Count      (s)         total sum    %
-----------------------------------------------------------------------------
 Domain decomp.        10    1       1001       2.148          0.516   0.6
 DD comm. load         10    1       1000       0.069          0.017   0.0
 DD comm. bounds       10    1        999       0.307          0.074   0.1
 Neighbor search       10    1       1001       1.907          0.458   0.6
 Comm. coord.          10    1      49000       9.374          2.250   2.8
 Force                 10    1      50001      64.396         15.455  19.3
 Wait + Comm. F        10    1      50001       7.193          1.726   2.2
 PME mesh              10    1      50001     244.014         58.563  73.1
 NB X/F buffer ops.    10    1     148001       0.809          0.194   0.2
 Write traj.           10    1        101       0.062          0.015   0.0
 Update                10    1      50001       0.357          0.086   0.1
 Constraints           10    1      50003       1.220          0.293   0.4
 Comm. energies        10    1       5001       1.729          0.415   0.5
 Rest                                           0.348          0.084   0.1
-----------------------------------------------------------------------------
 Total                                        333.933         80.144 100.0
-----------------------------------------------------------------------------
 Breakdown of PME mesh computation
-----------------------------------------------------------------------------
 PME redist. X/F       10    1     100002     184.176         44.202  55.2
 PME spread            10    1      50001      17.208          4.130   5.2
 PME gather            10    1      50001       8.777          2.106   2.6
 PME 3D-FFT            10    1     100002       2.727          0.655   0.8
 PME 3D-FFT Comm.      10    1     200004      30.539          7.329   9.1
 PME solve Elec        10    1      50001       0.543          0.130   0.2
-----------------------------------------------------------------------------

               Core t (s)   Wall t (s)        (%)
       Time:     3339.326      333.933     1000.0
                 (ns/day)    (hour/ns)
Performance:       25.874        0.928
Finished mdrun on rank 0 Thu Mar 17 10:46:44 2022

